ERROR: Unable to locate a modulefile for 'python/3.9'
ERROR: Unable to locate a modulefile for 'hdf5'
2026-02-05 01:21:17,519 - INFO - ======================================================================
2026-02-05 01:21:17,520 - INFO - VIRAC Extractor - Shard 2/4
2026-02-05 01:21:17,520 - INFO - ======================================================================
2026-02-05 01:21:17,521 - INFO - Total tiles in dataset: 22585
2026-02-05 01:21:17,521 - INFO - Tiles for this shard:   5646
2026-02-05 01:21:17,522 - INFO - Workers: 96
2026-02-05 01:21:17,533 - INFO - Already completed: 501
2026-02-05 01:21:17,534 - INFO - Tiles to process:  5145
2026-02-05 01:21:35,479 - INFO - [1/5145] n1024_9126937: 11331/15457
2026-02-05 01:21:38,071 - INFO - [2/5145] n1024_9110543: 13276/17661
2026-02-05 01:21:39,229 - INFO - [3/5145] n1024_9131028: 11662/15329
2026-02-05 01:21:45,548 - INFO - [4/5145] n1024_9090073: 11694/15809
2026-02-05 01:21:53,589 - INFO - [5/5145] n1024_9122831: 13144/17894
2026-02-05 01:22:10,750 - INFO - [6/5145] n1024_9122835: 13463/18243
2026-02-05 01:22:21,934 - INFO - [7/5145] n1024_9135119: 11629/15446
2026-02-05 01:22:37,486 - INFO - [8/5145] n1024_9114629: 16170/22225
2026-02-05 01:22:38,422 - INFO - [9/5145] n1024_9126929: 12961/17748
2026-02-05 01:22:43,901 - INFO - [10/5145] n1024_9122819: 15063/21017
2026-02-05 01:23:03,887 - INFO - [11/5145] n1024_9122827: 14520/19399
2026-02-05 01:23:09,529 - INFO - [12/5145] n1024_9118723: 15254/21164
2026-02-05 01:23:11,227 - INFO - [13/5145] n1024_9131016: 13399/18131
2026-02-05 01:23:14,846 - INFO - [14/5145] n1024_9135127: 12061/15640
2026-02-05 01:23:18,319 - INFO - [15/5145] n1024_9131024: 12808/18039
2026-02-05 01:23:35,246 - INFO - [16/5145] n1024_9118747: 14080/19786
2026-02-05 01:23:37,752 - INFO - [17/5145] n1024_9118719: 15495/21762
2026-02-05 01:24:25,013 - INFO - [18/5145] n1024_9139226: 10065/13462
2026-02-05 01:24:37,314 - INFO - [19/5145] n1024_9143290: 13333/20388
2026-02-05 01:24:51,333 - INFO - [20/5145] n1024_9135131: 13286/18217
2026-02-05 01:25:01,163 - INFO - [21/5145] n1024_9139222: 12681/16768
2026-02-05 01:25:07,665 - INFO - [22/5145] n1024_9147419: 10630/13451
2026-02-05 01:25:07,718 - INFO - [23/5145] n1024_9147387: 11268/16186
2026-02-05 01:25:16,374 - INFO - [24/5145] n1024_9147415: 11715/15147
2026-02-05 01:25:22,084 - INFO - [25/5145] n1024_9122823: 14870/20247
2026-02-05 01:25:24,136 - INFO - [26/5145] n1024_9126925: 13410/17896
2026-02-05 01:25:28,338 - INFO - [27/5145] n1024_9135123: 13182/17611
2026-02-05 01:25:36,755 - INFO - [28/5145] n1024_9122815: 15556/21406
2026-02-05 01:25:45,514 - INFO - [29/5145] n1024_9139202: 14195/19339
2026-02-05 01:25:46,624 - INFO - [30/5145] n1024_9126921: 15216/20624
2026-02-05 01:25:49,671 - INFO - [31/5145] n1024_9147411: 12258/15743
2026-02-05 01:25:52,664 - INFO - [32/5145] n1024_9139218: 13495/18191
2026-02-05 01:26:08,203 - INFO - [33/5145] n1024_9139214: 13372/18236
2026-02-05 01:26:19,591 - INFO - [34/5145] n1024_9151505: 11319/14723
2026-02-05 01:26:20,248 - INFO - [35/5145] n1024_9159707: 9344/13029
2026-02-05 01:26:22,577 - INFO - [36/5145] n1024_9139206: 13684/18871
2026-02-05 01:26:24,724 - INFO - [37/5145] n1024_9131012: 14600/20190
2026-02-05 01:26:55,082 - INFO - [38/5145] n1024_9143322: 12615/16406
2026-02-05 01:27:00,361 - INFO - [39/5145] n1024_9135111: 15371/21968
2026-02-05 01:27:03,620 - INFO - [40/5145] n1024_9131008: 15552/21930
2026-02-05 01:27:05,144 - INFO - [41/5145] n1024_9126913: 15194/21160
2026-02-05 01:27:31,166 - INFO - [42/5145] n1024_9106457: 18877/27378
2026-02-05 01:27:37,409 - INFO - [43/5145] n1024_9135103: 15723/22209
2026-02-05 01:27:38,135 - INFO - [44/5145] n1024_9155605: 11343/14775
2026-02-05 01:27:39,022 - INFO - [45/5145] n1024_9126917: 16148/22839
2026-02-05 01:27:39,270 - INFO - [46/5145] n1024_9151513: 12009/15779
2026-02-05 01:27:41,931 - INFO - [47/5145] n1024_9147407: 13606/18339
2026-02-05 01:27:42,123 - INFO - [48/5145] n1024_9155609: 11326/14675
2026-02-05 01:27:49,912 - INFO - [49/5145] n1024_9151497: 13629/18519
2026-02-05 01:27:55,480 - INFO - [50/5145] n1024_9143314: 13399/17601
2026-02-05 01:28:06,739 - INFO - [51/5145] n1024_9151501: 13852/18304
2026-02-05 01:28:08,053 - INFO - [52/5145] n1024_9135107: 16506/22921
2026-02-05 01:28:17,572 - INFO - [53/5145] n1024_9147399: 14497/19896
2026-02-05 01:28:53,311 - INFO - [54/5145] n1024_9131020: 15748/21564
2026-02-05 01:28:57,874 - INFO - [55/5145] n1024_9139210: 15938/21479
2026-02-05 01:29:02,341 - INFO - [56/5145] n1024_9143306: 15957/22083
2026-02-05 01:29:08,470 - INFO - [57/5145] n1024_9159699: 12333/15760
2026-02-05 01:29:08,975 - INFO - [58/5145] n1024_9155589: 13374/18536
2026-02-05 01:29:16,374 - INFO - [59/5145] n1024_9159695: 12939/17530
2026-02-05 01:29:16,592 - INFO - [60/5145] n1024_9163798: 10918/14045
2026-02-05 01:29:24,286 - INFO - [61/5145] n1024_9151509: 13425/17381
2026-02-05 01:29:25,887 - INFO - [62/5145] n1024_9151493: 14637/19751
2026-02-05 01:29:28,508 - INFO - [63/5145] n1024_9143310: 15190/20580
2026-02-05 01:29:37,896 - INFO - [64/5145] n1024_9135115: 16223/22393
2026-02-05 01:29:42,549 - INFO - [65/5145] n1024_9143318: 14633/19193
2026-02-05 01:29:45,475 - INFO - [66/5145] n1024_9159687: 13226/17963
2026-02-05 01:29:51,286 - INFO - [67/5145] n1024_9155581: 14250/18717
2026-02-05 01:30:13,707 - INFO - [68/5145] n1024_9155601: 13655/18775
2026-02-05 01:30:15,797 - INFO - [69/5145] n1024_9159703: 12345/16287
2026-02-05 01:30:16,265 - INFO - [70/5145] n1024_9143302: 15093/20721
2026-02-05 01:30:18,512 - INFO - [71/5145] n1024_9155597: 14020/19538
2026-02-05 01:30:28,454 - INFO - [72/5145] n1024_9163802: 10933/14719
2026-02-05 01:30:33,691 - INFO - [73/5145] n1024_9147403: 14627/20215
2026-02-05 01:30:34,193 - INFO - [74/5145] n1024_9147395: 17143/22717
2026-02-05 01:30:34,639 - INFO - [75/5145] n1024_9167893: 9937/12938
2026-02-05 01:31:00,682 - INFO - [76/5145] n1024_9143298: 17132/22936
2026-02-05 01:31:02,175 - INFO - [77/5145] n1024_9139198: 17013/23294
2026-02-05 01:31:06,872 - INFO - [78/5145] n1024_9155593: 14125/18847
2026-02-05 01:31:08,443 - INFO - [79/5145] n1024_9143294: 15950/22076
2026-02-05 01:31:14,952 - INFO - [80/5145] n1024_9147391: 15924/22271
2026-02-05 01:31:17,487 - INFO - [81/5145] n1024_9159691: 14368/19235
2026-02-05 01:31:26,860 - INFO - [82/5145] n1024_9151485: 16042/22370
2026-02-05 01:31:36,752 - INFO - [83/5145] n1024_9155585: 16313/21340
2026-02-05 01:31:37,727 - INFO - [84/5145] n1024_9163794: 12996/17240
2026-02-05 01:31:40,247 - INFO - [85/5145] n1024_9163782: 13386/18722
2026-02-05 01:32:27,551 - INFO - [86/5145] n1024_9163786: 13739/19307
2026-02-05 01:32:37,000 - INFO - [87/5145] n1024_9167889: 12274/16796
2026-02-05 01:32:40,300 - INFO - [88/5145] n1024_9151489: 17856/23602
2026-02-05 01:32:40,369 - INFO - [89/5145] n1024_9163790: 13357/18096
2026-02-05 01:33:07,118 - INFO - [90/5145] n1024_9171992: 10081/12804
2026-02-05 01:33:14,116 - INFO - [91/5145] n1024_9159675: 17950/26113
2026-02-05 01:33:39,702 - INFO - [92/5145] n1024_9159683: 15624/21637
2026-02-05 01:33:48,603 - INFO - [93/5145] n1024_9167869: 14655/19795
2026-02-05 01:33:55,747 - INFO - [94/5145] n1024_9167897: 11472/15784
2026-02-05 01:34:19,673 - INFO - [95/5145] n1024_9176089: 9212/12660
2026-02-05 01:34:27,769 - INFO - [96/5145] n1024_9167881: 13817/18919
2026-02-05 01:34:31,811 - INFO - [97/5145] n1024_9167885: 13670/17936
2026-02-05 01:34:35,007 - INFO - [98/5145] n1024_9163778: 16341/21722
2026-02-05 01:34:45,618 - INFO - [99/5145] n1024_9167877: 14266/20446
2026-02-05 01:34:56,066 - INFO - [100/5145] n1024_9171988: 12377/16444
2026-02-05 01:35:02,020 - INFO - [101/5145] n1024_9159679: 17358/23777
2026-02-05 01:36:13,319 - INFO - [102/5145] n1024_9090069: 28795/39077
2026-02-05 01:36:19,318 - INFO - [103/5145] n1024_9171968: 14632/18643
2026-02-05 01:36:40,743 - INFO - [104/5145] n1024_9171964: 15111/20120
2026-02-05 01:37:01,184 - INFO - [105/5145] n1024_9171972: 14823/20091
2026-02-05 01:37:28,175 - INFO - [106/5145] n1024_9163774: 18950/25510
2026-02-05 01:37:43,151 - INFO - [107/5145] n1024_9171984: 13945/18896
2026-02-05 01:37:43,532 - INFO - [108/5145] n1024_9171980: 14732/19699
2026-02-05 01:37:49,639 - INFO - [109/5145] n1024_9167873: 17229/23198
2026-02-05 01:37:52,192 - INFO - [110/5145] n1024_9180184: 11929/15790
2026-02-05 01:37:59,405 - INFO - [111/5145] n1024_9176085: 12513/17348
2026-02-05 01:37:59,682 - INFO - [112/5145] n1024_9180176: 12425/16780
2026-02-05 01:38:17,951 - INFO - [113/5145] n1024_9176057: 15504/21606
2026-02-05 01:38:28,478 - INFO - [114/5145] n1024_9171976: 16255/23138
2026-02-05 01:38:29,714 - INFO - [115/5145] n1024_9176073: 13023/18309
2026-02-05 01:38:38,157 - INFO - [116/5145] n1024_9176065: 14858/19599
2026-02-05 01:38:49,642 - INFO - [117/5145] n1024_9180180: 12935/17565
2026-02-05 01:39:05,099 - INFO - [118/5145] n1024_9176081: 13251/18531
2026-02-05 01:39:09,413 - INFO - [119/5145] n1024_9176069: 15090/21062
2026-02-05 01:39:29,402 - INFO - [120/5145] n1024_9176077: 14713/20243
2026-02-05 01:39:38,722 - INFO - [121/5145] n1024_9184279: 11579/16243
2026-02-05 01:39:40,621 - INFO - [122/5145] n1024_9188371: 12051/15853
2026-02-05 01:39:52,235 - INFO - [123/5145] n1024_9192473: 11445/15925
2026-02-05 01:39:58,986 - INFO - [124/5145] n1024_9188375: 11712/15846
2026-02-05 01:40:05,300 - INFO - [125/5145] n1024_9196568: 10705/14756
2026-02-05 01:40:27,141 - INFO - [126/5145] n1024_9184263: 13558/19223
2026-02-05 01:40:45,309 - INFO - [127/5145] n1024_9184267: 14183/19986
2026-02-05 01:40:57,872 - INFO - [128/5145] n1024_9180172: 15553/20924
2026-02-05 01:41:03,256 - INFO - [129/5145] n1024_9180160: 15343/20133
2026-02-05 01:41:08,772 - INFO - [130/5145] n1024_9176061: 16240/21909
2026-02-05 01:41:09,757 - INFO - [131/5145] n1024_9184271: 14299/19794
2026-02-05 01:41:37,191 - INFO - [132/5145] n1024_9184259: 14175/19247
2026-02-05 01:41:39,257 - INFO - [133/5145] n1024_9184275: 14005/19371
2026-02-05 01:41:47,944 - INFO - [134/5145] n1024_9192465: 13692/18224
2026-02-05 01:41:50,175 - INFO - [135/5145] n1024_9188351: 14319/18761
2026-02-05 01:42:32,082 - INFO - [136/5145] n1024_9200655: 11965/16338
2026-02-05 01:42:33,169 - INFO - [137/5145] n1024_9200659: 12129/16590
2026-02-05 01:42:36,301 - INFO - [138/5145] n1024_9192461: 14552/19560
2026-02-05 01:42:38,634 - INFO - [139/5145] n1024_9192457: 13681/19358
2026-02-05 01:42:41,523 - INFO - [140/5145] n1024_9180156: 15904/21438
2026-02-05 01:42:44,012 - INFO - [141/5145] n1024_9200663: 11844/16452
2026-02-05 01:42:56,487 - INFO - [142/5145] n1024_9188359: 14772/20809
2026-02-05 01:43:01,565 - INFO - [143/5145] n1024_9180168: 14820/22687
2026-02-05 01:43:03,704 - INFO - [144/5145] n1024_9204758: 11842/16048
2026-02-05 01:43:09,673 - INFO - [145/5145] n1024_9208855: 10781/14906
2026-02-05 01:43:22,234 - INFO - [146/5145] n1024_9184251: 15859/21781
2026-02-05 01:43:25,241 - INFO - [147/5145] n1024_9192441: 15389/20692
2026-02-05 01:43:28,189 - INFO - [148/5145] n1024_9188363: 14078/20357
2026-02-05 01:43:40,691 - INFO - [149/5145] n1024_9192453: 14820/20234
2026-02-05 01:43:49,530 - INFO - [150/5145] n1024_9196564: 14138/18935
2026-02-05 01:43:53,333 - INFO - [151/5145] n1024_9188347: 16083/21686
2026-02-05 01:43:54,839 - INFO - [152/5145] n1024_9188367: 15122/20750
2026-02-05 01:44:07,094 - INFO - [153/5145] n1024_9188355: 15778/20877
2026-02-05 01:44:16,601 - INFO - [154/5145] n1024_9192469: 14222/19859
2026-02-05 01:44:25,552 - INFO - [155/5145] n1024_9196548: 14754/19391
2026-02-05 01:44:32,893 - INFO - [156/5145] n1024_9196560: 14973/20425
2026-02-05 01:45:08,779 - INFO - [157/5145] n1024_9184255: 17624/23572
2026-02-05 01:45:17,529 - INFO - [158/5145] n1024_9200647: 14501/20163
2026-02-05 01:45:24,652 - INFO - [159/5145] n1024_9208843: 12907/18554
2026-02-05 01:45:41,693 - INFO - [160/5145] n1024_9180164: 17241/24875
2026-02-05 01:45:44,187 - INFO - [161/5145] n1024_9196540: 15889/21163
2026-02-05 01:45:50,606 - INFO - [162/5145] n1024_9192449: 16035/22280
2026-02-05 01:46:07,133 - INFO - [163/5145] n1024_9204754: 14330/20208
2026-02-05 01:46:08,255 - INFO - [164/5145] n1024_9208851: 12499/18052
2026-02-05 01:46:13,203 - INFO - [165/5145] n1024_9204738: 14942/19792
2026-02-05 01:46:28,029 - INFO - [166/5145] n1024_9196556: 15813/22410
2026-02-05 01:46:28,966 - INFO - [167/5145] n1024_9196544: 16054/21396
2026-02-05 01:46:29,788 - INFO - [168/5145] n1024_9200639: 15252/21329
2026-02-05 01:46:44,583 - INFO - [169/5145] n1024_9200651: 14950/20967
2026-02-05 01:46:49,471 - INFO - [170/5145] n1024_9204750: 14243/20323
2026-02-05 01:47:11,318 - INFO - [171/5145] n1024_9204742: 15489/20403
2026-02-05 01:47:14,786 - INFO - [172/5145] n1024_9200635: 16259/22177
2026-02-05 01:47:22,424 - INFO - [173/5145] n1024_9212941: 12710/17584
2026-02-05 01:47:28,005 - INFO - [174/5145] n1024_9204746: 14478/21277
2026-02-05 01:47:40,394 - INFO - [175/5145] n1024_9212933: 12977/17527
2026-02-05 01:47:58,253 - INFO - [176/5145] n1024_9217014: 14236/21012
2026-02-05 01:47:58,928 - INFO - [177/5145] n1024_9208835: 14740/19775
2026-02-05 01:48:03,268 - INFO - [178/5145] n1024_9208827: 15692/21399
2026-02-05 01:48:06,017 - INFO - [179/5145] n1024_9212949: 12133/17417
2026-02-05 01:48:08,003 - INFO - [180/5145] n1024_9208839: 14782/20211
2026-02-05 01:48:08,992 - INFO - [181/5145] n1024_9208823: 16152/24077
2026-02-05 01:48:29,740 - INFO - [182/5145] n1024_9212945: 12942/18442
2026-02-05 01:48:30,647 - INFO - [183/5145] n1024_9212929: 13900/18920
2026-02-05 01:48:32,722 - INFO - [184/5145] n1024_9204730: 16079/22123
2026-02-05 01:48:36,432 - INFO - [185/5145] n1024_9192445: 17804/24288
2026-02-05 01:48:43,992 - INFO - [186/5145] n1024_9208831: 16441/22559
2026-02-05 01:48:47,044 - INFO - [187/5145] n1024_9212937: 14170/19458
2026-02-05 01:48:48,424 - INFO - [188/5145] n1024_9196552: 16914/25071
2026-02-05 01:48:56,128 - INFO - [189/5145] n1024_9221141: 9728/14104
2026-02-05 01:49:00,149 - INFO - [190/5145] n1024_9204734: 16129/21721
2026-02-05 01:49:01,646 - INFO - [191/5145] n1024_9212921: 15025/21808
2026-02-05 01:49:37,155 - INFO - [192/5145] n1024_9200643: 17482/24950
2026-02-05 01:50:13,171 - INFO - [193/5145] n1024_9208847: 15919/23107
2026-02-05 01:50:28,437 - INFO - [194/5145] n1024_9217034: 12367/17519
2026-02-05 01:50:44,867 - INFO - [195/5145] n1024_9217038: 13320/19141
2026-02-05 01:50:54,556 - INFO - [196/5145] n1024_9217042: 13198/19143
2026-02-05 01:51:00,557 - INFO - [197/5145] n1024_9233430: 8292/12909
2026-02-05 01:51:02,133 - INFO - [198/5145] n1024_9217046: 12468/18128
2026-02-05 01:51:37,200 - INFO - [199/5145] n1024_9217022: 14745/21227
2026-02-05 01:51:51,709 - INFO - [200/5145] n1024_9221137: 12517/18266
2026-02-05 01:52:01,557 - INFO - [201/5145] n1024_9225236: 11124/16377
2026-02-05 01:52:22,573 - INFO - [202/5145] n1024_9225228: 12019/17263
2026-02-05 01:52:35,345 - INFO - [203/5145] n1024_9229324: 10513/15271
2026-02-05 01:52:45,781 - INFO - [204/5145] n1024_9217026: 15542/22080
2026-02-05 01:52:48,724 - INFO - [205/5145] n1024_9221133: 12850/18903
2026-02-05 01:53:06,695 - INFO - [206/5145] n1024_9225224: 12765/18979
2026-02-05 01:53:16,698 - INFO - [207/5145] n1024_9212925: 17699/24624
2026-02-05 01:53:19,480 - INFO - [208/5145] n1024_9221113: 14199/21356
2026-02-05 01:53:29,524 - INFO - [209/5145] n1024_9217030: 16234/23132
2026-02-05 01:53:54,467 - INFO - [210/5145] n1024_9221121: 14502/20916
2026-02-05 01:53:59,449 - INFO - [211/5145] n1024_9221125: 13998/19779
2026-02-05 01:54:22,810 - INFO - [212/5145] n1024_9221117: 14438/20729
2026-02-05 01:54:58,630 - INFO - [213/5145] n1024_9233422: 10756/16155
2026-02-05 01:55:08,627 - INFO - [214/5145] n1024_9233418: 11900/18005
2026-02-05 01:55:19,698 - INFO - [215/5145] n1024_9237524: 10478/15854
2026-02-05 01:55:22,754 - INFO - [216/5145] n1024_9225232: 13663/20723
2026-02-05 01:55:33,185 - INFO - [217/5145] n1024_9217018: 18744/27073
2026-02-05 01:55:41,326 - INFO - [218/5145] n1024_9225208: 15063/23410
2026-02-05 01:55:56,917 - INFO - [219/5145] n1024_9241614: 10469/16114
2026-02-05 01:55:58,447 - INFO - [220/5145] n1024_9229316: 14235/20568
2026-02-05 01:56:01,533 - INFO - [221/5145] n1024_9225212: 15356/22420
2026-02-05 01:56:18,237 - INFO - [222/5145] n1024_9237520: 11202/17162
2026-02-05 01:56:19,550 - INFO - [223/5145] n1024_9229328: 12890/20488
2026-02-05 01:56:23,379 - INFO - [224/5145] n1024_9237516: 11132/17126
2026-02-05 01:56:24,799 - INFO - [225/5145] n1024_9233426: 12196/18275
2026-02-05 01:56:45,895 - INFO - [226/5145] n1024_9225220: 15076/22837
2026-02-05 01:56:51,309 - INFO - [227/5145] n1024_9233398: 13567/21242
2026-02-05 01:56:58,586 - INFO - [228/5145] n1024_9221129: 16312/24324
2026-02-05 01:56:58,916 - INFO - [229/5145] n1024_9229304: 14019/22402
2026-02-05 01:57:20,406 - INFO - [230/5145] n1024_9241606: 11816/18205
2026-02-05 01:57:21,911 - INFO - [231/5145] n1024_9241610: 11769/17598
2026-02-05 01:57:27,536 - INFO - [232/5145] n1024_9245713: 10197/15718
2026-02-05 01:57:27,588 - INFO - [233/5145] n1024_9237496: 13308/20962
2026-02-05 01:57:32,635 - INFO - [234/5145] n1024_9229312: 14450/21280
2026-02-05 01:57:41,371 - INFO - [235/5145] n1024_9245709: 10375/16477
2026-02-05 01:58:13,492 - INFO - [236/5145] n1024_9237512: 12433/19832
2026-02-05 01:58:30,631 - INFO - [237/5145] n1024_9245705: 11271/17684
2026-02-05 01:58:33,257 - INFO - [238/5145] n1024_9225216: 16112/24160
2026-02-05 01:58:33,282 - INFO - [239/5145] n1024_9229308: 14902/23239
2026-02-05 01:58:43,367 - INFO - [240/5145] n1024_9233402: 14848/23240
2026-02-05 01:58:46,812 - INFO - [241/5145] n1024_9237508: 13451/20333
2026-02-05 01:58:53,419 - INFO - [242/5145] n1024_9241602: 12811/19792
2026-02-05 01:59:03,781 - INFO - [243/5145] n1024_9237504: 13638/20772
2026-02-05 01:59:03,874 - INFO - [244/5145] n1024_9233410: 13892/21765
2026-02-05 01:59:16,334 - INFO - [245/5145] n1024_9233414: 14151/21747
2026-02-05 01:59:17,505 - INFO - [246/5145] n1024_9233406: 14787/22971
2026-02-05 01:59:17,531 - INFO - [247/5145] n1024_9241618: 12018/20632
2026-02-05 01:59:27,587 - INFO - [248/5145] n1024_9253907: 9855/16011
2026-02-05 01:59:37,177 - INFO - [249/5145] n1024_9245685: 13800/23194
2026-02-05 01:59:46,281 - INFO - [250/5145] n1024_9241598: 13322/21215
2026-02-05 01:59:48,806 - INFO - [251/5145] n1024_9253898: 10435/16652
2026-02-05 02:00:13,576 - INFO - [252/5145] n1024_9241590: 14413/23205
2026-02-05 02:00:16,941 - INFO - [253/5145] n1024_9249770: 13822/24973
2026-02-05 02:00:19,962 - INFO - [254/5145] n1024_9258002: 9922/16288
2026-02-05 02:00:20,700 - INFO - [255/5145] n1024_9245693: 13404/21447
2026-02-05 02:00:34,971 - INFO - [256/5145] n1024_9237500: 15189/24703
2026-02-05 02:00:42,230 - INFO - [257/5145] n1024_9249794: 12126/19323
2026-02-05 02:00:49,484 - INFO - [258/5145] n1024_9241594: 13779/22505
2026-02-05 02:00:51,665 - INFO - [259/5145] n1024_9245701: 12516/20386
2026-02-05 02:01:03,721 - INFO - [260/5145] n1024_9245689: 13915/22481
2026-02-05 02:01:06,736 - INFO - [261/5145] n1024_9245697: 13353/21050
2026-02-05 02:01:09,186 - INFO - [262/5145] n1024_9249798: 12290/20145
2026-02-05 02:01:18,527 - INFO - [263/5145] n1024_9253902: 11083/18741
2026-02-05 02:01:38,087 - INFO - [264/5145] n1024_9253894: 11598/18689
2026-02-05 02:01:49,738 - INFO - [265/5145] n1024_9257998: 10930/18365
2026-02-05 02:01:53,102 - INFO - [266/5145] n1024_9257994: 11146/18422
2026-02-05 02:01:59,856 - INFO - [267/5145] n1024_9249812: 12425/23973
2026-02-05 02:02:02,461 - INFO - [268/5145] n1024_9249802: 12307/20144
2026-02-05 02:02:04,999 - INFO - [269/5145] n1024_9253886: 12235/20374
2026-02-05 02:02:21,779 - INFO - [270/5145] n1024_9257990: 11821/19868
2026-02-05 02:02:51,513 - INFO - [271/5145] n1024_9249790: 13413/22370
2026-02-05 02:03:05,591 - INFO - [272/5145] n1024_9262085: 11121/18938
2026-02-05 02:03:08,400 - INFO - [273/5145] n1024_9253882: 12778/22021
2026-02-05 02:03:31,751 - INFO - [274/5145] n1024_9249786: 14292/24303
2026-02-05 02:03:39,116 - INFO - [275/5145] n1024_9253890: 13025/21569
2026-02-05 02:04:19,444 - INFO - [276/5145] n1024_9262077: 12365/21363
2026-02-05 02:04:20,415 - INFO - [277/5145] n1024_9262093: 10861/18651
2026-02-05 02:04:21,829 - INFO - [278/5145] n1024_9266189: 9360/16447
2026-02-05 02:04:23,288 - INFO - [279/5145] n1024_9262089: 11688/20466
2026-02-05 02:04:38,115 - INFO - [280/5145] n1024_9262097: 11411/20346
2026-02-05 02:04:49,925 - INFO - [281/5145] n1024_9249782: 15211/25843
2026-02-05 02:04:53,946 - INFO - [282/5145] n1024_9270286: 8675/15327
2026-02-05 02:05:05,066 - INFO - [283/5145] n1024_9270290: 7973/14242
2026-02-05 02:05:09,578 - INFO - [284/5145] n1024_9257978: 14131/24067
2026-02-05 02:05:13,148 - INFO - [285/5145] n1024_9262069: 13255/23585
2026-02-05 02:05:19,356 - INFO - [286/5145] n1024_9262081: 12998/22379
2026-02-05 02:05:22,510 - INFO - [287/5145] n1024_9266161: 12956/27195
2026-02-05 02:05:23,516 - INFO - [288/5145] n1024_9262073: 13758/22761
2026-02-05 02:05:27,460 - INFO - [289/5145] n1024_9257974: 14520/26391
2026-02-05 02:05:29,699 - INFO - [290/5145] n1024_9257986: 12998/22714
2026-02-05 02:05:44,295 - INFO - [291/5145] n1024_9253878: 14477/25786
2026-02-05 02:05:49,425 - INFO - [292/5145] n1024_9266193: 10496/19113
2026-02-05 02:06:02,364 - INFO - [293/5145] n1024_9270258: 11808/25143
2026-02-05 02:06:13,976 - INFO - [294/5145] n1024_9266177: 11588/20849
2026-02-05 02:06:34,814 - INFO - [295/5145] n1024_9270282: 9579/17424
2026-02-05 02:07:06,052 - INFO - [296/5145] n1024_9266173: 11858/21493
2026-02-05 02:07:29,521 - INFO - [297/5145] n1024_9270274: 11168/20382
2026-02-05 02:07:31,555 - INFO - [298/5145] n1024_9270270: 11305/20606
2026-02-05 02:07:35,118 - INFO - [299/5145] n1024_9257982: 14495/25826
2026-02-05 02:07:59,959 - INFO - [300/5145] n1024_9274376: 9567/17676
2026-02-05 02:08:04,138 - INFO - [301/5145] n1024_9266185: 11595/21511
2026-02-05 02:08:13,914 - INFO - [302/5145] n1024_9266165: 13784/25476
2026-02-05 02:08:15,336 - INFO - [303/5145] n1024_9274380: 9400/17544
2026-02-05 02:08:19,731 - INFO - [304/5145] n1024_9270262: 11895/22582
2026-02-05 02:08:30,070 - INFO - [305/5145] n1024_9266169: 13775/24816
2026-02-05 02:08:36,479 - INFO - [306/5145] n1024_9266181: 12611/23122
2026-02-05 02:08:45,561 - INFO - [307/5145] n1024_9282577: 8083/15638
2026-02-05 02:08:52,290 - INFO - [308/5145] n1024_9278477: 8773/17534
2026-02-05 02:08:53,741 - INFO - [309/5145] n1024_9274372: 10221/19621
2026-02-05 02:08:57,942 - INFO - [310/5145] n1024_9274384: 9593/18202
2026-02-05 02:09:06,221 - INFO - [311/5145] n1024_9229332: 22560/39583
2026-02-05 02:09:13,710 - INFO - [312/5145] n1024_9278481: 8976/17792
2026-02-05 02:09:22,247 - INFO - [313/5145] n1024_9270266: 12641/23273
2026-02-05 02:09:32,750 - INFO - [314/5145] n1024_9278473: 9597/18718
2026-02-05 02:09:50,653 - INFO - [315/5145] n1024_9274368: 10864/20579
2026-02-05 02:09:52,429 - INFO - [316/5145] n1024_9290766: 7461/15037
2026-02-05 02:09:56,855 - INFO - [317/5145] n1024_9286671: 8004/16597
2026-02-05 02:10:15,575 - INFO - [318/5145] n1024_9290742: 9356/20880
2026-02-05 02:10:19,913 - INFO - [319/5145] n1024_9278469: 10069/20019
2026-02-05 02:10:21,509 - INFO - [320/5145] n1024_9282565: 9420/19389
2026-02-05 02:10:31,427 - INFO - [321/5145] n1024_9270278: 12438/24324
2026-02-05 02:10:49,568 - INFO - [322/5145] n1024_9282569: 9362/18966
2026-02-05 02:10:55,208 - INFO - [323/5145] n1024_9294863: 7392/14732
2026-02-05 02:10:55,562 - INFO - [324/5145] n1024_9282549: 10303/22715
2026-02-05 02:11:02,724 - INFO - [325/5145] n1024_9294839: 9096/20458
2026-02-05 02:11:14,670 - INFO - [326/5145] n1024_9294859: 8017/16448
2026-02-05 02:11:32,448 - INFO - [327/5145] n1024_9286667: 8878/17988
2026-02-05 02:11:33,704 - INFO - [328/5145] n1024_9278453: 11434/24043
2026-02-05 02:11:34,644 - INFO - [329/5145] n1024_9282573: 9224/18725
2026-02-05 02:11:55,434 - INFO - [330/5145] n1024_9278465: 11687/23260
2026-02-05 02:11:57,038 - INFO - [331/5145] n1024_9282561: 10536/21210
2026-02-05 02:12:01,292 - INFO - [332/5145] n1024_9286663: 9504/19956
2026-02-05 02:12:06,540 - INFO - [333/5145] n1024_9298960: 7674/16044
2026-02-05 02:12:22,292 - INFO - [334/5145] n1024_9274356: 12808/26299
2026-02-05 02:12:25,539 - INFO - [335/5145] n1024_9298936: 9227/22043
2026-02-05 02:12:26,004 - INFO - [336/5145] n1024_9290754: 9054/18907
2026-02-05 04:35:56,410 - INFO - [337/5145] n1024_9290762: 9123/19413
2026-02-05 04:35:57,665 - INFO - [338/5145] n1024_9286659: 10016/21048
2026-02-05 04:36:02,606 - INFO - [339/5145] n1024_9303051: 7284/15876
2026-02-05 04:36:18,450 - INFO - [340/5145] n1024_9274364: 12139/24299
2026-02-05 04:41:22,352 - INFO - [341/5145] n1024_9286655: 10541/22292
2026-02-05 04:41:23,124 - INFO - [342/5145] n1024_9303055: 6907/15419
2026-02-05 04:41:24,794 - INFO - [343/5145] n1024_9278461: 12273/24900
2026-02-05 04:41:38,299 - INFO - [344/5145] n1024_9294847: 9317/20826
2026-02-05 04:41:39,378 - INFO - [345/5145] n1024_9298956: 8016/18407
2026-02-05 05:57:43,490 - INFO - [346/5145] n1024_9274360: 12523/26168
2026-02-05 06:05:06,545 - INFO - [347/5145] n1024_9307130: 7974/20632
2026-02-05 06:55:39,652 - INFO - [348/5145] n1024_9229320: 26495/44834
2026-02-05 06:55:50,568 - INFO - [349/5145] n1024_9294855: 8722/20490
2026-02-05 10:28:53,790 - INFO - [350/5145] n1024_9298948: 8775/20234
2026-02-05 11:51:07,110 - INFO - [351/5145] n1024_9290750: 10194/22684
2026-02-05 12:24:16,082 - INFO - [352/5145] n256_514300: 486/2691
slurmstepd: error: *** JOB 229814 ON node113 CANCELLED AT 2026-02-05T17:21:37 ***
