ERROR: Unable to locate a modulefile for 'python/3.9'
ERROR: Unable to locate a modulefile for 'hdf5'
2026-02-05 18:55:33,563 - INFO - ======================================================================
2026-02-05 18:55:33,564 - INFO - VIRAC Extractor - Shard 3/32
2026-02-05 18:55:33,565 - INFO - ======================================================================
2026-02-05 18:55:33,566 - INFO - Total tiles in dataset: 22585
2026-02-05 18:55:33,566 - INFO - Tiles for this shard:   706
2026-02-05 18:55:33,567 - INFO - Workers: 32
2026-02-05 18:55:33,583 - INFO - Already completed: 118
2026-02-05 18:55:33,584 - INFO - Tiles to process:  588
2026-02-05 18:55:35,235 - INFO - [1/588] n256_538897: 5/480
2026-02-05 18:55:36,746 - INFO - [2/588] n256_548123: 7/1064
2026-02-05 18:55:53,825 - INFO - [3/588] n256_543983: 69/7828
2026-02-05 18:56:36,716 - INFO - [4/588] n256_575716: 61/7445
2026-02-05 18:57:06,316 - INFO - [5/588] n1024_9331723: 3746/17604
2026-02-05 18:57:18,482 - INFO - [6/588] n1024_9360392: 1666/17514
2026-02-05 18:57:25,082 - INFO - [7/588] n1024_9319430: 6149/19273
2026-02-05 18:58:08,670 - INFO - [8/588] n1024_9298941: 9364/26553
2026-02-05 18:58:10,114 - INFO - [9/588] n1024_9327577: 5811/26757
2026-02-05 18:58:21,893 - INFO - [10/588] n256_557343: 247/23533
2026-02-05 18:58:55,792 - INFO - [11/588] n256_569629: 290/35197
2026-02-05 19:00:56,204 - INFO - [12/588] n256_573719: 399/46596
2026-02-05 19:01:02,415 - INFO - [13/588] n256_563480: 496/51153
2026-02-05 19:01:09,093 - INFO - [14/588] n256_556314: 453/43657
2026-02-05 19:01:28,330 - INFO - [15/588] n256_577817: 579/56202
2026-02-05 19:01:52,631 - INFO - [16/588] n256_568599: 542/53949
2026-02-05 19:02:07,551 - INFO - [17/588] n256_551190: 548/54422
2026-02-05 19:02:17,943 - INFO - [18/588] n256_584984: 250/36520
2026-02-05 19:02:24,408 - INFO - [19/588] n256_580887: 354/40687
2026-02-05 19:03:05,632 - INFO - [20/588] n256_593118: 114/17369
2026-02-05 19:03:32,165 - INFO - [21/588] n256_517374: 1182/65672
2026-02-05 19:04:21,824 - INFO - [22/588] n256_555284: 590/70022
2026-02-05 19:05:12,002 - INFO - [23/588] n256_595224: 205/29344
2026-02-05 19:05:12,615 - INFO - [24/588] n256_512249: 1390/84065
2026-02-05 19:05:45,122 - INFO - [25/588] n256_562451: 688/76401
2026-02-05 19:07:04,097 - INFO - [26/588] n256_576785: 598/79178
2026-02-05 19:07:19,528 - INFO - [27/588] n256_583953: 489/65972
2026-02-05 19:07:25,082 - INFO - [28/588] n256_572689: 749/87215
2026-02-05 19:07:43,335 - INFO - [29/588] n256_588050: 363/53642
2026-02-05 19:07:46,284 - INFO - [30/588] n256_598288: 280/49953
2026-02-05 19:08:09,385 - INFO - [31/588] n256_567568: 831/100525
2026-02-05 19:08:10,987 - INFO - [32/588] n256_559339: 5291/110617
2026-02-05 19:08:26,856 - INFO - [33/588] n256_591121: 356/61616
2026-02-05 19:09:12,593 - INFO - [34/588] n256_604434: 158/33303
2026-02-05 19:09:16,734 - INFO - [35/588] n256_605461: 133/27043
2026-02-05 19:09:32,350 - INFO - [36/588] n256_566505: 818/116191
2026-02-05 19:09:56,113 - INFO - [37/588] n256_554256: 1200/104434
2026-02-05 19:09:58,825 - INFO - [38/588] n256_594191: 378/71488
2026-02-05 19:10:03,618 - INFO - [39/588] n256_600283: 294/64228
2026-02-05 19:10:28,107 - INFO - [40/588] n256_530679: 863/120379
2026-02-05 19:10:40,176 - INFO - [41/588] n256_523515: 1686/123958
2026-02-05 19:10:49,810 - INFO - [42/588] n256_528629: 808/108388
2026-02-05 19:11:26,697 - INFO - [43/588] n256_561423: 868/111880
2026-02-05 19:11:30,127 - INFO - [44/588] n256_606481: 137/35778
2026-02-05 19:11:32,976 - INFO - [45/588] n256_547088: 1614/118577
2026-02-05 19:11:58,864 - INFO - [46/588] n256_603408: 214/71104
2026-02-05 19:12:09,833 - INFO - [47/588] n256_597258: 454/82346
2026-02-05 19:12:40,900 - INFO - [48/588] n256_541938: 928/129928
2026-02-05 19:13:00,920 - INFO - [49/588] n256_615695: 116/28783
2026-02-05 19:13:07,245 - INFO - [50/588] n256_525567: 934/140238
2026-02-05 19:13:22,405 - INFO - [51/588] n256_607502: 216/52735
2026-02-05 19:13:57,635 - INFO - [52/588] n256_550157: 903/130070
2026-02-05 19:14:03,402 - INFO - [53/588] n256_579852: 763/125239
2026-02-05 19:14:25,671 - INFO - [54/588] n256_602377: 338/83758
2026-02-05 19:14:36,410 - INFO - [55/588] n256_608523: 213/58441
2026-02-05 19:14:57,128 - INFO - [56/588] n256_623886: 98/30059
2026-02-05 19:14:59,143 - INFO - [57/588] n256_560397: 990/141457
2026-02-05 19:15:13,700 - INFO - [58/588] n256_587018: 723/126430
2026-02-05 19:15:32,693 - INFO - [59/588] n256_609545: 234/69611
2026-02-05 19:15:44,824 - INFO - [60/588] n256_590049: 531/119487
2026-02-05 19:16:12,920 - INFO - [61/588] n256_623836: 134/44284
2026-02-05 19:16:19,882 - INFO - [62/588] n256_615638: 168/61706
2026-02-05 19:16:22,093 - INFO - [63/588] n256_571627: 1581/152632
2026-02-05 19:16:29,045 - INFO - [64/588] n256_616712: 166/63074
2026-02-05 19:16:55,002 - INFO - [65/588] n256_627977: 85/32433
2026-02-05 19:17:23,304 - INFO - [66/588] n256_582886: 790/152436
2026-02-05 19:18:31,206 - INFO - [67/588] n256_631046: 95/33602
2026-02-05 19:18:43,315 - INFO - [68/588] n256_617733: 202/70449
2026-02-05 19:19:09,696 - INFO - [69/588] n256_610564: 287/88066
2026-02-05 19:19:54,303 - INFO - [70/588] n256_633095: 74/46578
2026-02-05 19:19:58,215 - INFO - [71/588] n256_624901: 166/74160
2026-02-05 19:20:26,365 - INFO - [72/588] n256_635141: 72/37819
2026-02-05 19:20:26,496 - INFO - [73/588] n256_618754: 247/85682
2026-02-05 19:20:32,973 - INFO - [74/588] n256_643338: 1/959
2026-02-05 19:20:36,083 - INFO - [75/588] n256_614619: 296/98892
2026-02-05 19:21:32,071 - INFO - [76/588] n256_637184: 73/51905
2026-02-05 19:21:38,854 - INFO - [77/588] n256_601314: 525/143136
2026-02-05 19:22:04,010 - INFO - [78/588] n256_640259: 57/30704
2026-02-05 19:22:50,027 - INFO - [79/588] n256_613599: 292/116704
2026-02-05 19:23:06,141 - INFO - [80/588] n256_619776: 246/105176
2026-02-05 19:24:02,706 - INFO - [81/588] n256_628991: 176/95290
2026-02-05 19:24:18,230 - INFO - [82/588] n256_612577: 359/137652
2026-02-05 19:24:23,150 - INFO - [83/588] n256_626922: 189/98232
2026-02-05 19:24:54,550 - INFO - [84/588] n256_649423: 23/20638
2026-02-05 19:25:00,143 - INFO - [85/588] n256_620797: 280/114774
2026-02-05 19:25:01,228 - INFO - [86/588] n256_646401: 38/27231
2026-02-05 19:25:08,651 - INFO - [87/588] n256_644349: 58/41253
2026-02-05 19:25:17,786 - INFO - [88/588] n256_627933: 197/107953
2026-02-05 19:25:26,341 - INFO - [89/588] n256_621800: 273/114001
2026-02-05 19:25:27,178 - INFO - [90/588] n256_622817: 264/115764
2026-02-05 19:25:32,863 - INFO - [91/588] n256_656642: 4/900
2026-02-05 19:25:54,956 - INFO - [92/588] n256_639223: 104/72660
2026-02-05 19:25:55,825 - INFO - [93/588] n256_654598: 6/8277
2026-02-05 19:25:59,981 - INFO - [94/588] n256_636148: 155/84335
2026-02-05 19:26:08,162 - INFO - [95/588] n256_634103: 148/96447
2026-02-05 19:26:12,426 - INFO - [96/588] n256_647411: 39/39673
2026-02-05 19:26:44,421 - INFO - [97/588] n256_611585: 334/150060
2026-02-05 19:26:46,649 - INFO - [98/588] n256_642299: 55/52266
2026-02-05 19:26:59,983 - INFO - [99/588] n256_639190: 124/96431
2026-02-05 19:27:00,373 - INFO - [100/588] n256_625916: 250/129929
2026-02-05 19:27:01,065 - INFO - [101/588] n256_632056: 161/109337
2026-02-05 19:27:06,210 - INFO - [102/588] n256_649473: 32/29867
2026-02-05 19:27:16,344 - INFO - [103/588] n256_631005: 201/128724
2026-02-05 19:27:18,019 - INFO - [104/588] n256_655620: 21/18766
2026-02-05 19:28:24,648 - INFO - [105/588] n256_637148: 181/107174
2026-02-05 19:28:27,720 - INFO - [106/588] n256_630003: 200/119794
2026-02-05 19:28:30,442 - INFO - [107/588] n256_645350: 72/80236
2026-02-05 19:28:30,658 - INFO - [108/588] n256_650489: 40/38966
2026-02-05 19:28:32,939 - INFO - [109/588] n256_638190: 135/104480
2026-02-05 19:28:42,777 - INFO - [110/588] n256_641262: 97/76622
2026-02-05 19:28:51,757 - INFO - [111/588] n256_646358: 69/61603
2026-02-05 19:30:49,494 - INFO - [112/588] n256_642263: 96/94843
2026-02-05 19:33:30,801 - INFO - [113/588] n256_669509: 25/66728
2026-02-05 19:34:09,192 - INFO - [114/588] n256_635104: 180/155000
2026-02-05 19:34:11,483 - INFO - [115/588] n256_643300: 103/126358
2026-02-05 19:34:17,446 - INFO - [116/588] n256_673343: 30/72556
2026-02-05 19:34:27,311 - INFO - [117/588] n256_633057: 188/151607
2026-02-05 19:35:05,887 - INFO - [118/588] n256_685341: 25/60628
2026-02-05 19:35:08,496 - INFO - [119/588] n256_654542: 58/101624
2026-02-05 19:35:50,847 - INFO - [120/588] n256_665610: 44/86697
2026-02-05 19:36:19,325 - INFO - [121/588] n256_658615: 67/110688
2026-02-05 19:36:42,385 - INFO - [122/588] n256_653521: 64/109375
2026-02-05 19:37:06,122 - INFO - [123/588] n256_676173: 50/91337
2026-02-05 19:37:07,836 - INFO - [124/588] n256_648410: 89/137996
2026-02-05 19:37:22,326 - INFO - [125/588] n256_661646: 52/104875
2026-02-05 19:37:38,058 - INFO - [126/588] n256_651486: 71/118224
2026-02-05 19:37:42,136 - INFO - [127/588] n256_659627: 70/114107
2026-02-05 19:37:56,762 - INFO - [128/588] n256_693265: 7/30338
2026-02-05 19:38:04,522 - INFO - [129/588] n256_660637: 71/112342
2026-02-05 19:38:14,146 - INFO - [130/588] n256_679898: 42/90753
2026-02-05 19:38:47,426 - INFO - [131/588] n256_640226: 160/167709
2026-02-05 19:39:02,251 - INFO - [132/588] n256_652503: 71/130204
2026-02-05 19:39:13,952 - INFO - [133/588] n256_663620: 69/120110
2026-02-05 19:39:16,172 - INFO - [134/588] n256_672382: 43/115778
2026-02-05 19:39:18,714 - INFO - [135/588] n256_681718: 44/117002
2026-02-05 19:40:58,899 - INFO - [136/588] n256_678028: 48/120816
2026-02-05 19:41:34,952 - INFO - [137/588] n256_667552: 57/128663
2026-02-05 19:42:31,237 - INFO - [138/588] n256_664617: 68/148143
2026-02-05 19:42:38,538 - INFO - [139/588] n256_697528: 17/53767
2026-02-05 19:42:38,744 - INFO - [140/588] n256_668532: 76/132353
2026-02-05 19:43:52,098 - INFO - [141/588] n256_671418: 51/141006
2026-02-05 19:43:55,037 - INFO - [142/588] n256_675220: 54/149322
2026-02-05 19:44:37,067 - INFO - [143/588] n256_683554: 40/144931
2026-02-05 19:44:55,216 - INFO - [144/588] n256_688040: 23/99207
2026-02-05 19:44:55,605 - INFO - [145/588] n256_713576: 4/26582
2026-02-05 19:45:00,461 - INFO - [146/588] n256_689787: 22/97444
2026-02-05 19:45:40,228 - INFO - [147/588] n256_702513: 13/70589
2026-02-05 19:45:59,836 - INFO - [148/588] n256_678966: 49/155898
2026-02-05 19:46:21,955 - INFO - [149/588] n256_682638: 52/154715
2026-02-05 19:46:26,650 - INFO - [150/588] n256_694132: 22/98022
2026-02-05 19:46:26,868 - INFO - [151/588] n256_707350: 17/72660
2026-02-05 19:46:33,377 - INFO - [152/588] n256_686244: 45/133626
2026-02-05 19:47:04,181 - INFO - [153/588] n256_694995: 17/98183
2026-02-05 19:47:53,982 - INFO - [154/588] n256_700889: 24/97527
2026-02-05 19:48:52,826 - INFO - [155/588] n256_703335: 18/94795
2026-02-05 19:48:58,870 - INFO - [156/588] n256_708940: 8/80685
2026-02-05 19:49:11,064 - INFO - [157/588] n256_695854: 9/121477
2026-02-05 19:49:24,503 - INFO - [158/588] n256_708147: 11/83605
2026-02-05 19:49:34,916 - INFO - [159/588] n256_705776: 9/92895
2026-02-05 19:50:44,144 - INFO - [160/588] n256_698375: 25/118406
2026-02-05 19:51:33,637 - INFO - [161/588] n256_712069: 9/91863
2026-02-05 19:52:14,599 - INFO - [162/588] n256_700055: 19/140738
2026-02-05 19:52:25,471 - INFO - [163/588] n256_690670: 29/156919
2026-02-05 19:52:31,834 - INFO - [164/588] n256_704153: 15/115922
2026-02-05 19:52:36,685 - INFO - [165/588] n256_687144: 17/159745
2026-02-05 19:52:55,410 - INFO - [166/588] n256_715099: 6/80270
2026-02-05 19:53:06,382 - INFO - [167/588] n256_714340: 7/79427
2026-02-05 19:53:10,199 - INFO - [168/588] n256_728699: 0/25429
2026-02-05 19:54:53,539 - INFO - [169/588] n256_691550: 28/170903
2026-02-05 19:54:56,036 - INFO - [170/588] n256_733948: 0/321
2026-02-05 19:55:19,204 - INFO - [171/588] n256_709729: 20/124318
2026-02-05 19:55:35,338 - INFO - [172/588] n256_715854: 10/103362
2026-02-05 19:55:40,575 - INFO - [173/588] n256_734597: 0/3170
2026-02-05 19:56:19,858 - INFO - [174/588] n256_704966: 19/151836
2026-02-05 19:56:21,732 - INFO - [175/588] n256_711293: 11/114656
2026-02-05 19:56:36,163 - INFO - [176/588] n256_733288: 1/35353
2026-02-05 19:57:02,509 - INFO - [177/588] n256_716605: 10/105410
2026-02-05 19:57:22,191 - INFO - [178/588] n256_728024: 3/67256
2026-02-05 19:58:08,124 - INFO - [179/588] n256_717351: 4/104094
2026-02-05 19:58:15,384 - INFO - [180/588] n256_726660: 4/75546
2026-02-05 19:58:29,591 - INFO - [181/588] n256_710513: 17/139474
2026-02-05 19:58:31,286 - INFO - [182/588] n256_718093: 1/107624
2026-02-05 19:58:39,046 - INFO - [183/588] n256_727344: 3/76565
2026-02-05 19:58:44,385 - INFO - [184/588] n256_731382: 2/55224
2026-02-05 19:58:59,209 - INFO - [185/588] n256_721739: 6/109638
2026-02-05 19:59:31,872 - INFO - [186/588] n256_722455: 5/115715
2026-02-05 19:59:40,880 - INFO - [187/588] n256_735232: 1/41818
2026-02-05 20:00:17,621 - INFO - [188/588] n256_725971: 5/97739
2026-02-05 20:00:21,534 - INFO - [189/588] n256_718831: 12/120209
2026-02-05 20:00:39,366 - INFO - [190/588] n256_735879: 2/38849
2026-02-05 20:00:46,026 - INFO - [191/588] n256_732703: 4/66762
2026-02-05 20:00:51,068 - INFO - [192/588] n256_721019: 8/115771
2026-02-05 20:00:58,100 - INFO - [193/588] n256_732063: 0/72030
2026-02-05 20:01:04,829 - INFO - [194/588] n256_723167: 6/129706
2026-02-05 20:01:41,385 - INFO - [195/588] n256_720294: 11/117526
2026-02-05 20:01:45,833 - INFO - [196/588] n256_719565: 11/157376
2026-02-05 20:01:48,541 - INFO - [197/588] n256_736515: 1/47700
2026-02-05 20:02:06,053 - INFO - [198/588] n256_725277: 4/114186
2026-02-05 20:02:11,716 - INFO - [199/588] n256_724578: 6/132580
2026-02-05 20:02:22,751 - INFO - [200/588] n256_723875: 6/134871
2026-02-05 20:02:29,847 - INFO - [201/588] n256_730726: 2/91659
2026-02-05 20:02:33,707 - INFO - [202/588] n256_735272: 3/56568
2026-02-05 20:03:10,873 - INFO - [203/588] n256_737781: 2/42604
2026-02-05 20:03:11,966 - INFO - [204/588] n256_729401: 7/96300
2026-02-05 20:03:23,742 - INFO - [205/588] n256_737149: 1/47258
2026-02-05 20:03:25,797 - INFO - [206/588] n256_734017: 3/72311
2026-02-05 20:03:25,863 - INFO - [207/588] n256_728731: 3/106905
2026-02-05 20:03:43,611 - INFO - [208/588] n256_735911: 0/74667
2026-02-05 20:04:10,650 - INFO - [209/588] n256_733365: 3/85099
2026-02-05 20:04:27,639 - INFO - [210/588] n256_738410: 1/48970
2026-02-05 20:04:33,986 - INFO - [211/588] n256_735304: 3/83736
2026-02-05 20:04:35,699 - INFO - [212/588] n256_741423: 1/30857
2026-02-05 20:05:19,451 - INFO - [213/588] n256_738378: 1/50822
2026-02-05 20:05:37,995 - INFO - [214/588] n256_739004: 2/48048
2026-02-05 20:06:57,045 - INFO - [215/588] n256_736547: 0/69186
2026-02-05 20:07:21,413 - INFO - [216/588] n256_737213: 1/97245
2026-02-05 20:07:25,095 - INFO - [217/588] n256_738442: 2/67813
2026-02-05 20:07:25,908 - INFO - [218/588] n256_737181: 2/76563
2026-02-05 20:07:52,093 - INFO - [219/588] n256_735943: 2/108259
2026-02-05 20:07:52,949 - INFO - [220/588] n256_740838: 2/56391
2026-02-05 20:08:09,902 - INFO - [221/588] n256_740250: 0/79898
2026-02-05 20:08:13,982 - INFO - [222/588] n256_747225: 0/8717
2026-02-05 20:08:49,005 - INFO - [223/588] n256_745015: 0/42485
2026-02-05 20:08:51,066 - INFO - [224/588] n256_739660: 0/75255
2026-02-05 20:09:14,725 - INFO - [225/588] n256_736579: 1/107316
2026-02-05 20:09:31,969 - INFO - [226/588] n256_749994: 0/7239
2026-02-05 20:09:39,662 - INFO - [227/588] n256_744951: 0/45114
2026-02-05 20:09:57,980 - INFO - [228/588] n256_749447: 0/16788
2026-02-05 20:10:13,029 - INFO - [229/588] n256_743229: 0/67267
2026-02-05 20:10:16,136 - INFO - [230/588] n256_742038: 3/70027
2026-02-05 20:10:17,944 - INFO - [231/588] n256_744379: 1/59163
2026-02-05 20:10:26,842 - INFO - [232/588] n256_741455: 0/69627
2026-02-05 20:10:38,704 - INFO - [233/588] n256_739068: 1/95432
2026-02-05 20:11:16,442 - INFO - [234/588] n256_740282: 1/93747
2026-02-05 20:11:25,076 - INFO - [235/588] n256_742651: 1/74795
2026-02-05 20:11:32,171 - INFO - [236/588] n256_742619: 1/78952
2026-02-05 20:11:35,131 - INFO - [237/588] n256_746154: 0/41442
2026-02-05 20:11:55,180 - INFO - [238/588] n256_743805: 0/66480
2026-02-05 20:11:56,301 - INFO - [239/588] n256_745585: 1/61127
2026-02-05 20:12:13,217 - INFO - [240/588] n256_741487: 0/81031
2026-02-05 20:12:20,361 - INFO - [241/588] n256_742683: 2/78497
2026-02-05 20:13:27,634 - INFO - [242/588] n256_747794: 0/75470
2026-02-05 20:13:45,321 - INFO - [243/588] n256_742070: 2/102644
2026-02-05 20:14:00,420 - INFO - [244/588] n512_2099714: 1/37457
2026-02-05 20:14:00,452 - INFO - [245/588] n256_745553: 0/76966
2026-02-05 20:14:46,696 - INFO - [246/588] n256_744411: 1/91386
2026-02-05 20:14:49,626 - INFO - [247/588] n256_743261: 0/104598
2026-02-05 20:14:56,843 - INFO - [248/588] n256_748905: 0/72097
2026-02-05 20:15:00,633 - INFO - [249/588] n512_2105865: 0/38084
2026-02-05 20:15:33,040 - INFO - [250/588] n256_744983: 0/93483
2026-02-05 20:15:50,028 - INFO - [251/588] n256_743837: 0/113102
2026-02-05 20:15:55,539 - INFO - [252/588] n512_2112008: 0/44508
2026-02-05 20:16:02,341 - INFO - [253/588] n512_2134537: 0/41032
2026-02-05 20:16:15,062 - INFO - [254/588] n256_740870: 1/128218
2026-02-05 20:16:19,485 - INFO - [255/588] n512_2128381: 0/43249
2026-02-05 20:16:26,140 - INFO - [256/588] n512_2122240: 0/45457
2026-02-05 20:16:30,250 - INFO - [257/588] n256_746690: 1/76822
2026-02-05 20:16:30,284 - INFO - [258/588] n512_2118146: 2/54181
2026-02-05 20:16:37,126 - INFO - [259/588] n512_2144753: 1/37133
2026-02-05 20:16:43,189 - INFO - [260/588] n512_2124300: 0/45774
2026-02-05 20:17:24,188 - INFO - [261/588] n256_747257: 1/86458
2026-02-05 20:17:37,069 - INFO - [262/588] n512_2130435: 1/55430
2026-02-05 20:17:38,605 - INFO - [263/588] n512_2142713: 0/45031
2026-02-05 20:17:59,136 - INFO - [264/588] n512_2132488: 0/55350
2026-02-05 20:18:12,438 - INFO - [265/588] n512_2150895: 0/36613
2026-02-05 20:18:21,300 - INFO - [266/588] n512_2150929: 0/38959
2026-02-05 20:18:28,508 - INFO - [267/588] n512_2152963: 0/35321
2026-02-05 20:18:50,110 - INFO - [268/588] n512_2157035: 0/34856
2026-02-05 20:19:09,013 - INFO - [269/588] n512_2144785: 0/43042
2026-02-05 20:19:27,674 - INFO - [270/588] n512_2136584: 0/63625
2026-02-05 20:19:28,611 - INFO - [271/588] n512_2148860: 0/48252
2026-02-05 20:19:48,770 - INFO - [272/588] n512_2140673: 0/51752
2026-02-05 20:19:59,226 - INFO - [273/588] n512_2138629: 0/57356
2026-02-05 20:20:19,688 - INFO - [274/588] n512_2161149: 0/37749
2026-02-05 20:20:25,617 - INFO - [275/588] n512_2146823: 0/58176
2026-02-05 20:20:39,459 - INFO - [276/588] n512_2157071: 0/46822
2026-02-05 20:20:50,825 - INFO - [277/588] n512_2154998: 0/46319
2026-02-05 20:21:02,384 - INFO - [278/588] n512_2165257: 0/37883
2026-02-05 20:21:08,613 - INFO - [279/588] n512_2163220: 0/42498
2026-02-05 20:21:21,660 - INFO - [280/588] n512_2163188: 0/44747
2026-02-05 20:21:42,895 - INFO - [281/588] n512_2169364: 0/40270
2026-02-05 20:22:11,268 - INFO - [282/588] n512_2169332: 0/47743
2026-02-05 20:22:27,121 - INFO - [283/588] n512_2179604: 0/41821
2026-02-05 20:22:28,130 - INFO - [284/588] n512_2175473: 0/40645
2026-02-05 20:22:42,617 - INFO - [285/588] n512_2167294: 0/47065
2026-02-05 20:22:56,286 - INFO - [286/588] n512_2173438: 0/41456
2026-02-05 20:23:01,415 - INFO - [287/588] n512_2159106: 0/56195
2026-02-05 20:23:07,060 - INFO - [288/588] n512_2171401: 0/48887
2026-02-05 20:23:21,364 - INFO - [289/588] n512_2189798: 0/38570
2026-02-05 20:23:29,293 - INFO - [290/588] n512_2183699: 0/39601
2026-02-05 20:23:59,097 - INFO - [291/588] n512_2181636: 0/47308
2026-02-05 20:24:01,644 - INFO - [292/588] n512_2179572: 0/50129
2026-02-05 20:24:09,845 - INFO - [293/588] n512_2185732: 0/48206
2026-02-05 20:24:10,600 - INFO - [294/588] n512_2189831: 0/45391
2026-02-05 20:24:28,457 - INFO - [295/588] n512_2193897: 0/47167
2026-02-05 20:24:33,647 - INFO - [296/588] n512_2187763: 0/49408
2026-02-05 20:24:34,608 - INFO - [297/588] n512_2183667: 0/50453
2026-02-05 20:25:41,396 - INFO - [298/588] n512_2198030: 0/42596
2026-02-05 20:25:41,477 - INFO - [299/588] n512_2193930: 0/52023
2026-02-05 20:26:21,016 - INFO - [300/588] n512_2197996: 0/52420
2026-02-05 20:26:24,410 - INFO - [301/588] n512_2200059: 0/50798
2026-02-05 20:26:42,403 - INFO - [302/588] n512_2206226: 0/41472
2026-02-05 20:26:44,306 - INFO - [303/588] n512_2191864: 0/56500
2026-02-05 20:26:44,626 - INFO - [304/588] n512_2195961: 0/53808
2026-02-05 20:27:09,370 - INFO - [305/588] n512_2210311: 0/49408
2026-02-05 20:27:14,867 - INFO - [306/588] n512_2210279: 0/46829
2026-02-05 20:27:27,464 - INFO - [307/588] n512_2206187: 0/51519
2026-02-05 20:27:34,727 - INFO - [308/588] n512_2202128: 0/45592
2026-02-05 20:28:05,164 - INFO - [309/588] n512_2208248: 0/49521
2026-02-05 20:28:22,262 - INFO - [310/588] n512_2214408: 0/43800
2026-02-05 20:28:40,337 - INFO - [311/588] n512_2224607: 0/40297
2026-02-05 20:29:31,825 - INFO - [312/588] n512_2234874: 0/35509
2026-02-05 20:29:48,809 - INFO - [313/588] n512_2228707: 1/47762
2026-02-05 20:29:55,242 - INFO - [314/588] n512_2214376: 0/58751
2026-02-05 20:30:04,986 - INFO - [315/588] n512_2218504: 0/52772
2026-02-05 20:30:07,731 - INFO - [316/588] n512_2220538: 0/53889
2026-02-05 20:30:09,944 - INFO - [317/588] n512_2228739: 0/41665
2026-02-05 20:30:20,036 - INFO - [318/588] n512_2204156: 0/68024
2026-02-05 20:30:25,171 - INFO - [319/588] n512_2218472: 0/58207
2026-02-05 20:30:32,367 - INFO - [320/588] n512_2238942: 0/41697
2026-02-05 20:31:05,564 - INFO - [321/588] n512_2232851: 0/42266
2026-02-05 20:31:15,637 - INFO - [322/588] n512_2222574: 0/58825
2026-02-05 20:31:29,909 - INFO - [323/588] n512_2224639: 0/55699
2026-02-05 20:31:35,792 - INFO - [324/588] n512_2226674: 0/55508
2026-02-05 20:31:53,101 - INFO - [325/588] n512_2245086: 0/40782
2026-02-05 20:32:11,836 - INFO - [326/588] n512_2251230: 0/40257
2026-02-05 20:32:15,981 - INFO - [327/588] n512_2232808: 0/54996
2026-02-05 20:32:24,775 - INFO - [328/588] n512_2236907: 0/56934
2026-02-05 20:32:44,611 - INFO - [329/588] n512_2230775: 0/62075
2026-02-05 20:33:21,008 - INFO - [330/588] n512_2255380: 0/42371
2026-02-05 20:33:21,465 - INFO - [331/588] n512_2243048: 0/51805
2026-02-05 20:34:00,625 - INFO - [332/588] n512_2261468: 0/41180
2026-02-05 20:34:02,736 - INFO - [333/588] n512_2238974: 0/65183
2026-02-05 20:34:26,432 - INFO - [334/588] n512_2251262: 0/50311
2026-02-05 20:34:38,521 - INFO - [335/588] n512_2257400: 0/46228
2026-02-05 20:34:40,378 - INFO - [336/588] n512_2245118: 0/61124
2026-02-05 20:34:49,803 - INFO - [337/588] n512_2249194: 0/56914
2026-02-05 20:35:14,609 - INFO - [338/588] n512_2271769: 0/35589
2026-02-05 20:35:35,670 - INFO - [339/588] n512_2241010: 0/65964
2026-02-05 20:35:44,763 - INFO - [340/588] n512_2269658: 0/43770
2026-02-05 20:35:59,562 - INFO - [341/588] n512_2253297: 0/59915
2026-02-05 20:36:16,221 - INFO - [342/588] n512_2265566: 0/50899
2026-02-05 20:36:23,043 - INFO - [343/588] n512_2261500: 0/58253
2026-02-05 20:36:32,494 - INFO - [344/588] n512_2255333: 0/60370
2026-02-05 20:36:40,805 - INFO - [345/588] n512_2275862: 0/40960
2026-02-05 20:36:54,715 - INFO - [346/588] n512_2247157: 0/76970
2026-02-05 20:37:17,637 - INFO - [347/588] n512_2279958: 0/40051
2026-02-05 20:37:32,437 - INFO - [348/588] n512_2265598: 0/53841
2026-02-05 20:37:58,153 - INFO - [349/588] n512_2284053: 0/40299
2026-02-05 20:38:18,595 - INFO - [350/588] n512_2277877: 0/49713
2026-02-05 20:38:23,957 - INFO - [351/588] n512_2269690: 0/59263
2026-02-05 20:38:52,549 - INFO - [352/588] n512_2259435: 0/67713
2026-02-05 20:39:31,567 - INFO - [353/588] n512_2263535: 0/69451
2026-02-05 20:40:01,393 - INFO - [354/588] n512_2275814: 0/63028
2026-02-05 20:40:07,715 - INFO - [355/588] n512_2290138: 0/51210
2026-02-05 20:40:21,325 - INFO - [356/588] n512_2281972: 0/62397
2026-02-05 20:40:36,492 - INFO - [357/588] n512_2302485: 0/36057
2026-02-05 20:40:37,843 - INFO - [358/588] n512_2294231: 0/47622
2026-02-05 20:40:59,731 - INFO - [359/588] n512_2296345: 0/55529
2026-02-05 20:41:05,499 - INFO - [360/588] n512_2279910: 0/67080
2026-02-05 20:41:28,675 - INFO - [361/588] n512_2294263: 0/54801
2026-02-05 20:41:32,746 - INFO - [362/588] n512_2286070: 0/72212
2026-02-05 20:42:37,113 - INFO - [363/588] n512_2284005: 0/69805
2026-02-05 20:43:08,776 - INFO - [364/588] n512_2300430: 0/60111
2026-02-05 20:43:18,221 - INFO - [365/588] n512_2304494: 0/54744
2026-02-05 20:43:21,221 - INFO - [366/588] n512_2298356: 0/64490
2026-02-05 20:43:59,877 - INFO - [367/588] n512_2306520: 0/55319
2026-02-05 20:44:14,049 - INFO - [368/588] n512_2288106: 0/84580
2026-02-05 20:44:30,736 - INFO - [369/588] n512_2312661: 0/54448
2026-02-05 20:44:43,453 - INFO - [370/588] n512_2290170: 0/72398
2026-02-05 20:44:56,379 - INFO - [371/588] n512_2318800: 0/46599
2026-02-05 20:45:19,455 - INFO - [372/588] n512_2300382: 0/63915
2026-02-05 20:45:21,534 - INFO - [373/588] n512_2292202: 0/83627
2026-02-05 20:45:29,809 - INFO - [374/588] n512_2314765: 0/56336
2026-02-05 20:45:45,665 - INFO - [375/588] n512_2296295: 0/83603
2026-02-05 20:45:47,326 - INFO - [376/588] n512_2310636: 0/66935
2026-02-05 20:46:20,730 - INFO - [377/588] n512_2325007: 0/41833
2026-02-05 20:46:35,082 - INFO - [378/588] n512_2329106: 0/39251
2026-02-05 20:46:37,350 - INFO - [379/588] n512_2322956: 0/45148
2026-02-05 20:46:45,006 - INFO - [380/588] n512_2327055: 0/42277
2026-02-05 20:47:55,613 - INFO - [381/588] n512_2302436: 0/86464
2026-02-05 20:47:58,500 - INFO - [382/588] n512_2314717: 0/73344
2026-02-05 20:48:36,715 - INFO - [383/588] n512_2308578: 0/82450
2026-02-05 20:48:37,995 - INFO - [384/588] n512_2320856: 0/62858
2026-02-05 20:48:55,142 - INFO - [385/588] n512_2306552: 0/82439
2026-02-05 20:49:11,174 - INFO - [386/588] n512_2333134: 0/44698
2026-02-05 20:49:43,274 - INFO - [387/588] n512_2337228: 0/44621
2026-02-05 20:49:45,534 - INFO - [388/588] n512_2318832: 0/71128
2026-02-05 20:50:41,824 - INFO - [389/588] n512_2322910: 0/75884
2026-02-05 20:50:43,019 - INFO - [390/588] n512_2333167: 0/54978
2026-02-05 20:50:49,503 - INFO - [391/588] n512_2312694: 0/92407
2026-02-05 20:52:15,051 - INFO - [392/588] n512_2335181: 0/59333
2026-02-05 20:52:22,724 - INFO - [393/588] n512_2341327: 0/53108
2026-02-05 20:52:26,121 - INFO - [394/588] n512_2324962: 0/80530
2026-02-05 20:52:31,975 - INFO - [395/588] n512_2331114: 0/71601
2026-02-05 20:52:49,656 - INFO - [396/588] n512_2343371: 0/47126
2026-02-05 20:52:58,063 - INFO - [397/588] n512_2316774: 0/93015
2026-02-05 20:53:15,618 - INFO - [398/588] n512_2343436: 0/51975
2026-02-05 20:53:17,196 - INFO - [399/588] n512_2335214: 0/71281
2026-02-05 20:53:37,419 - INFO - [400/588] n512_2351630: 0/41808
2026-02-05 20:53:46,906 - INFO - [401/588] n512_2345475: 0/56072
2026-02-05 20:54:20,531 - INFO - [402/588] n512_2320888: 0/94012
2026-02-05 20:54:34,654 - INFO - [403/588] n512_2329061: 0/90355
2026-02-05 20:55:33,003 - INFO - [404/588] n512_2351566: 0/51200
2026-02-05 20:56:45,032 - INFO - [405/588] n512_2349526: 0/66608
2026-02-05 20:56:57,631 - INFO - [406/588] n512_2357774: 0/46590
2026-02-05 20:57:21,254 - INFO - [407/588] n512_2353669: 0/54676
2026-02-05 20:57:33,309 - INFO - [408/588] n512_2357710: 0/51546
2026-02-05 20:57:41,708 - INFO - [409/588] n512_2337262: 0/93438
2026-02-05 20:57:51,905 - INFO - [410/588] n512_2369984: 0/31655
2026-02-05 20:58:26,655 - INFO - [411/588] n512_2363914: 0/41833
2026-02-05 20:58:49,220 - INFO - [412/588] n512_2339312: 0/97203
2026-02-05 20:58:56,806 - INFO - [413/588] n512_2363850: 0/48940
2026-02-05 20:59:20,101 - INFO - [414/588] n512_2347516: 0/77658
2026-02-05 20:59:20,372 - INFO - [415/588] n512_2347483: 0/78893
2026-02-05 20:59:20,644 - INFO - [416/588] n512_2357742: 0/70337
2026-02-05 20:59:59,027 - INFO - [417/588] n512_2343403: 0/87978
2026-02-05 20:59:59,647 - INFO - [418/588] n512_2341361: 0/92622
2026-02-05 21:00:13,230 - INFO - [419/588] n512_2353637: 0/81957
2026-02-05 21:00:24,342 - INFO - [420/588] n512_2355673: 0/74426
2026-02-05 21:00:53,628 - INFO - [421/588] n512_2351598: 0/93667
2026-02-05 21:01:03,316 - INFO - [422/588] n512_2363882: 0/59590
2026-02-05 21:01:34,920 - INFO - [423/588] n512_2349558: 0/101362
2026-02-05 21:01:35,730 - INFO - [424/588] n512_2367954: 0/55488
2026-02-05 21:01:38,979 - INFO - [425/588] n512_2361816: 0/70426
2026-02-05 21:01:44,652 - INFO - [426/588] n512_2374089: 0/40409
2026-02-05 21:01:56,969 - INFO - [427/588] n512_2370053: 0/50291
2026-02-05 21:02:03,211 - INFO - [428/588] n512_2374121: 0/37089
2026-02-05 21:02:09,915 - INFO - [429/588] n512_2365950: 0/66660
2026-02-05 21:02:23,407 - INFO - [430/588] n512_2355705: 0/84002
2026-02-05 21:03:47,120 - INFO - [431/588] n512_2378254: 0/35800
2026-02-05 21:04:14,631 - INFO - [432/588] n512_2359779: 0/91604
2026-02-05 21:04:18,056 - INFO - [433/588] n512_2374153: 0/48886
2026-02-05 21:04:49,020 - INFO - [434/588] n512_2384328: 0/37480
2026-02-05 21:05:33,855 - INFO - [435/588] n512_2361848: 0/85401
2026-02-05 21:05:40,063 - INFO - [436/588] n512_2372054: 0/73692
2026-02-05 21:05:46,740 - INFO - [437/588] n512_2370021: 0/72772
2026-02-05 21:06:12,490 - INFO - [438/588] n512_2367986: 0/92612
2026-02-05 21:06:19,844 - INFO - [439/588] n512_2384392: 0/42470
2026-02-05 21:06:20,377 - INFO - [440/588] n512_2365918: 0/78778
2026-02-05 21:06:35,648 - INFO - [441/588] n512_2390537: 0/34350
2026-02-05 21:06:36,331 - INFO - [442/588] n512_2382293: 0/53945
2026-02-05 21:06:43,138 - INFO - [443/588] n512_2380289: 0/56080
2026-02-05 21:06:45,992 - INFO - [444/588] n512_2390473: 0/41253
2026-02-05 21:06:50,938 - INFO - [445/588] n512_2384360: 0/56046
2026-02-05 21:07:09,140 - INFO - [446/588] n512_2376187: 0/68280
2026-02-05 21:07:19,556 - INFO - [447/588] n512_2380257: 0/57847
2026-02-05 21:08:10,920 - INFO - [448/588] n512_2372086: 0/83564
2026-02-05 21:08:31,543 - INFO - [449/588] n512_2388432: 0/60648
2026-02-05 21:08:36,123 - INFO - [450/588] n512_2376155: 0/74584
2026-02-05 21:08:38,173 - INFO - [451/588] n512_2386396: 0/61726
2026-02-05 21:08:38,364 - INFO - [452/588] n512_2386428: 0/58734
2026-02-05 21:08:57,009 - INFO - [453/588] n512_2398665: 0/44395
2026-02-05 21:08:58,941 - INFO - [454/588] n512_2392579: 0/50214
2026-02-05 21:09:09,305 - INFO - [455/588] n512_2398729: 0/38231
2026-02-05 21:09:18,131 - INFO - [456/588] n512_2390505: 0/55209
2026-02-05 21:09:33,333 - INFO - [457/588] n512_2394588: 0/51685
2026-02-05 21:09:54,609 - INFO - [458/588] n512_2396626: 0/54550
2026-02-05 21:10:42,216 - INFO - [459/588] n512_2396658: 0/56494
2026-02-05 21:10:55,759 - INFO - [460/588] n512_2394620: 0/57971
2026-02-05 21:11:26,918 - INFO - [461/588] n512_2408903: 0/35718
2026-02-05 21:11:30,629 - INFO - [462/588] n512_2382325: 0/82476
2026-02-05 21:11:32,884 - INFO - [463/588] n512_2400768: 0/50830
2026-02-05 21:11:33,123 - INFO - [464/588] n512_2408967: 0/33800
2026-02-05 21:12:02,722 - INFO - [465/588] n512_2392547: 0/72972
2026-02-05 21:12:44,836 - INFO - [466/588] n512_2398697: 0/70956
2026-02-05 21:12:48,508 - INFO - [467/588] n512_2406862: 0/46709
2026-02-05 21:12:48,546 - INFO - [468/588] n512_2415058: 0/41630
2026-02-05 21:13:34,304 - INFO - [469/588] n512_2400736: 0/64380
2026-02-05 21:13:36,420 - INFO - [470/588] n512_2423245: 0/37241
2026-02-05 21:13:47,182 - INFO - [471/588] n512_2402777: 0/64176
2026-02-05 21:13:49,224 - INFO - [472/588] n512_2406894: 0/55619
2026-02-05 21:14:06,618 - INFO - [473/588] n512_2402809: 0/63622
2026-02-05 21:14:08,386 - INFO - [474/588] n512_2419150: 0/45474
2026-02-05 21:14:16,811 - INFO - [475/588] n512_2404819: 0/62578
2026-02-05 21:14:17,106 - INFO - [476/588] n512_2408935: 0/55312
2026-02-05 21:14:21,533 - INFO - [477/588] n512_2421196: 0/43860
2026-02-05 21:14:44,088 - INFO - [478/588] n512_2413015: 0/53424
2026-02-05 21:14:51,715 - INFO - [479/588] n512_2413047: 0/54776
2026-02-05 21:14:53,477 - INFO - [480/588] n512_2417103: 0/53011
2026-02-05 21:15:13,723 - INFO - [481/588] n512_2415090: 0/58245
2026-02-05 21:15:21,586 - INFO - [482/588] n512_2425299: 0/46222
2026-02-05 21:15:30,154 - INFO - [483/588] n512_2404851: 0/68536
2026-02-05 21:16:20,595 - INFO - [484/588] n512_2410976: 0/64915
2026-02-05 21:16:34,456 - INFO - [485/588] n512_2427389: 0/40391
2026-02-05 21:16:48,029 - INFO - [486/588] n512_2423277: 0/55262
2026-02-05 21:16:48,992 - INFO - [487/588] n512_2419182: 0/64460
2026-02-05 21:16:58,142 - INFO - [488/588] n512_2421228: 0/61063
2026-02-05 21:17:26,965 - INFO - [489/588] n512_2431439: 0/44358
2026-02-05 21:18:03,073 - INFO - [490/588] n512_2425331: 0/61108
2026-02-05 21:18:17,016 - INFO - [491/588] n512_2417135: 0/71727
2026-02-05 21:18:25,993 - INFO - [492/588] n512_2433494: 0/53850
2026-02-05 21:18:27,180 - INFO - [493/588] n512_2439628: 0/41726
2026-02-05 21:18:30,045 - INFO - [494/588] n512_2435582: 0/43821
2026-02-05 21:19:19,723 - INFO - [495/588] n512_2435550: 0/52145
2026-02-05 21:19:22,422 - INFO - [496/588] n512_2433526: 0/55938
2026-02-05 21:19:33,477 - INFO - [497/588] n512_2456007: 0/32123
2026-02-05 21:19:37,501 - INFO - [498/588] n512_2427357: 0/69410
2026-02-05 21:19:56,515 - INFO - [499/588] n512_2431471: 0/60394
2026-02-05 21:20:22,325 - INFO - [500/588] n512_2447854: 0/51734
2026-02-05 21:20:52,729 - INFO - [501/588] n512_2447822: 0/40494
2026-02-05 21:20:56,224 - INFO - [502/588] n512_2441717: 0/48344
2026-02-05 21:21:17,264 - INFO - [503/588] n512_2429414: 0/78918
2026-02-05 21:21:33,937 - INFO - [504/588] n512_2449875: 0/46252
2026-02-05 21:21:34,119 - INFO - [505/588] n512_2441685: 0/60491
2026-02-05 21:21:41,624 - INFO - [506/588] n512_2451961: 0/48171
2026-02-05 21:21:42,058 - INFO - [507/588] n512_2462154: 0/41713
2026-02-05 21:21:46,053 - INFO - [508/588] n512_2449907: 0/51719
2026-02-05 21:21:53,905 - INFO - [509/588] n512_2439660: 0/62648
2026-02-05 21:21:59,878 - INFO - [510/588] n512_2458100: 0/51123
2026-02-05 21:22:01,020 - INFO - [511/588] n512_2466246: 0/38204
2026-02-05 21:22:08,298 - INFO - [512/588] n512_2470336: 0/31720
2026-02-05 21:22:51,067 - INFO - [513/588] n512_2445799: 0/62271
2026-02-05 21:23:03,606 - INFO - [514/588] n512_2462190: 0/49446
2026-02-05 21:23:19,152 - INFO - [515/588] n512_2437604: 0/77516
2026-02-05 21:23:45,525 - INFO - [516/588] n512_2456041: 0/54950
2026-02-05 21:23:50,181 - INFO - [517/588] n512_2472406: 0/45034
2026-02-05 21:23:50,235 - INFO - [518/588] n512_2443743: 0/76910
2026-02-05 21:23:51,071 - INFO - [519/588] n512_2460129: 0/58596
2026-02-05 21:23:56,011 - INFO - [520/588] n512_2453983: 0/70089
2026-02-05 21:24:00,556 - INFO - [521/588] n512_2458068: 0/53832
2026-02-05 21:24:05,160 - INFO - [522/588] n512_2472438: 0/40498
2026-02-05 21:24:50,013 - INFO - [523/588] n512_2470376: 0/50707
2026-02-05 21:24:54,147 - INFO - [524/588] n512_2468314: 0/51510
2026-02-05 21:25:22,367 - INFO - [525/588] n512_2480584: 0/36350
2026-02-05 21:25:36,855 - INFO - [526/588] n512_2476529: 0/42061
2026-02-05 21:25:38,345 - INFO - [527/588] n512_2451929: 0/71628
2026-02-05 21:25:56,555 - INFO - [528/588] n512_2476497: 0/40469
2026-02-05 21:25:59,602 - INFO - [529/588] n512_2464220: 0/68001
2026-02-05 21:26:12,336 - INFO - [530/588] n512_2484722: 0/38990
2026-02-05 21:26:34,183 - INFO - [531/588] n512_2484690: 0/40778
2026-02-05 21:26:47,082 - INFO - [532/588] n512_2478558: 0/47140
2026-02-05 21:26:56,669 - INFO - [533/588] n512_2480621: 0/48895
2026-02-05 21:27:02,319 - INFO - [534/588] n512_2482653: 0/57990
2026-02-05 21:27:14,326 - INFO - [535/588] n512_2474467: 0/59712
2026-02-05 21:27:16,319 - INFO - [536/588] n512_2501090: 0/40876
2026-02-05 21:27:16,712 - INFO - [537/588] n512_2486761: 0/41280
2026-02-05 21:27:17,433 - INFO - [538/588] n512_2496985: 0/44963
2026-02-05 21:27:25,315 - INFO - [539/588] n512_2490852: 0/42907
2026-02-05 21:27:32,053 - INFO - [540/588] n512_2499035: 0/44345
2026-02-05 21:27:39,651 - INFO - [541/588] n512_2492897: 0/49397
2026-02-05 21:27:40,401 - INFO - [542/588] n512_2521557: 0/31289
2026-02-05 21:27:47,162 - INFO - [543/588] n512_2533848: 0/31337
2026-02-05 21:27:48,881 - INFO - [544/588] n512_2494939: 0/47284
2026-02-05 21:27:50,348 - INFO - [545/588] n512_2509278: 0/37283
2026-02-05 21:27:50,887 - INFO - [546/588] n512_2488805: 0/50595
2026-02-05 21:27:53,866 - INFO - [547/588] n512_2513349: 0/36807
2026-02-05 21:27:58,281 - INFO - [548/588] n512_2507224: 0/43417
2026-02-05 21:27:59,068 - INFO - [549/588] n512_2539987: 0/34555
2026-02-05 21:28:00,197 - INFO - [550/588] n512_2517469: 0/37153
2026-02-05 21:28:07,677 - INFO - [551/588] n512_2515404: 0/45920
2026-02-05 21:28:18,127 - INFO - [552/588] n512_2546133: 0/37423
2026-02-05 21:28:19,204 - INFO - [553/588] n512_2529745: 0/36635
2026-02-05 21:28:30,415 - INFO - [554/588] n512_2525640: 0/49639
2026-02-05 21:28:34,394 - INFO - [555/588] n512_2704292: 0/46211
2026-02-05 21:28:56,924 - INFO - [556/588] n512_2554309: 0/58786
2026-02-05 21:29:07,210 - INFO - [557/588] n512_2578877: 0/55470
slurmstepd: error: *** JOB 233198 ON node113 CANCELLED AT 2026-02-05T22:04:06 ***
slurmstepd: error: Detected 31 oom-kill event(s) in StepId=233198.batch. Some of your processes may have been killed by the cgroup out-of-memory handler.
