ERROR: Unable to locate a modulefile for 'python/3.9'
ERROR: Unable to locate a modulefile for 'hdf5'
2026-02-05 18:55:33,499 - INFO - ======================================================================
2026-02-05 18:55:33,500 - INFO - VIRAC Extractor - Shard 0/32
2026-02-05 18:55:33,501 - INFO - ======================================================================
2026-02-05 18:55:33,501 - INFO - Total tiles in dataset: 22585
2026-02-05 18:55:33,502 - INFO - Tiles for this shard:   706
2026-02-05 18:55:33,502 - INFO - Workers: 32
2026-02-05 18:55:33,512 - INFO - Already completed: 120
2026-02-05 18:55:33,512 - INFO - Tiles to process:  586
2026-02-05 19:11:27,450 - INFO - [1/586] n256_558369: 144/20420
2026-02-05 19:11:54,525 - INFO - [2/586] n1024_9307144: 3130/19100
2026-02-05 19:11:58,987 - INFO - [3/586] n256_565535: 156/24318
2026-02-05 19:12:27,022 - INFO - [4/586] n1024_9303041: 3973/21054
2026-02-05 19:12:42,363 - INFO - [5/586] n1024_9339913: 1636/19031
2026-02-05 19:14:43,722 - INFO - [6/586] n256_552222: 191/26802
2026-02-05 19:15:25,650 - INFO - [7/586] n1024_9331720: 2283/24017
2026-02-05 19:17:29,784 - INFO - [8/586] n256_564507: 157/30731
2026-02-05 19:20:21,562 - INFO - [9/586] n256_569626: 178/33641
2026-02-05 19:20:52,032 - INFO - [10/586] n256_557340: 189/33715
2026-02-05 19:31:25,155 - INFO - [11/586] n256_574748: 48/28702
2026-02-05 19:35:19,388 - INFO - [12/586] n256_556311: 1083/58402
2026-02-05 19:39:04,540 - INFO - [13/586] n256_573716: 1977/67617
2026-02-05 19:39:04,802 - INFO - [14/586] n256_563477: 213/63019
2026-02-05 19:42:37,061 - INFO - [15/586] n256_584981: 38/42597
2026-02-05 19:42:57,036 - INFO - [16/586] n256_577814: 48/47739
2026-02-05 19:43:58,129 - INFO - [17/586] n256_568596: 209/71660
2026-02-05 19:44:39,808 - INFO - [18/586] n256_551187: 212/75579
2026-02-05 19:45:08,544 - INFO - [19/586] n256_580884: 1279/54862
2026-02-05 19:47:24,952 - INFO - [20/586] n256_589082: 5/33675
2026-02-05 19:47:52,989 - INFO - [21/586] n256_542995: 209/81942
2026-02-05 19:51:08,166 - INFO - [22/586] n256_545042: 219/79688
2026-02-05 19:54:46,897 - INFO - [23/586] n256_592151: 11/29412
2026-02-05 19:57:33,146 - INFO - [24/586] n256_523512: 3577/102775
2026-02-05 19:57:34,028 - INFO - [25/586] n256_599318: 1/26182
2026-02-05 19:59:05,793 - INFO - [26/586] n256_588047: 453/74560
2026-02-05 20:01:22,290 - INFO - [27/586] n256_562448: 392/97797
2026-02-05 20:02:33,155 - INFO - [28/586] n256_595221: 32/39227
2026-02-05 20:03:26,559 - INFO - [29/586] n256_530676: 198/96632
2026-02-05 20:05:06,718 - INFO - [30/586] n256_517371: 482/109788
2026-02-05 20:05:19,380 - INFO - [31/586] n256_583950: 47/90110
2026-02-05 20:06:03,184 - INFO - [32/586] n256_520446: 217/114998
2026-02-05 20:06:23,428 - INFO - [33/586] n256_571624: 195/115249
2026-02-05 20:09:14,870 - INFO - [34/586] n256_605458: 0/35146
2026-02-05 20:09:55,047 - INFO - [35/586] n256_604431: 0/46056
2026-02-05 20:10:07,740 - INFO - [36/586] n256_572686: 224/115167
2026-02-05 20:10:09,551 - INFO - [37/586] n256_567565: 3121/123726
2026-02-05 20:13:10,458 - INFO - [38/586] n256_576782: 59/108137
2026-02-05 20:13:14,246 - INFO - [39/586] n256_603405: 1/65034
2026-02-05 20:13:22,482 - INFO - [40/586] n256_547085: 1343/127155
2026-02-05 20:14:36,081 - INFO - [41/586] n256_591118: 10/74557
2026-02-05 20:15:17,352 - INFO - [42/586] n256_598285: 1/64714
2026-02-05 20:16:27,293 - INFO - [43/586] n256_594188: 6/80085
2026-02-05 20:16:50,303 - INFO - [44/586] n256_550154: 1380/145196
2026-02-05 20:17:51,086 - INFO - [45/586] n256_535799: 3763/141115
2026-02-05 20:18:05,507 - INFO - [46/586] n256_554253: 1168/135990
2026-02-05 20:19:46,295 - INFO - [47/586] n256_614674: 0/26149
2026-02-05 20:19:46,872 - INFO - [48/586] n256_606478: 2/46730
2026-02-05 20:19:53,695 - INFO - [49/586] n256_561420: 5061/151177
2026-02-05 20:20:21,240 - INFO - [50/586] n256_532730: 226/149638
2026-02-05 20:23:25,252 - INFO - [51/586] n256_582883: 44/129542
2026-02-05 20:23:34,032 - INFO - [52/586] n256_626959: 0/10784
2026-02-05 20:23:39,017 - INFO - [53/586] n256_607499: 0/56158
2026-02-05 20:27:31,257 - INFO - [54/586] n256_622862: 0/31796
2026-02-05 20:27:47,539 - INFO - [55/586] n256_615692: 0/39293
2026-02-05 20:27:48,024 - INFO - [56/586] n256_579813: 45/143168
2026-02-05 20:29:26,212 - INFO - [57/586] n256_560366: 364/146429
2026-02-05 20:33:23,474 - INFO - [58/586] n256_623883: 1/34695
2026-02-05 20:38:15,399 - INFO - [59/586] n256_609542: 0/83406
2026-02-05 20:38:39,325 - INFO - [60/586] n256_608520: 0/82269
2026-02-05 20:39:07,727 - INFO - [61/586] n256_602374: 0/109285
2026-02-05 20:39:17,190 - INFO - [62/586] n256_586980: 34/151593
2026-02-05 20:39:18,080 - INFO - [63/586] n256_627974: 0/44065
2026-02-05 20:41:04,000 - INFO - [64/586] n256_614616: 0/72070
2026-02-05 20:44:06,468 - INFO - [65/586] n256_597255: 1/121418
2026-02-05 20:45:28,003 - INFO - [66/586] n256_616709: 0/81549
2026-02-05 20:46:36,872 - INFO - [67/586] n256_631043: 0/45014
2026-02-05 20:46:45,247 - INFO - [68/586] n256_633092: 0/46316
2026-02-05 20:47:33,042 - INFO - [69/586] n256_601311: 3/131364
2026-02-05 20:49:30,672 - INFO - [70/586] n256_624898: 0/72150
2026-02-05 20:50:29,861 - INFO - [71/586] n256_638219: 0/24648
2026-02-05 20:51:09,807 - INFO - [72/586] n256_613596: 0/95383
2026-02-05 20:52:46,078 - INFO - [73/586] n256_635138: 0/42339
2026-02-05 20:53:37,725 - INFO - [74/586] n256_617730: 0/90607
2026-02-05 21:00:02,114 - INFO - [75/586] n256_612574: 0/116955
2026-02-05 21:00:34,592 - INFO - [76/586] n256_628988: 0/85731
2026-02-05 21:00:48,592 - INFO - [77/586] n256_643335: 0/21251
2026-02-05 21:01:07,837 - INFO - [78/586] n256_610561: 0/127682
2026-02-05 21:01:29,970 - INFO - [79/586] n256_621796: 0/96285
2026-02-05 21:01:30,259 - INFO - [80/586] n256_642260: 0/47763
2026-02-05 21:02:04,796 - INFO - [81/586] n256_650486: 0/2773
2026-02-05 21:03:18,410 - INFO - [82/586] n256_637181: 0/61759
2026-02-05 21:03:19,764 - INFO - [83/586] n256_640256: 0/39963
2026-02-05 21:04:28,140 - INFO - [84/586] n256_631002: 0/101722
2026-02-05 21:05:36,593 - INFO - [85/586] n256_618751: 0/118271
2026-02-05 21:05:58,026 - INFO - [86/586] n256_611554: 0/131009
2026-02-05 21:09:08,080 - INFO - [87/586] n256_648454: 0/27750
2026-02-05 21:10:12,732 - INFO - [88/586] n256_644346: 0/49604
2026-02-05 21:11:27,675 - INFO - [89/586] n256_626919: 0/126803
2026-02-05 21:11:57,651 - INFO - [90/586] n256_622814: 0/118303
2026-02-05 21:12:08,855 - INFO - [91/586] n256_632053: 0/107895
2026-02-05 21:12:17,152 - INFO - [92/586] n256_634100: 0/99474
2026-02-05 21:12:20,164 - INFO - [93/586] n256_649470: 0/29718
2026-02-05 21:12:37,009 - INFO - [94/586] n256_653573: 0/22114
2026-02-05 21:13:15,070 - INFO - [95/586] n256_639220: 0/73617
2026-02-05 21:13:57,593 - INFO - [96/586] n256_654595: 0/18882
2026-02-05 21:14:10,290 - INFO - [97/586] n256_641256: 0/78121
2026-02-05 21:14:25,988 - INFO - [98/586] n256_642296: 0/57177
2026-02-05 21:14:28,393 - INFO - [99/586] n256_655617: 0/19955
2026-02-05 21:16:05,665 - INFO - [100/586] n256_646398: 0/41809
2026-02-05 21:16:17,353 - INFO - [101/586] n256_619773: 0/135728
2026-02-05 21:16:25,605 - INFO - [102/586] n256_657658: 0/16109
2026-02-05 21:17:01,125 - INFO - [103/586] n256_625913: 0/124967
2026-02-05 21:17:33,028 - INFO - [104/586] n256_646355: 0/66280
2026-02-05 21:18:02,630 - INFO - [105/586] n256_636145: 0/99279
2026-02-05 21:18:28,645 - INFO - [106/586] n256_656639: 0/23867
2026-02-05 21:18:43,454 - INFO - [107/586] n256_637145: 0/105981
2026-02-05 21:19:32,979 - INFO - [108/586] n256_630000: 0/121853
2026-02-05 21:21:31,231 - INFO - [109/586] n256_620794: 1/150787
2026-02-05 21:26:49,766 - INFO - [110/586] n256_633054: 0/150950
2026-02-05 21:27:27,723 - INFO - [111/586] n256_648407: 0/76762
2026-02-05 21:28:14,911 - INFO - [112/586] n256_635101: 0/166393
2026-02-05 21:31:53,306 - INFO - [113/586] n256_653518: 0/91223
2026-02-05 21:32:34,850 - INFO - [114/586] n256_638185: 0/154761
2026-02-05 21:32:45,444 - INFO - [115/586] n256_645347: 0/143907
2026-02-05 21:32:53,083 - INFO - [116/586] n256_640221: 0/139727
2026-02-05 21:34:25,413 - INFO - [117/586] n256_663617: 0/93275
2026-02-05 21:34:32,174 - INFO - [118/586] n256_647396: 0/116528
2026-02-05 21:35:11,157 - INFO - [119/586] n256_678025: 0/85480
2026-02-05 21:35:13,520 - INFO - [120/586] n256_652500: 0/119364
2026-02-05 21:36:04,524 - INFO - [121/586] n256_675217: 0/100667
2026-02-05 21:36:22,575 - INFO - [122/586] n256_681715: 0/86643
2026-02-05 21:36:39,624 - INFO - [123/586] n256_659624: 0/108405
2026-02-05 21:36:59,066 - INFO - [124/586] n256_667549: 0/105830
2026-02-05 21:37:48,612 - INFO - [125/586] n256_664614: 0/101168
2026-02-05 21:38:08,151 - INFO - [126/586] n256_684462: 0/89502
2026-02-05 21:38:10,676 - INFO - [127/586] n256_671415: 0/100304
2026-02-05 21:38:42,964 - INFO - [128/586] n256_643297: 0/154746
2026-02-05 21:38:52,640 - INFO - [129/586] n256_669506: 0/109891
2026-02-05 21:38:54,412 - INFO - [130/586] n256_661643: 0/117740
2026-02-05 21:39:41,568 - INFO - [131/586] n256_702510: 0/14516
2026-02-05 21:40:19,118 - INFO - [132/586] n256_660634: 0/121202
2026-02-05 21:41:15,884 - INFO - [133/586] n256_665607: 0/116370
2026-02-05 21:41:37,091 - INFO - [134/586] n256_676170: 0/121007
2026-02-05 21:41:50,170 - INFO - [135/586] n256_673340: 0/133022
2026-02-05 21:41:54,312 - INFO - [136/586] n256_679895: 0/120226
2026-02-05 21:42:02,668 - INFO - [137/586] n256_689784: 0/64535
2026-02-05 21:43:07,841 - INFO - [138/586] n256_706578: 0/31911
2026-02-05 21:43:36,578 - INFO - [139/586] n256_668529: 0/150728
2026-02-05 21:45:29,226 - INFO - [140/586] n256_686241: 0/110983
2026-02-05 21:47:20,344 - INFO - [141/586] n256_692422: 0/111509
2026-02-05 21:47:31,388 - INFO - [142/586] n256_688037: 0/132158
2026-02-05 21:47:53,955 - INFO - [143/586] n256_698372: 0/83515
2026-02-05 21:47:58,206 - INFO - [144/586] n256_694129: 0/108485
2026-02-05 21:48:33,710 - INFO - [145/586] n256_682635: 0/156020
2026-02-05 21:49:26,723 - INFO - [146/586] n256_651483: 0/191719
2026-02-05 21:49:26,914 - INFO - [147/586] n256_690667: 0/105443
2026-02-05 21:49:42,303 - INFO - [148/586] n256_683551: 0/172157
2026-02-05 21:49:43,323 - INFO - [149/586] n256_714337: 0/54473
2026-02-05 21:50:07,643 - INFO - [150/586] n256_696706: 0/109700
2026-02-05 21:50:32,533 - INFO - [151/586] n256_687141: 0/170752
2026-02-05 21:50:48,623 - INFO - [152/586] n256_703332: 0/81049
2026-02-05 21:51:12,903 - INFO - [153/586] n256_712838: 0/66690
2026-02-05 21:51:26,946 - INFO - [154/586] n256_694992: 0/132792
2026-02-05 21:51:39,767 - INFO - [155/586] n256_708144: 0/89603
2026-02-05 21:52:02,882 - INFO - [156/586] n256_691547: 0/142940
2026-02-05 21:52:28,945 - INFO - [157/586] n256_699214: 0/109494
2026-02-05 21:52:34,042 - INFO - [158/586] n256_700886: 0/123267
2026-02-05 21:53:17,777 - INFO - [159/586] n256_708937: 0/101433
2026-02-05 21:53:24,893 - INFO - [160/586] n256_678962: 0/186293
2026-02-05 21:53:26,690 - INFO - [161/586] n256_715096: 0/82799
2026-02-05 21:54:01,611 - INFO - [162/586] n256_672379: 0/193110
2026-02-05 21:55:04,019 - INFO - [163/586] n256_709726: 0/96493
2026-02-05 21:55:09,944 - INFO - [164/586] n256_695851: 0/135793
2026-02-05 21:55:32,424 - INFO - [165/586] n256_710510: 0/100607
2026-02-05 21:55:34,208 - INFO - [166/586] n256_704963: 0/123531
2026-02-05 21:55:49,567 - INFO - [167/586] n256_700052: 0/140422
2026-02-05 21:56:32,293 - INFO - [168/586] n256_715851: 0/104710
2026-02-05 21:57:05,333 - INFO - [169/586] n256_733945: 0/9650
2026-02-05 21:57:28,068 - INFO - [170/586] n256_728053: 0/40778
2026-02-05 21:57:59,524 - INFO - [171/586] n256_704150: 0/137508
2026-02-05 21:58:08,903 - INFO - [172/586] n256_712066: 0/110286
2026-02-05 21:58:10,461 - INFO - [173/586] n256_705773: 0/181712
2026-02-05 21:58:51,726 - INFO - [174/586] n256_728021: 0/61611
2026-02-05 21:58:58,239 - INFO - [175/586] n256_734594: 0/16752
2026-02-05 21:59:30,692 - INFO - [176/586] n256_731379: 0/52118
2026-02-05 21:59:31,297 - INFO - [177/586] n256_716602: 0/100324
2026-02-05 21:59:46,991 - INFO - [178/586] n256_711290: 0/123258
2026-02-05 22:00:36,430 - INFO - [179/586] n256_727341: 0/74002
2026-02-05 22:01:31,435 - INFO - [180/586] n256_725968: 0/85939
2026-02-05 22:01:51,557 - INFO - [181/586] n256_719562: 0/107850
2026-02-05 22:02:00,532 - INFO - [182/586] n256_718090: 0/120012
2026-02-05 22:02:07,097 - INFO - [183/586] n256_735229: 0/42501
2026-02-05 22:02:08,168 - INFO - [184/586] n256_717348: 0/119459
2026-02-05 22:02:09,542 - INFO - [185/586] n256_735269: 0/39855
2026-02-05 22:02:19,526 - INFO - [186/586] n256_730723: 0/75273
2026-02-05 22:02:52,027 - INFO - [187/586] n256_721016: 0/112623
2026-02-05 22:03:01,663 - INFO - [188/586] n256_726657: 0/89275
2026-02-05 22:03:02,513 - INFO - [189/586] n256_735876: 0/39060
2026-02-05 22:03:25,749 - INFO - [190/586] n256_732700: 0/64983
2026-02-05 22:03:58,535 - INFO - [191/586] n256_720291: 0/110020
2026-02-05 22:04:02,293 - INFO - [192/586] n256_725274: 0/103158
2026-02-05 22:04:05,728 - INFO - [193/586] n256_731411: 0/75991
2026-02-05 22:04:31,802 - INFO - [194/586] n256_724575: 0/105792
2026-02-05 22:04:55,730 - INFO - [195/586] n256_730063: 0/93638
slurmstepd: error: *** JOB 233195 ON node089 CANCELLED AT 2026-02-05T22:05:55 ***
slurmstepd: error: Detected 6 oom-kill event(s) in StepId=233195.batch. Some of your processes may have been killed by the cgroup out-of-memory handler.
