ERROR: Unable to locate a modulefile for 'python/3.9'
ERROR: Unable to locate a modulefile for 'hdf5'
2026-02-04 20:57:00,856 - INFO - ======================================================================
2026-02-04 20:57:00,857 - INFO - VIRAC Extractor - Shard 1/4
2026-02-04 20:57:00,858 - INFO - ======================================================================
2026-02-04 20:57:00,859 - INFO - Total tiles in dataset: 22585
2026-02-04 20:57:00,860 - INFO - Tiles for this shard:   5646
2026-02-04 20:57:00,862 - INFO - Workers: 96
2026-02-04 20:57:00,873 - INFO - Already completed: 116
2026-02-04 20:57:00,874 - INFO - Tiles to process:  5530
2026-02-04 21:06:04,788 - INFO - [1/5530] n1024_8905768: 7684/10716
2026-02-04 21:07:14,757 - INFO - [2/5530] n1024_8905752: 10843/14246
2026-02-04 21:08:25,118 - INFO - [3/5530] n1024_8913959: 7714/9856
2026-02-04 21:08:30,116 - INFO - [4/5530] n1024_8909853: 8232/11060
2026-02-04 21:08:52,370 - INFO - [5/5530] n1024_8905748: 10545/14287
2026-02-04 21:09:23,044 - INFO - [6/5530] n1024_8905744: 10627/14347
2026-02-04 21:09:32,204 - INFO - [7/5530] n1024_8909843: 10140/13239
2026-02-04 21:11:02,671 - INFO - [8/5530] n1024_8909857: 9788/12957
2026-02-04 21:12:56,307 - INFO - [9/5530] n1024_8913963: 7735/10196
2026-02-04 21:12:57,521 - INFO - [10/5530] n1024_8909847: 10684/14731
2026-02-04 21:13:38,015 - INFO - [11/5530] n1024_8909867: 9279/12162
2026-02-04 21:14:40,413 - INFO - [12/5530] n1024_8901657: 12480/17069
2026-02-04 21:15:56,127 - INFO - [13/5530] n1024_8909863: 10171/13515
2026-02-04 21:17:16,472 - INFO - [14/5530] n1024_8913949: 8976/12203
2026-02-04 21:17:23,020 - INFO - [15/5530] n1024_8918046: 7595/10308
2026-02-04 21:17:25,012 - INFO - [16/5530] n1024_8913935: 9901/13879
2026-02-04 21:18:06,525 - INFO - [17/5530] n1024_8913953: 9136/12520
2026-02-04 21:19:56,860 - INFO - [18/5530] n1024_8918042: 8865/12090
2026-02-04 21:20:04,549 - INFO - [19/5530] n1024_8905758: 12147/17159
2026-02-04 21:21:15,665 - INFO - [20/5530] n1024_8918052: 8034/10949
2026-02-04 21:21:43,834 - INFO - [21/5530] n1024_8913939: 10994/14759
2026-02-04 21:23:03,691 - INFO - [22/5530] n1024_8918037: 10143/13584
2026-02-04 21:23:49,936 - INFO - [23/5530] n1024_8946725: 7482/10280
2026-02-04 21:24:22,366 - INFO - [24/5530] n1024_8959011: 8138/11199
2026-02-04 21:24:29,329 - INFO - [25/5530] n1024_8922140: 8486/11178
2026-02-04 21:24:51,335 - INFO - [26/5530] n1024_8918032: 10503/14159
2026-02-04 21:25:00,120 - INFO - [27/5530] n1024_8926242: 8345/11364
2026-02-04 21:25:58,743 - INFO - [28/5530] n1024_8926236: 9189/12773
2026-02-04 21:26:07,800 - INFO - [29/5530] n1024_8926246: 8891/11861
2026-02-04 21:27:22,669 - INFO - [30/5530] n1024_8922150: 8239/11060
2026-02-04 21:27:26,891 - INFO - [31/5530] n1024_8938535: 8645/11573
2026-02-04 21:27:57,635 - INFO - [32/5530] n1024_8930337: 8932/12124
2026-02-04 21:28:03,438 - INFO - [33/5530] n1024_8918056: 9800/12668
2026-02-04 21:28:20,475 - INFO - [34/5530] n1024_8946729: 9100/11961
2026-02-04 21:29:03,519 - INFO - [35/5530] n1024_8963088: 9488/12247
2026-02-04 21:29:09,031 - INFO - [36/5530] n1024_8954918: 8834/11726
2026-02-04 21:29:34,127 - INFO - [37/5530] n1024_8954910: 9323/12793
2026-02-04 21:29:35,040 - INFO - [38/5530] n1024_8942619: 9596/13052
2026-02-04 21:29:47,644 - INFO - [39/5530] n1024_8959003: 10208/13848
2026-02-04 21:29:48,444 - INFO - [40/5530] n1024_8950825: 8728/11860
2026-02-04 21:29:50,032 - INFO - [41/5530] n1024_8930341: 8459/11291
2026-02-04 21:29:50,100 - INFO - [42/5530] n1024_8942633: 9207/12405
2026-02-04 21:29:55,388 - INFO - [43/5530] n1024_8959007: 9938/13105
2026-02-04 21:30:29,933 - INFO - [44/5530] n1024_8913943: 12424/17789
2026-02-04 21:30:43,895 - INFO - [45/5530] n1024_8954914: 9395/13390
2026-02-04 21:31:08,754 - INFO - [46/5530] n1024_8930331: 9317/13841
2026-02-04 21:31:15,886 - INFO - [47/5530] n1024_8942629: 9906/13101
2026-02-04 21:31:16,244 - INFO - [48/5530] n1024_8938521: 9775/13304
2026-02-04 21:31:23,371 - INFO - [49/5530] n1024_8922136: 9175/13051
2026-02-04 21:31:36,138 - INFO - [50/5530] n1024_8926222: 10558/15270
2026-02-04 21:31:57,385 - INFO - [51/5530] n1024_8930323: 10142/13076
2026-02-04 21:31:58,339 - INFO - [52/5530] n1024_8963104: 9176/12733
2026-02-04 21:32:23,297 - INFO - [53/5530] n1024_8926228: 9872/13059
2026-02-04 21:32:32,061 - INFO - [54/5530] n1024_8946705: 10509/13084
2026-02-04 21:32:53,871 - INFO - [55/5530] n1024_8954892: 9856/13849
2026-02-04 21:32:54,973 - INFO - [56/5530] n1024_8938517: 10114/13051
2026-02-04 21:32:55,289 - INFO - [57/5530] n1024_8942623: 11083/14520
2026-02-04 21:33:40,307 - INFO - [58/5530] n1024_8938525: 9310/13343
2026-02-04 21:34:23,854 - INFO - [59/5530] n1024_8950820: 9614/13849
2026-02-04 21:34:28,617 - INFO - [60/5530] n1024_8930317: 10468/14728
2026-02-04 21:34:28,630 - INFO - [61/5530] n1024_8954906: 10343/13788
2026-02-04 21:34:32,082 - INFO - [62/5530] n1024_8942615: 10579/13589
2026-02-04 21:34:47,296 - INFO - [63/5530] n1024_8946715: 10320/14136
2026-02-04 21:34:57,068 - INFO - [64/5530] n1024_8946701: 11205/14217
2026-02-04 21:35:10,590 - INFO - [65/5530] n1024_8938513: 10302/13914
2026-02-04 21:35:17,282 - INFO - [66/5530] n1024_8963110: 8292/10898
2026-02-04 21:35:24,184 - INFO - [67/5530] n1024_8926232: 10340/13463
2026-02-04 21:35:28,600 - INFO - [68/5530] n1024_8946711: 10344/13442
2026-02-04 21:35:32,313 - INFO - [69/5530] n1024_8942606: 11074/14227
2026-02-04 21:35:56,660 - INFO - [70/5530] n1024_8963100: 11463/15991
2026-02-04 21:36:06,269 - INFO - [71/5530] n1024_8946719: 10826/14580
2026-02-04 21:36:12,663 - INFO - [72/5530] n1024_8930327: 10901/14726
2026-02-04 21:37:07,972 - INFO - [73/5530] n1024_8922126: 11956/17122
2026-02-04 21:37:15,401 - INFO - [74/5530] n1024_8954898: 10670/15084
2026-02-04 21:37:24,040 - INFO - [75/5530] n1024_8934432: 10904/15125
2026-02-04 21:37:28,376 - INFO - [76/5530] n1024_8950802: 10618/14614
2026-02-04 21:37:41,765 - INFO - [77/5530] n1024_8934419: 10909/14710
2026-02-04 21:38:03,500 - INFO - [78/5530] n1024_8958999: 11017/15503
2026-02-04 21:38:15,744 - INFO - [79/5530] n1024_8922146: 10399/14352
2026-02-04 21:38:21,886 - INFO - [80/5530] n1024_8950815: 10473/14726
2026-02-04 21:39:18,421 - INFO - [81/5530] n1024_8958990: 10640/15033
2026-02-04 21:39:56,964 - INFO - [82/5530] n1024_8967208: 8222/11429
2026-02-04 21:40:33,635 - INFO - [83/5530] n1024_8942610: 12015/15370
2026-02-04 21:41:17,599 - INFO - [84/5530] n1024_8934414: 11060/15808
2026-02-04 21:41:53,269 - INFO - [85/5530] n1024_8938529: 11427/15374
2026-02-04 21:42:23,080 - INFO - [86/5530] n1024_8963092: 11821/15503
2026-02-04 21:43:05,481 - INFO - [87/5530] n1024_8967182: 10442/14730
2026-02-04 21:43:22,467 - INFO - [88/5530] n1024_8963096: 11868/15773
2026-02-04 21:44:12,761 - INFO - [89/5530] n1024_8950807: 12917/16526
2026-02-04 21:44:25,965 - INFO - [90/5530] n1024_8958995: 11773/16506
2026-02-04 21:44:46,751 - INFO - [91/5530] n1024_8950797: 11856/15992
2026-02-04 21:45:35,600 - INFO - [92/5530] n1024_8950811: 11738/17024
2026-02-04 21:46:40,161 - INFO - [93/5530] n1024_8967190: 11167/14927
2026-02-04 21:46:40,273 - INFO - [94/5530] n1024_8967198: 10329/14135
2026-02-04 21:46:44,690 - INFO - [95/5530] n1024_8971282: 10938/14062
2026-02-04 21:46:45,825 - INFO - [96/5530] n1024_8938509: 14059/18536
2026-02-04 21:46:59,344 - INFO - [97/5530] n1024_8967186: 11545/14968
2026-02-04 21:47:25,931 - INFO - [98/5530] n1024_8971278: 10951/14546
2026-02-04 21:47:50,994 - INFO - [99/5530] n1024_8967203: 10716/15549
2026-02-04 21:47:51,203 - INFO - [100/5530] n1024_8954902: 12578/17532
Traceback (most recent call last):
  File "/home/njm/VIRAC_extract/virac_extractor_sharded.py", line 391, in <module>
    main()
  File "/home/njm/VIRAC_extract/virac_extractor_sharded.py", line 383, in main
    ckpt.mark_tile_completed(tile_id, n_sources, n_valid)
  File "/home/njm/VIRAC_extract/virac_extractor_sharded.py", line 118, in mark_tile_completed
    self._save_json(self.completed_file, data)
  File "/home/njm/VIRAC_extract/virac_extractor_sharded.py", line 93, in _save_json
    temp_file.replace(filepath)
  File "/home/njm/miniconda3/lib/python3.10/pathlib.py", line 1247, in replace
    self._accessor.replace(self, target)
FileNotFoundError: [Errno 2] No such file or directory: '/beegfs/car/njm/virac_lightcurves/checkpoints/completed_tiles.tmp' -> '/beegfs/car/njm/virac_lightcurves/checkpoints/completed_tiles.json'
