ERROR: Unable to locate a modulefile for 'python/3.9'
ERROR: Unable to locate a modulefile for 'hdf5'
2026-02-05 01:21:17,504 - INFO - ======================================================================
2026-02-05 01:21:17,506 - INFO - VIRAC Extractor - Shard 0/4
2026-02-05 01:21:17,506 - INFO - ======================================================================
2026-02-05 01:21:17,506 - INFO - Total tiles in dataset: 22585
2026-02-05 01:21:17,507 - INFO - Tiles for this shard:   5647
2026-02-05 01:21:17,507 - INFO - Workers: 96
2026-02-05 01:21:17,520 - INFO - Already completed: 490
2026-02-05 01:21:17,520 - INFO - Tiles to process:  5157
2026-02-05 01:33:40,062 - INFO - [1/5157] n1024_9122833: 12194/16245
2026-02-05 01:35:32,225 - INFO - [2/5157] n1024_9090055: 14379/20164
2026-02-05 01:35:36,307 - INFO - [3/5157] n1024_9110553: 12897/17749
2026-02-05 01:35:37,150 - INFO - [4/5157] n1024_9122845: 10357/14962
2026-02-05 01:35:40,568 - INFO - [5/5157] n1024_9126939: 11237/14578
2026-02-05 01:35:52,679 - INFO - [6/5157] n1024_9139195: 12189/19872
2026-02-05 01:37:14,641 - INFO - [7/5157] n1024_9122817: 12767/18194
2026-02-05 01:37:18,660 - INFO - [8/5157] n1024_9118737: 12255/16130
2026-02-05 01:37:22,950 - INFO - [9/5157] n1024_9122829: 12533/16776
2026-02-05 01:37:53,495 - INFO - [10/5157] n1024_9118729: 13056/17807
2026-02-05 01:37:53,640 - INFO - [11/5157] n1024_9110533: 14731/20172
2026-02-05 01:38:56,598 - INFO - [12/5157] n1024_9110529: 13187/19588
2026-02-05 01:39:59,924 - INFO - [13/5157] n1024_9118721: 14226/19929
2026-02-05 01:40:58,402 - INFO - [14/5157] n1024_9126931: 12018/16075
2026-02-05 01:41:02,046 - INFO - [15/5157] n1024_9126923: 13330/17771
2026-02-05 01:41:11,070 - INFO - [16/5157] n1024_9094146: 15706/22193
2026-02-05 01:41:42,902 - INFO - [17/5157] n1024_9114631: 14349/19801
2026-02-05 01:42:21,121 - INFO - [18/5157] n1024_9135129: 11003/14363
2026-02-05 01:42:23,224 - INFO - [19/5157] n1024_9114651: 12979/18651
2026-02-05 01:43:21,981 - INFO - [20/5157] n1024_9118725: 14570/19993
2026-02-05 01:43:40,857 - INFO - [21/5157] n1024_9110549: 15331/20796
2026-02-05 01:43:44,207 - INFO - [22/5157] n1024_9143324: 9605/13490
2026-02-05 01:43:47,625 - INFO - [23/5157] n1024_9106447: 14592/20739
2026-02-05 01:44:02,455 - INFO - [24/5157] n1024_9131006: 14033/20478
2026-02-05 01:44:11,422 - INFO - [25/5157] n1024_9126927: 12034/16615
2026-02-05 01:45:11,031 - INFO - [26/5157] n1024_9135109: 13124/17996
2026-02-05 01:45:16,168 - INFO - [27/5157] n1024_9131018: 12733/17635
2026-02-05 01:45:26,757 - INFO - [28/5157] n1024_9122821: 13778/20031
2026-02-05 01:45:27,123 - INFO - [29/5157] n1024_9135105: 12660/17519
2026-02-05 01:45:27,631 - INFO - [30/5157] n1024_9106443: 15590/21295
2026-02-05 01:45:35,961 - INFO - [31/5157] n1024_9122825: 13724/18989
2026-02-05 01:45:49,720 - INFO - [32/5157] n1024_9114627: 15024/20935
2026-02-05 01:45:55,437 - INFO - [33/5157] n1024_9126915: 15067/21027
2026-02-05 01:46:43,758 - INFO - [34/5157] n1024_9131034: 11571/16156
2026-02-05 01:47:00,784 - INFO - [35/5157] n1024_9135117: 13312/17981
2026-02-05 01:47:00,816 - INFO - [36/5157] n1024_9135113: 13407/18367
2026-02-05 01:47:00,842 - INFO - [37/5157] n1024_9135125: 12200/16491
2026-02-05 01:47:45,645 - INFO - [38/5157] n1024_9131030: 12476/16773
2026-02-05 01:48:07,083 - INFO - [39/5157] n1024_9139216: 11250/15360
2026-02-05 01:48:50,835 - INFO - [40/5157] n1024_9131022: 13559/18251
2026-02-05 01:49:02,418 - INFO - [41/5157] n1024_9118733: 13688/19536
2026-02-05 01:49:14,581 - INFO - [42/5157] n1024_9126919: 16433/22161
2026-02-05 01:50:12,735 - INFO - [43/5157] n1024_9126911: 15460/21358
2026-02-05 01:50:30,647 - INFO - [44/5157] n1024_9135101: 16501/23966
2026-02-05 01:51:16,161 - INFO - [45/5157] n1024_9139220: 11911/16486
2026-02-05 01:53:12,593 - INFO - [46/5157] n1024_9139224: 11670/15662
2026-02-05 01:54:04,988 - INFO - [47/5157] n1024_9143292: 15233/23385
2026-02-05 01:54:55,218 - INFO - [48/5157] n1024_9143312: 11818/15936
2026-02-05 01:55:14,663 - INFO - [49/5157] n1024_9143320: 10617/14843
2026-02-05 01:55:47,346 - INFO - [50/5157] n1024_9143316: 12352/16590
2026-02-05 01:56:53,284 - INFO - [51/5157] n1024_9131026: 15820/22345
2026-02-05 01:57:06,339 - INFO - [52/5157] n1024_9131014: 13588/20047
2026-02-05 01:58:10,583 - INFO - [53/5157] n1024_9155579: 13240/19689
2026-02-05 01:59:26,484 - INFO - [54/5157] n1024_9139228: 12037/17656
2026-02-05 01:59:26,822 - INFO - [55/5157] n1024_9131010: 14247/21021
2026-02-05 01:59:36,971 - INFO - [56/5157] n1024_9151507: 10923/15361
2026-02-05 02:00:19,520 - INFO - [57/5157] n1024_9151483: 14134/20621
2026-02-05 02:00:32,437 - INFO - [58/5157] n1024_9135121: 14205/19959
2026-02-05 02:01:06,860 - INFO - [59/5157] n1024_9139200: 14317/21304
2026-02-05 02:01:46,510 - INFO - [60/5157] n1024_9151511: 10496/15073
2026-02-05 02:02:02,464 - INFO - [61/5157] n1024_9159705: 9927/14666
2026-02-05 02:03:41,901 - INFO - [62/5157] n1024_9139212: 13460/19464
2026-02-05 02:04:13,969 - INFO - [63/5157] n1024_9147409: 12927/18375
2026-02-05 02:04:17,694 - INFO - [64/5157] n1024_9155611: 9784/15204
2026-02-05 02:05:44,278 - INFO - [65/5157] n1024_9143304: 12813/19051
2026-02-05 02:06:11,790 - INFO - [66/5157] n1024_9155607: 10959/17182
2026-02-05 02:07:07,551 - INFO - [67/5157] n1024_9159701: 11108/16580
2026-02-05 02:07:20,515 - INFO - [68/5157] n1024_9139208: 12950/20678
2026-02-05 02:07:20,554 - INFO - [69/5157] n1024_9143308: 13815/20981
2026-02-05 02:07:46,066 - INFO - [70/5157] n1024_9155603: 11490/17252
2026-02-05 02:08:07,572 - INFO - [71/5157] n1024_9147389: 13956/21836
2026-02-05 02:08:10,153 - INFO - [72/5157] n1024_9147405: 12700/19240
2026-02-05 02:08:26,987 - INFO - [73/5157] n1024_9147401: 13125/20213
2026-02-05 02:08:30,358 - INFO - [74/5157] n1024_9155599: 12150/18810
2026-02-05 02:08:42,287 - INFO - [75/5157] n1024_9139204: 13500/21981
2026-02-05 02:08:59,175 - INFO - [76/5157] n1024_9147417: 12109/18842
2026-02-05 02:09:03,738 - INFO - [77/5157] n1024_9147413: 12584/18900
2026-02-05 02:10:46,514 - INFO - [78/5157] n1024_9151495: 12445/19588
2026-02-05 02:12:44,010 - INFO - [79/5157] n1024_9159689: 11410/19312
2026-02-05 02:12:53,545 - INFO - [80/5157] n1024_9159697: 11627/19258
2026-02-05 02:12:54,042 - INFO - [81/5157] n1024_9151503: 12986/20488
2026-02-05 02:13:08,224 - INFO - [82/5157] n1024_9143300: 13756/22029
2026-02-05 02:13:44,927 - INFO - [83/5157] n1024_9143296: 14729/23312
2026-02-05 02:13:48,984 - INFO - [84/5157] n1024_9147393: 12674/21620
2026-02-05 02:13:54,933 - INFO - [85/5157] n1024_9171961: 10334/19647
2026-02-05 02:14:07,735 - INFO - [86/5157] n1024_9163800: 8333/14912
2026-02-05 02:14:09,006 - INFO - [87/5157] n1024_9151487: 13773/22843
2026-02-05 02:14:25,786 - INFO - [88/5157] n1024_9151491: 14052/22746
2026-02-05 02:15:06,005 - INFO - [89/5157] n1024_9159685: 12437/21320
2026-02-05 02:15:08,435 - INFO - [90/5157] n1024_9167895: 8627/15320
2026-02-05 02:15:30,003 - INFO - [91/5157] n1024_9159693: 11567/19643
2026-02-05 02:15:58,973 - INFO - [92/5157] n1024_9159681: 12730/22066
2026-02-05 02:15:59,068 - INFO - [93/5157] n1024_9155595: 12622/21545
2026-02-05 02:16:04,872 - INFO - [94/5157] n1024_9163796: 9139/16299
2026-02-05 02:16:19,655 - INFO - [95/5157] n1024_9167871: 9612/17368
2026-02-05 02:16:41,074 - INFO - [96/5157] n1024_9171994: 7378/14826
2026-02-05 02:16:56,703 - INFO - [97/5157] n1024_9163784: 10305/18986
2026-02-05 02:17:02,633 - INFO - [98/5157] n1024_9147397: 13880/23958
2026-02-05 02:17:10,873 - INFO - [99/5157] n1024_9176083: 8006/15662
2026-02-05 02:17:12,800 - INFO - [100/5157] n1024_9163792: 10673/19464
2026-02-05 02:17:17,387 - INFO - [101/5157] n1024_9155591: 11945/21633
2026-02-05 02:17:36,656 - INFO - [102/5157] n1024_9163772: 11032/20122
2026-02-05 02:17:49,912 - INFO - [103/5157] n1024_9171990: 7995/15887
2026-02-05 02:18:42,461 - INFO - [104/5157] n1024_9180182: 7122/14876
2026-02-05 02:18:52,576 - INFO - [105/5157] n1024_9176087: 8083/15884
2026-02-05 02:18:53,144 - INFO - [106/5157] n1024_9171986: 9060/17790
2026-02-05 02:18:54,001 - INFO - [107/5157] n1024_9180170: 7658/16426
2026-02-05 02:18:55,026 - INFO - [108/5157] n1024_9163788: 10319/19393
2026-02-05 02:19:21,945 - INFO - [109/5157] n1024_9167879: 10492/20495
2026-02-05 02:19:39,347 - INFO - [110/5157] n1024_9167867: 11494/22187
2026-02-05 02:19:45,683 - INFO - [111/5157] n1024_9171982: 9452/18917
2026-02-05 02:20:00,426 - INFO - [112/5157] n1024_9159677: 14169/25455
2026-02-05 02:20:04,898 - INFO - [113/5157] n1024_9151499: 13654/25014
2026-02-05 02:20:22,765 - INFO - [114/5157] n1024_9176059: 9074/18849
2026-02-05 02:20:33,273 - INFO - [115/5157] n1024_9180166: 8802/18687
2026-02-05 02:20:41,757 - INFO - [116/5157] n1024_9167891: 9458/18482
2026-02-05 02:20:42,414 - INFO - [117/5157] n1024_9184273: 6649/15125
2026-02-05 02:20:44,531 - INFO - [118/5157] n1024_9184249: 9022/19460
2026-02-05 02:20:55,300 - INFO - [119/5157] n1024_9176079: 9316/19159
2026-02-05 02:21:07,356 - INFO - [120/5157] n1024_9167887: 9552/19556
2026-02-05 02:21:25,078 - INFO - [121/5157] n1024_9176075: 8751/18510
2026-02-05 02:21:25,872 - INFO - [122/5157] n1024_9180158: 8886/18284
2026-02-05 02:21:35,278 - INFO - [123/5157] n1024_9188377: 5875/14735
2026-02-05 02:21:39,463 - INFO - [124/5157] n1024_9167875: 11424/22626
2026-02-05 02:21:54,521 - INFO - [125/5157] n1024_9180178: 7938/17520
2026-02-05 02:22:03,290 - INFO - [126/5157] n1024_9167883: 10311/20201
2026-02-05 02:22:14,487 - INFO - [127/5157] n1024_9180174: 8614/18800
2026-02-05 02:22:18,326 - INFO - [128/5157] n1024_9184277: 7018/16242
2026-02-05 02:22:19,121 - INFO - [129/5157] n1024_9180162: 9674/20462
2026-02-05 02:22:31,251 - INFO - [130/5157] n1024_9171978: 9753/20564
2026-02-05 02:22:38,341 - INFO - [131/5157] n1024_9180154: 10042/21955
2026-02-05 02:22:46,292 - INFO - [132/5157] n1024_9155587: 14152/27159
2026-02-05 02:23:16,604 - INFO - [133/5157] n1024_9188345: 8847/20681
2026-02-05 02:23:34,034 - INFO - [134/5157] n1024_9176063: 10297/20907
2026-02-05 02:23:37,536 - INFO - [135/5157] n1024_9184253: 8962/19534
2026-02-05 02:23:39,030 - INFO - [136/5157] n1024_9163780: 11778/24199
2026-02-05 02:24:28,679 - INFO - [137/5157] n1024_9188369: 7201/17612
2026-02-05 02:24:30,054 - INFO - [138/5157] n1024_9184269: 8560/20374
2026-02-05 02:24:44,231 - INFO - [139/5157] n1024_9184261: 8433/19913
2026-02-05 02:25:02,027 - INFO - [140/5157] n1024_9192467: 5974/15375
2026-02-05 02:25:06,091 - INFO - [141/5157] n1024_9184257: 8988/20073
2026-02-05 02:25:17,679 - INFO - [142/5157] n1024_9171966: 11127/22946
2026-02-05 02:25:34,187 - INFO - [143/5157] n1024_9192471: 6466/16702
2026-02-05 02:25:37,740 - INFO - [144/5157] n1024_9188361: 7613/20026
2026-02-05 02:25:42,076 - INFO - [145/5157] n1024_9155583: 16720/33059
2026-02-05 02:25:42,373 - INFO - [146/5157] n1024_9171974: 10651/24834
2026-02-05 02:25:43,291 - INFO - [147/5157] n1024_9184265: 7804/20911
2026-02-05 02:25:44,820 - INFO - [148/5157] n1024_9176067: 10167/22878
2026-02-05 02:25:52,981 - INFO - [149/5157] n1024_9163776: 11736/24615
2026-02-05 02:26:28,847 - INFO - [150/5157] n1024_9176071: 10122/24190
2026-02-05 02:26:38,376 - INFO - [151/5157] n1024_9204727: 6030/17652
2026-02-05 02:26:58,381 - INFO - [152/5157] n1024_9196554: 6655/18451
2026-02-05 02:27:15,005 - INFO - [153/5157] n1024_9196566: 5864/15820
2026-02-05 02:27:53,259 - INFO - [154/5157] n1024_9188357: 7786/20212
2026-02-05 02:27:57,248 - INFO - [155/5157] n1024_9192447: 8055/19916
2026-02-05 02:28:02,678 - INFO - [156/5157] n1024_9204760: 5450/15820
2026-02-05 02:28:03,171 - INFO - [157/5157] n1024_9196550: 6541/17159
2026-02-05 02:28:03,287 - INFO - [158/5157] n1024_9192463: 7550/19964
2026-02-05 02:28:20,361 - INFO - [159/5157] n1024_9171970: 11020/25021
2026-02-05 02:28:20,756 - INFO - [160/5157] n1024_9192459: 7156/19436
2026-02-05 02:28:38,109 - INFO - [161/5157] n1024_9192451: 8453/20986
2026-02-05 02:28:39,197 - INFO - [162/5157] n1024_9192443: 8857/21709
2026-02-05 02:28:49,215 - INFO - [163/5157] n1024_9196558: 7351/19452
2026-02-05 02:29:02,689 - INFO - [164/5157] n1024_9200661: 5729/16548
2026-02-05 02:29:07,198 - INFO - [165/5157] n1024_9192455: 7939/21844
2026-02-05 02:29:07,737 - INFO - [166/5157] n1024_9200645: 6858/18309
2026-02-05 02:29:28,932 - INFO - [167/5157] n1024_9196546: 7621/20696
2026-02-05 02:29:43,254 - INFO - [168/5157] n1024_9196562: 7433/20144
2026-02-05 02:29:50,846 - INFO - [169/5157] n1024_9204748: 6316/17870
2026-02-05 02:30:06,446 - INFO - [170/5157] n1024_9204756: 5722/16725
2026-02-05 02:30:12,425 - INFO - [171/5157] n1024_9208853: 5406/15184
2026-02-05 02:30:18,075 - INFO - [172/5157] n1024_9208849: 5200/15395
2026-02-05 02:30:21,290 - INFO - [173/5157] n1024_9188353: 8898/22838
2026-02-05 02:30:32,073 - INFO - [174/5157] n1024_9204744: 6677/18650
2026-02-05 02:30:33,144 - INFO - [175/5157] n1024_9188349: 9847/24323
2026-02-05 02:30:42,638 - INFO - [176/5157] n1024_9212951: 5328/15811
2026-02-05 02:30:46,947 - INFO - [177/5157] n1024_9188373: 9007/24436
2026-02-05 02:31:09,410 - INFO - [178/5157] n1024_9200637: 7910/21148
2026-02-05 02:31:11,227 - INFO - [179/5157] n1024_9188365: 9540/24599
2026-02-05 02:31:11,564 - INFO - [180/5157] n1024_9200633: 7652/21130
2026-02-05 02:31:12,046 - INFO - [181/5157] n1024_9200641: 7629/20471
2026-02-05 02:31:44,107 - INFO - [182/5157] n1024_9200649: 6609/19603
2026-02-05 02:32:00,751 - INFO - [183/5157] n1024_9196542: 7819/21483
2026-02-05 02:32:43,549 - INFO - [184/5157] n1024_9208845: 6086/18014
2026-02-05 02:32:43,865 - INFO - [185/5157] n1024_9196538: 8089/21930
2026-02-05 02:32:51,126 - INFO - [186/5157] n1024_9204752: 7059/20109
2026-02-05 02:33:19,898 - INFO - [187/5157] n1024_9200657: 7361/21874
2026-02-05 02:33:19,951 - INFO - [188/5157] n1024_9200653: 7116/21217
2026-02-05 02:33:57,964 - INFO - [189/5157] n1024_9204740: 7547/21299
2026-02-05 02:34:04,737 - INFO - [190/5157] n1024_9208841: 6650/19266
2026-02-05 02:34:32,421 - INFO - [191/5157] n1024_9217016: 5948/18629
2026-02-05 02:34:37,250 - INFO - [192/5157] n1024_9212943: 6271/18789
2026-02-05 02:34:41,541 - INFO - [193/5157] n1024_9212947: 6382/19219
2026-02-05 02:35:09,198 - INFO - [194/5157] n1024_9217044: 5684/17159
2026-02-05 02:35:11,788 - INFO - [195/5157] n1024_9204732: 7605/21644
2026-02-05 02:35:12,622 - INFO - [196/5157] n1024_9221131: 5508/16517
2026-02-05 02:35:30,358 - INFO - [197/5157] n1024_9208829: 7473/21452
2026-02-05 02:35:31,349 - INFO - [198/5157] n1024_9221127: 5436/16786
2026-02-05 02:35:36,426 - INFO - [199/5157] n1024_9212919: 7865/25689
2026-02-05 02:35:45,934 - INFO - [200/5157] n1024_9217040: 5943/18042
2026-02-05 02:35:48,413 - INFO - [201/5157] n1024_9221135: 5877/18075
2026-02-05 02:35:54,166 - INFO - [202/5157] n1024_9221111: 6477/20802
2026-02-05 02:35:59,378 - INFO - [203/5157] n1024_9212923: 7007/21108
2026-02-05 02:36:06,951 - INFO - [204/5157] n1024_9208825: 7566/22253
2026-02-05 02:36:07,361 - INFO - [205/5157] n1024_9212931: 6763/19595
2026-02-05 02:36:12,869 - INFO - [206/5157] n1024_9217036: 5572/17481
2026-02-05 02:36:14,322 - INFO - [207/5157] n1024_9229334: 4490/14893
2026-02-05 02:36:17,199 - INFO - [208/5157] n1024_9208833: 6905/20779
2026-02-05 02:37:12,717 - INFO - [209/5157] n1024_9217032: 6250/19351
2026-02-05 02:37:13,090 - INFO - [210/5157] n1024_9221139: 5748/18627
2026-02-05 02:37:18,216 - INFO - [211/5157] n1024_9225226: 5611/17474
2026-02-05 02:37:26,483 - INFO - [212/5157] n1024_9225206: 6403/20919
2026-02-05 02:37:54,419 - INFO - [213/5157] n1024_9208837: 7576/22806
2026-02-05 02:37:54,609 - INFO - [214/5157] n1024_9204736: 8323/24391
2026-02-05 02:37:58,870 - INFO - [215/5157] n1024_9225214: 6318/19330
2026-02-05 02:38:01,094 - INFO - [216/5157] n1024_9212927: 7437/22234
2026-02-05 02:38:07,272 - INFO - [217/5157] n1024_9217024: 6947/20687
2026-02-05 02:38:11,750 - INFO - [218/5157] n1024_9229302: 6178/20818
2026-02-05 02:38:32,454 - INFO - [219/5157] n1024_9221123: 6601/20012
2026-02-05 02:38:41,338 - INFO - [220/5157] n1024_9233416: 4623/16734
2026-02-05 02:38:51,328 - INFO - [221/5157] n1024_9229322: 4885/16553
2026-02-05 02:38:55,180 - INFO - [222/5157] n1024_9225222: 6019/18761
2026-02-05 02:39:20,304 - INFO - [223/5157] n1024_9217020: 7545/22231
2026-02-05 02:39:39,742 - INFO - [224/5157] n1024_9217028: 7255/21812
2026-02-05 02:39:51,938 - INFO - [225/5157] n1024_9225234: 5888/19365
2026-02-05 02:39:52,442 - INFO - [226/5157] n1024_9221115: 6806/21510
2026-02-05 02:39:52,995 - INFO - [227/5157] n1024_9225218: 6791/21391
2026-02-05 02:40:09,642 - INFO - [228/5157] n1024_9229330: 5534/18240
2026-02-05 02:40:10,539 - INFO - [229/5157] n1024_9229326: 5711/18644
2026-02-05 02:40:14,927 - INFO - [230/5157] n1024_9225210: 6686/21705
2026-02-05 02:40:24,978 - INFO - [231/5157] n1024_9212935: 7478/24486
2026-02-05 02:40:37,635 - INFO - [232/5157] n1024_9229306: 6197/20908
2026-02-05 02:40:57,393 - INFO - [233/5157] n1024_9233428: 5254/18691
2026-02-05 02:41:21,569 - INFO - [234/5157] n1024_9229310: 6045/19868
2026-02-05 02:41:38,872 - INFO - [235/5157] n1024_9233412: 5754/18857
2026-02-05 02:41:52,792 - INFO - [236/5157] n1024_9237510: 4947/16541
2026-02-05 02:42:06,058 - INFO - [237/5157] n1024_9225230: 6001/20665
2026-02-05 02:42:22,540 - INFO - [238/5157] n1024_9229314: 6688/22128
2026-02-05 02:42:23,667 - INFO - [239/5157] n1024_9233420: 5578/17911
2026-02-05 02:42:38,688 - INFO - [240/5157] n1024_9245674: 5787/21894
2026-02-05 02:42:39,315 - INFO - [241/5157] n1024_9241616: 4664/16102
2026-02-05 02:42:56,077 - INFO - [242/5157] n1024_9233408: 6143/20180
2026-02-05 02:43:10,739 - INFO - [243/5157] n1024_9241612: 4811/16813
2026-02-05 02:43:11,237 - INFO - [244/5157] n1024_9221119: 7347/23323
2026-02-05 02:43:28,475 - INFO - [245/5157] n1024_9229318: 6229/20466
2026-02-05 02:43:36,008 - INFO - [246/5157] n1024_9237522: 5225/18592
2026-02-05 02:43:40,916 - INFO - [247/5157] n1024_9237494: 6243/22070
2026-02-05 02:44:19,889 - INFO - [248/5157] n1024_9249804: 4600/15992
2026-02-05 02:44:20,095 - INFO - [249/5157] n1024_9212939: 8311/27399
2026-02-05 02:44:20,461 - INFO - [250/5157] n1024_9241588: 6315/23369
2026-02-05 02:44:27,321 - INFO - [251/5157] n1024_9245707: 4592/16097
2026-02-05 02:44:32,894 - INFO - [252/5157] n1024_9233404: 6446/22467
2026-02-05 02:44:48,912 - INFO - [253/5157] n1024_9237518: 5586/18905
2026-02-05 02:45:08,045 - INFO - [254/5157] n1024_9237514: 6191/22064
2026-02-05 02:45:35,383 - INFO - [255/5157] n1024_9245716: 4810/17371
2026-02-05 02:46:30,811 - INFO - [256/5157] n1024_9233400: 6650/23493
2026-02-05 02:46:37,363 - INFO - [257/5157] n1024_9241600: 5578/19652
2026-02-05 02:47:08,251 - INFO - [258/5157] n1024_9245703: 5534/19240
2026-02-05 02:48:07,873 - INFO - [259/5157] n1024_9237498: 6487/23776
2026-02-05 02:48:08,804 - INFO - [260/5157] n1024_9241596: 6377/23327
2026-02-05 02:48:09,299 - INFO - [261/5157] n1024_9249800: 5310/18985
2026-02-05 02:48:09,456 - INFO - [262/5157] n1024_9237506: 6847/23682
2026-02-05 02:48:12,764 - INFO - [263/5157] n1024_9241592: 6160/22839
2026-02-05 02:48:20,681 - INFO - [264/5157] n1024_9249808: 5342/19144
2026-02-05 02:48:32,287 - INFO - [265/5157] n1024_9253904: 4382/16570
2026-02-05 02:48:36,555 - INFO - [266/5157] n1024_9258000: 4315/16217
2026-02-05 02:48:37,458 - INFO - [267/5157] n1024_9237502: 6767/24241
2026-02-05 02:48:41,369 - INFO - [268/5157] n1024_9245711: 5216/19460
2026-02-05 02:48:42,774 - INFO - [269/5157] n1024_9241608: 5811/20671
2026-02-05 02:48:51,844 - INFO - [270/5157] n1024_9245695: 5790/20975
2026-02-05 02:48:54,389 - INFO - [271/5157] n1024_9253876: 5827/24497
2026-02-05 02:48:55,153 - INFO - [272/5157] n1024_9262066: 4859/20898
2026-02-05 02:48:59,545 - INFO - [273/5157] n1024_9253896: 5158/18719
2026-02-05 02:49:12,965 - INFO - [274/5157] n1024_9245699: 5855/21098
2026-02-05 02:49:32,690 - INFO - [275/5157] n1024_9233424: 7210/26437
2026-02-05 02:49:53,960 - INFO - [276/5157] n1024_9249784: 6093/22008
2026-02-05 02:50:28,072 - INFO - [277/5157] n1024_9257988: 4954/18399
2026-02-05 02:50:29,775 - INFO - [278/5157] n1024_9241604: 6413/22708
2026-02-05 02:50:30,313 - INFO - [279/5157] n1024_9262099: 4395/17534
2026-02-05 02:50:43,301 - INFO - [280/5157] n1024_9249792: 5946/22204
2026-02-05 02:50:48,139 - INFO - [281/5157] n1024_9266187: 4238/15760
2026-02-05 02:50:51,916 - INFO - [282/5157] n1024_9266195: 4012/16853
2026-02-05 02:51:20,680 - INFO - [283/5157] n1024_9253892: 5263/19459
2026-02-05 02:51:24,547 - INFO - [284/5157] n1024_9245691: 6218/23956
2026-02-05 02:51:28,674 - INFO - [285/5157] n1024_9262095: 4585/17294
2026-02-05 02:51:40,089 - INFO - [286/5157] n1024_9266191: 4382/16422
2026-02-05 02:51:53,311 - INFO - [287/5157] n1024_9257992: 5006/19046
2026-02-05 02:51:54,223 - INFO - [288/5157] n1024_9253884: 6383/23605
2026-02-05 02:51:58,772 - INFO - [289/5157] n1024_9245687: 6821/25717
2026-02-05 02:52:07,457 - INFO - [290/5157] n1024_9262087: 4973/18999
2026-02-05 02:52:09,339 - INFO - [291/5157] n1024_9266163: 5555/23694
2026-02-05 02:52:11,671 - INFO - [292/5157] n1024_9257980: 5653/21869
2026-02-05 02:52:11,903 - INFO - [293/5157] n1024_9262091: 4985/19228
2026-02-05 02:52:12,552 - INFO - [294/5157] n1024_9253900: 5707/21245
2026-02-05 02:52:16,301 - INFO - [295/5157] n1024_9249796: 6352/22479
2026-02-05 02:52:47,856 - INFO - [296/5157] n1024_9253888: 6053/23262
2026-02-05 02:52:50,966 - INFO - [297/5157] n1024_9270284: 4267/16554
2026-02-05 02:53:00,609 - INFO - [298/5157] n1024_9274354: 4649/20844
2026-02-05 02:53:01,508 - INFO - [299/5157] n1024_9270280: 4570/17659
2026-02-05 02:53:24,303 - INFO - [300/5157] n1024_9257996: 5423/21336
2026-02-05 02:53:37,273 - INFO - [301/5157] n1024_9249788: 6667/25275
2026-02-05 02:53:37,507 - INFO - [302/5157] n1024_9278451: 4650/21621
2026-02-05 02:53:52,814 - INFO - [303/5157] n1024_9282547: 4412/19918
2026-02-05 02:53:59,073 - INFO - [304/5157] n1024_9257972: 6152/25902
2026-02-05 02:54:03,599 - INFO - [305/5157] n1024_9266183: 5032/19268
2026-02-05 02:54:03,903 - INFO - [306/5157] n1024_9278479: 3884/15230
2026-02-05 02:54:09,171 - INFO - [307/5157] n1024_9257984: 6090/23037
2026-02-05 02:54:13,651 - INFO - [308/5157] n1024_9266179: 5260/20701
2026-02-05 02:55:05,883 - INFO - [309/5157] n1024_9270288: 4396/17425
2026-02-05 02:55:15,806 - INFO - [310/5157] n1024_9262083: 5475/21404
2026-02-05 02:55:24,659 - INFO - [311/5157] n1024_9253880: 6792/25793
2026-02-05 02:55:46,254 - INFO - [312/5157] n1024_9274382: 4334/17465
2026-02-05 02:56:00,143 - INFO - [313/5157] n1024_9274378: 4894/19426
2026-02-05 02:56:34,258 - INFO - [314/5157] n1024_9270276: 5297/21432
2026-02-05 02:56:35,272 - INFO - [315/5157] n1024_9257976: 6522/25224
2026-02-05 02:56:35,702 - INFO - [316/5157] n1024_9262075: 6100/24028
2026-02-05 02:56:35,907 - INFO - [317/5157] n1024_9270260: 5621/23512
2026-02-05 02:56:36,394 - INFO - [318/5157] n1024_9266175: 5628/21930
2026-02-05 02:56:40,588 - INFO - [319/5157] n1024_9266171: 5677/23003
2026-02-05 02:56:54,606 - INFO - [320/5157] n1024_9286644: 4594/21051
2026-02-05 02:57:03,541 - INFO - [321/5157] n1024_9278475: 4483/17602
2026-02-05 02:57:08,121 - INFO - [322/5157] n1024_9266167: 6111/24294
2026-02-05 02:57:13,673 - INFO - [323/5157] n1024_9282575: 3729/15516
2026-02-05 02:57:55,668 - INFO - [324/5157] n1024_9282571: 4193/17037
2026-02-05 02:59:18,991 - INFO - [325/5157] n1024_9262071: 6996/28019
2026-02-05 02:59:20,068 - INFO - [326/5157] n1024_9274366: 5520/22212
2026-02-05 02:59:20,462 - INFO - [327/5157] n1024_9282567: 4664/19103
2026-02-05 02:59:26,584 - INFO - [328/5157] n1024_9278471: 5190/21547
2026-02-05 02:59:26,682 - INFO - [329/5157] n1024_9270272: 5781/22935
2026-02-05 02:59:28,109 - INFO - [330/5157] n1024_9286665: 4337/18224
2026-02-05 02:59:31,593 - INFO - [331/5157] n1024_9286673: 4138/16550
2026-02-05 02:59:38,655 - INFO - [332/5157] n1024_9274374: 5399/22967
2026-02-05 02:59:39,390 - INFO - [333/5157] n1024_9286669: 4144/16771
2026-02-05 02:59:58,450 - INFO - [334/5157] n1024_9249780: 10547/45400
2026-02-05 03:00:00,021 - INFO - [335/5157] n1024_9278463: 5140/20941
2026-02-05 03:00:06,151 - INFO - [336/5157] n1024_9274370: 5077/21732
2026-02-05 03:00:35,908 - INFO - [337/5157] n1024_9262079: 6470/26050
2026-02-05 03:00:57,978 - INFO - [338/5157] n1024_9274358: 6022/24141
2026-02-05 03:01:00,403 - INFO - [339/5157] n1024_9282555: 5197/21527
2026-02-05 04:42:39,077 - INFO - [340/5157] n1024_9278467: 5163/22524
2026-02-05 04:42:39,586 - INFO - [341/5157] n1024_9294861: 3572/15002
2026-02-05 04:42:51,631 - INFO - [342/5157] n1024_9290764: 3736/15425
2026-02-05 08:09:15,901 - INFO - [343/5157] n1024_9290768: 3771/15815
2026-02-05 08:09:42,494 - INFO - [344/5157] n1024_9286657: 4716/19952
2026-02-05 08:23:17,651 - INFO - [345/5157] n1024_9270268: 6444/26503
2026-02-05 08:23:18,569 - INFO - [346/5157] n1024_9270264: 6715/27429
2026-02-05 10:04:18,325 - INFO - [347/5157] n1024_9298958: 3804/15627
2026-02-05 10:04:37,878 - INFO - [348/5157] n1024_9282551: 5504/22660
2026-02-05 10:04:41,868 - INFO - [349/5157] n1024_9286661: 4749/20746
2026-02-05 10:04:41,919 - INFO - [350/5157] n1024_9294865: 3704/16472
2026-02-05 10:04:42,177 - INFO - [351/5157] n1024_9274362: 6565/27413
2026-02-05 10:10:58,808 - INFO - [352/5157] n1024_9290756: 4334/18772
2026-02-05 11:54:50,625 - INFO - [353/5157] n1024_9282559: 5330/22545
2026-02-05 11:55:00,663 - INFO - [354/5157] n1024_9303053: 3553/15482
2026-02-05 12:14:35,352 - INFO - [355/5157] n1024_9290760: 4606/19521
2026-02-05 12:43:19,065 - INFO - [356/5157] n1024_9278455: 6035/24971
2026-02-05 13:48:38,482 - INFO - [357/5157] n1024_9303032: 4377/21456
2026-02-05 14:30:20,742 - INFO - [358/5157] n1024_9298954: 4428/18200
slurmstepd: error: *** JOB 229813 ON node089 CANCELLED AT 2026-02-05T17:21:37 ***
slurmstepd: error: Detected 6 oom-kill event(s) in StepId=229813.batch. Some of your processes may have been killed by the cgroup out-of-memory handler.
