ERROR: Unable to locate a modulefile for 'python/3.9'
ERROR: Unable to locate a modulefile for 'hdf5'
2026-02-05 18:55:33,537 - INFO - ======================================================================
2026-02-05 18:55:33,538 - INFO - VIRAC Extractor - Shard 2/32
2026-02-05 18:55:33,539 - INFO - ======================================================================
2026-02-05 18:55:33,539 - INFO - Total tiles in dataset: 22585
2026-02-05 18:55:33,540 - INFO - Tiles for this shard:   706
2026-02-05 18:55:33,540 - INFO - Workers: 32
2026-02-05 18:55:33,549 - INFO - Already completed: 123
2026-02-05 18:55:33,550 - INFO - Tiles to process:  583
2026-02-05 18:55:42,357 - INFO - [1/583] n256_542997: 7/528
2026-02-05 19:04:29,096 - INFO - [2/583] n256_574750: 104/13354
2026-02-05 19:10:33,907 - INFO - [3/583] n1024_9303043: 7899/21959
2026-02-05 19:11:49,317 - INFO - [4/583] n1024_9331722: 3138/20617
2026-02-05 19:12:28,344 - INFO - [5/583] n1024_9298940: 8599/22815
2026-02-05 19:14:00,326 - INFO - [6/583] n1024_9327576: 4136/25899
2026-02-05 19:14:19,040 - INFO - [7/583] n256_564509: 176/28256
2026-02-05 19:14:53,320 - INFO - [8/583] n256_569628: 183/29075
2026-02-05 19:14:57,951 - INFO - [9/583] n256_557342: 171/27974
2026-02-05 19:19:21,672 - INFO - [10/583] n256_512248: 620/38238
2026-02-05 19:19:34,720 - INFO - [11/583] n256_577816: 215/37795
2026-02-05 19:24:56,811 - INFO - [12/583] n256_573718: 191/47113
2026-02-05 19:26:39,157 - INFO - [13/583] n256_592153: 17/22970
2026-02-05 19:27:24,756 - INFO - [14/583] n256_556313: 215/50288
2026-02-05 19:27:25,111 - INFO - [15/583] n256_580886: 100/43869
2026-02-05 19:28:03,305 - INFO - [16/583] n256_599320: 1/1715
2026-02-05 19:28:57,560 - INFO - [17/583] n256_563479: 179/51285
2026-02-05 19:30:44,115 - INFO - [18/583] n256_568598: 230/56178
2026-02-05 19:34:02,366 - INFO - [19/583] n256_584983: 44/40571
2026-02-05 19:34:26,477 - INFO - [20/583] n256_551189: 249/68230
2026-02-05 19:39:41,468 - INFO - [21/583] n256_545044: 1495/74153
2026-02-05 19:41:05,528 - INFO - [22/583] n256_595223: 11/33078
2026-02-05 19:41:50,745 - INFO - [23/583] n256_591120: 49/59235
2026-02-05 19:42:55,456 - INFO - [24/583] n256_555283: 1146/80362
2026-02-05 19:43:48,435 - INFO - [25/583] n256_562450: 262/84499
2026-02-05 19:45:41,436 - INFO - [26/583] n256_517373: 223/87154
2026-02-05 19:46:03,261 - INFO - [27/583] n256_605460: 8/40780
2026-02-05 19:48:29,836 - INFO - [28/583] n256_588049: 59/63518
2026-02-05 19:49:50,459 - INFO - [29/583] n256_528628: 210/92302
2026-02-05 19:51:50,172 - INFO - [30/583] n256_594190: 212/62217
2026-02-05 19:51:58,803 - INFO - [31/583] n256_606480: 3/50865
2026-02-05 19:52:32,606 - INFO - [32/583] n256_583952: 52/83643
2026-02-05 19:53:06,121 - INFO - [33/583] n256_604433: 4/47743
2026-02-05 19:53:54,029 - INFO - [34/583] n256_567567: 242/105524
2026-02-05 19:54:08,660 - INFO - [35/583] n256_603407: 11/48103
2026-02-05 19:54:35,901 - INFO - [36/583] n256_576784: 209/93516
2026-02-05 19:55:44,451 - INFO - [37/583] n256_615637: 0/11092
2026-02-05 19:57:20,506 - INFO - [38/583] n256_598287: 21/64514
2026-02-05 19:58:05,775 - INFO - [39/583] n256_572688: 2072/111551
2026-02-05 20:01:21,616 - INFO - [40/583] n256_607501: 9/47332
2026-02-05 20:01:22,392 - INFO - [41/583] n256_530678: 215/107838
2026-02-05 20:03:34,598 - INFO - [42/583] n256_579851: 1305/129902
2026-02-05 20:06:27,328 - INFO - [43/583] n256_622864: 0/20418
2026-02-05 20:06:44,658 - INFO - [44/583] n256_608522: 5/54464
2026-02-05 20:07:15,502 - INFO - [45/583] n256_615694: 1/35259
2026-02-05 20:07:17,216 - INFO - [46/583] n256_550156: 252/135106
2026-02-05 20:07:47,461 - INFO - [47/583] n256_525566: 3569/155889
2026-02-05 20:08:00,478 - INFO - [48/583] n256_541937: 231/122366
2026-02-05 20:08:56,044 - INFO - [49/583] n256_561422: 506/117244
2026-02-05 20:11:40,559 - INFO - [50/583] n256_590048: 59/120396
2026-02-05 20:13:28,946 - INFO - [51/583] n256_597257: 15/93395
2026-02-05 20:14:27,684 - INFO - [52/583] n256_602376: 9/84231
2026-02-05 20:15:08,509 - INFO - [53/583] n256_609544: 4/80893
2026-02-05 20:15:21,258 - INFO - [54/583] n256_587017: 603/143218
2026-02-05 20:16:22,381 - INFO - [55/583] n256_623885: 0/34083
2026-02-05 20:16:22,734 - INFO - [56/583] n256_616711: 0/62866
2026-02-05 20:16:48,288 - INFO - [57/583] n256_571626: 196/141140
2026-02-05 20:17:36,411 - INFO - [58/583] n256_582885: 82/143868
2026-02-05 20:17:36,828 - INFO - [59/583] n256_560396: 6358/152407
2026-02-05 20:19:25,741 - INFO - [60/583] n256_532732: 3691/163339
2026-02-05 20:23:32,649 - INFO - [61/583] n256_627976: 0/40897
2026-02-05 20:26:24,746 - INFO - [62/583] n256_624900: 0/63538
2026-02-05 20:26:24,946 - INFO - [63/583] n256_631045: 1/41991
2026-02-05 20:26:46,179 - INFO - [64/583] n256_617732: 0/86256
2026-02-05 20:31:03,329 - INFO - [65/583] n256_633094: 0/34972
2026-02-05 20:33:31,786 - INFO - [66/583] n256_610563: 3/105758
2026-02-05 20:33:55,808 - INFO - [67/583] n256_635140: 0/39028
2026-02-05 20:36:09,182 - INFO - [68/583] n256_618753: 0/93345
2026-02-05 20:36:21,798 - INFO - [69/583] n256_613598: 2/107343
2026-02-05 20:36:27,366 - INFO - [70/583] n256_614618: 0/89942
2026-02-05 20:36:29,718 - INFO - [71/583] n256_611556: 2/111795
2026-02-05 20:36:41,870 - INFO - [72/583] n256_639189: 0/40935
2026-02-05 20:40:11,715 - INFO - [73/583] n256_637183: 1/47713
2026-02-05 20:40:58,039 - INFO - [74/583] n256_647410: 0/2075
2026-02-05 20:41:22,593 - INFO - [75/583] n256_612576: 4/113548
2026-02-05 20:41:26,328 - INFO - [76/583] n256_601313: 25/137506
2026-02-05 20:41:26,633 - INFO - [77/583] n256_640258: 0/36547
2026-02-05 20:42:02,810 - INFO - [78/583] n256_628990: 0/84041
2026-02-05 20:44:50,239 - INFO - [79/583] n256_643337: 0/22545
2026-02-05 20:47:07,760 - INFO - [80/583] n256_648456: 0/13749
2026-02-05 20:50:12,154 - INFO - [81/583] n256_646400: 0/32889
2026-02-05 20:50:35,442 - INFO - [82/583] n256_627932: 0/108411
2026-02-05 20:51:23,167 - INFO - [83/583] n256_631004: 0/114255
2026-02-05 20:52:53,434 - INFO - [84/583] n256_644348: 0/42748
2026-02-05 20:53:05,213 - INFO - [85/583] n256_649472: 0/29601
2026-02-05 20:53:47,762 - INFO - [86/583] n256_619775: 0/130257
2026-02-05 20:54:54,140 - INFO - [87/583] n256_625915: 0/118635
2026-02-05 20:55:23,335 - INFO - [88/583] n256_626921: 0/106851
2026-02-05 20:55:24,272 - INFO - [89/583] n256_642298: 0/52525
2026-02-05 20:55:24,960 - INFO - [90/583] n256_620796: 0/128993
2026-02-05 20:56:19,418 - INFO - [91/583] n256_632055: 0/102272
2026-02-05 20:56:36,517 - INFO - [92/583] n256_622816: 0/112035
2026-02-05 20:56:41,027 - INFO - [93/583] n256_639222: 0/80395
2026-02-05 20:57:15,376 - INFO - [94/583] n256_634102: 0/91121
2026-02-05 20:58:46,243 - INFO - [95/583] n256_650488: 0/48615
2026-02-05 20:59:15,904 - INFO - [96/583] n256_646357: 0/57902
2026-02-05 21:00:39,030 - INFO - [97/583] n256_621799: 2/119907
2026-02-05 21:00:54,289 - INFO - [98/583] n256_654597: 0/22707
2026-02-05 21:01:09,854 - INFO - [99/583] n256_656641: 0/16486
2026-02-05 21:02:05,590 - INFO - [100/583] n256_655619: 0/23040
2026-02-05 21:02:37,189 - INFO - [101/583] n256_636147: 0/100300
2026-02-05 21:04:58,022 - INFO - [102/583] n256_630002: 0/123019
2026-02-05 21:05:10,933 - INFO - [103/583] n256_638189: 0/108978
2026-02-05 21:06:44,505 - INFO - [104/583] n256_641261: 0/90906
2026-02-05 21:07:27,660 - INFO - [105/583] n256_642262: 0/102492
2026-02-05 21:08:24,785 - INFO - [106/583] n256_637147: 0/122289
2026-02-05 21:12:28,462 - INFO - [107/583] n256_633056: 0/144301
2026-02-05 21:13:03,133 - INFO - [108/583] n256_685340: 0/12064
2026-02-05 21:13:15,812 - INFO - [109/583] n256_654541: 0/69858
2026-02-05 21:22:04,187 - INFO - [110/583] n256_635103: 0/168138
2026-02-05 21:23:04,220 - INFO - [111/583] n256_645349: 0/125445
2026-02-05 21:23:35,595 - INFO - [112/583] n256_658614: 0/81423
2026-02-05 21:26:04,452 - INFO - [113/583] n256_648409: 0/117248
2026-02-05 21:26:57,595 - INFO - [114/583] n256_676172: 0/72144
2026-02-05 21:27:50,718 - INFO - [115/583] n256_643299: 0/138895
2026-02-05 21:29:31,619 - INFO - [116/583] n256_653520: 0/103732
2026-02-05 21:30:11,201 - INFO - [117/583] n256_652502: 0/117588
2026-02-05 21:30:40,439 - INFO - [118/583] n256_665609: 0/95517
2026-02-05 21:31:18,918 - INFO - [119/583] n256_697527: 0/7587
2026-02-05 21:31:45,818 - INFO - [120/583] n256_663619: 0/100495
2026-02-05 21:32:03,597 - INFO - [121/583] n256_659626: 0/108137
2026-02-05 21:32:06,296 - INFO - [122/583] n256_673342: 0/120928
2026-02-05 21:32:25,658 - INFO - [123/583] n256_692424: 0/32568
2026-02-05 21:32:31,795 - INFO - [124/583] n256_661645: 0/108588
2026-02-05 21:32:38,707 - INFO - [125/583] n256_679897: 0/89051
2026-02-05 21:32:43,198 - INFO - [126/583] n256_669508: 0/112080
2026-02-05 21:32:49,909 - INFO - [127/583] n256_672381: 0/105684
2026-02-05 21:32:57,199 - INFO - [128/583] n256_668531: 0/100819
2026-02-05 21:33:26,462 - INFO - [129/583] n256_651485: 0/141509
2026-02-05 21:33:39,531 - INFO - [130/583] n256_660636: 0/115230
2026-02-05 21:34:18,787 - INFO - [131/583] n256_681717: 0/103219
2026-02-05 21:34:49,672 - INFO - [132/583] n256_678027: 0/121383
2026-02-05 21:34:49,896 - INFO - [133/583] n256_675219: 0/123190
2026-02-05 21:34:53,779 - INFO - [134/583] n256_667551: 0/145626
2026-02-05 21:34:54,018 - INFO - [135/583] n256_713575: 0/109
2026-02-05 21:34:59,088 - INFO - [136/583] n256_664616: 0/127097
2026-02-05 21:35:09,591 - INFO - [137/583] n256_671417: 0/121845
2026-02-05 21:36:02,470 - INFO - [138/583] n256_707349: 0/28092
2026-02-05 21:36:32,275 - INFO - [139/583] n256_640225: 0/173502
2026-02-05 21:36:54,741 - INFO - [140/583] n256_689786: 0/80689
2026-02-05 21:37:18,881 - INFO - [141/583] n256_688039: 0/114615
2026-02-05 21:39:56,908 - INFO - [142/583] n256_686243: 0/111583
2026-02-05 21:41:00,436 - INFO - [143/583] n256_694131: 0/93333
2026-02-05 21:41:52,648 - INFO - [144/583] n256_702512: 0/67322
2026-02-05 21:43:28,568 - INFO - [145/583] n256_683553: 0/172632
2026-02-05 21:43:30,330 - INFO - [146/583] n256_695853: 0/118783
2026-02-05 21:44:18,662 - INFO - [147/583] n256_690669: 0/139948
2026-02-05 21:44:26,355 - INFO - [148/583] n256_694994: 0/134795
2026-02-05 21:46:00,628 - INFO - [149/583] n256_682637: 0/175839
2026-02-05 21:46:11,583 - INFO - [150/583] n256_714339: 0/79662
2026-02-05 21:46:13,723 - INFO - [151/583] n256_705775: 0/96065
2026-02-05 21:46:25,415 - INFO - [152/583] n256_703334: 0/94328
2026-02-05 21:46:53,626 - INFO - [153/583] n256_715098: 0/86536
2026-02-05 21:47:00,127 - INFO - [154/583] n256_708146: 0/96858
2026-02-05 21:47:14,992 - INFO - [155/583] n256_715853: 0/87264
2026-02-05 21:47:27,323 - INFO - [156/583] n256_698374: 0/104954
2026-02-05 21:47:28,981 - INFO - [157/583] n256_708939: 0/97505
2026-02-05 21:47:40,492 - INFO - [158/583] n256_728698: 0/8720
2026-02-05 21:47:50,906 - INFO - [159/583] n256_699216: 0/130671
2026-02-05 21:47:59,261 - INFO - [160/583] n256_691549: 0/157958
2026-02-05 21:48:53,071 - INFO - [161/583] n256_709728: 0/114265
2026-02-05 21:48:59,073 - INFO - [162/583] n256_687143: 0/161418
2026-02-05 21:49:54,761 - INFO - [163/583] n256_700888: 0/107037
2026-02-05 21:50:04,620 - INFO - [164/583] n256_716604: 0/107822
2026-02-05 21:50:27,517 - INFO - [165/583] n256_678965: 0/189783
2026-02-05 21:50:41,267 - INFO - [166/583] n256_733947: 0/2385
2026-02-05 21:50:56,198 - INFO - [167/583] n256_700054: 0/132301
2026-02-05 21:51:16,508 - INFO - [168/583] n256_712068: 0/96930
2026-02-05 21:51:49,698 - INFO - [169/583] n256_734596: 0/6658
2026-02-05 21:52:55,250 - INFO - [170/583] n256_733287: 0/23702
2026-02-05 21:52:56,133 - INFO - [171/583] n256_717350: 0/116422
2026-02-05 21:53:13,274 - INFO - [172/583] n256_704152: 0/123337
2026-02-05 21:53:42,691 - INFO - [173/583] n256_710512: 0/150353
2026-02-05 21:53:57,747 - INFO - [174/583] n256_711292: 0/124333
2026-02-05 21:54:28,864 - INFO - [175/583] n256_718092: 0/123575
2026-02-05 21:55:12,426 - INFO - [176/583] n256_718830: 0/117643
2026-02-05 21:55:40,453 - INFO - [177/583] n256_728023: 0/64190
2026-02-05 21:55:48,668 - INFO - [178/583] n256_731381: 0/60929
2026-02-05 21:56:07,698 - INFO - [179/583] n256_735231: 0/40310
2026-02-05 21:56:10,847 - INFO - [180/583] n256_720293: 0/104187
2026-02-05 21:56:45,895 - INFO - [181/583] n256_732702: 0/69855
2026-02-05 21:56:57,976 - INFO - [182/583] n256_719564: 0/131647
2026-02-05 21:57:04,850 - INFO - [183/583] n256_727343: 0/81429
2026-02-05 21:57:15,107 - INFO - [184/583] n256_735878: 0/36786
2026-02-05 21:57:49,050 - INFO - [185/583] n256_721018: 0/99562
2026-02-05 21:58:03,307 - INFO - [186/583] n256_730725: 0/102936
2026-02-05 21:58:11,802 - INFO - [187/583] n256_735271: 0/57363
2026-02-05 21:58:12,378 - INFO - [188/583] n256_725970: 0/92715
2026-02-05 21:58:26,943 - INFO - [189/583] n256_726659: 0/112099
2026-02-05 21:58:27,192 - INFO - [190/583] n256_736514: 0/41714
2026-02-05 21:58:42,697 - INFO - [191/583] n256_721738: 0/104947
2026-02-05 21:58:45,571 - INFO - [192/583] n256_732062: 0/77515
2026-02-05 21:58:47,242 - INFO - [193/583] n256_740901: 0/230
2026-02-05 21:58:55,246 - INFO - [194/583] n256_729400: 0/96226
2026-02-05 21:59:07,517 - INFO - [195/583] n256_730065: 0/96210
2026-02-05 21:59:40,039 - INFO - [196/583] n256_734654: 0/71266
2026-02-05 21:59:58,347 - INFO - [197/583] n256_728730: 0/97248
2026-02-05 22:00:20,754 - INFO - [198/583] n256_733364: 0/88621
2026-02-05 22:00:28,658 - INFO - [199/583] n256_734016: 0/80854
2026-02-05 22:00:28,705 - INFO - [200/583] n256_737148: 0/50675
2026-02-05 22:00:57,654 - INFO - [201/583] n256_724577: 0/124501
2026-02-05 22:01:21,161 - INFO - [202/583] n256_738409: 0/39290
2026-02-05 22:01:23,071 - INFO - [203/583] n256_735910: 0/66899
2026-02-05 22:01:30,124 - INFO - [204/583] n256_737780: 0/50330
2026-02-05 22:01:32,665 - INFO - [205/583] n256_725276: 0/142925
2026-02-05 22:02:04,526 - INFO - [206/583] n256_723874: 0/150724
2026-02-05 22:02:35,215 - INFO - [207/583] n256_738377: 0/55057
2026-02-05 22:03:35,439 - INFO - [208/583] n256_736546: 0/83530
2026-02-05 22:03:42,102 - INFO - [209/583] n256_739003: 0/59638
2026-02-05 22:04:00,305 - INFO - [210/583] n256_744950: 0/14620
2026-02-05 22:04:03,835 - INFO - [211/583] n256_735303: 0/95291
2026-02-05 22:04:46,164 - INFO - [212/583] n256_735942: 0/90198
2026-02-05 22:05:00,581 - INFO - [213/583] n256_747224: 0/1183
slurmstepd: error: *** JOB 233197 ON node092 CANCELLED AT 2026-02-05T22:05:55 ***
slurmstepd: error: Detected 7 oom-kill event(s) in StepId=233197.batch. Some of your processes may have been killed by the cgroup out-of-memory handler.
