ERROR: Unable to locate a modulefile for 'python/3.9'
ERROR: Unable to locate a modulefile for 'hdf5'
2026-02-04 19:54:41 - INFO - ======================================================================
2026-02-04 19:54:41 - INFO - VIRAC Light Curve Extractor
2026-02-04 19:54:41 - INFO - ======================================================================
2026-02-04 19:54:41 - INFO - Input directory:  /beegfs/car/lsmith/virac_v2/data/output/ts_tables/
2026-02-04 19:54:41 - INFO - Output directory: /beegfs/car/njm/virac_lightcurves/
2026-02-04 19:54:41 - INFO - Workers:          96
2026-02-04 19:54:41 - INFO - Min Ks points:    20
2026-02-04 19:54:41 - INFO - Total tiles:      22585
2026-02-04 19:54:41 - INFO - Previously completed: 0 tiles
2026-02-04 19:54:41 - INFO - Tiles to process: 22585
2026-02-04 19:54:41 - INFO - Starting processing at 2026-02-04T19:54:41.879020
2026-02-04 19:54:41 - INFO - ----------------------------------------------------------------------
2026-02-04 20:01:54 - INFO - [1/22585] n1024_8799259: 4037/5593 sources extracted
2026-02-04 20:02:06 - INFO - [2/22585] n1024_8778779: 7989/12625 sources extracted
2026-02-04 20:02:06 - INFO - [3/22585] n1024_8782875: 6778/10345 sources extracted
2026-02-04 20:03:03 - INFO - [4/22585] n1024_8795163: 5393/7317 sources extracted
2026-02-04 20:03:08 - INFO - [5/22585] n1024_8823827: 7087/10025 sources extracted
2026-02-04 20:04:05 - INFO - [6/22585] n1024_8807452: 6348/8341 sources extracted
2026-02-04 20:04:49 - INFO - [7/22585] n1024_8823836: 6537/8814 sources extracted
2026-02-04 20:05:05 - INFO - [8/22585] n1024_8819740: 5885/7831 sources extracted
2026-02-04 20:05:22 - INFO - [9/22585] n1024_8795157: 9278/13144 sources extracted
2026-02-04 20:05:51 - INFO - [10/22585] n1024_8823837: 6401/8921 sources extracted
2026-02-04 20:06:16 - INFO - [11/22585] n1024_8799258: 7316/9827 sources extracted
2026-02-04 20:06:16 - INFO - [12/22585] n1024_8803356: 6772/9180 sources extracted
2026-02-04 20:06:39 - INFO - [13/22585] n1024_8823835: 7248/9299 sources extracted
2026-02-04 20:06:39 - INFO - [14/22585] n1024_8811553: 7497/11699 sources extracted
2026-02-04 20:06:52 - INFO - [15/22585] n1024_8811551: 7638/10076 sources extracted
2026-02-04 20:06:54 - INFO - [16/22585] n1024_8778775: 9490/13159 sources extracted
2026-02-04 20:07:00 - INFO - [17/22585] n1024_8782870: 8925/12553 sources extracted
2026-02-04 20:07:13 - INFO - [18/22585] n1024_8786968: 7766/10966 sources extracted
2026-02-04 20:07:16 - INFO - [19/22585] n1024_8791064: 8331/11105 sources extracted
2026-02-04 20:07:29 - INFO - [20/22585] n1024_8811541: 8780/11928 sources extracted
2026-02-04 20:07:30 - INFO - [21/22585] n1024_8823840: 8115/10352 sources extracted
2026-02-04 20:07:38 - INFO - [22/22585] n1024_8815641: 8416/10848 sources extracted
2026-02-04 20:07:46 - INFO - [23/22585] n1024_8782874: 8574/12360 sources extracted
2026-02-04 20:07:48 - INFO - [24/22585] n1024_8819744: 8347/11205 sources extracted
2026-02-04 20:08:09 - INFO - [25/22585] n1024_8827923: 11255/16838 sources extracted
2026-02-04 20:08:10 - INFO - [26/22585] n1024_8799252: 10352/14723 sources extracted
2026-02-04 20:08:14 - INFO - [27/22585] n1024_8803353: 9112/11722 sources extracted
2026-02-04 20:08:23 - INFO - [28/22585] n1024_8823828: 9068/12318 sources extracted
2026-02-04 20:08:31 - INFO - [29/22585] n1024_8786969: 8064/11131 sources extracted
2026-02-04 20:08:36 - INFO - [30/22585] n1024_8819743: 8361/11187 sources extracted
2026-02-04 20:08:36 - INFO - [31/22585] n1024_8815649: 8549/12826 sources extracted
2026-02-04 20:08:40 - INFO - [32/22585] n1024_8774679: 9961/13758 sources extracted
2026-02-04 20:08:40 - INFO - [33/22585] n1024_8827924: 9101/12268 sources extracted
2026-02-04 20:08:41 - INFO - [34/22585] n1024_8807448: 9666/12529 sources extracted
2026-02-04 20:08:47 - INFO - [35/22585] n1024_8782871: 9455/12871 sources extracted
2026-02-04 20:08:47 - INFO - [36/22585] n1024_8815636: 9743/13331 sources extracted
2026-02-04 20:08:47 - INFO - [37/22585] n1024_8811548: 7994/11842 sources extracted
2026-02-04 20:08:48 - INFO - [38/22585] n1024_8827930: 9268/11978 sources extracted
2026-02-04 20:08:49 - INFO - [39/22585] n1024_8819746: 9209/12393 sources extracted
2026-02-04 20:09:02 - INFO - [40/22585] n1024_8815637: 10320/12953 sources extracted
2026-02-04 20:09:21 - INFO - [41/22585] n1024_8778777: 9096/12376 sources extracted
2026-02-04 20:09:26 - INFO - [42/22585] n1024_8819732: 11228/15537 sources extracted
2026-02-04 20:09:29 - INFO - [43/22585] n1024_8799256: 9668/13096 sources extracted
2026-02-04 20:09:30 - INFO - [44/22585] n1024_8782873: 9427/12857 sources extracted
2026-02-04 20:09:30 - INFO - [45/22585] n1024_8815647: 9188/12229 sources extracted
2026-02-04 20:09:46 - INFO - [46/22585] n1024_8770584: 10325/15519 sources extracted
2026-02-04 20:09:48 - INFO - [47/22585] n1024_8778776: 9978/13096 sources extracted
2026-02-04 20:09:48 - INFO - [48/22585] n1024_8823833: 9068/12200 sources extracted
2026-02-04 20:10:23 - INFO - [49/22585] n1024_8807450: 9630/12927 sources extracted
2026-02-04 20:10:36 - INFO - [50/22585] n1024_8823842: 8992/12390 sources extracted
2026-02-04 20:10:45 - INFO - [51/22585] n1024_8827931: 8761/12140 sources extracted
2026-02-04 20:10:52 - INFO - [52/22585] n1024_8807447: 10721/14178 sources extracted
2026-02-04 20:10:52 - INFO - [53/22585] n1024_8827929: 9861/13063 sources extracted
2026-02-04 20:10:59 - INFO - [54/22585] n1024_8827926: 9776/13113 sources extracted
2026-02-04 20:11:04 - INFO - [55/22585] n1024_8811542: 10431/13604 sources extracted
2026-02-04 20:11:06 - INFO - [56/22585] n1024_8799253: 13640/19463 sources extracted
2026-02-04 20:11:07 - INFO - [57/22585] n1024_8803352: 10507/14050 sources extracted
2026-02-04 20:11:07 - INFO - [58/22585] n1024_8807449: 9878/12876 sources extracted
2026-02-04 20:11:08 - INFO - [59/22585] n1024_8815638: 10885/13848 sources extracted
2026-02-04 20:11:19 - INFO - [60/22585] n1024_8795160: 9652/13164 sources extracted
2026-02-04 20:11:20 - INFO - [61/22585] n1024_8774680: 10915/15154 sources extracted
2026-02-04 20:11:25 - INFO - [62/22585] n1024_8803354: 9338/12665 sources extracted
2026-02-04 20:11:26 - INFO - [63/22585] n1024_8819733: 10098/13910 sources extracted
2026-02-04 20:11:30 - INFO - [64/22585] n1024_8815639: 10795/14189 sources extracted
2026-02-04 20:11:30 - INFO - [65/22585] n1024_8811545: 10937/13718 sources extracted
2026-02-04 20:11:30 - INFO - [66/22585] n1024_8819734: 10233/13419 sources extracted
2026-02-04 20:11:34 - INFO - [67/22585] n1024_8811546: 10491/13615 sources extracted
2026-02-04 20:11:35 - INFO - [68/22585] n1024_8823830: 10753/13965 sources extracted
2026-02-04 20:11:39 - INFO - [69/22585] n1024_8823838: 9338/13323 sources extracted
2026-02-04 20:11:42 - INFO - [70/22585] n1024_8823839: 9723/13038 sources extracted
2026-02-04 20:11:52 - INFO - [71/22585] n1024_8803349: 14914/20643 sources extracted
2026-02-04 20:11:53 - INFO - [72/22585] n1024_8815648: 10799/14585 sources extracted
2026-02-04 20:12:03 - INFO - [73/22585] n1024_8811543: 10489/13959 sources extracted
2026-02-04 20:12:20 - INFO - [74/22585] n1024_8807451: 10260/14387 sources extracted
2026-02-04 20:12:26 - INFO - [75/22585] n1024_8819735: 11628/15114 sources extracted
2026-02-04 20:12:26 - INFO - [76/22585] n1024_8803355: 9551/13039 sources extracted
2026-02-04 20:12:29 - INFO - [77/22585] n1024_8795161: 9917/13574 sources extracted
2026-02-04 20:12:31 - INFO - [78/22585] n1024_8819737: 10367/13987 sources extracted
2026-02-04 20:12:31 - INFO - [79/22585] n1024_8827927: 10637/14671 sources extracted
2026-02-04 20:12:33 - INFO - [80/22585] n1024_8823834: 9532/13029 sources extracted
2026-02-04 20:12:36 - INFO - [81/22585] n1024_8786971: 11297/15696 sources extracted
2026-02-04 20:12:53 - INFO - [82/22585] n1024_8819738: 10625/13998 sources extracted
2026-02-04 20:12:57 - INFO - [83/22585] n1024_8832018: 7633/11485 sources extracted
2026-02-04 20:12:58 - INFO - [84/22585] n1024_8807445: 13850/18614 sources extracted
2026-02-04 20:13:05 - INFO - [85/22585] n1024_8791063: 10805/16251 sources extracted
2026-02-04 20:13:05 - INFO - [86/22585] n1024_8786967: 10945/15546 sources extracted
2026-02-04 20:13:07 - INFO - [87/22585] n1024_8823829: 10082/13958 sources extracted
2026-02-04 20:13:08 - INFO - [88/22585] n1024_8799257: 10552/14468 sources extracted
2026-02-04 20:13:10 - INFO - [89/22585] n1024_8827933: 9128/12269 sources extracted
2026-02-04 20:13:26 - INFO - [90/22585] n1024_8815646: 15050/18982 sources extracted
2026-02-04 20:13:28 - INFO - [91/22585] n1024_8811544: 10860/14545 sources extracted
2026-02-04 20:13:30 - INFO - [92/22585] n1024_8832019: 7835/11078 sources extracted
2026-02-04 20:13:34 - INFO - [93/22585] n1024_8827937: 8918/11743 sources extracted
2026-02-04 20:13:39 - INFO - [94/22585] n1024_8807446: 10292/14205 sources extracted
2026-02-04 20:13:43 - INFO - [95/22585] n1024_8827934: 9428/12115 sources extracted
2026-02-04 20:13:53 - INFO - [96/22585] n1024_8819742: 12816/17604 sources extracted
2026-02-04 20:14:09 - INFO - [97/22585] n1024_8815640: 11181/15050 sources extracted
2026-02-04 20:14:10 - INFO - [98/22585] n1024_8827932: 9051/12097 sources extracted
2026-02-04 20:14:13 - INFO - [99/22585] n1024_8782872: 14619/20816 sources extracted
2026-02-04 20:14:23 - INFO - [100/22585] n1024_8832029: 7549/9738 sources extracted
2026-02-04 20:15:03 - INFO - [101/22585] n1024_8827939: 9657/13178 sources extracted
2026-02-04 20:15:14 - INFO - [102/22585] n1024_8836126: 6150/8603 sources extracted
2026-02-04 20:15:22 - INFO - [103/22585] n1024_8836115: 8434/12354 sources extracted
2026-02-04 20:15:23 - INFO - [104/22585] n1024_8832025: 8955/11546 sources extracted
2026-02-04 20:15:23 - INFO - [105/22585] n1024_8832034: 8105/10815 sources extracted
2026-02-04 20:15:53 - INFO - [106/22585] n1024_8819745: 16175/20779 sources extracted
2026-02-04 20:16:08 - INFO - [107/22585] n1024_8844307: 6740/9931 sources extracted
2026-02-04 20:16:08 - INFO - [108/22585] n1024_8832026: 9041/12043 sources extracted
2026-02-04 20:16:08 - INFO - [109/22585] n1024_8832035: 8224/11472 sources extracted
2026-02-04 20:16:09 - INFO - [110/22585] n1024_8827938: 9817/13095 sources extracted
2026-02-04 20:16:14 - INFO - [111/22585] n1024_8803350: 14757/20491 sources extracted
2026-02-04 20:16:26 - INFO - [112/22585] n1024_8832022: 9789/13257 sources extracted
2026-02-04 20:16:30 - INFO - [113/22585] n1024_8840214: 8272/10829 sources extracted
2026-02-04 20:16:45 - INFO - [114/22585] n1024_8840218: 8091/10652 sources extracted
2026-02-04 20:16:46 - INFO - [115/22585] n1024_8832024: 10374/13403 sources extracted
2026-02-04 20:16:52 - INFO - [116/22585] n1024_8827936: 9614/13290 sources extracted
2026-02-04 20:17:00 - INFO - [117/22585] n1024_8836129: 7828/10763 sources extracted
2026-02-04 20:17:06 - INFO - [118/22585] n1024_8836123: 8221/11299 sources extracted
2026-02-04 20:17:06 - INFO - [119/22585] n1024_8836132: 8377/11554 sources extracted
2026-02-04 20:17:06 - INFO - [120/22585] n1024_8836122: 8526/11477 sources extracted
2026-02-04 20:17:13 - INFO - [121/22585] n1024_8832033: 8591/11597 sources extracted
2026-02-04 20:17:14 - INFO - [122/22585] n1024_8840216: 7261/10415 sources extracted
2026-02-04 20:17:16 - INFO - [123/22585] n1024_8840228: 7964/10836 sources extracted
2026-02-04 20:17:20 - INFO - [124/22585] n1024_8836121: 7792/10834 sources extracted
2026-02-04 20:17:23 - INFO - [125/22585] n1024_8836131: 8240/11338 sources extracted
2026-02-04 20:17:24 - INFO - [126/22585] n1024_8836119: 9979/13160 sources extracted
2026-02-04 20:17:32 - INFO - [127/22585] n1024_8840215: 9512/12834 sources extracted
2026-02-04 20:17:33 - INFO - [128/22585] n1024_8840211: 9938/13494 sources extracted
2026-02-04 20:17:34 - INFO - [129/22585] n1024_8844311: 7779/10514 sources extracted
2026-02-04 20:17:42 - INFO - [130/22585] n1024_8844314: 7112/10079 sources extracted
2026-02-04 20:17:43 - INFO - [131/22585] n1024_8840227: 8026/11235 sources extracted
2026-02-04 20:17:44 - INFO - [132/22585] n1024_8832032: 8370/12123 sources extracted
2026-02-04 20:17:44 - INFO - [133/22585] n1024_8844312: 7546/10468 sources extracted
2026-02-04 20:17:45 - INFO - [134/22585] n1024_8840225: 8597/11644 sources extracted
2026-02-04 20:17:45 - INFO - [135/22585] n1024_8848412: 7557/10062 sources extracted
2026-02-04 20:17:45 - INFO - [136/22585] n1024_8844315: 8043/11274 sources extracted
2026-02-04 20:17:54 - INFO - [137/22585] n1024_8848407: 6835/9718 sources extracted
2026-02-04 20:17:55 - INFO - [138/22585] n1024_8848417: 7603/10205 sources extracted
2026-02-04 20:17:59 - INFO - [139/22585] n1024_8840213: 9248/12438 sources extracted
2026-02-04 20:18:00 - INFO - [140/22585] n1024_8832027: 10388/14173 sources extracted
2026-02-04 20:18:00 - INFO - [141/22585] n1024_8844325: 8095/10947 sources extracted
2026-02-04 20:18:00 - INFO - [142/22585] n1024_8844318: 8780/11366 sources extracted
2026-02-04 20:18:01 - INFO - [143/22585] n1024_8836125: 8634/12006 sources extracted
2026-02-04 20:18:24 - INFO - [144/22585] n1024_8844329: 9536/13752 sources extracted
2026-02-04 20:18:34 - INFO - [145/22585] n1024_8836118: 10253/13625 sources extracted
2026-02-04 20:18:39 - INFO - [146/22585] n1024_8844322: 8544/11389 sources extracted
2026-02-04 20:18:43 - INFO - [147/22585] n1024_8840222: 8727/11744 sources extracted
2026-02-04 20:18:43 - INFO - [148/22585] n1024_8848402: 8694/12600 sources extracted
2026-02-04 20:18:53 - INFO - [149/22585] n1024_8836116: 10175/14154 sources extracted
2026-02-04 20:18:58 - INFO - [150/22585] n1024_8836130: 8992/12710 sources extracted
2026-02-04 20:19:07 - INFO - [151/22585] n1024_8844317: 9069/12078 sources extracted
2026-02-04 20:19:27 - INFO - [152/22585] n1024_8840226: 8673/12532 sources extracted
2026-02-04 20:19:45 - INFO - [153/22585] n1024_8848413: 8950/11972 sources extracted
2026-02-04 20:19:52 - INFO - [154/22585] n1024_8848416: 7210/10167 sources extracted
2026-02-04 20:19:53 - INFO - [155/22585] n1024_8852498: 8590/12385 sources extracted
2026-02-04 20:19:55 - INFO - [156/22585] n1024_8848421: 7873/10767 sources extracted
2026-02-04 20:20:01 - INFO - [157/22585] n1024_8832028: 10348/14332 sources extracted
2026-02-04 20:20:03 - INFO - [158/22585] n1024_8840217: 9216/12874 sources extracted
2026-02-04 20:20:04 - INFO - [159/22585] n1024_8832023: 11046/14883 sources extracted
2026-02-04 20:20:06 - INFO - [160/22585] n1024_8844321: 9805/13351 sources extracted
2026-02-04 20:20:10 - INFO - [161/22585] n1024_8852513: 6434/9412 sources extracted
2026-02-04 20:20:18 - INFO - [162/22585] n1024_8852507: 8191/10797 sources extracted
2026-02-04 20:20:19 - INFO - [163/22585] n1024_8848404: 11488/14984 sources extracted
2026-02-04 20:20:19 - INFO - [164/22585] n1024_8848424: 8461/11220 sources extracted
2026-02-04 20:20:24 - INFO - [165/22585] n1024_8848414: 9577/12550 sources extracted
2026-02-04 20:20:36 - INFO - [166/22585] n1024_8848403: 10613/14248 sources extracted
2026-02-04 20:20:39 - INFO - [167/22585] n1024_8848410: 8772/12241 sources extracted
2026-02-04 20:20:39 - INFO - [168/22585] n1024_8848411: 8529/12477 sources extracted
2026-02-04 20:20:40 - INFO - [169/22585] n1024_8852520: 7763/10412 sources extracted
2026-02-04 20:20:48 - INFO - [170/22585] n1024_8840221: 9908/13699 sources extracted
2026-02-04 20:20:50 - INFO - [171/22585] n1024_8844319: 8992/12241 sources extracted
2026-02-04 20:20:51 - INFO - [172/22585] n1024_8852511: 8287/11063 sources extracted
2026-02-04 20:20:51 - INFO - [173/22585] n1024_8856593: 9355/12923 sources extracted
2026-02-04 20:20:57 - INFO - [174/22585] n1024_8844308: 11766/15763 sources extracted
2026-02-04 20:20:58 - INFO - [175/22585] n1024_8852510: 8667/11696 sources extracted
2026-02-04 20:21:16 - INFO - [176/22585] n1024_8852517: 8818/11333 sources extracted
2026-02-04 20:21:16 - INFO - [177/22585] n1024_8848405: 11198/15218 sources extracted
2026-02-04 20:21:24 - INFO - [178/22585] n1024_8840212: 10744/15126 sources extracted
2026-02-04 20:21:30 - INFO - [179/22585] n1024_8852521: 8389/10787 sources extracted
2026-02-04 20:21:30 - INFO - [180/22585] n1024_8844309: 10399/14320 sources extracted
2026-02-04 20:21:38 - INFO - [181/22585] n1024_8860689: 8316/11661 sources extracted
2026-02-04 20:21:38 - INFO - [182/22585] n1024_8852508: 8353/11397 sources extracted
2026-02-04 20:21:39 - INFO - [183/22585] n1024_8844310: 10595/14042 sources extracted
2026-02-04 20:21:46 - INFO - [184/22585] n1024_8844324: 10748/15120 sources extracted
2026-02-04 20:21:59 - INFO - [185/22585] n1024_8852514: 9270/12605 sources extracted
2026-02-04 20:22:00 - INFO - [186/22585] n1024_8856606: 7745/10133 sources extracted
2026-02-04 20:22:16 - INFO - [187/22585] n1024_8852500: 11371/14793 sources extracted
2026-02-04 20:22:16 - INFO - [188/22585] n1024_8852503: 9527/13383 sources extracted
2026-02-04 20:22:17 - INFO - [189/22585] n1024_8852504: 10511/14683 sources extracted
2026-02-04 20:22:23 - INFO - [190/22585] n1024_8856616: 7350/9463 sources extracted
2026-02-04 20:22:23 - INFO - [191/22585] n1024_8848406: 10281/14296 sources extracted
2026-02-04 20:22:32 - INFO - [192/22585] n1024_8848420: 10136/13991 sources extracted
2026-02-04 20:22:43 - INFO - [193/22585] n1024_8852518: 8554/12160 sources extracted
2026-02-04 20:22:46 - INFO - [194/22585] n1024_8856604: 6601/9561 sources extracted
2026-02-04 20:22:48 - INFO - [195/22585] n1024_8856603: 8182/10827 sources extracted
2026-02-04 20:22:50 - INFO - [196/22585] n1024_8848415: 10223/14405 sources extracted
2026-02-04 20:22:55 - INFO - [197/22585] n1024_8856594: 10568/13950 sources extracted
2026-02-04 20:23:00 - INFO - [198/22585] n1024_8856600: 8093/11812 sources extracted
2026-02-04 20:23:00 - INFO - [199/22585] n1024_8864800: 6429/8398 sources extracted
2026-02-04 20:23:03 - INFO - [200/22585] n1024_8856615: 7722/10211 sources extracted
2026-02-04 20:23:11 - INFO - [201/22585] n1024_8852501: 11935/15902 sources extracted
2026-02-04 20:23:17 - INFO - [202/22585] n1024_8856613: 8378/10969 sources extracted
2026-02-04 20:23:22 - INFO - [203/22585] n1024_8864795: 6810/8978 sources extracted
2026-02-04 20:23:26 - INFO - [204/22585] n1024_8860696: 8067/11121 sources extracted
2026-02-04 20:23:30 - INFO - [205/22585] n1024_8860713: 8011/10567 sources extracted
2026-02-04 20:23:34 - INFO - [206/22585] n1024_8856599: 9765/13635 sources extracted
2026-02-04 20:23:40 - INFO - [207/22585] n1024_8856596: 10662/14323 sources extracted
2026-02-04 20:23:42 - INFO - [208/22585] n1024_8852499: 11287/15470 sources extracted
2026-02-04 20:23:42 - INFO - [209/22585] n1024_8856605: 7860/11232 sources extracted
2026-02-04 20:23:43 - INFO - [210/22585] n1024_8823841: 24091/29563 sources extracted
2026-02-04 20:23:43 - INFO - [211/22585] n1024_8860709: 7936/10507 sources extracted
2026-02-04 20:23:50 - INFO - [212/22585] n1024_8860710: 7956/10289 sources extracted
2026-02-04 20:23:51 - INFO - [213/22585] n1024_8860705: 8344/11156 sources extracted
2026-02-04 20:23:53 - INFO - [214/22585] n1024_8848425: 14533/21483 sources extracted
2026-02-04 20:24:00 - INFO - [215/22585] n1024_8860703: 7723/10473 sources extracted
2026-02-04 20:24:06 - INFO - [216/22585] n1024_8860699: 8052/10977 sources extracted
2026-02-04 20:24:10 - INFO - [217/22585] n1024_8864784: 9142/13432 sources extracted
2026-02-04 20:24:11 - INFO - [218/22585] n1024_8864785: 9178/13037 sources extracted
2026-02-04 20:24:13 - INFO - [219/22585] n1024_8864805: 8339/10799 sources extracted
2026-02-04 20:24:25 - INFO - [220/22585] n1024_8860700: 9267/12458 sources extracted
2026-02-04 20:24:30 - INFO - [221/22585] n1024_8860697: 8369/11886 sources extracted
2026-02-04 20:24:55 - INFO - [222/22585] n1024_8864809: 7420/9728 sources extracted
2026-02-04 20:25:00 - INFO - [223/22585] n1024_8860690: 10298/13682 sources extracted
2026-02-04 20:25:00 - INFO - [224/22585] n1024_8860702: 8796/11938 sources extracted
2026-02-04 20:25:08 - INFO - [225/22585] n1024_8864791: 9100/11897 sources extracted
2026-02-04 20:25:09 - INFO - [226/22585] n1024_8860707: 8633/11909 sources extracted
2026-02-04 20:25:09 - INFO - [227/22585] n1024_8864799: 7439/10585 sources extracted
2026-02-04 20:25:12 - INFO - [228/22585] n1024_8864792: 9657/12607 sources extracted
2026-02-04 20:25:12 - INFO - [229/22585] n1024_8864794: 8070/11490 sources extracted
2026-02-04 20:25:18 - INFO - [230/22585] n1024_8860712: 8401/11728 sources extracted
2026-02-04 20:25:22 - INFO - [231/22585] n1024_8868892: 7274/9691 sources extracted
2026-02-04 20:25:23 - INFO - [232/22585] n1024_8868895: 6541/9414 sources extracted
2026-02-04 20:25:24 - INFO - [233/22585] n1024_8864802: 9269/12223 sources extracted
2026-02-04 20:25:33 - INFO - [234/22585] n1024_8864790: 9558/13401 sources extracted
2026-02-04 20:25:45 - INFO - [235/22585] n1024_8868888: 8347/11297 sources extracted
2026-02-04 20:25:45 - INFO - [236/22585] n1024_8868902: 7163/9369 sources extracted
2026-02-04 20:25:45 - INFO - [237/22585] n1024_8860695: 10936/14866 sources extracted
2026-02-04 20:26:02 - INFO - [238/22585] n1024_8868896: 6821/9754 sources extracted
2026-02-04 20:26:04 - INFO - [239/22585] n1024_8868891: 7471/10543 sources extracted
2026-02-04 20:26:07 - INFO - [240/22585] n1024_8860693: 10406/14188 sources extracted
2026-02-04 20:26:13 - INFO - [241/22585] n1024_8868884: 9485/13098 sources extracted
2026-02-04 20:26:13 - INFO - [242/22585] n1024_8864803: 8645/12141 sources extracted
2026-02-04 20:26:15 - INFO - [243/22585] n1024_8868899: 8110/10861 sources extracted
2026-02-04 20:26:15 - INFO - [244/22585] n1024_8864804: 9253/12544 sources extracted
2026-02-04 20:26:21 - INFO - [245/22585] n1024_8868889: 8729/12212 sources extracted
2026-02-04 20:26:21 - INFO - [246/22585] n1024_8868887: 9282/12516 sources extracted
2026-02-04 20:26:28 - INFO - [247/22585] n1024_8864798: 8816/12394 sources extracted
2026-02-04 20:26:28 - INFO - [248/22585] n1024_8864808: 8902/12678 sources extracted
2026-02-04 20:26:29 - INFO - [249/22585] n1024_8864788: 10848/14636 sources extracted
2026-02-04 20:26:42 - INFO - [250/22585] n1024_8872977: 8894/11746 sources extracted
2026-02-04 20:26:43 - INFO - [251/22585] n1024_8868885: 9829/13554 sources extracted
2026-02-04 20:26:44 - INFO - [252/22585] n1024_8864801: 11167/14693 sources extracted
2026-02-04 20:26:46 - INFO - [253/22585] n1024_8872994: 7892/10175 sources extracted
2026-02-04 20:26:46 - INFO - [254/22585] n1024_8868898: 8593/11463 sources extracted
2026-02-04 20:26:47 - INFO - [255/22585] n1024_8856614: 11294/15328 sources extracted
2026-02-04 20:26:56 - INFO - [256/22585] n1024_8872988: 5962/8872 sources extracted
2026-02-04 20:27:03 - INFO - [257/22585] n1024_8868905: 8905/12103 sources extracted
2026-02-04 20:27:05 - INFO - [258/22585] n1024_8872986: 8379/11067 sources extracted
2026-02-04 20:27:06 - INFO - [259/22585] n1024_8864789: 9856/14132 sources extracted
2026-02-04 20:27:22 - INFO - [260/22585] n1024_8868881: 11087/15423 sources extracted
2026-02-04 20:27:23 - INFO - [261/22585] n1024_8872991: 7930/10324 sources extracted
2026-02-04 20:27:33 - INFO - [262/22585] n1024_8856595: 13409/18155 sources extracted
2026-02-04 20:27:36 - INFO - [263/22585] n1024_8873001: 7706/10364 sources extracted
2026-02-04 20:27:40 - INFO - [264/22585] n1024_8872985: 9762/12909 sources extracted
2026-02-04 20:27:42 - INFO - [265/22585] n1024_8868890: 10793/14328 sources extracted
2026-02-04 20:27:46 - INFO - [266/22585] n1024_8868908: 11318/15059 sources extracted
2026-02-04 20:28:08 - INFO - [267/22585] n1024_8873003: 8557/10880 sources extracted
2026-02-04 20:28:08 - INFO - [268/22585] n1024_8872998: 7904/10515 sources extracted
2026-02-04 20:28:08 - INFO - [269/22585] n1024_8860706: 13952/18694 sources extracted
2026-02-04 20:28:10 - INFO - [270/22585] n1024_8873004: 8198/11084 sources extracted
2026-02-04 20:28:21 - INFO - [271/22585] n1024_8864793: 11367/15896 sources extracted
2026-02-04 20:28:27 - INFO - [272/22585] n1024_8872984: 10634/14247 sources extracted
2026-02-04 20:28:29 - INFO - [273/22585] n1024_8872980: 10414/13979 sources extracted
2026-02-04 20:28:29 - INFO - [274/22585] n1024_8872979: 10668/14137 sources extracted
2026-02-04 20:28:33 - INFO - [275/22585] n1024_8868901: 9719/12921 sources extracted
2026-02-04 20:28:33 - INFO - [276/22585] n1024_8860692: 12826/17381 sources extracted
2026-02-04 20:28:41 - INFO - [277/22585] n1024_8856610: 14236/18898 sources extracted
2026-02-04 20:28:44 - INFO - [278/22585] n1024_8872992: 8256/11545 sources extracted
2026-02-04 20:28:48 - INFO - [279/22585] n1024_8877084: 7307/10198 sources extracted
2026-02-04 20:28:49 - INFO - [280/22585] n1024_8873002: 7792/11349 sources extracted
2026-02-04 20:28:49 - INFO - [281/22585] n1024_8877091: 7612/10306 sources extracted
2026-02-04 20:28:50 - INFO - [282/22585] n1024_8872981: 11858/15793 sources extracted
2026-02-04 20:28:51 - INFO - [283/22585] n1024_8868906: 9740/13311 sources extracted
2026-02-04 20:28:52 - INFO - [284/22585] n1024_8872983: 9093/13257 sources extracted
2026-02-04 20:28:54 - INFO - [285/22585] n1024_8877097: 7394/9893 sources extracted
2026-02-04 20:28:58 - INFO - [286/22585] n1024_8872993: 8856/12205 sources extracted
2026-02-04 20:29:10 - INFO - [287/22585] n1024_8877101: 7543/10677 sources extracted
2026-02-04 20:29:11 - INFO - [288/22585] n1024_8877094: 8173/10987 sources extracted
2026-02-04 20:29:11 - INFO - [289/22585] n1024_8877098: 8502/10735 sources extracted
2026-02-04 20:29:13 - INFO - [290/22585] n1024_8877085: 7634/10858 sources extracted
2026-02-04 20:29:13 - INFO - [291/22585] n1024_8877074: 9888/13659 sources extracted
2026-02-04 20:29:13 - INFO - [292/22585] n1024_8872997: 9088/12494 sources extracted
2026-02-04 20:29:13 - INFO - [293/22585] n1024_8877081: 9138/12014 sources extracted
2026-02-04 20:29:15 - INFO - [294/22585] n1024_8877078: 9413/12695 sources extracted
2026-02-04 20:29:15 - INFO - [295/22585] n1024_8881180: 6601/9311 sources extracted
2026-02-04 20:29:16 - INFO - [296/22585] n1024_8872978: 10243/14495 sources extracted
2026-02-04 20:29:16 - INFO - [297/22585] n1024_8877088: 7953/10670 sources extracted
2026-02-04 20:29:19 - INFO - [298/22585] n1024_8836120: 27020/34368 sources extracted
2026-02-04 20:29:36 - INFO - [299/22585] n1024_8881168: 8707/12576 sources extracted
2026-02-04 20:29:37 - INFO - [300/22585] n1024_8856609: 15761/21902 sources extracted
2026-02-04 20:29:49 - INFO - [301/22585] n1024_8877077: 11299/14837 sources extracted
2026-02-04 20:29:55 - INFO - [302/22585] n1024_8877099: 8581/11594 sources extracted
2026-02-04 20:29:56 - INFO - [303/22585] n1024_8877082: 9426/12581 sources extracted
2026-02-04 20:29:59 - INFO - [304/22585] n1024_8872982: 12066/16287 sources extracted
2026-02-04 20:29:59 - INFO - [305/22585] n1024_8881183: 7596/9832 sources extracted
2026-02-04 20:30:02 - INFO - [306/22585] n1024_8881193: 7704/9893 sources extracted
2026-02-04 20:30:03 - INFO - [307/22585] n1024_8881195: 6827/9636 sources extracted
2026-02-04 20:30:03 - INFO - [308/22585] n1024_8877087: 9202/12152 sources extracted
2026-02-04 20:30:03 - INFO - [309/22585] n1024_8877079: 10526/14187 sources extracted
2026-02-04 20:30:03 - INFO - [310/22585] n1024_8881175: 8946/11680 sources extracted
2026-02-04 20:30:05 - INFO - [311/22585] n1024_8877100: 8157/11333 sources extracted
2026-02-04 20:30:30 - INFO - [312/22585] n1024_8877076: 10697/14620 sources extracted
2026-02-04 20:30:31 - INFO - [313/22585] n1024_8872987: 10418/14835 sources extracted
2026-02-04 20:30:34 - INFO - [314/22585] n1024_8868886: 12605/17494 sources extracted
2026-02-04 20:30:36 - INFO - [315/22585] n1024_8881173: 9062/12660 sources extracted
2026-02-04 20:30:47 - INFO - [316/22585] n1024_8881197: 8238/10875 sources extracted
2026-02-04 20:30:56 - INFO - [317/22585] n1024_8881169: 9682/13603 sources extracted
2026-02-04 20:31:07 - INFO - [318/22585] n1024_8877080: 9985/14062 sources extracted
2026-02-04 20:31:07 - INFO - [319/22585] n1024_8868882: 16375/22678 sources extracted
2026-02-04 20:31:09 - INFO - [320/22585] n1024_8885276: 7003/9928 sources extracted
2026-02-04 20:31:09 - INFO - [321/22585] n1024_8881192: 8411/11118 sources extracted
2026-02-04 20:31:11 - INFO - [322/22585] n1024_8877090: 10135/13575 sources extracted
2026-02-04 20:31:11 - INFO - [323/22585] n1024_8881174: 9808/13123 sources extracted
2026-02-04 20:31:20 - INFO - [324/22585] n1024_8881170: 10184/13816 sources extracted
2026-02-04 20:31:37 - INFO - [325/22585] n1024_8881187: 8628/11664 sources extracted
2026-02-04 20:31:46 - INFO - [326/22585] n1024_8877095: 10577/14664 sources extracted
2026-02-04 20:31:46 - INFO - [327/22585] n1024_8881171: 11349/14957 sources extracted
2026-02-04 20:31:47 - INFO - [328/22585] n1024_8881181: 8546/12431 sources extracted
2026-02-04 20:31:48 - INFO - [329/22585] n1024_8881182: 8813/12187 sources extracted
2026-02-04 20:31:48 - INFO - [330/22585] n1024_8885280: 8085/10767 sources extracted
2026-02-04 20:31:50 - INFO - [331/22585] n1024_8881194: 9273/12399 sources extracted
2026-02-04 20:31:52 - INFO - [332/22585] n1024_8885277: 7496/10564 sources extracted
2026-02-04 20:31:56 - INFO - [333/22585] n1024_8877075: 12236/16959 sources extracted
2026-02-04 20:32:00 - INFO - [334/22585] n1024_8885271: 9829/12664 sources extracted
2026-02-04 20:32:06 - INFO - [335/22585] n1024_8885287: 8164/10791 sources extracted
2026-02-04 20:32:11 - INFO - [336/22585] n1024_8885290: 7987/10352 sources extracted
2026-02-04 20:32:13 - INFO - [337/22585] n1024_8881196: 8883/12836 sources extracted
2026-02-04 20:32:15 - INFO - [338/22585] n1024_8885267: 10254/13724 sources extracted
2026-02-04 20:32:18 - INFO - [339/22585] n1024_8885286: 8444/11277 sources extracted
2026-02-04 20:32:18 - INFO - [340/22585] n1024_8885274: 8564/12072 sources extracted
2026-02-04 20:32:25 - INFO - [341/22585] n1024_8885270: 9933/13032 sources extracted
2026-02-04 20:32:26 - INFO - [342/22585] n1024_8881176: 10519/14507 sources extracted
2026-02-04 20:32:26 - INFO - [343/22585] n1024_8885283: 8599/11294 sources extracted
2026-02-04 20:32:26 - INFO - [344/22585] n1024_8881186: 9378/12784 sources extracted
2026-02-04 20:32:29 - INFO - [345/22585] n1024_8885279: 8567/11813 sources extracted
2026-02-04 20:32:33 - INFO - [346/22585] n1024_8885278: 8329/11789 sources extracted
2026-02-04 20:32:40 - INFO - [347/22585] n1024_8889360: 8508/11597 sources extracted
2026-02-04 20:32:43 - INFO - [348/22585] n1024_8852509: 29863/38635 sources extracted
2026-02-04 20:32:44 - INFO - [349/22585] n1024_8885266: 10947/14171 sources extracted
2026-02-04 20:32:45 - INFO - [350/22585] n1024_8893455: 8048/11374 sources extracted
2026-02-04 20:32:49 - INFO - [351/22585] n1024_8885291: 8713/11790 sources extracted
2026-02-04 20:32:49 - INFO - [352/22585] n1024_8885264: 10563/15066 sources extracted
2026-02-04 20:32:51 - INFO - [353/22585] n1024_8889374: 7992/10719 sources extracted
2026-02-04 20:32:53 - INFO - [354/22585] n1024_8885273: 10531/14547 sources extracted
2026-02-04 20:32:53 - INFO - [355/22585] n1024_8885284: 9411/12532 sources extracted
2026-02-04 20:32:54 - INFO - [356/22585] n1024_8889372: 7447/10266 sources extracted
2026-02-04 20:32:55 - INFO - [357/22585] n1024_8889359: 10736/14910 sources extracted
2026-02-04 20:33:01 - INFO - [358/22585] n1024_8868897: 17475/22568 sources extracted
2026-02-04 20:33:01 - INFO - [359/22585] n1024_8889382: 7970/10490 sources extracted
2026-02-04 20:33:14 - INFO - [360/22585] n1024_8885268: 11661/15699 sources extracted
2026-02-04 20:33:14 - INFO - [361/22585] n1024_8881191: 10758/14738 sources extracted
2026-02-04 20:33:25 - INFO - [362/22585] n1024_8889373: 9175/12526 sources extracted
2026-02-04 20:33:30 - INFO - [363/22585] n1024_8885293: 8752/12394 sources extracted
2026-02-04 20:33:31 - INFO - [364/22585] n1024_8893456: 8091/11510 sources extracted
2026-02-04 20:33:35 - INFO - [365/22585] n1024_8889386: 8037/10331 sources extracted
2026-02-04 20:33:39 - INFO - [366/22585] n1024_8889371: 7302/11234 sources extracted
2026-02-04 20:33:44 - INFO - [367/22585] n1024_8885289: 9346/12501 sources extracted
2026-02-04 20:33:52 - INFO - [368/22585] n1024_8881177: 11567/16038 sources extracted
2026-02-04 20:33:54 - INFO - [369/22585] n1024_8889379: 9314/12065 sources extracted
2026-02-04 20:34:14 - INFO - [370/22585] n1024_8893469: 7949/11017 sources extracted
2026-02-04 20:34:22 - INFO - [371/22585] n1024_8889365: 9482/12803 sources extracted
2026-02-04 20:34:22 - INFO - [372/22585] n1024_8885265: 11761/16717 sources extracted
2026-02-04 20:34:23 - INFO - [373/22585] n1024_8889385: 7093/10089 sources extracted
2026-02-04 20:34:31 - INFO - [374/22585] n1024_8893460: 9717/12956 sources extracted
2026-02-04 20:34:35 - INFO - [375/22585] n1024_8897550: 8402/12284 sources extracted
2026-02-04 20:34:37 - INFO - [376/22585] n1024_8881172: 12820/17510 sources extracted
2026-02-04 20:34:37 - INFO - [377/22585] n1024_8893466: 8352/11360 sources extracted
2026-02-04 20:34:40 - INFO - [378/22585] n1024_8889370: 8393/12312 sources extracted
2026-02-04 20:34:43 - INFO - [379/22585] n1024_8889381: 10293/13531 sources extracted
2026-02-04 20:34:51 - INFO - [380/22585] n1024_8889364: 12137/16038 sources extracted
2026-02-04 20:34:55 - INFO - [381/22585] n1024_8885269: 11607/16026 sources extracted
2026-02-04 20:34:57 - INFO - [382/22585] n1024_8893462: 9903/13856 sources extracted
2026-02-04 20:34:58 - INFO - [383/22585] n1024_8889376: 9636/13524 sources extracted
2026-02-04 20:35:04 - INFO - [384/22585] n1024_8877073: 20781/28451 sources extracted
2026-02-04 20:35:06 - INFO - [385/22585] n1024_8893457: 10508/14115 sources extracted
2026-02-04 20:35:08 - INFO - [386/22585] n1024_8893475: 8632/11701 sources extracted
2026-02-04 20:35:08 - INFO - [387/22585] n1024_8889369: 13152/17115 sources extracted
2026-02-04 20:35:09 - INFO - [388/22585] n1024_8893482: 8006/10825 sources extracted
2026-02-04 20:35:09 - INFO - [389/22585] n1024_8893479: 8490/11576 sources extracted
2026-02-04 20:35:15 - INFO - [390/22585] n1024_8889362: 12105/16251 sources extracted
2026-02-04 20:35:16 - INFO - [391/22585] n1024_8893472: 9169/12175 sources extracted
2026-02-04 20:35:18 - INFO - [392/22585] n1024_8893477: 9421/12580 sources extracted
2026-02-04 20:35:22 - INFO - [393/22585] n1024_8893476: 9949/13012 sources extracted
2026-02-04 20:35:22 - INFO - [394/22585] n1024_8889366: 10752/15091 sources extracted
2026-02-04 20:35:25 - INFO - [395/22585] n1024_8893470: 9573/12937 sources extracted
2026-02-04 20:35:25 - INFO - [396/22585] n1024_8893473: 9026/12782 sources extracted
2026-02-04 20:35:27 - INFO - [397/22585] n1024_8893468: 8222/11924 sources extracted
2026-02-04 20:35:30 - INFO - [398/22585] n1024_8893467: 8800/12319 sources extracted
2026-02-04 20:35:31 - INFO - [399/22585] n1024_8897563: 7869/10719 sources extracted
2026-02-04 20:35:33 - INFO - [400/22585] n1024_8897552: 8908/12593 sources extracted
2026-02-04 20:35:41 - INFO - [401/22585] n1024_8893465: 10592/14029 sources extracted
2026-02-04 20:36:05 - INFO - [402/22585] n1024_8889363: 13078/17551 sources extracted
2026-02-04 20:36:09 - INFO - [403/22585] n1024_8897558: 9384/12695 sources extracted
2026-02-04 20:36:09 - INFO - [404/22585] n1024_8889380: 10295/14026 sources extracted
2026-02-04 20:36:15 - INFO - [405/22585] n1024_8897551: 9184/12691 sources extracted
2026-02-04 20:36:16 - INFO - [406/22585] n1024_8889375: 10572/14431 sources extracted
2026-02-04 20:36:29 - INFO - [407/22585] n1024_8889361: 13141/18047 sources extracted
2026-02-04 20:36:31 - INFO - [408/22585] n1024_8893461: 11801/15650 sources extracted
2026-02-04 20:36:55 - INFO - [409/22585] n1024_8897572: 9116/11602 sources extracted
2026-02-04 20:36:58 - INFO - [410/22585] n1024_8897571: 8917/11901 sources extracted
2026-02-04 20:36:59 - INFO - [411/22585] n1024_8897568: 9837/13073 sources extracted
2026-02-04 20:37:01 - INFO - [412/22585] n1024_8897578: 8192/10833 sources extracted
2026-02-04 20:37:11 - INFO - [413/22585] n1024_8893463: 10187/14567 sources extracted
2026-02-04 20:37:16 - INFO - [414/22585] n1024_8897557: 10120/13913 sources extracted
2026-02-04 20:37:21 - INFO - [415/22585] n1024_8881190: 20330/25700 sources extracted
2026-02-04 20:37:22 - INFO - [416/22585] n1024_8897553: 11365/15411 sources extracted
2026-02-04 20:37:25 - INFO - [417/22585] n1024_8897575: 8278/10940 sources extracted
2026-02-04 20:37:32 - INFO - [418/22585] n1024_8893483: 9566/12829 sources extracted
2026-02-04 20:37:46 - INFO - [419/22585] n1024_8897562: 10024/13378 sources extracted
2026-02-04 20:37:47 - INFO - [420/22585] n1024_8893478: 10624/14582 sources extracted
2026-02-04 20:38:01 - INFO - [421/22585] n1024_8897565: 8020/11463 sources extracted
2026-02-04 20:38:01 - INFO - [422/22585] n1024_8897561: 10074/13348 sources extracted
2026-02-04 20:38:02 - INFO - [423/22585] n1024_8893459: 12134/16467 sources extracted
2026-02-04 20:38:04 - INFO - [424/22585] n1024_8901675: 7944/10179 sources extracted
2026-02-04 20:38:06 - INFO - [425/22585] n1024_8897573: 8883/11745 sources extracted
2026-02-04 20:38:06 - INFO - [426/22585] n1024_8897554: 11039/14718 sources extracted
2026-02-04 20:38:06 - INFO - [427/22585] n1024_8901658: 8587/11141 sources extracted
2026-02-04 20:38:06 - INFO - [428/22585] n1024_8905743: 6788/9827 sources extracted
2026-02-04 20:38:09 - INFO - [429/22585] n1024_8897556: 11251/15226 sources extracted
2026-02-04 20:38:11 - INFO - [430/22585] n1024_8901665: 8085/11147 sources extracted
2026-02-04 20:38:12 - INFO - [431/22585] n1024_8893458: 11603/16575 sources extracted
2026-02-04 20:38:13 - INFO - [432/22585] n1024_8897555: 10373/14745 sources extracted
2026-02-04 20:38:13 - INFO - [433/22585] n1024_8901654: 9129/12527 sources extracted
2026-02-04 20:38:14 - INFO - [434/22585] n1024_8897559: 10301/14252 sources extracted
2026-02-04 20:38:18 - INFO - [435/22585] n1024_8901664: 8544/11757 sources extracted
2026-02-04 20:38:19 - INFO - [436/22585] n1024_8901668: 8512/11070 sources extracted
2026-02-04 20:38:32 - INFO - [437/22585] n1024_8901653: 9398/12912 sources extracted
2026-02-04 20:38:32 - INFO - [438/22585] n1024_8897579: 8394/11695 sources extracted
2026-02-04 20:38:41 - INFO - [439/22585] n1024_8901666: 8295/11478 sources extracted
2026-02-04 20:38:49 - INFO - [440/22585] n1024_8901662: 7840/11202 sources extracted
2026-02-04 20:38:57 - INFO - [441/22585] n1024_8901674: 8626/11667 sources extracted
2026-02-04 20:38:58 - INFO - [442/22585] n1024_8901669: 8691/11503 sources extracted
2026-02-04 20:39:05 - INFO - [443/22585] n1024_8897570: 9848/13280 sources extracted
2026-02-04 20:39:05 - INFO - [444/22585] n1024_8901649: 11222/14814 sources extracted
2026-02-04 20:39:08 - INFO - [445/22585] n1024_8901667: 7877/11002 sources extracted
2026-02-04 20:39:09 - INFO - [446/22585] n1024_8901651: 9676/13108 sources extracted
2026-02-04 20:39:21 - INFO - [447/22585] n1024_8901650: 11252/14389 sources extracted
2026-02-04 20:39:25 - INFO - [448/22585] n1024_8897564: 9569/13590 sources extracted
2026-02-04 20:39:40 - INFO - [449/22585] n1024_8901647: 9351/13472 sources extracted
2026-02-04 20:39:42 - INFO - [450/22585] n1024_8897560: 10119/14460 sources extracted
2026-02-04 20:39:43 - INFO - [451/22585] n1024_8897569: 10057/14200 sources extracted
2026-02-04 20:39:47 - INFO - [452/22585] n1024_8905762: 7309/9808 sources extracted
2026-02-04 20:39:53 - INFO - [453/22585] n1024_8901648: 8664/12759 sources extracted
2026-02-04 20:39:57 - INFO - [454/22585] n1024_8901661: 8661/12440 sources extracted
2026-02-04 20:40:03 - INFO - [455/22585] n1024_8901672: 8520/11640 sources extracted
2026-02-04 20:40:14 - INFO - [456/22585] n1024_8901671: 10147/13970 sources extracted
2026-02-04 20:40:19 - INFO - [457/22585] n1024_8905770: 7615/9704 sources extracted
2026-02-04 20:40:24 - INFO - [458/22585] n1024_8905757: 8450/11292 sources extracted
2026-02-04 20:40:29 - INFO - [459/22585] n1024_8901659: 11243/15887 sources extracted
2026-02-04 20:40:30 - INFO - [460/22585] n1024_8909840: 7616/10355 sources extracted
2026-02-04 20:40:31 - INFO - [461/22585] n1024_8905759: 7464/10976 sources extracted
2026-02-04 20:40:36 - INFO - [462/22585] n1024_8905761: 8551/11372 sources extracted
2026-02-04 20:40:36 - INFO - [463/22585] n1024_8901655: 11160/15237 sources extracted
2026-02-04 20:40:37 - INFO - [464/22585] n1024_8901656: 10601/14789 sources extracted
2026-02-04 20:40:40 - INFO - [465/22585] n1024_8905746: 9908/13395 sources extracted
2026-02-04 20:40:44 - INFO - [466/22585] n1024_8905760: 8196/11207 sources extracted
2026-02-04 20:40:53 - INFO - [467/22585] n1024_8905751: 9377/13157 sources extracted
2026-02-04 20:41:02 - INFO - [468/22585] n1024_8905767: 8573/11299 sources extracted
2026-02-04 20:41:02 - INFO - [469/22585] n1024_8913932: 8194/12519 sources extracted
2026-02-04 20:41:17 - INFO - [470/22585] n1024_8909839: 8690/11835 sources extracted
2026-02-04 20:41:18 - INFO - [471/22585] n1024_8905747: 10501/14060 sources extracted
2026-02-04 20:41:20 - INFO - [472/22585] n1024_8909837: 10472/15456 sources extracted
slurmstepd: error: *** JOB 229529 ON node089 CANCELLED AT 2026-02-04T20:56:42 ***
