ERROR: Unable to locate a modulefile for 'python/3.9'
ERROR: Unable to locate a modulefile for 'hdf5'
2026-02-04 20:57:00,799 - INFO - ======================================================================
2026-02-04 20:57:00,801 - INFO - VIRAC Extractor - Shard 2/4
2026-02-04 20:57:00,801 - INFO - ======================================================================
2026-02-04 20:57:00,802 - INFO - Total tiles in dataset: 22585
2026-02-04 20:57:00,803 - INFO - Tiles for this shard:   5646
2026-02-04 20:57:00,804 - INFO - Workers: 96
2026-02-04 20:57:00,813 - INFO - Already completed: 118
2026-02-04 20:57:00,814 - INFO - Tiles to process:  5528
2026-02-04 20:58:17,992 - INFO - [1/5528] n1024_8905763: 8566/12250
2026-02-04 20:59:30,735 - INFO - [2/5528] n1024_8905749: 9984/14891
2026-02-04 20:59:53,848 - INFO - [3/5528] n1024_8909858: 7497/10594
2026-02-04 21:00:04,736 - INFO - [4/5528] n1024_8913950: 7875/10894
2026-02-04 21:00:19,149 - INFO - [5/5528] n1024_8913960: 7568/9825
2026-02-04 21:00:25,517 - INFO - [6/5528] n1024_8905769: 8856/11719
2026-02-04 21:00:38,599 - INFO - [7/5528] n1024_8909864: 8125/10774
2026-02-04 21:01:46,701 - INFO - [8/5528] n1024_8905745: 11725/15868
2026-02-04 21:01:58,275 - INFO - [9/5528] n1024_8909844: 10434/13689
2026-02-04 21:02:05,123 - INFO - [10/5528] n1024_8909848: 11561/15527
2026-02-04 21:02:27,398 - INFO - [11/5528] n1024_8909854: 10742/14360
2026-02-04 21:02:29,823 - INFO - [12/5528] n1024_8913956: 9258/12243
2026-02-04 21:03:52,903 - INFO - [13/5528] n1024_8918029: 9569/13750
2026-02-04 21:03:53,243 - INFO - [14/5528] n1024_8905753: 11586/15847
2026-02-04 21:03:56,583 - INFO - [15/5528] n1024_8913936: 9676/13264
2026-02-04 21:03:59,795 - INFO - [16/5528] n1024_8913946: 9844/13322
2026-02-04 21:04:07,941 - INFO - [17/5528] n1024_8938536: 6865/9082
2026-02-04 21:04:14,304 - INFO - [18/5528] n1024_8918033: 9012/11924
2026-02-04 21:05:06,866 - INFO - [19/5528] n1024_8918038: 10205/13878
2026-02-04 21:05:12,740 - INFO - [20/5528] n1024_8918057: 8415/10995
2026-02-04 21:05:14,022 - INFO - [21/5528] n1024_8918053: 8423/11363
2026-02-04 21:05:15,609 - INFO - [22/5528] n1024_8946726: 7328/9496
2026-02-04 21:05:26,478 - INFO - [23/5528] n1024_8954915: 7989/10864
2026-02-04 21:05:28,131 - INFO - [24/5528] n1024_8918047: 9160/12215
2026-02-04 21:05:36,853 - INFO - [25/5528] n1024_8913940: 11208/15275
2026-02-04 21:05:38,803 - INFO - [26/5528] n1024_8942630: 7741/10488
2026-02-04 21:05:53,557 - INFO - [27/5528] n1024_8930338: 8453/11240
2026-02-04 21:05:55,125 - INFO - [28/5528] n1024_8930344: 8005/11040
2026-02-04 21:05:56,958 - INFO - [29/5528] n1024_8959012: 8495/11835
2026-02-04 21:06:04,366 - INFO - [30/5528] n1024_8934438: 7865/10803
2026-02-04 21:06:13,717 - INFO - [31/5528] n1024_8950812: 8745/12025
2026-02-04 21:06:23,800 - INFO - [32/5528] n1024_8918043: 10395/13905
2026-02-04 21:06:25,425 - INFO - [33/5528] n1024_8922147: 8224/11166
2026-02-04 21:06:29,937 - INFO - [34/5528] n1024_8930334: 8981/11927
2026-02-04 21:06:31,235 - INFO - [35/5528] n1024_8946722: 8700/11708
2026-02-04 21:06:56,007 - INFO - [36/5528] n1024_8934420: 9026/11807
2026-02-04 21:06:57,690 - INFO - [37/5528] n1024_8963097: 9047/12342
2026-02-04 21:07:05,088 - INFO - [38/5528] n1024_8946712: 9406/12599
2026-02-04 21:07:09,278 - INFO - [39/5528] n1024_8930324: 9417/12654
2026-02-04 21:07:14,027 - INFO - [40/5528] n1024_8926243: 8990/12624
2026-02-04 21:07:21,285 - INFO - [41/5528] n1024_8954889: 10066/14448
2026-02-04 21:07:26,707 - INFO - [42/5528] n1024_8938530: 9455/13005
2026-02-04 21:07:26,791 - INFO - [43/5528] n1024_8926238: 9369/12871
2026-02-04 21:07:38,553 - INFO - [44/5528] n1024_8959004: 10017/14268
2026-02-04 21:07:49,104 - INFO - [45/5528] n1024_8950798: 10326/13555
2026-02-04 21:07:51,713 - INFO - [46/5528] n1024_8942620: 9705/13123
2026-02-04 21:07:52,824 - INFO - [47/5528] n1024_8946716: 9620/13316
2026-02-04 21:08:07,419 - INFO - [48/5528] n1024_8954899: 10452/14428
2026-02-04 21:08:08,252 - INFO - [49/5528] n1024_8950794: 10980/15700
2026-02-04 21:08:10,532 - INFO - [50/5528] n1024_8959008: 10001/13541
2026-02-04 21:08:13,995 - INFO - [51/5528] n1024_8922141: 9815/13771
2026-02-04 21:08:14,907 - INFO - [52/5528] n1024_8946698: 11561/16776
2026-02-04 21:08:15,697 - INFO - [53/5528] n1024_8963111: 9929/13996
2026-02-04 21:08:18,591 - INFO - [54/5528] n1024_8950821: 10117/13445
2026-02-04 21:08:20,068 - INFO - [55/5528] n1024_8922137: 10164/14962
2026-02-04 21:08:27,604 - INFO - [56/5528] n1024_8934416: 10107/13948
2026-02-04 21:08:27,667 - INFO - [57/5528] n1024_8938522: 9925/13338
2026-02-04 21:08:27,763 - INFO - [58/5528] n1024_8946702: 10581/13922
2026-02-04 21:08:33,492 - INFO - [59/5528] n1024_8938514: 10602/14328
2026-02-04 21:08:39,477 - INFO - [60/5528] n1024_8922127: 10619/14705
2026-02-04 21:08:41,340 - INFO - [61/5528] n1024_8922151: 10153/13984
2026-02-04 21:08:41,762 - INFO - [62/5528] n1024_8963101: 10318/14184
2026-02-04 21:08:42,544 - INFO - [63/5528] n1024_8930320: 11014/15450
2026-02-04 21:08:43,822 - INFO - [64/5528] n1024_8963083: 10506/15513
2026-02-04 21:08:46,918 - INFO - [65/5528] n1024_8938510: 10028/14114
2026-02-04 21:08:49,106 - INFO - [66/5528] n1024_8926248: 11015/14987
2026-02-04 21:08:49,397 - INFO - [67/5528] n1024_8938526: 10965/15021
2026-02-04 21:08:51,422 - INFO - [68/5528] n1024_8958986: 11482/17226
2026-02-04 21:08:54,090 - INFO - [69/5528] n1024_8963089: 11313/14430
2026-02-04 21:08:57,648 - INFO - [70/5528] n1024_8942616: 10536/14548
2026-02-04 21:09:14,066 - INFO - [71/5528] n1024_8934433: 10692/14534
2026-02-04 21:09:34,000 - INFO - [72/5528] n1024_8967183: 11472/15345
2026-02-04 21:09:34,600 - INFO - [73/5528] n1024_8922133: 11200/15787
2026-02-04 21:09:45,393 - INFO - [74/5528] n1024_8926233: 11163/15403
2026-02-04 21:09:51,427 - INFO - [75/5528] n1024_8950804: 11337/14808
2026-02-04 21:10:12,945 - INFO - [76/5528] n1024_8942624: 12295/16856
2026-02-04 21:10:13,696 - INFO - [77/5528] n1024_8954893: 10697/15008
2026-02-04 21:10:16,717 - INFO - [78/5528] n1024_8950816: 11177/15492
2026-02-04 21:10:39,912 - INFO - [79/5528] n1024_8950808: 12098/15041
2026-02-04 21:10:48,814 - INFO - [80/5528] n1024_8954903: 11409/14919
2026-02-04 21:11:06,575 - INFO - [81/5528] n1024_8959000: 11063/15570
2026-02-04 21:11:20,030 - INFO - [82/5528] n1024_8942607: 11505/15755
2026-02-04 21:11:24,306 - INFO - [83/5528] n1024_8963105: 12346/16248
2026-02-04 21:11:24,773 - INFO - [84/5528] n1024_8958991: 11458/15711
2026-02-04 21:11:34,546 - INFO - [85/5528] n1024_8934424: 11816/15577
2026-02-04 21:11:45,980 - INFO - [86/5528] n1024_8967195: 9859/13632
2026-02-04 21:12:01,186 - INFO - [87/5528] n1024_8954911: 12884/17217
2026-02-04 21:12:12,846 - INFO - [88/5528] n1024_8938518: 12409/16305
2026-02-04 21:12:14,115 - INFO - [89/5528] n1024_8967204: 9335/13107
2026-02-04 21:12:25,283 - INFO - [90/5528] n1024_8934428: 12123/17441
2026-02-04 21:12:28,108 - INFO - [91/5528] n1024_8963093: 12657/16652
2026-02-04 21:12:47,278 - INFO - [92/5528] n1024_8926224: 12211/17180
2026-02-04 21:13:02,355 - INFO - [93/5528] n1024_8942612: 11838/16631
2026-02-04 21:13:18,739 - INFO - [94/5528] n1024_8971301: 8486/11726
2026-02-04 21:13:31,794 - INFO - [95/5528] n1024_8971287: 9756/12760
2026-02-04 21:13:35,582 - INFO - [96/5528] n1024_8967187: 12272/15906
2026-02-04 21:14:07,407 - INFO - [97/5528] n1024_8967199: 10329/14685
2026-02-04 21:14:11,160 - INFO - [98/5528] n1024_8930328: 13198/18457
2026-02-04 21:14:13,334 - INFO - [99/5528] n1024_8967191: 10985/14771
2026-02-04 21:14:22,788 - INFO - [100/5528] n1024_8971283: 9866/12856
2026-02-04 21:14:36,735 - INFO - [101/5528] n1024_8971291: 9922/13881
2026-02-04 21:14:44,355 - INFO - [102/5528] n1024_8958996: 13385/17651
2026-02-04 21:14:52,734 - INFO - [103/5528] n1024_8954907: 13625/18529
2026-02-04 21:15:18,009 - INFO - [104/5528] n1024_8946708: 13645/18551
2026-02-04 21:15:40,805 - INFO - [105/5528] n1024_8971279: 11300/15284
2026-02-04 21:15:47,177 - INFO - [106/5528] n1024_8975400: 7934/10994
2026-02-04 21:17:31,438 - INFO - [107/5528] n1024_8971295: 10690/14183
2026-02-04 21:18:27,079 - INFO - [108/5528] n1024_8975386: 10161/13210
2026-02-04 21:18:29,707 - INFO - [109/5528] n1024_8975396: 9226/12553
2026-02-04 21:18:31,169 - INFO - [110/5528] n1024_8971275: 12832/16943
2026-02-04 21:18:39,591 - INFO - [111/5528] n1024_8975374: 10415/14863
2026-02-04 21:18:41,124 - INFO - [112/5528] n1024_8979471: 9386/12486
2026-02-04 21:19:09,118 - INFO - [113/5528] n1024_8975382: 11316/14491
2026-02-04 21:19:24,461 - INFO - [114/5528] n1024_8987682: 8065/10747
2026-02-04 21:19:25,797 - INFO - [115/5528] n1024_8975390: 11094/14470
2026-02-04 21:19:39,547 - INFO - [116/5528] n1024_8983581: 9013/11960
2026-02-04 21:19:40,234 - INFO - [117/5528] n1024_8983586: 8449/12005
2026-02-04 21:19:53,309 - INFO - [118/5528] n1024_8979483: 10127/13734
2026-02-04 21:20:00,081 - INFO - [119/5528] n1024_8979489: 9789/13964
2026-02-04 21:20:13,505 - INFO - [120/5528] n1024_8991777: 7666/10076
2026-02-04 21:20:34,179 - INFO - [121/5528] n1024_8975378: 11774/16108
2026-02-04 21:20:49,202 - INFO - [122/5528] n1024_8926229: 16478/23551
2026-02-04 21:20:52,274 - INFO - [123/5528] n1024_8979479: 10505/14101
2026-02-04 21:20:52,751 - INFO - [124/5528] n1024_8983591: 10128/14703
2026-02-04 21:20:53,884 - INFO - [125/5528] n1024_8987662: 10228/13560
2026-02-04 21:21:08,625 - INFO - [126/5528] n1024_8987674: 9575/12982
2026-02-04 21:21:31,081 - INFO - [127/5528] n1024_8991773: 9152/11606
2026-02-04 21:21:32,133 - INFO - [128/5528] n1024_9008166: 8388/11609
2026-02-04 21:21:44,300 - INFO - [129/5528] n1024_9004068: 8394/11791
2026-02-04 21:21:48,039 - INFO - [130/5528] n1024_8995864: 9279/11854
2026-02-04 21:21:49,042 - INFO - [131/5528] n1024_8979467: 12449/16546
2026-02-04 21:21:55,519 - INFO - [132/5528] n1024_8983569: 10852/14754
2026-02-04 21:22:01,445 - INFO - [133/5528] n1024_8999969: 8726/12154
2026-02-04 21:22:02,924 - INFO - [134/5528] n1024_8979475: 11200/14733
2026-02-04 21:22:06,303 - INFO - [135/5528] n1024_8983565: 11771/16062
2026-02-04 21:22:06,912 - INFO - [136/5528] n1024_8991769: 10738/13894
2026-02-04 21:22:26,957 - INFO - [137/5528] n1024_8995868: 9401/12511
2026-02-04 21:22:29,252 - INFO - [138/5528] n1024_8983577: 11191/15264
2026-02-04 21:22:32,192 - INFO - [139/5528] n1024_8987666: 11475/14887
2026-02-04 21:22:32,316 - INFO - [140/5528] n1024_8979493: 12622/17803
2026-02-04 21:22:36,804 - INFO - [141/5528] n1024_9004062: 9002/12199
2026-02-04 21:22:48,141 - INFO - [142/5528] n1024_8987678: 11040/14690
2026-02-04 21:23:08,945 - INFO - [143/5528] n1024_9008156: 9532/12481
2026-02-04 21:23:17,166 - INFO - [144/5528] n1024_8983573: 12226/16035
2026-02-04 21:23:21,669 - INFO - [145/5528] n1024_8987658: 12443/16538
2026-02-04 21:23:29,115 - INFO - [146/5528] n1024_8999944: 11158/14880
2026-02-04 21:23:29,176 - INFO - [147/5528] n1024_8991753: 11580/16192
2026-02-04 21:23:29,894 - INFO - [148/5528] n1024_9012259: 8946/12399
2026-02-04 21:23:33,153 - INFO - [149/5528] n1024_9008152: 9738/12668
2026-02-04 21:23:34,101 - INFO - [150/5528] n1024_9008162: 9533/12282
2026-02-04 21:23:42,821 - INFO - [151/5528] n1024_9004050: 10652/14052
2026-02-04 21:23:45,127 - INFO - [152/5528] n1024_8995872: 10307/14021
2026-02-04 21:23:46,063 - INFO - [153/5528] n1024_8987670: 12511/15518
2026-02-04 21:23:49,322 - INFO - [154/5528] n1024_8995856: 11710/14996
2026-02-04 21:23:58,053 - INFO - [155/5528] n1024_8999974: 10766/16331
2026-02-04 21:23:59,938 - INFO - [156/5528] n1024_8999952: 10988/14294
2026-02-04 21:24:02,929 - INFO - [157/5528] n1024_8991765: 11907/16036
2026-02-04 21:24:20,222 - INFO - [158/5528] n1024_8999964: 11698/14593
2026-02-04 21:24:34,461 - INFO - [159/5528] n1024_9016347: 9571/12305
2026-02-04 21:24:34,911 - INFO - [160/5528] n1024_9008136: 11351/14671
2026-02-04 21:24:36,474 - INFO - [161/5528] n1024_9016357: 9233/14432
2026-02-04 21:24:37,297 - INFO - [162/5528] n1024_9008148: 10874/14437
2026-02-04 21:24:49,233 - INFO - [163/5528] n1024_8995860: 12227/16057
2026-02-04 21:24:50,026 - INFO - [164/5528] n1024_9004054: 11683/15118
2026-02-04 21:24:55,907 - INFO - [165/5528] n1024_8991757: 12857/17140
2026-02-04 21:24:58,684 - INFO - [166/5528] n1024_9004058: 11527/14682
2026-02-04 21:25:00,927 - INFO - [167/5528] n1024_9016343: 9960/13486
2026-02-04 21:25:09,387 - INFO - [168/5528] n1024_9012249: 10921/14162
2026-02-04 21:25:12,199 - INFO - [169/5528] n1024_8983561: 14756/21250
2026-02-04 21:25:28,276 - INFO - [170/5528] n1024_8995852: 12776/17934
2026-02-04 21:25:29,161 - INFO - [171/5528] n1024_8999956: 12158/16431
2026-02-04 21:25:33,778 - INFO - [172/5528] n1024_9016352: 9626/12897
2026-02-04 21:25:35,128 - INFO - [173/5528] n1024_9020448: 9624/12557
2026-02-04 21:26:28,676 - INFO - [174/5528] n1024_9008140: 13043/18349
2026-02-04 21:26:33,501 - INFO - [175/5528] n1024_9012255: 11796/15570
2026-02-04 21:26:34,400 - INFO - [176/5528] n1024_9020440: 10648/14442
2026-02-04 21:26:37,348 - INFO - [177/5528] n1024_8995848: 13317/19168
2026-02-04 21:26:41,347 - INFO - [178/5528] n1024_8999948: 13398/18584
2026-02-04 21:26:46,262 - INFO - [179/5528] n1024_9020424: 10922/14450
2026-02-04 21:26:50,537 - INFO - [180/5528] n1024_9020428: 11361/14790
2026-02-04 21:26:54,191 - INFO - [181/5528] n1024_9016335: 12372/17106
2026-02-04 21:26:58,624 - INFO - [182/5528] n1024_9012237: 12227/17190
2026-02-04 21:27:01,441 - INFO - [183/5528] n1024_8999960: 13302/17639
2026-02-04 21:27:14,590 - INFO - [184/5528] n1024_9020436: 11051/14301
2026-02-04 21:27:27,608 - INFO - [185/5528] n1024_9004046: 13446/18836
2026-02-04 21:27:31,101 - INFO - [186/5528] n1024_9008144: 12885/17604
2026-02-04 21:27:33,582 - INFO - [187/5528] n1024_9012241: 12536/17177
2026-02-04 21:27:36,237 - INFO - [188/5528] n1024_9020444: 10985/14427
2026-02-04 21:28:01,063 - INFO - [189/5528] n1024_8975369: 21245/30267
2026-02-04 21:28:05,712 - INFO - [190/5528] n1024_9016339: 13094/16753
2026-02-04 21:28:13,753 - INFO - [191/5528] n1024_9012233: 13607/18239
2026-02-04 21:28:27,807 - INFO - [192/5528] n1024_9024538: 10890/14031
2026-02-04 21:28:28,540 - INFO - [193/5528] n1024_9024530: 11841/16686
2026-02-04 21:28:34,616 - INFO - [194/5528] n1024_9016331: 13672/18038
2026-02-04 21:28:37,318 - INFO - [195/5528] n1024_9024547: 9690/13600
2026-02-04 21:28:42,553 - INFO - [196/5528] n1024_9016327: 13519/19248
2026-02-04 21:28:43,343 - INFO - [197/5528] n1024_9024534: 11107/14647
2026-02-04 21:29:05,189 - INFO - [198/5528] n1024_9012245: 13700/17999
2026-02-04 21:29:12,677 - INFO - [199/5528] n1024_9024526: 13028/17278
2026-02-04 21:29:23,215 - INFO - [200/5528] n1024_9004042: 14850/21482
2026-02-04 21:29:53,715 - INFO - [201/5528] n1024_9028631: 11078/14440
2026-02-04 21:30:00,791 - INFO - [202/5528] n1024_9024542: 11402/15142
2026-02-04 21:30:30,936 - INFO - [203/5528] n1024_9028627: 11581/15274
2026-02-04 21:30:32,615 - INFO - [204/5528] n1024_9024518: 13823/20472
2026-02-04 21:30:38,081 - INFO - [205/5528] n1024_9032709: 11767/16012
2026-02-04 21:30:44,367 - INFO - [206/5528] n1024_9028615: 11736/16334
2026-02-04 21:31:10,172 - INFO - [207/5528] n1024_9032713: 11179/16067
2026-02-04 21:31:27,191 - INFO - [208/5528] n1024_9036803: 11898/17976
2026-02-04 21:31:27,685 - INFO - [209/5528] n1024_9028619: 11888/16499
2026-02-04 21:31:30,906 - INFO - [210/5528] n1024_9036831: 10049/13002
2026-02-04 21:31:57,025 - INFO - [211/5528] n1024_9024522: 14595/20564
2026-02-04 21:32:05,206 - INFO - [212/5528] n1024_9032730: 11247/14690
2026-02-04 21:32:05,283 - INFO - [213/5528] n1024_9036821: 10814/14201
2026-02-04 21:32:08,179 - INFO - [214/5528] n1024_9032717: 12156/16750
2026-02-04 21:32:12,651 - INFO - [215/5528] n1024_9049098: 8504/11810
2026-02-04 21:32:17,796 - INFO - [216/5528] n1024_9028623: 12840/17221
2026-02-04 21:32:35,450 - INFO - [217/5528] n1024_9036825: 11232/14768
2026-02-04 21:32:53,369 - INFO - [218/5528] n1024_9032726: 11724/16082
2026-02-04 21:32:54,521 - INFO - [219/5528] n1024_9040900: 11850/16191
2026-02-04 21:32:56,451 - INFO - [220/5528] n1024_9049123: 9210/12449
2026-02-04 21:32:56,477 - INFO - [221/5528] n1024_8991761: 20018/26731
2026-02-04 21:33:10,478 - INFO - [222/5528] n1024_9028635: 14200/17964
2026-02-04 21:33:24,767 - INFO - [223/5528] n1024_9040908: 11059/16086
2026-02-04 21:33:45,935 - INFO - [224/5528] n1024_9045014: 10263/13548
2026-02-04 21:33:52,958 - INFO - [225/5528] n1024_9045002: 10146/14390
2026-02-04 21:34:27,408 - INFO - [226/5528] n1024_9045022: 10614/14038
2026-02-04 21:34:28,312 - INFO - [227/5528] n1024_9036807: 12154/16678
2026-02-04 21:34:39,613 - INFO - [228/5528] n1024_9049110: 10392/13881
2026-02-04 21:34:46,491 - INFO - [229/5528] n1024_9040930: 10852/14347
2026-02-04 21:35:09,246 - INFO - [230/5528] n1024_9040912: 12072/15876
2026-02-04 21:35:38,437 - INFO - [231/5528] n1024_9036815: 12569/16584
2026-02-04 21:35:39,129 - INFO - [232/5528] n1024_9045010: 11826/14864
2026-02-04 21:35:42,142 - INFO - [233/5528] n1024_9040904: 12330/16210
2026-02-04 21:35:57,222 - INFO - [234/5528] n1024_9049106: 10580/13848
2026-02-04 21:36:05,803 - INFO - [235/5528] n1024_9036811: 12921/17769
2026-02-04 21:36:14,496 - INFO - [236/5528] n1024_9049102: 11007/15271
2026-02-04 21:36:19,973 - INFO - [237/5528] n1024_9040921: 12605/16424
2026-02-04 21:36:32,606 - INFO - [238/5528] n1024_9049118: 11008/14521
2026-02-04 21:36:37,642 - INFO - [239/5528] n1024_9032721: 13514/18803
2026-02-04 21:36:45,955 - INFO - [240/5528] n1024_9045026: 11258/14616
2026-02-04 21:36:53,988 - INFO - [241/5528] n1024_9040917: 12618/16419
2026-02-04 21:36:57,604 - INFO - [242/5528] n1024_9049114: 10897/14667
2026-02-04 21:37:00,255 - INFO - [243/5528] n1024_9032735: 14092/18627
2026-02-04 21:37:07,750 - INFO - [244/5528] n1024_9053194: 11014/14975
2026-02-04 21:37:18,075 - INFO - [245/5528] n1024_9057305: 10399/13917
2026-02-04 21:37:19,142 - INFO - [246/5528] n1024_9044998: 12402/17298
2026-02-04 21:37:43,304 - INFO - [247/5528] n1024_9057309: 10254/13286
2026-02-04 21:38:06,622 - INFO - [248/5528] n1024_9057301: 11760/15478
2026-02-04 21:38:13,009 - INFO - [249/5528] n1024_9053202: 11873/15798
2026-02-04 21:38:15,238 - INFO - [250/5528] n1024_9053190: 12434/17254
2026-02-04 21:38:17,587 - INFO - [251/5528] n1024_9040925: 13070/17307
2026-02-04 21:38:30,333 - INFO - [252/5528] n1024_9049094: 12369/17836
2026-02-04 21:38:40,988 - INFO - [253/5528] n1024_9057297: 11345/15857
2026-02-04 21:38:41,767 - INFO - [254/5528] n1024_9020432: 21672/27349
2026-02-04 21:39:24,842 - INFO - [255/5528] n1024_9061384: 11924/16120
2026-02-04 21:39:25,878 - INFO - [256/5528] n1024_9069601: 9931/13527
2026-02-04 21:39:30,943 - INFO - [257/5528] n1024_9065505: 11193/15138
2026-02-04 21:39:33,726 - INFO - [258/5528] n1024_9061404: 10226/14004
2026-02-04 21:39:36,313 - INFO - [259/5528] n1024_9045006: 14395/19141
2026-02-04 21:39:38,089 - INFO - [260/5528] n1024_9069597: 9403/12603
2026-02-04 21:39:39,536 - INFO - [261/5528] n1024_9061396: 12334/16649
2026-02-04 21:39:40,525 - INFO - [262/5528] n1024_9061392: 11825/16915
2026-02-04 21:39:41,008 - INFO - [263/5528] n1024_9053214: 13115/17329
2026-02-04 21:39:43,664 - INFO - [264/5528] n1024_9053198: 13619/18491
2026-02-04 21:39:45,714 - INFO - [265/5528] n1024_9065474: 12428/17117
2026-02-04 21:39:47,446 - INFO - [266/5528] n1024_9061388: 11873/15907
2026-02-04 21:40:13,809 - INFO - [267/5528] n1024_9069591: 9978/13326
2026-02-04 21:40:19,873 - INFO - [268/5528] n1024_9057285: 13630/19323
2026-02-04 21:40:23,834 - INFO - [269/5528] n1024_9065479: 11660/16010
2026-02-04 21:40:58,320 - INFO - [270/5528] n1024_9069587: 11506/14852
2026-02-04 21:41:02,308 - INFO - [271/5528] n1024_9053206: 13657/18269
2026-02-04 21:41:05,829 - INFO - [272/5528] n1024_9065491: 12237/16332
2026-02-04 21:41:06,844 - INFO - [273/5528] n1024_9045018: 15727/20239
2026-02-04 21:41:22,111 - INFO - [274/5528] n1024_9053210: 13977/18706
2026-02-04 21:41:26,203 - INFO - [275/5528] n1024_9073688: 11016/14976
2026-02-04 21:41:37,185 - INFO - [276/5528] n1024_9065495: 12315/16418
2026-02-04 21:41:42,696 - INFO - [277/5528] n1024_9069571: 12011/15893
2026-02-04 21:41:42,844 - INFO - [278/5528] n1024_9073680: 10690/15006
2026-02-04 21:42:00,132 - INFO - [279/5528] n1024_9061380: 13611/19120
2026-02-04 21:42:01,327 - INFO - [280/5528] n1024_9065499: 13148/17070
2026-02-04 21:42:02,048 - INFO - [281/5528] n1024_9073697: 11165/15273
2026-02-04 21:42:12,390 - INFO - [282/5528] n1024_9073693: 10879/14226
2026-02-04 21:42:42,716 - INFO - [283/5528] n1024_9065483: 12700/17613
2026-02-04 21:42:47,981 - INFO - [284/5528] n1024_9069575: 12807/17145
2026-02-04 21:42:54,691 - INFO - [285/5528] n1024_9061400: 13962/18248
2026-02-04 21:43:18,673 - INFO - [286/5528] n1024_9077780: 10820/14787
2026-02-04 21:43:39,276 - INFO - [287/5528] n1024_9077792: 10342/14290
2026-02-04 21:43:47,033 - INFO - [288/5528] n1024_9073668: 12728/17403
2026-02-04 21:43:52,706 - INFO - [289/5528] n1024_9065487: 13805/20512
2026-02-04 21:43:55,802 - INFO - [290/5528] n1024_9073684: 12995/17581
2026-02-04 21:44:17,863 - INFO - [291/5528] n1024_9057289: 15925/21884
2026-02-04 21:44:26,905 - INFO - [292/5528] n1024_9057293: 15449/24020
2026-02-04 21:44:47,391 - INFO - [293/5528] n1024_9069579: 14665/20571
2026-02-04 21:44:49,975 - INFO - [294/5528] n1024_9081887: 10455/13634
2026-02-04 21:45:07,467 - INFO - [295/5528] n1024_9077772: 12469/17566
2026-02-04 21:45:16,659 - INFO - [296/5528] n1024_9077776: 12057/16007
2026-02-04 21:45:32,395 - INFO - [297/5528] n1024_9077788: 11905/15895
2026-02-04 21:45:38,192 - INFO - [298/5528] n1024_9081883: 11233/15302
2026-02-04 21:45:51,756 - INFO - [299/5528] n1024_9028639: 24037/30789
2026-02-04 21:45:52,353 - INFO - [300/5528] n1024_9077784: 13359/17368
2026-02-04 21:46:18,194 - INFO - [301/5528] n1024_9085973: 11493/15433
2026-02-04 21:46:18,729 - INFO - [302/5528] n1024_9077764: 14156/19440
2026-02-04 21:46:26,288 - INFO - [303/5528] n1024_9081879: 12057/16137
2026-02-04 21:46:34,367 - INFO - [304/5528] n1024_9090078: 10204/13544
2026-02-04 21:46:43,973 - INFO - [305/5528] n1024_9081863: 12968/17786
2026-02-04 21:46:52,868 - INFO - [306/5528] n1024_9085969: 11469/15898
2026-02-04 21:46:58,156 - INFO - [307/5528] n1024_9081867: 12635/17374
2026-02-04 21:47:01,509 - INFO - [308/5528] n1024_9081871: 12204/16434
2026-02-04 21:47:10,346 - INFO - [309/5528] n1024_9085965: 12088/16429
2026-02-04 21:47:17,207 - INFO - [310/5528] n1024_9094174: 10505/13519
2026-02-04 21:47:19,576 - INFO - [311/5528] n1024_9073676: 15000/21175
2026-02-04 21:47:24,573 - INFO - [312/5528] n1024_9085977: 12096/16748
2026-02-04 21:47:44,220 - INFO - [313/5528] n1024_9085981: 11424/15869
2026-02-04 21:47:51,197 - INFO - [314/5528] n1024_9090073: 11694/15809
2026-02-04 21:48:01,261 - INFO - [315/5528] n1024_9073672: 16231/22321
2026-02-04 21:48:01,984 - INFO - [316/5528] n1024_9081859: 13753/18866
2026-02-04 21:48:02,566 - INFO - [317/5528] n1024_9090049: 13122/17936
2026-02-04 21:48:08,055 - INFO - [318/5528] n1024_9069583: 17556/24518
2026-02-04 21:48:22,995 - INFO - [319/5528] n1024_9094144: 12590/17283
2026-02-04 21:48:25,328 - INFO - [320/5528] n1024_9085953: 13703/19001
2026-02-04 21:48:42,960 - INFO - [321/5528] n1024_9094168: 12009/15876
2026-02-04 21:48:54,563 - INFO - [322/5528] n1024_9085961: 13884/18616
2026-02-04 21:49:01,469 - INFO - [323/5528] n1024_9090053: 13336/17758
2026-02-04 21:49:02,363 - INFO - [324/5528] n1024_9098270: 11071/14771
2026-02-04 21:49:23,370 - INFO - [325/5528] n1024_9094152: 12996/17182
2026-02-04 21:49:28,628 - INFO - [326/5528] n1024_9081875: 13875/19065
2026-02-04 21:49:40,384 - INFO - [327/5528] n1024_9090057: 13569/17996
2026-02-04 21:49:57,856 - INFO - [328/5528] n1024_9110559: 9741/14240
2026-02-04 21:49:58,891 - INFO - [329/5528] n1024_9098257: 12685/16798
2026-02-04 21:50:05,966 - INFO - [330/5528] n1024_9090061: 14250/18088
2026-02-04 21:50:18,753 - INFO - [331/5528] n1024_9094164: 14017/18627
2026-02-04 21:50:40,350 - INFO - [332/5528] n1024_9094148: 14316/18636
2026-02-04 21:50:43,061 - INFO - [333/5528] n1024_9102365: 10812/15578
2026-02-04 21:50:44,683 - INFO - [334/5528] n1024_9098253: 12573/17384
2026-02-04 21:51:02,983 - INFO - [335/5528] n1024_9102337: 12432/17723
2026-02-04 21:51:05,133 - INFO - [336/5528] n1024_9106445: 11405/15148
2026-02-04 21:51:05,364 - INFO - [337/5528] n1024_9098261: 13938/17754
2026-02-04 21:51:05,668 - INFO - [338/5528] n1024_9098241: 14452/19633
2026-02-04 21:51:16,598 - INFO - [339/5528] n1024_9085957: 15328/21050
2026-02-04 21:51:16,656 - INFO - [340/5528] n1024_9102361: 12237/16448
2026-02-04 21:51:16,777 - INFO - [341/5528] n1024_9077768: 17934/24431
2026-02-04 21:51:21,459 - INFO - [342/5528] n1024_9102345: 12206/17421
2026-02-04 21:51:28,068 - INFO - [343/5528] n1024_9102357: 12660/16917
2026-02-04 21:51:32,859 - INFO - [344/5528] n1024_9106461: 11502/16017
2026-02-04 21:51:36,383 - INFO - [345/5528] n1024_9094156: 14348/18955
2026-02-04 21:51:44,288 - INFO - [346/5528] n1024_9110555: 10803/14430
2026-02-04 21:51:47,226 - INFO - [347/5528] n1024_9106453: 11885/15455
2026-02-04 21:51:58,503 - INFO - [348/5528] n1024_9098245: 14973/20078
2026-02-04 21:52:02,300 - INFO - [349/5528] n1024_9094160: 15350/21534
2026-02-04 21:52:04,069 - INFO - [350/5528] n1024_9114653: 9847/13385
2026-02-04 21:52:06,565 - INFO - [351/5528] n1024_9106441: 12354/16475
2026-02-04 21:52:19,606 - INFO - [352/5528] n1024_9114649: 10170/13649
2026-02-04 21:52:30,787 - INFO - [353/5528] n1024_9090065: 16139/21986
2026-02-04 21:52:32,303 - INFO - [354/5528] n1024_9102349: 13495/18264
2026-02-04 21:52:46,218 - INFO - [355/5528] n1024_9102353: 13713/18308
2026-02-04 21:52:56,763 - INFO - [356/5528] n1024_9110547: 12308/15826
2026-02-04 21:53:13,488 - INFO - [357/5528] n1024_9110535: 12446/16970
2026-02-04 21:53:22,847 - INFO - [358/5528] n1024_9106449: 13756/19034
2026-02-04 21:53:26,669 - INFO - [359/5528] n1024_9114645: 11428/14797
2026-02-04 21:53:34,748 - INFO - [360/5528] n1024_9110551: 12595/16152
2026-02-04 21:53:39,208 - INFO - [361/5528] n1024_9114633: 12085/16920
2026-02-04 21:53:44,545 - INFO - [362/5528] n1024_9098265: 15982/21607
2026-02-04 21:53:50,846 - INFO - [363/5528] n1024_9106433: 13326/19077
2026-02-04 21:54:19,370 - INFO - [364/5528] n1024_9122843: 9087/12075
2026-02-04 21:54:21,719 - INFO - [365/5528] n1024_9110531: 14139/19456
2026-02-04 21:54:22,404 - INFO - [366/5528] n1024_9110527: 14787/20050
2026-02-04 21:54:27,708 - INFO - [367/5528] n1024_9110543: 13276/17661
2026-02-04 21:54:31,637 - INFO - [368/5528] n1024_9114625: 12788/18578
2026-02-04 21:54:40,394 - INFO - [369/5528] n1024_9098249: 16424/21753
2026-02-04 21:55:00,550 - INFO - [370/5528] n1024_9114641: 12231/16802
2026-02-04 21:55:06,451 - INFO - [371/5528] n1024_9118735: 11567/15397
2026-02-04 21:55:37,560 - INFO - [372/5528] n1024_9122839: 10567/13863
2026-02-04 21:55:43,277 - INFO - [373/5528] n1024_9110539: 14466/19904
2026-02-04 21:55:57,236 - INFO - [374/5528] n1024_9118739: 12643/16318
2026-02-04 21:56:05,626 - INFO - [375/5528] n1024_9114637: 13540/18477
2026-02-04 21:56:08,743 - INFO - [376/5528] n1024_9118727: 12887/17625
2026-02-04 21:56:25,671 - INFO - [377/5528] n1024_9106437: 16111/22284
2026-02-04 21:56:29,915 - INFO - [378/5528] n1024_9118743: 11906/16297
2026-02-04 21:56:30,928 - INFO - [379/5528] n1024_9118731: 13049/17379
2026-02-04 21:56:46,451 - INFO - [380/5528] n1024_9102341: 17401/23989
2026-02-04 21:56:52,525 - INFO - [381/5528] n1024_9126941: 10351/15004
2026-02-04 21:56:59,511 - INFO - [382/5528] n1024_9126909: 12668/18346
2026-02-04 21:57:02,909 - INFO - [383/5528] n1024_9126933: 10901/14219
2026-02-04 21:58:48,091 - INFO - [384/5528] n1024_9131036: 9854/12832
2026-02-04 21:59:13,621 - INFO - [385/5528] n1024_9131032: 10812/14025
slurmstepd: error: *** JOB 229760 ON node113 CANCELLED AT 2026-02-05T01:21:11 ***
