ERROR: Unable to locate a modulefile for 'python/3.9'
ERROR: Unable to locate a modulefile for 'hdf5'
2026-02-05 18:55:33,346 - INFO - ======================================================================
2026-02-05 18:55:33,352 - INFO - VIRAC Extractor - Shard 1/32
2026-02-05 18:55:33,354 - INFO - ======================================================================
2026-02-05 18:55:33,359 - INFO - Total tiles in dataset: 22585
2026-02-05 18:55:33,363 - INFO - Tiles for this shard:   706
2026-02-05 18:55:33,367 - INFO - Workers: 32
2026-02-05 18:55:33,397 - INFO - Already completed: 95
2026-02-05 18:55:33,401 - INFO - Tiles to process:  611
2026-02-05 18:55:52,530 - INFO - [1/611] n256_528627: 25/2369
2026-02-05 18:59:33,638 - INFO - [2/611] n256_511226: 78/6622
2026-02-05 19:06:07,397 - INFO - [3/611] n1024_9163797: 4610/16169
2026-02-05 19:06:26,308 - INFO - [4/611] n1024_9262100: 121/12586
2026-02-05 19:07:12,535 - INFO - [5/611] n1024_9180175: 2836/16912
2026-02-05 19:07:31,608 - INFO - [6/611] n1024_9323535: 171/16242
2026-02-05 19:08:29,206 - INFO - [7/611] n1024_9282572: 151/16986
2026-02-05 19:08:46,592 - INFO - [8/611] n1024_9176080: 3286/20065
2026-02-05 19:09:47,500 - INFO - [9/611] n1024_9200650: 474/19294
2026-02-05 19:09:47,653 - INFO - [10/611] n1024_9278476: 125/16597
2026-02-05 19:10:05,371 - INFO - [11/611] n1024_9196555: 814/18858
2026-02-05 19:10:44,329 - INFO - [12/611] n1024_9274379: 149/19494
2026-02-05 19:11:22,531 - INFO - [13/611] n1024_9237499: 197/21277
2026-02-05 19:11:23,246 - INFO - [14/611] n1024_9331721: 155/18550
2026-02-05 19:11:24,312 - INFO - [15/611] n1024_9339914: 164/18467
2026-02-05 19:11:25,289 - INFO - [16/611] n1024_9262068: 180/23029
2026-02-05 19:11:30,071 - INFO - [17/611] n1024_9303042: 153/20508
2026-02-05 19:11:30,103 - INFO - [18/611] n1024_9184270: 2243/21552
2026-02-05 19:11:42,925 - INFO - [19/611] n1024_9217025: 187/20300
2026-02-05 19:12:57,868 - INFO - [20/611] n1024_9298939: 209/23382
2026-02-05 19:13:01,053 - INFO - [21/611] n1024_9221120: 184/20274
2026-02-05 19:13:18,301 - INFO - [22/611] n1024_9245688: 175/23432
2026-02-05 19:13:37,663 - INFO - [23/611] n256_552223: 17/6716
2026-02-05 19:14:20,089 - INFO - [24/611] n1024_9307145: 172/21247
2026-02-05 19:14:20,121 - INFO - [25/611] n1024_9204745: 147/21896
2026-02-05 19:14:24,437 - INFO - [26/611] n1024_9225215: 197/21861
2026-02-05 19:14:59,343 - INFO - [27/611] n1024_9257973: 156/23428
2026-02-05 19:15:55,461 - INFO - [28/611] n1024_9241593: 171/23144
2026-02-05 19:16:40,412 - INFO - [29/611] n256_558370: 37/9073
2026-02-05 19:26:48,178 - INFO - [30/611] n256_557341: 55/26639
2026-02-05 19:27:07,473 - INFO - [31/611] n256_564508: 44/27809
2026-02-05 19:28:29,410 - INFO - [32/611] n256_574749: 35/25318
2026-02-05 19:30:14,871 - INFO - [33/611] n256_542996: 103/41382
2026-02-05 19:31:12,322 - INFO - [34/611] n256_569627: 70/38401
2026-02-05 19:31:16,968 - INFO - [35/611] n256_541936: 106/50048
2026-02-05 19:34:47,328 - INFO - [36/611] n256_577815: 56/40394
2026-02-05 19:42:12,272 - INFO - [37/611] n256_563478: 80/60896
2026-02-05 19:43:38,193 - INFO - [38/611] n256_556312: 57/67869
2026-02-05 19:44:43,972 - INFO - [39/611] n256_568597: 58/62976
2026-02-05 19:47:32,860 - INFO - [40/611] n256_545043: 91/75921
2026-02-05 19:47:42,056 - INFO - [41/611] n256_551188: 106/69955
2026-02-05 19:47:42,458 - INFO - [42/611] n256_573717: 61/58407
2026-02-05 19:49:05,850 - INFO - [43/611] n256_517372: 263/95760
2026-02-05 19:50:43,742 - INFO - [44/611] n256_555282: 652/77990
2026-02-05 19:51:13,488 - INFO - [45/611] n256_580885: 14/50196
2026-02-05 19:51:48,855 - INFO - [46/611] n256_538895: 1149/97768
2026-02-05 19:53:52,763 - INFO - [47/611] n256_520447: 260/104645
2026-02-05 19:54:43,419 - INFO - [48/611] n256_584982: 11/43347
2026-02-05 19:58:33,547 - INFO - [49/611] n256_590047: 3/54040
2026-02-05 19:59:22,118 - INFO - [50/611] n256_530677: 242/106800
2026-02-05 19:59:45,173 - INFO - [51/611] n256_525565: 1287/134439
2026-02-05 20:00:55,434 - INFO - [52/611] n256_599319: 2/25940
2026-02-05 20:01:00,945 - INFO - [53/611] n256_592152: 3/29952
2026-02-05 20:01:31,352 - INFO - [54/611] n256_562449: 89/95399
2026-02-05 20:03:17,085 - INFO - [55/611] n256_595222: 6/36816
2026-02-05 20:05:02,916 - INFO - [56/611] n256_572687: 720/103768
2026-02-05 20:05:37,949 - INFO - [57/611] n256_588048: 18/72825
2026-02-05 20:09:51,693 - INFO - [58/611] n256_547086: 8891/120294
2026-02-05 20:10:01,705 - INFO - [59/611] n256_605459: 2/32227
2026-02-05 20:10:07,836 - INFO - [60/611] n256_576783: 49/106625
2026-02-05 20:10:24,151 - INFO - [61/611] n256_604432: 1/42701
2026-02-05 20:11:46,203 - INFO - [62/611] n256_583951: 8/83936
2026-02-05 20:11:51,588 - INFO - [63/611] n256_614675: 0/4730
2026-02-05 20:12:29,427 - INFO - [64/611] n256_603406: 1/49265
2026-02-05 20:14:15,585 - INFO - [65/611] n256_598286: 2/53559
2026-02-05 20:15:17,779 - INFO - [66/611] n256_554254: 7696/123268
2026-02-05 20:15:31,045 - INFO - [67/611] n256_535820: 9505/138102
2026-02-05 20:15:47,219 - INFO - [68/611] n256_591119: 2/68671
2026-02-05 20:16:51,548 - INFO - [69/611] n256_594189: 0/74994
2026-02-05 20:17:04,954 - INFO - [70/611] n256_532731: 234/154500
2026-02-05 20:17:21,923 - INFO - [71/611] n256_606479: 1/50488
2026-02-05 20:17:58,568 - INFO - [72/611] n256_550155: 86/152671
2026-02-05 20:18:12,097 - INFO - [73/611] n256_567566: 68/121144
2026-02-05 20:18:59,177 - INFO - [74/611] n256_571625: 68/132080
2026-02-05 20:20:31,602 - INFO - [75/611] n256_607500: 2/50435
2026-02-05 20:24:21,892 - INFO - [76/611] n256_561421: 75/133693
2026-02-05 20:25:36,481 - INFO - [77/611] n256_627931: 0/25981
2026-02-05 20:26:53,858 - INFO - [78/611] n256_582884: 23/132939
2026-02-05 20:26:54,550 - INFO - [79/611] n256_615693: 0/40349
2026-02-05 20:27:47,941 - INFO - [80/611] n256_579850: 101/152494
2026-02-05 20:28:21,799 - INFO - [81/611] n256_622863: 0/29035
2026-02-05 20:30:10,023 - INFO - [82/611] n256_608521: 0/66872
2026-02-05 20:30:15,460 - INFO - [83/611] n256_623884: 0/33146
2026-02-05 20:32:48,213 - INFO - [84/611] n256_609543: 0/86316
2026-02-05 20:32:50,307 - INFO - [85/611] n256_597256: 3/109700
2026-02-05 20:34:35,561 - INFO - [86/611] n256_602375: 1/88059
2026-02-05 20:34:47,194 - INFO - [87/611] n256_560395: 4202/155415
2026-02-05 20:35:05,793 - INFO - [88/611] n256_627975: 0/36725
2026-02-05 20:35:33,849 - INFO - [89/611] n256_616710: 0/61851
2026-02-05 20:38:29,961 - INFO - [90/611] n256_638220: 0/6786
2026-02-05 20:42:04,561 - INFO - [91/611] n256_587016: 7/150366
2026-02-05 20:46:36,610 - INFO - [92/611] n256_633093: 0/37621
2026-02-05 20:47:21,959 - INFO - [93/611] n256_631044: 0/42033
2026-02-05 20:48:22,557 - INFO - [94/611] n256_635139: 0/39200
2026-02-05 20:49:01,301 - INFO - [95/611] n256_614617: 0/84262
2026-02-05 20:49:07,989 - INFO - [96/611] n256_617731: 0/91742
2026-02-05 20:49:38,872 - INFO - [97/611] n256_624899: 0/77569
2026-02-05 20:51:01,432 - INFO - [98/611] n256_610562: 0/114757
2026-02-05 20:51:11,766 - INFO - [99/611] n256_601312: 1/126938
2026-02-05 20:55:12,611 - INFO - [100/611] n256_628989: 0/83310
2026-02-05 20:56:12,063 - INFO - [101/611] n256_612575: 0/113876
2026-02-05 20:56:19,423 - INFO - [102/611] n256_621797: 0/90247
2026-02-05 20:57:04,231 - INFO - [103/611] n256_613597: 1/118056
2026-02-05 20:57:06,333 - INFO - [104/611] n256_643336: 0/17603
2026-02-05 20:58:55,188 - INFO - [105/611] n256_640257: 0/39292
2026-02-05 21:01:32,456 - INFO - [106/611] n256_637182: 0/73276
2026-02-05 21:01:58,456 - INFO - [107/611] n256_611555: 0/137687
2026-02-05 21:03:23,850 - INFO - [108/611] n256_641260: 0/41630
2026-02-05 21:03:34,500 - INFO - [109/611] n256_622815: 0/115247
2026-02-05 21:04:01,106 - INFO - [110/611] n256_618752: 0/118438
2026-02-05 21:05:13,987 - INFO - [111/611] n256_648455: 0/20141
2026-02-05 21:05:54,494 - INFO - [112/611] n256_653574: 0/5243
2026-02-05 21:06:21,122 - INFO - [113/611] n256_650487: 0/26998
2026-02-05 21:07:03,210 - INFO - [114/611] n256_631003: 0/114204
2026-02-05 21:07:34,209 - INFO - [115/611] n256_646399: 0/30601
2026-02-05 21:07:34,823 - INFO - [116/611] n256_649471: 0/27223
2026-02-05 21:09:27,498 - INFO - [117/611] n256_634101: 0/100140
2026-02-05 21:10:59,269 - INFO - [118/611] n256_644347: 0/64065
2026-02-05 21:11:24,542 - INFO - [119/611] n256_626920: 0/111380
2026-02-05 21:11:24,983 - INFO - [120/611] n256_619774: 0/136817
2026-02-05 21:11:58,136 - INFO - [121/611] n256_654596: 0/18226
2026-02-05 21:12:16,120 - INFO - [122/611] n256_625914: 0/124145
2026-02-05 21:12:16,173 - INFO - [123/611] n256_639221: 0/92686
2026-02-05 21:12:30,461 - INFO - [124/611] n256_642297: 0/57219
2026-02-05 21:13:00,847 - INFO - [125/611] n256_636146: 0/91358
2026-02-05 21:13:08,955 - INFO - [126/611] n256_658613: 0/21068
2026-02-05 21:14:24,398 - INFO - [127/611] n256_632054: 0/108845
2026-02-05 21:14:32,431 - INFO - [128/611] n256_655618: 0/24948
2026-02-05 21:14:46,812 - INFO - [129/611] n256_656640: 0/19411
2026-02-05 21:15:08,882 - INFO - [130/611] n256_620795: 0/142578
2026-02-05 21:16:11,210 - INFO - [131/611] n256_630001: 0/117586
2026-02-05 21:19:45,050 - INFO - [132/611] n256_642261: 0/92008
2026-02-05 21:19:49,900 - INFO - [133/611] n256_637146: 0/133945
2026-02-05 21:20:48,678 - INFO - [134/611] n256_638188: 0/113522
2026-02-05 21:21:01,785 - INFO - [135/611] n256_647397: 0/79420
2026-02-05 21:22:16,179 - INFO - [136/611] n256_633055: 0/148200
2026-02-05 21:23:21,220 - INFO - [137/611] n256_646356: 0/80317
2026-02-05 21:28:10,310 - INFO - [138/611] n256_684463: 0/19651
2026-02-05 21:28:37,359 - INFO - [139/611] n256_648408: 0/87850
2026-02-05 21:29:49,656 - INFO - [140/611] n256_635102: 0/175559
2026-02-05 21:32:11,298 - INFO - [141/611] n256_643298: 0/142187
2026-02-05 21:32:20,561 - INFO - [142/611] n256_645348: 0/139791
2026-02-05 21:34:22,338 - INFO - [143/611] n256_640222: 0/171480
2026-02-05 21:34:52,940 - INFO - [144/611] n256_653519: 0/104942
2026-02-05 21:34:56,735 - INFO - [145/611] n256_659625: 0/104491
2026-02-05 21:36:01,915 - INFO - [146/611] n256_663618: 0/91815
2026-02-05 21:36:06,423 - INFO - [147/611] n256_661644: 0/102035
2026-02-05 21:36:08,614 - INFO - [148/611] n256_678026: 0/98960
2026-02-05 21:36:24,746 - INFO - [149/611] n256_652501: 0/121534
2026-02-05 21:36:59,309 - INFO - [150/611] n256_676171: 0/95439
2026-02-05 21:37:17,999 - INFO - [151/611] n256_681716: 0/102152
2026-02-05 21:37:24,562 - INFO - [152/611] n256_673341: 0/113591
2026-02-05 21:37:53,801 - INFO - [153/611] n256_689785: 0/77993
2026-02-05 21:38:10,545 - INFO - [154/611] n256_675218: 0/105223
2026-02-05 21:38:15,910 - INFO - [155/611] n256_679896: 0/104762
2026-02-05 21:38:16,686 - INFO - [156/611] n256_707348: 0/120
2026-02-05 21:38:51,005 - INFO - [157/611] n256_696707: 0/33036
2026-02-05 21:39:08,869 - INFO - [158/611] n256_667550: 0/126043
2026-02-05 21:39:38,649 - INFO - [159/611] n256_665608: 0/137809
2026-02-05 21:40:40,477 - INFO - [160/611] n256_669507: 0/125003
2026-02-05 21:40:42,515 - INFO - [161/611] n256_671416: 0/111516
2026-02-05 21:40:56,824 - INFO - [162/611] n256_664615: 0/126559
2026-02-05 21:41:09,830 - INFO - [163/611] n256_660635: 0/139287
2026-02-05 21:41:21,256 - INFO - [164/611] n256_712839: 0/3451
2026-02-05 21:42:06,536 - INFO - [165/611] n256_668530: 0/139581
2026-02-05 21:42:10,319 - INFO - [166/611] n256_688038: 0/124805
2026-02-05 21:44:33,938 - INFO - [167/611] n256_692423: 0/91700
2026-02-05 21:44:49,359 - INFO - [168/611] n256_686242: 0/108346
2026-02-05 21:44:51,137 - INFO - [169/611] n256_702511: 0/62553
2026-02-05 21:45:05,527 - INFO - [170/611] n256_651484: 0/176027
2026-02-05 21:45:06,355 - INFO - [171/611] n256_672380: 0/180362
2026-02-05 21:45:51,190 - INFO - [172/611] n256_694130: 0/100856
2026-02-05 21:46:23,569 - INFO - [173/611] n256_690668: 0/111638
2026-02-05 21:46:59,608 - INFO - [174/611] n256_682636: 0/137717
2026-02-05 21:48:18,044 - INFO - [175/611] n256_694993: 0/107720
2026-02-05 21:49:10,849 - INFO - [176/611] n256_703333: 0/75316
2026-02-05 21:49:47,188 - INFO - [177/611] n256_698373: 0/90503
2026-02-05 21:50:16,657 - INFO - [178/611] n256_691548: 0/155911
2026-02-05 21:50:18,734 - INFO - [179/611] n256_700887: 0/115641
2026-02-05 21:50:24,054 - INFO - [180/611] n256_687142: 0/173081
2026-02-05 21:50:27,261 - INFO - [181/611] n256_714338: 0/79760
2026-02-05 21:50:29,892 - INFO - [182/611] n256_728054: 0/991
2026-02-05 21:50:51,057 - INFO - [183/611] n256_708145: 0/85714
2026-02-05 21:51:57,026 - INFO - [184/611] n256_683552: 0/174575
2026-02-05 21:52:01,067 - INFO - [185/611] n256_678963: 0/202390
2026-02-05 21:52:12,629 - INFO - [186/611] n256_695852: 0/128187
2026-02-05 21:52:18,672 - INFO - [187/611] n256_715852: 0/77677
2026-02-05 21:52:19,785 - INFO - [188/611] n256_715097: 0/90697
2026-02-05 21:52:43,453 - INFO - [189/611] n256_708938: 0/98136
2026-02-05 21:52:49,478 - INFO - [190/611] n256_732733: 0/2101
2026-02-05 21:53:46,439 - INFO - [191/611] n256_699215: 0/111828
2026-02-05 21:53:54,974 - INFO - [192/611] n256_709727: 0/101962
2026-02-05 21:54:24,226 - INFO - [193/611] n256_733946: 0/4962
2026-02-05 21:55:41,009 - INFO - [194/611] n256_734595: 0/15915
2026-02-05 21:55:47,423 - INFO - [195/611] n256_712067: 0/115309
2026-02-05 21:56:46,491 - INFO - [196/611] n256_710511: 0/118234
2026-02-05 21:56:56,218 - INFO - [197/611] n256_721017: 0/81423
2026-02-05 21:57:30,373 - INFO - [198/611] n256_728022: 0/63102
2026-02-05 21:57:47,198 - INFO - [199/611] n256_711291: 0/120220
2026-02-05 21:58:09,219 - INFO - [200/611] n256_704151: 0/147728
2026-02-05 21:58:25,217 - INFO - [201/611] n256_704964: 0/132390
2026-02-05 21:58:33,106 - INFO - [202/611] n256_731380: 0/62207
2026-02-05 21:58:58,522 - INFO - [203/611] n256_717349: 0/111511
2026-02-05 21:59:08,407 - INFO - [204/611] n256_718091: 0/111759
2026-02-05 21:59:09,063 - INFO - [205/611] n256_720292: 0/97970
2026-02-05 21:59:19,928 - INFO - [206/611] n256_727342: 0/86293
2026-02-05 21:59:36,011 - INFO - [207/611] n256_719563: 0/110064
2026-02-05 21:59:43,913 - INFO - [208/611] n256_721737: 0/102647
2026-02-05 22:00:00,966 - INFO - [209/611] n256_732701: 0/73244
2026-02-05 22:00:03,763 - INFO - [210/611] n256_730724: 0/71163
2026-02-05 22:00:09,600 - INFO - [211/611] n256_735230: 0/41358
2026-02-05 22:00:48,580 - INFO - [212/611] n256_726658: 0/85907
2026-02-05 22:01:14,108 - INFO - [213/611] n256_718829: 0/119598
2026-02-05 22:01:28,119 - INFO - [214/611] n256_725969: 0/97333
2026-02-05 22:01:43,519 - INFO - [215/611] n256_735270: 0/48556
2026-02-05 22:01:50,922 - INFO - [216/611] n256_729399: 0/90827
2026-02-05 22:01:51,902 - INFO - [217/611] n256_735877: 0/37439
2026-02-05 22:01:58,730 - INFO - [218/611] n256_724576: 0/109740
2026-02-05 22:02:45,668 - INFO - [219/611] n256_732061: 0/83027
2026-02-05 22:03:09,894 - INFO - [220/611] n256_722453: 0/129025
2026-02-05 22:03:12,676 - INFO - [221/611] n256_736513: 0/40729
2026-02-05 22:03:35,166 - INFO - [222/611] n256_730064: 0/94107
2026-02-05 22:03:47,565 - INFO - [223/611] n256_725275: 0/111961
2026-02-05 22:04:34,651 - INFO - [224/611] n256_723165: 0/144163
2026-02-05 22:05:21,372 - INFO - [225/611] n256_737147: 0/46986
2026-02-05 22:05:38,604 - INFO - [226/611] n256_740900: 0/20773
slurmstepd: error: *** JOB 233196 ON node091 CANCELLED AT 2026-02-05T22:05:55 ***
slurmstepd: error: Detected 7 oom-kill event(s) in StepId=233196.batch. Some of your processes may have been killed by the cgroup out-of-memory handler.
