ERROR: Unable to locate a modulefile for 'python/3.9'
ERROR: Unable to locate a modulefile for 'hdf5'
2026-02-05 18:55:33,550 - INFO - ======================================================================
2026-02-05 18:55:33,551 - INFO - VIRAC Extractor - Shard 4/32
2026-02-05 18:55:33,552 - INFO - ======================================================================
2026-02-05 18:55:33,553 - INFO - Total tiles in dataset: 22585
2026-02-05 18:55:33,554 - INFO - Tiles for this shard:   706
2026-02-05 18:55:33,554 - INFO - Workers: 32
2026-02-05 18:55:33,566 - INFO - Already completed: 122
2026-02-05 18:55:33,567 - INFO - Tiles to process:  584
2026-02-05 18:56:53,562 - INFO - [1/584] n256_549101: 138/15055
2026-02-05 18:57:06,632 - INFO - [2/584] n1024_9327615: 2897/17127
2026-02-05 18:57:47,265 - INFO - [3/584] n256_569630: 243/24201
2026-02-05 18:57:58,901 - INFO - [4/584] n1024_9319431: 2918/20537
2026-02-05 18:58:03,850 - INFO - [5/584] n1024_9360393: 904/18515
2026-02-05 18:58:15,089 - INFO - [6/584] n1024_9298942: 4263/23484
2026-02-05 18:58:52,193 - INFO - [7/584] n256_512250: 872/28485
2026-02-05 18:58:56,104 - INFO - [8/584] n1024_9294841: 4816/25789
2026-02-05 18:59:48,266 - INFO - [9/584] n256_563481: 361/37403
2026-02-05 19:00:14,932 - INFO - [10/584] n256_573720: 380/40081
2026-02-05 19:00:53,420 - INFO - [11/584] n256_568600: 432/45928
2026-02-05 19:01:29,828 - INFO - [12/584] n256_556315: 442/47149
2026-02-05 19:01:54,457 - INFO - [13/584] n256_584985: 899/32921
2026-02-05 19:02:17,516 - INFO - [14/584] n256_580888: 330/38924
2026-02-05 19:02:23,714 - INFO - [15/584] n256_595225: 27/4719
2026-02-05 19:03:41,354 - INFO - [16/584] n256_555285: 577/70469
2026-02-05 19:05:23,086 - INFO - [17/584] n256_588051: 367/49702
2026-02-05 19:05:56,711 - INFO - [18/584] n256_583954: 475/63189
2026-02-05 19:06:22,342 - INFO - [19/584] n256_591122: 319/55040
2026-02-05 19:06:39,992 - INFO - [20/584] n256_572690: 644/78299
2026-02-05 19:06:49,076 - INFO - [21/584] n256_576786: 631/79130
2026-02-05 19:07:54,040 - INFO - [22/584] n256_567569: 784/97014
2026-02-05 19:07:57,856 - INFO - [23/584] n256_605462: 49/9796
2026-02-05 19:08:11,414 - INFO - [24/584] n256_547089: 1924/98361
2026-02-05 19:08:21,276 - INFO - [25/584] n256_554257: 1609/93057
2026-02-05 19:08:21,922 - INFO - [26/584] n256_594192: 307/53433
2026-02-05 19:08:26,431 - INFO - [27/584] n256_598289: 277/45333
2026-02-05 19:08:35,996 - INFO - [28/584] n256_539889: 864/103538
2026-02-05 19:08:41,991 - INFO - [29/584] n256_562452: 766/141076
2026-02-05 19:08:57,951 - INFO - [30/584] n256_561424: 784/97302
2026-02-05 19:10:16,261 - INFO - [31/584] n256_543984: 1945/114769
2026-02-05 19:10:36,440 - INFO - [32/584] n256_523516: 3797/126613
2026-02-05 19:10:45,297 - INFO - [33/584] n256_603409: 172/37963
2026-02-05 19:10:49,910 - INFO - [34/584] n256_575717: 793/119032
2026-02-05 19:10:51,857 - INFO - [35/584] n256_604435: 137/31804
2026-02-05 19:10:54,308 - INFO - [36/584] n256_579853: 739/99608
2026-02-05 19:11:11,672 - INFO - [37/584] n256_528630: 861/118721
2026-02-05 19:11:34,163 - INFO - [38/584] n256_530680: 4097/138204
2026-02-05 19:11:56,806 - INFO - [39/584] n256_606482: 123/30913
2026-02-05 19:11:58,710 - INFO - [40/584] n256_559340: 8351/130678
2026-02-05 19:12:16,224 - INFO - [41/584] n256_566506: 851/129280
2026-02-05 19:12:40,016 - INFO - [42/584] n256_593119: 668/105057
2026-02-05 19:12:40,045 - INFO - [43/584] n256_597259: 384/80555
2026-02-05 19:12:42,833 - INFO - [44/584] n256_607503: 183/39167
2026-02-05 19:12:43,181 - INFO - [45/584] n256_560398: 1202/126572
2026-02-05 19:12:46,144 - INFO - [46/584] n256_525568: 894/131916
2026-02-05 19:12:50,429 - INFO - [47/584] n256_550158: 838/115572
2026-02-05 19:13:36,005 - INFO - [48/584] n256_541939: 927/132570
2026-02-05 19:14:04,790 - INFO - [49/584] n256_571659: 2791/141978
2026-02-05 19:14:10,000 - INFO - [50/584] n256_615696: 81/29274
2026-02-05 19:14:17,355 - INFO - [51/584] n256_608524: 190/49647
2026-02-05 19:14:21,627 - INFO - [52/584] n256_602378: 272/77000
2026-02-05 19:14:49,708 - INFO - [53/584] n256_587019: 617/116135
2026-02-05 19:15:13,338 - INFO - [54/584] n256_623887: 84/26616
2026-02-05 19:15:36,159 - INFO - [55/584] n256_609546: 195/62051
2026-02-05 19:15:54,876 - INFO - [56/584] n256_627978: 66/29589
2026-02-05 19:16:01,299 - INFO - [57/584] n256_600284: 420/97248
2026-02-05 19:16:50,691 - INFO - [58/584] n256_616713: 159/49890
2026-02-05 19:18:19,990 - INFO - [59/584] n256_617734: 180/63464
2026-02-05 19:18:24,327 - INFO - [60/584] n256_624902: 125/47514
2026-02-05 19:18:32,898 - INFO - [61/584] n256_633096: 50/28594
2026-02-05 19:18:46,398 - INFO - [62/584] n256_610565: 268/83151
2026-02-05 19:18:47,050 - INFO - [63/584] n256_631047: 97/36862
2026-02-05 19:18:55,850 - INFO - [64/584] n256_590051: 714/164874
2026-02-05 19:18:59,026 - INFO - [65/584] n256_615639: 195/73267
2026-02-05 19:19:01,742 - INFO - [66/584] n256_582920: 849/163759
2026-02-05 19:20:09,071 - INFO - [67/584] n256_635142: 80/35628
2026-02-05 19:21:00,167 - INFO - [68/584] n256_628992: 199/68935
2026-02-05 19:21:05,443 - INFO - [69/584] n256_618755: 222/90647
2026-02-05 19:22:24,348 - INFO - [70/584] n256_640260: 50/30597
2026-02-05 19:22:59,874 - INFO - [71/584] n256_601316: 470/145203
2026-02-05 19:23:02,448 - INFO - [72/584] n256_637185: 68/40453
2026-02-05 19:23:06,770 - INFO - [73/584] n256_619777: 221/112312
2026-02-05 19:23:08,950 - INFO - [74/584] n256_614620: 300/108977
2026-02-05 19:23:35,766 - INFO - [75/584] n256_613600: 302/119730
2026-02-05 19:24:08,719 - INFO - [76/584] n256_645360: 15/11398
2026-02-05 19:24:21,717 - INFO - [77/584] n256_611586: 283/119045
2026-02-05 19:24:46,648 - INFO - [78/584] n256_627934: 202/106982
2026-02-05 19:25:08,030 - INFO - [79/584] n256_634104: 140/81390
2026-02-05 19:25:10,206 - INFO - [80/584] n256_620798: 252/119386
2026-02-05 19:25:16,576 - INFO - [81/584] n256_612578: 327/134027
2026-02-05 19:25:27,624 - INFO - [82/584] n256_636149: 141/82569
2026-02-05 19:25:31,686 - INFO - [83/584] n256_623838: 256/129423
2026-02-05 19:25:42,076 - INFO - [84/584] n256_644307: 56/65508
2026-02-05 19:25:43,741 - INFO - [85/584] n256_622818: 235/121811
2026-02-05 19:25:57,348 - INFO - [86/584] n256_642300: 75/46157
2026-02-05 19:26:09,624 - INFO - [87/584] n256_625917: 194/107771
2026-02-05 19:26:09,717 - INFO - [88/584] n256_657600: 1/4800
2026-02-05 19:26:13,312 - INFO - [89/584] n256_646402: 44/28266
2026-02-05 19:26:24,916 - INFO - [90/584] n256_655563: 5/10421
2026-02-05 19:26:30,764 - INFO - [91/584] n256_632057: 168/102651
2026-02-05 19:26:42,130 - INFO - [92/584] n256_644350: 37/34973
2026-02-05 19:26:51,684 - INFO - [93/584] n256_655621: 9/10915
2026-02-05 19:27:03,309 - INFO - [94/584] n256_639224: 83/65735
2026-02-05 19:27:07,069 - INFO - [95/584] n256_649474: 24/28769
2026-02-05 19:27:28,326 - INFO - [96/584] n256_669510: 3/4141
2026-02-05 19:28:21,287 - INFO - [97/584] n256_641263: 102/80522
2026-02-05 19:28:28,339 - INFO - [98/584] n256_637149: 138/101654
2026-02-05 19:28:31,959 - INFO - [99/584] n256_639191: 108/95593
2026-02-05 19:28:56,339 - INFO - [100/584] n256_631006: 173/135364
2026-02-05 19:29:15,887 - INFO - [101/584] n256_630004: 197/146980
2026-02-05 19:29:34,799 - INFO - [102/584] n256_665611: 26/35000
2026-02-05 19:29:57,481 - INFO - [103/584] n256_647412: 55/61356
2026-02-05 19:30:14,198 - INFO - [104/584] n256_642264: 123/96853
2026-02-05 19:30:16,194 - INFO - [105/584] n256_626931: 210/141755
2026-02-05 19:30:28,981 - INFO - [106/584] n256_673344: 9/20867
2026-02-05 19:30:51,983 - INFO - [107/584] n256_650490: 51/75820
2026-02-05 19:30:52,350 - INFO - [108/584] n256_621818: 294/147208
2026-02-05 19:30:54,135 - INFO - [109/584] n256_638191: 115/113191
2026-02-05 19:31:04,293 - INFO - [110/584] n256_646359: 64/77851
2026-02-05 19:32:41,006 - INFO - [111/584] n256_649424: 75/82787
2026-02-05 19:35:12,113 - INFO - [112/584] n256_640227: 146/153210
2026-02-05 19:35:40,928 - INFO - [113/584] n256_643301: 92/130037
2026-02-05 19:36:31,483 - INFO - [114/584] n256_688041: 22/51119
2026-02-05 19:36:32,414 - INFO - [115/584] n256_654543: 53/95503
2026-02-05 19:37:05,511 - INFO - [116/584] n256_653522: 65/91438
2026-02-05 19:37:24,590 - INFO - [117/584] n256_659628: 60/114527
2026-02-05 19:37:41,346 - INFO - [118/584] n256_679899: 37/69771
2026-02-05 19:37:46,705 - INFO - [119/584] n256_652504: 51/100606
2026-02-05 19:37:51,113 - INFO - [120/584] n256_658616: 53/102420
2026-02-05 19:38:39,202 - INFO - [121/584] n256_661647: 54/123043
2026-02-05 19:38:52,988 - INFO - [122/584] n256_633058: 238/209873
2026-02-05 19:38:55,185 - INFO - [123/584] n256_660638: 55/113401
2026-02-05 19:39:09,401 - INFO - [124/584] n256_635105: 202/208673
2026-02-05 19:39:22,879 - INFO - [125/584] n256_672383: 53/98055
2026-02-05 19:39:40,579 - INFO - [126/584] n256_685342: 24/83951
2026-02-05 19:39:46,989 - INFO - [127/584] n256_676174: 40/103065
2026-02-05 19:39:56,796 - INFO - [128/584] n256_651487: 61/136139
2026-02-05 19:40:12,441 - INFO - [129/584] n256_663621: 52/135476
2026-02-05 19:41:30,257 - INFO - [130/584] n256_664618: 53/125676
2026-02-05 19:41:51,311 - INFO - [131/584] n256_700890: 6/30401
2026-02-05 19:42:06,215 - INFO - [132/584] n256_678029: 45/125786
2026-02-05 19:42:58,740 - INFO - [133/584] n256_667553: 65/144133
2026-02-05 19:43:19,136 - INFO - [134/584] n256_648411: 74/162738
2026-02-05 19:44:08,392 - INFO - [135/584] n256_671419: 58/146358
2026-02-05 19:44:15,595 - INFO - [136/584] n256_683555: 38/119422
2026-02-05 19:44:30,816 - INFO - [137/584] n256_668533: 61/145659
2026-02-05 19:44:32,374 - INFO - [138/584] n256_689788: 23/102404
2026-02-05 19:45:04,282 - INFO - [139/584] n256_681719: 31/124259
2026-02-05 19:45:19,262 - INFO - [140/584] n256_693266: 19/71472
2026-02-05 19:45:22,813 - INFO - [141/584] n256_694133: 10/76558
2026-02-05 19:45:47,467 - INFO - [142/584] n256_712070: 5/24740
2026-02-05 19:45:53,686 - INFO - [143/584] n256_678967: 47/137498
2026-02-05 19:46:06,107 - INFO - [144/584] n256_675221: 52/156121
2026-02-05 19:46:18,885 - INFO - [145/584] n256_705777: 14/55687
2026-02-05 19:47:09,642 - INFO - [146/584] n256_697529: 12/79653
2026-02-05 19:47:19,707 - INFO - [147/584] n256_702514: 14/68106
2026-02-05 19:47:42,238 - INFO - [148/584] n256_686245: 43/152788
2026-02-05 19:47:51,672 - INFO - [149/584] n256_682639: 42/146895
2026-02-05 19:48:22,887 - INFO - [150/584] n256_687145: 39/149573
2026-02-05 19:48:38,186 - INFO - [151/584] n256_694996: 20/94344
2026-02-05 19:48:43,256 - INFO - [152/584] n256_695855: 17/116234
2026-02-05 19:48:59,993 - INFO - [153/584] n256_707351: 7/75196
2026-02-05 19:49:46,373 - INFO - [154/584] n256_690671: 26/126203
2026-02-05 19:50:30,045 - INFO - [155/584] n256_708148: 10/89684
2026-02-05 19:50:52,396 - INFO - [156/584] n256_713577: 4/67033
2026-02-05 19:50:52,668 - INFO - [157/584] n256_708941: 13/74012
2026-02-05 19:51:08,418 - INFO - [158/584] n256_691551: 26/150686
2026-02-05 19:52:01,023 - INFO - [159/584] n256_704154: 12/103117
2026-02-05 19:52:02,563 - INFO - [160/584] n256_698376: 15/116765
2026-02-05 19:53:04,847 - INFO - [161/584] n256_699218: 7/134415
2026-02-05 19:53:09,716 - INFO - [162/584] n256_700056: 15/123232
2026-02-05 19:54:23,727 - INFO - [163/584] n256_714341: 6/94351
2026-02-05 19:54:42,806 - INFO - [164/584] n256_715100: 10/92743
2026-02-05 19:56:03,384 - INFO - [165/584] n256_703336: 14/142994
2026-02-05 19:56:05,179 - INFO - [166/584] n256_728700: 0/49648
2026-02-05 19:56:10,231 - INFO - [167/584] n256_733986: 0/869
2026-02-05 19:56:17,749 - INFO - [168/584] n256_734598: 0/1072
2026-02-05 19:56:24,124 - INFO - [169/584] n256_711294: 8/110457
2026-02-05 19:56:39,067 - INFO - [170/584] n256_715855: 6/99819
2026-02-05 19:56:44,300 - INFO - [171/584] n256_716606: 8/106216
2026-02-05 19:56:53,222 - INFO - [172/584] n256_704967: 23/140235
2026-02-05 19:57:46,491 - INFO - [173/584] n256_709730: 13/130788
2026-02-05 19:57:55,619 - INFO - [174/584] n256_733289: 1/28358
2026-02-05 19:58:48,750 - INFO - [175/584] n256_731415: 1/53139
2026-02-05 19:59:02,220 - INFO - [176/584] n256_718094: 3/108504
2026-02-05 19:59:16,958 - INFO - [177/584] n256_717352: 7/110231
2026-02-05 19:59:46,414 - INFO - [178/584] n256_731383: 4/69194
2026-02-05 20:00:26,281 - INFO - [179/584] n256_735233: 0/34662
2026-02-05 20:01:06,713 - INFO - [180/584] n256_735880: 2/49256
2026-02-05 20:01:07,914 - INFO - [181/584] n256_723876: 10/121248
2026-02-05 20:01:11,587 - INFO - [182/584] n256_726661: 3/104248
2026-02-05 20:01:16,245 - INFO - [183/584] n256_728732: 1/97522
2026-02-05 20:01:16,622 - INFO - [184/584] n256_721020: 7/126262
2026-02-05 20:01:25,065 - INFO - [185/584] n256_710514: 10/162836
2026-02-05 20:01:36,143 - INFO - [186/584] n256_721740: 6/110462
2026-02-05 20:01:56,448 - INFO - [187/584] n256_718832: 5/127887
2026-02-05 20:02:08,740 - INFO - [188/584] n256_720295: 10/136095
2026-02-05 20:02:16,106 - INFO - [189/584] n256_730067: 3/88846
2026-02-05 20:02:32,757 - INFO - [190/584] n256_736516: 0/47424
2026-02-05 20:02:36,611 - INFO - [191/584] n256_722456: 8/126303
2026-02-05 20:02:39,022 - INFO - [192/584] n256_735273: 1/52951
2026-02-05 20:02:43,590 - INFO - [193/584] n256_732704: 1/69718
2026-02-05 20:03:04,027 - INFO - [194/584] n256_719566: 7/148051
2026-02-05 20:03:06,101 - INFO - [195/584] n256_725972: 7/123438
2026-02-05 20:03:12,146 - INFO - [196/584] n256_730727: 0/99715
2026-02-05 20:03:37,935 - INFO - [197/584] n256_735912: 2/55688
2026-02-05 20:03:40,026 - INFO - [198/584] n256_729402: 1/113966
2026-02-05 20:03:46,163 - INFO - [199/584] n256_725278: 4/137486
2026-02-05 20:03:50,249 - INFO - [200/584] n256_732064: 3/100013
2026-02-05 20:04:06,743 - INFO - [201/584] n256_737150: 0/46608
2026-02-05 20:04:44,944 - INFO - [202/584] n256_734018: 2/72934
2026-02-05 20:05:20,949 - INFO - [203/584] n256_737782: 1/42403
2026-02-05 20:05:27,201 - INFO - [204/584] n256_723168: 5/137264
2026-02-05 20:05:28,376 - INFO - [205/584] n256_733366: 2/89277
2026-02-05 20:05:28,992 - INFO - [206/584] n256_737214: 1/62484
2026-02-05 20:06:15,510 - INFO - [207/584] n256_739629: 0/54030
2026-02-05 20:06:33,645 - INFO - [208/584] n256_739005: 2/50578
2026-02-05 20:07:19,474 - INFO - [209/584] n256_738379: 0/62409
2026-02-05 20:07:37,975 - INFO - [210/584] n256_736548: 2/79329
2026-02-05 20:07:41,915 - INFO - [211/584] n256_745016: 1/14701
2026-02-05 20:08:21,053 - INFO - [212/584] n256_737182: 1/77183
2026-02-05 20:08:22,136 - INFO - [213/584] n256_735944: 3/99316
2026-02-05 20:08:42,036 - INFO - [214/584] n256_739661: 0/63350
2026-02-05 20:09:00,661 - INFO - [215/584] n256_738443: 0/64522
2026-02-05 20:09:16,553 - INFO - [216/584] n256_740219: 2/60312
2026-02-05 20:09:28,778 - INFO - [217/584] n256_741424: 1/53489
2026-02-05 20:09:29,807 - INFO - [218/584] n256_736580: 4/98773
2026-02-05 20:09:32,712 - INFO - [219/584] n256_746155: 0/17567
2026-02-05 20:10:56,809 - INFO - [220/584] n256_744952: 1/64621
2026-02-05 20:11:10,199 - INFO - [221/584] n256_737814: 1/88137
2026-02-05 20:11:10,370 - INFO - [222/584] n256_749995: 0/11890
2026-02-05 20:11:29,008 - INFO - [223/584] n256_740251: 1/80406
2026-02-05 20:11:38,216 - INFO - [224/584] n256_747226: 0/36567
2026-02-05 20:11:39,311 - INFO - [225/584] n256_743230: 0/67059
2026-02-05 20:11:40,824 - INFO - [226/584] n256_741456: 0/79382
2026-02-05 20:11:41,189 - INFO - [227/584] n256_739069: 3/87291
2026-02-05 20:11:49,792 - INFO - [228/584] n256_739037: 0/79201
2026-02-05 20:11:53,046 - INFO - [229/584] n256_742039: 3/65217
2026-02-05 20:12:27,729 - INFO - [230/584] n256_749448: 0/28348
2026-02-05 20:12:48,216 - INFO - [231/584] n256_743806: 1/60924
2026-02-05 20:13:00,193 - INFO - [232/584] n256_742684: 0/82516
2026-02-05 20:13:04,586 - INFO - [233/584] n256_742620: 1/95629
2026-02-05 20:13:10,348 - INFO - [234/584] n256_742652: 0/78347
2026-02-05 20:13:43,378 - INFO - [235/584] n256_740283: 0/89843
2026-02-05 20:13:53,807 - INFO - [236/584] n256_745586: 0/54307
2026-02-05 20:14:16,388 - INFO - [237/584] n256_741488: 1/87770
2026-02-05 20:14:45,585 - INFO - [238/584] n256_744380: 0/85417
2026-02-05 20:15:02,035 - INFO - [239/584] n256_747795: 0/50523
2026-02-05 20:15:33,879 - INFO - [240/584] n256_740871: 0/104959
2026-02-05 20:15:39,533 - INFO - [241/584] n256_744984: 0/71432
2026-02-05 20:16:33,868 - INFO - [242/584] n256_742071: 0/125828
2026-02-05 20:16:34,868 - INFO - [243/584] n256_748906: 0/56705
2026-02-05 20:17:02,300 - INFO - [244/584] n512_2107900: 0/41290
2026-02-05 20:17:08,150 - INFO - [245/584] n256_745554: 1/81295
2026-02-05 20:17:32,335 - INFO - [246/584] n256_746123: 0/78726
2026-02-05 20:17:39,524 - INFO - [247/584] n512_2118147: 1/40079
2026-02-05 20:17:49,960 - INFO - [248/584] n256_744412: 0/108040
2026-02-05 20:17:50,541 - INFO - [249/584] n256_746691: 0/67084
2026-02-05 20:17:51,281 - INFO - [250/584] n512_2136585: 1/39743
2026-02-05 20:17:54,342 - INFO - [251/584] n512_2099715: 0/42947
2026-02-05 20:17:57,926 - INFO - [252/584] n512_2124302: 0/42653
2026-02-05 20:17:58,577 - INFO - [253/584] n256_747258: 0/79555
2026-02-05 20:18:02,098 - INFO - [254/584] n256_747827: 0/80120
2026-02-05 20:18:09,249 - INFO - [255/584] n512_2132489: 0/41626
2026-02-05 20:18:23,389 - INFO - [256/584] n512_2128382: 0/46855
2026-02-05 20:18:48,452 - INFO - [257/584] n512_2144754: 0/37814
2026-02-05 20:18:59,309 - INFO - [258/584] n512_2122241: 1/49281
2026-02-05 20:19:15,975 - INFO - [259/584] n256_743838: 2/124035
2026-02-05 20:19:21,193 - INFO - [260/584] n512_2142714: 0/42033
2026-02-05 20:19:27,378 - INFO - [261/584] n512_2150896: 0/35076
2026-02-05 20:19:52,839 - INFO - [262/584] n512_2112009: 0/52624
2026-02-05 20:20:18,201 - INFO - [263/584] n512_2150930: 0/40491
2026-02-05 20:20:34,855 - INFO - [264/584] n512_2144786: 0/44875
2026-02-05 20:20:36,185 - INFO - [265/584] n512_2134538: 0/54323
2026-02-05 20:21:08,486 - INFO - [266/584] n512_2148861: 1/47510
2026-02-05 20:21:22,193 - INFO - [267/584] n512_2138630: 0/56143
2026-02-05 20:24:27,424 - INFO - [268/584] n512_2157036: 0/37901
2026-02-05 20:24:28,586 - INFO - [269/584] n512_2146824: 0/50852
2026-02-05 20:24:44,607 - INFO - [270/584] n512_2157072: 0/38457
2026-02-05 20:25:18,477 - INFO - [271/584] n512_2165258: 0/35241
2026-02-05 20:25:23,775 - INFO - [272/584] n512_2152964: 0/49405
2026-02-05 20:25:26,547 - INFO - [273/584] n512_2163189: 1/42743
2026-02-05 20:25:33,640 - INFO - [274/584] n512_2163221: 0/40332
2026-02-05 20:26:00,827 - INFO - [275/584] n512_2169365: 0/36061
2026-02-05 20:26:35,849 - INFO - [276/584] n512_2167295: 0/42871
2026-02-05 20:26:38,405 - INFO - [277/584] n512_2175508: 0/44401
2026-02-05 20:26:42,807 - INFO - [278/584] n512_2161150: 0/47290
2026-02-05 20:26:52,261 - INFO - [279/584] n512_2171402: 0/43855
2026-02-05 20:27:39,749 - INFO - [280/584] n512_2173439: 0/43149
2026-02-05 20:27:43,943 - INFO - [281/584] n512_2183700: 0/43440
2026-02-05 20:27:58,227 - INFO - [282/584] n512_2175474: 0/47630
2026-02-05 20:28:01,380 - INFO - [283/584] n512_2179573: 1/46377
2026-02-05 20:28:10,974 - INFO - [284/584] n512_2159107: 0/56127
2026-02-05 20:28:11,799 - INFO - [285/584] n512_2169333: 0/47451
2026-02-05 20:28:15,941 - INFO - [286/584] n512_2189799: 0/44013
2026-02-05 20:28:21,328 - INFO - [287/584] n512_2177541: 0/52858
2026-02-05 20:29:03,663 - INFO - [288/584] n512_2189832: 0/47749
2026-02-05 20:29:15,525 - INFO - [289/584] n512_2183668: 0/47949
2026-02-05 20:29:29,172 - INFO - [290/584] n512_2181637: 0/51189
2026-02-05 20:29:39,150 - INFO - [291/584] n512_2193898: 0/45837
2026-02-05 20:29:39,737 - INFO - [292/584] n512_2187764: 0/51038
2026-02-05 20:30:12,306 - INFO - [293/584] n512_2185733: 0/54778
2026-02-05 20:30:54,772 - INFO - [294/584] n512_2206227: 0/38020
2026-02-05 20:31:11,308 - INFO - [295/584] n512_2198031: 0/47724
2026-02-05 20:31:14,234 - INFO - [296/584] n512_2202129: 0/46907
2026-02-05 20:31:16,197 - INFO - [297/584] n512_2193931: 0/53134
2026-02-05 20:31:32,717 - INFO - [298/584] n512_2197997: 0/49205
2026-02-05 20:32:19,160 - INFO - [299/584] n512_2191865: 0/63531
2026-02-05 20:32:28,903 - INFO - [300/584] n512_2202093: 0/51401
2026-02-05 20:32:29,552 - INFO - [301/584] n512_2195962: 0/63243
2026-02-05 20:32:52,069 - INFO - [302/584] n512_2206188: 0/53930
2026-02-05 20:33:29,328 - INFO - [303/584] n512_2200060: 0/64409
2026-02-05 20:33:51,292 - INFO - [304/584] n512_2210312: 0/50679
2026-02-05 20:34:05,418 - INFO - [305/584] n512_2208249: 0/54892
2026-02-05 20:34:07,636 - INFO - [306/584] n512_2204157: 0/63838
2026-02-05 20:34:27,284 - INFO - [307/584] n512_2214377: 0/51938
2026-02-05 20:34:30,580 - INFO - [308/584] n512_2218473: 0/51561
2026-02-05 20:34:37,692 - INFO - [309/584] n512_2228708: 0/45260
2026-02-05 20:34:44,012 - INFO - [310/584] n512_2224640: 0/45685
2026-02-05 20:34:55,258 - INFO - [311/584] n512_2212343: 0/51534
2026-02-05 20:35:03,606 - INFO - [312/584] n512_2234875: 0/38357
2026-02-05 20:35:04,140 - INFO - [313/584] n512_2220539: 0/53077
2026-02-05 20:35:43,444 - INFO - [314/584] n512_2228740: 0/51243
2026-02-05 20:36:08,886 - INFO - [315/584] n512_2222575: 0/54394
2026-02-05 20:36:28,158 - INFO - [316/584] n512_2238943: 0/43139
2026-02-05 20:36:36,429 - INFO - [317/584] n512_2245087: 0/41075
2026-02-05 20:36:38,042 - INFO - [318/584] n512_2226675: 0/54996
2026-02-05 20:36:39,766 - INFO - [319/584] n512_2232853: 0/42560
2026-02-05 20:36:42,910 - INFO - [320/584] n512_2216440: 0/63770
2026-02-05 20:36:50,741 - INFO - [321/584] n512_2230776: 0/57300
2026-02-05 20:37:36,060 - INFO - [322/584] n512_2232809: 0/57342
2026-02-05 20:37:50,005 - INFO - [323/584] n512_2214411: 0/59811
2026-02-05 20:38:05,627 - INFO - [324/584] n512_2238975: 0/55685
2026-02-05 20:38:06,527 - INFO - [325/584] n512_2251231: 0/44015
2026-02-05 20:38:16,230 - INFO - [326/584] n512_2236908: 0/58798
2026-02-05 20:38:45,385 - INFO - [327/584] n512_2255381: 0/39085
2026-02-05 20:39:48,952 - INFO - [328/584] n512_2243049: 0/55616
2026-02-05 20:40:20,396 - INFO - [329/584] n512_2245119: 0/60891
2026-02-05 20:40:48,672 - INFO - [330/584] n512_2251263: 0/53571
2026-02-05 20:41:11,994 - INFO - [331/584] n512_2273751: 0/36417
2026-02-05 20:41:20,442 - INFO - [332/584] n512_2261469: 0/46559
2026-02-05 20:41:47,176 - INFO - [333/584] n512_2281941: 0/41793
2026-02-05 20:41:49,964 - INFO - [334/584] n512_2257401: 0/52800
2026-02-05 20:42:00,036 - INFO - [335/584] n512_2265567: 0/50141
2026-02-05 20:42:01,154 - INFO - [336/584] n512_2255334: 0/61636
2026-02-05 20:42:02,038 - INFO - [337/584] n512_2277846: 0/37148
2026-02-05 20:42:16,135 - INFO - [338/584] n512_2253298: 0/59565
2026-02-05 20:42:17,972 - INFO - [339/584] n512_2269659: 0/48451
2026-02-05 20:42:18,168 - INFO - [340/584] n512_2241011: 0/69721
2026-02-05 20:42:23,604 - INFO - [341/584] n512_2249195: 0/66403
2026-02-05 20:42:52,989 - INFO - [342/584] n512_2247158: 0/74732
2026-02-05 20:43:17,994 - INFO - [343/584] n512_2263536: 0/55612
2026-02-05 20:43:36,321 - INFO - [344/584] n512_2284054: 0/38934
2026-02-05 20:43:54,706 - INFO - [345/584] n512_2269691: 0/58321
2026-02-05 20:44:50,347 - INFO - [346/584] n512_2277878: 0/52743
2026-02-05 20:45:18,394 - INFO - [347/584] n512_2273783: 0/65833
2026-02-05 20:45:22,999 - INFO - [348/584] n512_2259436: 0/67103
2026-02-05 20:47:44,471 - INFO - [349/584] n512_2265599: 0/67817
2026-02-05 20:48:16,103 - INFO - [350/584] n512_2286071: 0/54604
2026-02-05 20:48:25,229 - INFO - [351/584] n512_2294232: 0/51036
2026-02-05 20:48:47,158 - INFO - [352/584] n512_2304463: 0/37437
2026-02-05 20:48:53,947 - INFO - [353/584] n512_2284006: 0/64573
2026-02-05 20:48:56,612 - INFO - [354/584] n512_2298325: 0/42876
2026-02-05 20:49:18,969 - INFO - [355/584] n512_2275815: 0/77104
2026-02-05 20:49:20,632 - INFO - [356/584] n512_2290139: 0/60718
2026-02-05 20:49:49,378 - INFO - [357/584] n512_2308628: 0/36107
2026-02-05 20:49:51,922 - INFO - [358/584] n512_2271721: 0/79624
2026-02-05 20:49:55,073 - INFO - [359/584] n512_2267629: 0/88274
2026-02-05 20:51:16,269 - INFO - [360/584] n512_2300431: 0/50083
2026-02-05 20:51:40,628 - INFO - [361/584] n512_2298357: 0/59605
2026-02-05 20:51:42,888 - INFO - [362/584] n512_2304495: 0/56276
2026-02-05 20:51:55,450 - INFO - [363/584] n512_2294264: 0/65355
2026-02-05 20:52:07,929 - INFO - [364/584] n512_2290171: 0/69812
2026-02-05 20:52:35,211 - INFO - [365/584] n512_2314766: 0/52581
2026-02-05 20:53:01,898 - INFO - [366/584] n512_2288107: 0/82280
2026-02-05 20:53:11,598 - INFO - [367/584] n512_2300383: 0/63197
2026-02-05 20:53:45,630 - INFO - [368/584] n512_2310637: 0/63611
2026-02-05 20:53:47,242 - INFO - [369/584] n512_2292203: 0/81043
2026-02-05 20:54:11,031 - INFO - [370/584] n512_2318801: 0/48582
2026-02-05 20:54:21,720 - INFO - [371/584] n512_2296296: 0/81294
2026-02-05 20:54:59,236 - INFO - [372/584] n512_2327056: 0/43009
2026-02-05 20:55:06,373 - INFO - [373/584] n512_2329107: 0/37559
2026-02-05 20:55:22,012 - INFO - [374/584] n512_2322957: 0/48119
2026-02-05 20:55:44,179 - INFO - [375/584] n512_2308579: 0/81876
2026-02-05 20:56:05,553 - INFO - [376/584] n512_2314718: 0/70455
2026-02-05 20:56:13,100 - INFO - [377/584] n512_2302437: 0/88341
2026-02-05 20:56:15,999 - INFO - [378/584] n512_2325008: 0/48141
2026-02-05 20:56:17,749 - INFO - [379/584] n512_2306553: 0/81123
2026-02-05 20:56:25,262 - INFO - [380/584] n512_2320857: 0/67329
2026-02-05 20:56:29,556 - INFO - [381/584] n512_2337263: 0/41991
2026-02-05 20:57:24,018 - INFO - [382/584] n512_2333135: 0/51615
2026-02-05 20:57:51,172 - INFO - [383/584] n512_2337229: 0/49484
2026-02-05 20:58:10,125 - INFO - [384/584] n512_2312695: 0/91278
2026-02-05 20:58:27,822 - INFO - [385/584] n512_2318833: 0/76717
2026-02-05 20:58:42,992 - INFO - [386/584] n512_2335182: 0/55518
2026-02-05 20:58:54,547 - INFO - [387/584] n512_2339278: 0/54059
2026-02-05 20:58:55,605 - INFO - [388/584] n512_2322911: 0/75470
2026-02-05 20:59:59,866 - INFO - [389/584] n512_2335215: 0/65607
2026-02-05 21:00:25,719 - INFO - [390/584] n512_2343437: 0/44854
2026-02-05 21:00:27,076 - INFO - [391/584] n512_2316775: 0/93862
2026-02-05 21:00:50,919 - INFO - [392/584] n512_2333168: 0/71616
2026-02-05 21:01:15,774 - INFO - [393/584] n512_2341328: 0/60307
2026-02-05 21:01:18,283 - INFO - [394/584] n512_2351631: 0/37876
2026-02-05 21:01:23,400 - INFO - [395/584] n512_2324963: 0/85495
2026-02-05 21:02:05,444 - INFO - [396/584] n512_2329062: 0/82957
2026-02-05 21:02:33,110 - INFO - [397/584] n512_2320889: 0/93006
2026-02-05 21:02:40,892 - INFO - [398/584] n512_2345476: 0/57301
2026-02-05 21:03:19,683 - INFO - [399/584] n512_2343372: 0/78968
2026-02-05 21:03:25,666 - INFO - [400/584] n512_2331115: 0/93678
2026-02-05 21:03:47,601 - INFO - [401/584] n512_2351567: 0/51675
2026-02-05 21:04:10,774 - INFO - [402/584] n512_2353670: 0/56467
2026-02-05 21:04:32,526 - INFO - [403/584] n512_2357775: 0/41933
2026-02-05 21:05:50,388 - INFO - [404/584] n512_2357711: 0/55636
2026-02-05 21:07:48,709 - INFO - [405/584] n512_2363851: 0/40808
2026-02-05 21:07:56,658 - INFO - [406/584] n512_2347517: 0/74947
2026-02-05 21:07:58,118 - INFO - [407/584] n512_2341362: 0/98357
2026-02-05 21:08:00,794 - INFO - [408/584] n512_2347484: 0/75908
2026-02-05 21:08:05,811 - INFO - [409/584] n512_2345444: 0/83303
2026-02-05 21:08:20,182 - INFO - [410/584] n512_2339313: 0/90608
2026-02-05 21:08:34,700 - INFO - [411/584] n512_2363915: 0/42215
2026-02-05 21:08:38,990 - INFO - [412/584] n512_2359812: 0/54615
2026-02-05 21:08:43,633 - INFO - [413/584] n512_2343404: 0/86601
2026-02-05 21:08:58,009 - INFO - [414/584] n512_2353638: 0/75408
2026-02-05 21:10:47,014 - INFO - [415/584] n512_2355706: 0/81262
2026-02-05 21:10:50,464 - INFO - [416/584] n512_2361817: 0/76822
2026-02-05 21:10:56,305 - INFO - [417/584] n512_2351599: 0/92940
2026-02-05 21:11:05,496 - INFO - [418/584] n512_2370054: 0/48844
2026-02-05 21:11:06,076 - INFO - [419/584] n512_2367955: 0/57305
2026-02-05 21:11:09,670 - INFO - [420/584] n512_2374122: 0/39343
2026-02-05 21:11:10,871 - INFO - [421/584] n512_2374090: 0/42015
2026-02-05 21:11:15,131 - INFO - [422/584] n512_2374154: 0/37715
2026-02-05 21:11:15,693 - INFO - [423/584] n512_2363883: 0/68534
2026-02-05 21:14:55,690 - INFO - [424/584] n512_2357743: 0/87430
2026-02-05 21:14:56,550 - INFO - [425/584] n512_2359780: 0/82983
2026-02-05 21:15:08,347 - INFO - [426/584] n512_2349559: 0/101374
2026-02-05 21:15:31,935 - INFO - [427/584] n512_2361849: 0/83626
2026-02-05 21:15:39,225 - INFO - [428/584] n512_2378255: 0/35793
2026-02-05 21:16:10,707 - INFO - [429/584] n512_2370022: 0/64504
2026-02-05 21:16:20,729 - INFO - [430/584] n512_2384329: 0/36959
2026-02-05 21:16:39,817 - INFO - [431/584] n512_2365919: 0/79076
2026-02-05 21:16:45,398 - INFO - [432/584] n512_2384393: 0/39752
2026-02-05 21:16:58,477 - INFO - [433/584] n512_2372055: 0/71553
2026-02-05 21:17:23,847 - INFO - [434/584] n512_2378191: 0/53197
2026-02-05 21:18:21,284 - INFO - [435/584] n512_2380290: 0/51988
2026-02-05 21:22:13,549 - INFO - [436/584] n512_2380258: 0/59459
2026-02-05 21:22:34,488 - INFO - [437/584] n512_2376188: 0/63238
2026-02-05 21:22:39,920 - INFO - [438/584] n512_2367987: 0/90103
2026-02-05 21:22:49,476 - INFO - [439/584] n512_2394589: 0/35973
2026-02-05 21:22:49,540 - INFO - [440/584] n512_2390474: 0/40248
2026-02-05 21:23:00,638 - INFO - [441/584] n512_2390538: 0/38591
2026-02-05 21:23:01,899 - INFO - [442/584] n512_2384361: 0/54039
2026-02-05 21:23:23,739 - INFO - [443/584] n512_2372087: 0/78081
2026-02-05 21:23:47,969 - INFO - [444/584] n512_2398666: 0/40803
2026-02-05 21:23:57,875 - INFO - [445/584] n512_2392580: 0/45538
2026-02-05 21:23:58,275 - INFO - [446/584] n512_2376156: 0/83944
2026-02-05 21:24:03,282 - INFO - [447/584] n512_2398730: 0/37075
2026-02-05 21:24:21,328 - INFO - [448/584] n512_2388433: 0/52544
2026-02-05 21:24:24,139 - INFO - [449/584] n512_2365951: 0/112386
2026-02-05 21:25:15,848 - INFO - [450/584] n512_2378223: 0/82188
2026-02-05 21:25:19,949 - INFO - [451/584] n512_2394621: 0/53802
2026-02-05 21:25:51,495 - INFO - [452/584] n512_2390506: 0/60021
2026-02-05 21:25:57,942 - INFO - [453/584] n512_2388465: 0/61155
2026-02-05 21:26:19,384 - INFO - [454/584] n512_2386429: 0/66607
2026-02-05 21:27:30,476 - INFO - [455/584] n512_2382326: 0/79031
2026-02-05 21:27:30,753 - INFO - [456/584] n512_2392548: 0/64141
2026-02-05 21:27:55,390 - INFO - [457/584] n512_2408968: 0/30992
2026-02-05 21:28:07,683 - INFO - [458/584] n512_2400737: 0/53606
2026-02-05 21:28:10,268 - INFO - [459/584] n512_2400769: 0/45890
2026-02-05 21:28:17,133 - INFO - [460/584] n512_2408904: 0/35975
2026-02-05 21:28:27,468 - INFO - [461/584] n512_2396627: 0/67333
2026-02-05 21:28:44,327 - INFO - [462/584] n512_2396659: 0/66418
2026-02-05 21:28:46,824 - INFO - [463/584] n512_2402778: 0/56130
2026-02-05 21:28:57,488 - INFO - [464/584] n512_2415059: 0/34219
2026-02-05 21:29:01,753 - INFO - [465/584] n512_2398698: 0/65975
2026-02-05 21:29:45,952 - INFO - [466/584] n512_2402810: 0/61209
2026-02-05 21:29:55,939 - INFO - [467/584] n512_2406863: 0/52945
2026-02-05 21:29:59,873 - INFO - [468/584] n512_2404820: 0/54109
2026-02-05 21:30:12,959 - INFO - [469/584] n512_2411009: 0/49466
2026-02-05 21:30:41,112 - INFO - [470/584] n512_2406895: 0/55806
2026-02-05 21:30:52,159 - INFO - [471/584] n512_2417104: 0/42558
2026-02-05 21:30:58,997 - INFO - [472/584] n512_2421197: 0/40807
2026-02-05 21:31:02,776 - INFO - [473/584] n512_2404852: 0/60174
2026-02-05 21:31:35,743 - INFO - [474/584] n512_2408936: 0/58724
2026-02-05 21:31:54,552 - INFO - [475/584] n512_2413016: 0/58426
2026-02-05 21:31:56,948 - INFO - [476/584] n512_2419151: 0/48249
2026-02-05 21:31:59,427 - INFO - [477/584] n512_2413048: 0/54431
2026-02-05 21:33:10,775 - INFO - [478/584] n512_2425300: 0/37580
2026-02-05 21:33:13,392 - INFO - [479/584] n512_2423246: 0/47697
2026-02-05 21:33:58,913 - INFO - [480/584] n512_2417136: 0/59908
2026-02-05 21:34:01,696 - INFO - [481/584] n512_2415091: 0/58267
2026-02-05 21:34:30,942 - INFO - [482/584] n512_2427390: 0/43964
2026-02-05 21:34:35,313 - INFO - [483/584] n512_2419183: 0/60814
2026-02-05 21:35:03,697 - INFO - [484/584] n512_2435583: 0/38070
2026-02-05 21:35:31,037 - INFO - [485/584] n512_2439629: 0/43032
2026-02-05 21:35:50,569 - INFO - [486/584] n512_2421229: 0/60391
2026-02-05 21:35:53,706 - INFO - [487/584] n512_2443776: 0/34250
2026-02-05 21:36:24,793 - INFO - [488/584] n512_2425332: 0/61223
2026-02-05 21:37:02,776 - INFO - [489/584] n512_2431472: 0/56639
2026-02-05 21:37:20,494 - INFO - [490/584] n512_2433527: 0/56837
2026-02-05 21:37:32,618 - INFO - [491/584] n512_2449876: 0/39907
2026-02-05 21:38:38,991 - INFO - [492/584] n512_2410977: 0/90164
2026-02-05 21:38:41,291 - INFO - [493/584] n512_2447823: 0/40391
2026-02-05 21:38:44,555 - INFO - [494/584] n512_2456008: 0/35872
2026-02-05 21:39:18,613 - INFO - [495/584] n512_2431440: 0/67642
2026-02-05 21:39:21,433 - INFO - [496/584] n512_2441718: 0/51993
2026-02-05 21:39:24,406 - INFO - [497/584] n512_2439661: 0/57640
2026-02-05 21:39:54,138 - INFO - [498/584] n512_2437605: 0/62608
2026-02-05 21:39:59,807 - INFO - [499/584] n512_2441686: 0/57664
2026-02-05 21:40:05,918 - INFO - [500/584] n512_2462155: 0/30179
2026-02-05 21:40:11,198 - INFO - [501/584] n512_2451962: 0/42319
2026-02-05 21:40:35,236 - INFO - [502/584] n512_2435551: 0/68859
2026-02-05 21:40:40,822 - INFO - [503/584] n512_2449908: 0/50728
2026-02-05 21:40:44,418 - INFO - [504/584] n512_2427358: 0/69729
2026-02-05 21:41:15,716 - INFO - [505/584] n512_2445800: 0/56238
2026-02-05 21:41:16,580 - INFO - [506/584] n512_2429415: 0/74073
2026-02-05 21:41:34,493 - INFO - [507/584] n512_2447855: 0/65149
2026-02-05 21:41:44,826 - INFO - [508/584] n512_2466247: 0/34280
2026-02-05 21:41:51,686 - INFO - [509/584] n512_2458101: 0/47235
2026-02-05 21:42:52,704 - INFO - [510/584] n512_2470339: 0/41134
2026-02-05 21:43:07,092 - INFO - [511/584] n512_2451930: 0/60002
2026-02-05 21:43:11,227 - INFO - [512/584] n512_2460130: 0/58065
2026-02-05 21:43:24,296 - INFO - [513/584] n512_2462191: 0/49802
2026-02-05 21:43:54,948 - INFO - [514/584] n512_2458069: 0/59331
2026-02-05 21:44:17,733 - INFO - [515/584] n512_2453984: 0/64888
2026-02-05 21:44:23,059 - INFO - [516/584] n512_2472407: 0/37143
2026-02-05 21:44:31,718 - INFO - [517/584] n512_2472439: 0/41587
2026-02-05 21:44:48,081 - INFO - [518/584] n512_2443744: 0/75913
2026-02-05 21:45:08,264 - INFO - [519/584] n512_2466283: 0/54625
2026-02-05 21:45:17,126 - INFO - [520/584] n512_2470377: 0/48058
2026-02-05 21:45:59,105 - INFO - [521/584] n512_2484723: 0/38907
2026-02-05 21:46:14,739 - INFO - [522/584] n512_2476530: 0/43749
2026-02-05 21:46:39,021 - INFO - [523/584] n512_2480590: 0/47704
2026-02-05 21:46:52,162 - INFO - [524/584] n512_2480622: 0/42815
2026-02-05 21:46:53,814 - INFO - [525/584] n512_2484691: 0/40603
2026-02-05 21:46:59,481 - INFO - [526/584] n512_2486762: 0/43601
2026-02-05 21:47:03,136 - INFO - [527/584] n512_2468315: 0/60406
2026-02-05 21:47:06,667 - INFO - [528/584] n512_2464221: 0/64500
2026-02-05 21:47:11,525 - INFO - [529/584] n512_2474468: 0/52472
2026-02-05 21:47:14,412 - INFO - [530/584] n512_2482654: 0/53895
2026-02-05 21:47:22,882 - INFO - [531/584] n512_2478559: 0/54149
2026-02-05 21:47:23,655 - INFO - [532/584] n512_2476498: 0/50378
2026-02-05 21:47:26,428 - INFO - [533/584] n512_2490853: 0/39875
2026-02-05 21:47:28,095 - INFO - [534/584] n512_2488806: 0/42324
2026-02-05 21:47:35,862 - INFO - [535/584] n512_2501091: 0/43494
2026-02-05 21:48:00,807 - INFO - [536/584] n512_2554324: 0/22287
2026-02-05 21:48:04,706 - INFO - [537/584] n512_2496986: 0/41429
2026-02-05 21:48:08,802 - INFO - [538/584] n512_2494940: 0/46345
2026-02-05 21:48:12,506 - INFO - [539/584] n512_2513350: 0/33445
2026-02-05 21:48:19,352 - INFO - [540/584] n512_2492898: 0/47161
2026-02-05 21:48:28,984 - INFO - [541/584] n512_2521558: 0/36987
2026-02-05 21:48:31,294 - INFO - [542/584] n512_2499036: 0/46058
2026-02-05 21:48:32,582 - INFO - [543/584] n512_2525641: 0/36277
2026-02-05 21:48:33,103 - INFO - [544/584] n512_2507225: 0/43246
2026-02-05 21:48:35,185 - INFO - [545/584] n512_2533849: 0/31611
2026-02-05 21:48:37,788 - INFO - [546/584] n512_2517470: 0/37425
2026-02-05 21:48:38,313 - INFO - [547/584] n512_2546138: 0/27126
2026-02-05 21:48:42,615 - INFO - [548/584] n512_2505162: 0/47166
2026-02-05 21:48:44,437 - INFO - [549/584] n512_2509279: 0/44292
2026-02-05 21:48:49,793 - INFO - [550/584] n512_2529746: 0/34617
2026-02-05 21:49:02,193 - INFO - [551/584] n512_2539988: 0/45781
2026-02-05 21:49:25,452 - INFO - [552/584] n512_2704293: 0/51323
2026-02-05 21:49:47,083 - INFO - [553/584] n512_2578878: 0/65770
slurmstepd: error: *** JOB 233199 ON node114 CANCELLED AT 2026-02-05T22:04:06 ***
slurmstepd: error: Detected 31 oom-kill event(s) in StepId=233199.batch. Some of your processes may have been killed by the cgroup out-of-memory handler.
