ERROR: Unable to locate a modulefile for 'python/3.9'
ERROR: Unable to locate a modulefile for 'hdf5'
2026-02-05 17:38:39,658 - INFO - ======================================================================
2026-02-05 17:38:39,659 - INFO - VIRAC Extractor - Shard 0/10
2026-02-05 17:38:39,659 - INFO - ======================================================================
2026-02-05 17:38:39,660 - INFO - Total tiles in dataset: 22585
2026-02-05 17:38:39,660 - INFO - Tiles for this shard:   2259
2026-02-05 17:38:39,660 - INFO - Workers: 64
2026-02-05 17:38:39,669 - INFO - Already completed: 339
2026-02-05 17:38:39,670 - INFO - Tiles to process:  1920
2026-02-05 17:46:43,056 - INFO - [1/1920] n256_518390: 1255/8606
2026-02-05 18:04:17,047 - INFO - [2/1920] n256_532722: 2107/19424
2026-02-05 18:04:35,135 - INFO - [3/1920] n1024_9311239: 6614/18606
2026-02-05 18:04:39,868 - INFO - [4/1920] n1024_9327627: 3334/15810
2026-02-05 18:04:54,326 - INFO - [5/1920] n1024_9315341: 3904/16169
2026-02-05 18:04:59,792 - INFO - [6/1920] n1024_9364492: 2419/15989
2026-02-05 18:05:11,804 - INFO - [7/1920] n1024_9331724: 3191/15706
2026-02-05 18:05:41,586 - INFO - [8/1920] n1024_9339915: 3757/16544
2026-02-05 18:05:56,608 - INFO - [9/1920] n1024_9319435: 3601/16492
2026-02-05 18:06:09,598 - INFO - [10/1920] n1024_9348108: 2637/15587
2026-02-05 18:08:03,704 - INFO - [11/1920] n1024_9339865: 3243/22725
2026-02-05 18:08:33,375 - INFO - [12/1920] n1024_9360397: 2485/18878
2026-02-05 18:08:51,919 - INFO - [13/1920] n1024_9323530: 3268/17466
2026-02-05 18:09:18,980 - INFO - [14/1920] n1024_9282553: 11769/25875
2026-02-05 18:09:36,812 - INFO - [15/1920] n1024_9307146: 6946/21547
2026-02-05 18:10:16,487 - INFO - [16/1920] n1024_9303045: 4530/19621
2026-02-05 18:10:16,596 - INFO - [17/1920] n1024_9323520: 5408/20456
2026-02-05 18:11:17,270 - INFO - [18/1920] n1024_9352201: 3117/18387
2026-02-05 18:11:36,287 - INFO - [19/1920] n1024_9298944: 9357/25196
2026-02-05 18:11:46,772 - INFO - [20/1920] n1024_9348058: 3736/25399
2026-02-05 18:12:17,412 - INFO - [21/1920] n1024_9335814: 4350/20888
2026-02-05 18:12:17,547 - INFO - [22/1920] n256_550125: 4/238
2026-02-05 18:13:19,065 - INFO - [23/1920] n1024_9319425: 6233/22383
2026-02-05 18:13:23,299 - INFO - [24/1920] n1024_9327617: 4852/22124
2026-02-05 18:13:40,944 - INFO - [25/1920] n1024_9290746: 10499/26001
2026-02-05 18:14:17,201 - INFO - [26/1920] n1024_9356247: 2843/22030
2026-02-05 18:15:45,197 - INFO - [27/1920] n1024_9303035: 8732/26507
2026-02-05 18:15:45,228 - INFO - [28/1920] n1024_9331714: 4787/22488
2026-02-05 18:15:46,208 - INFO - [29/1920] n256_552224: 3/82
2026-02-05 18:15:53,821 - INFO - [30/1920] n1024_9307136: 4562/22912
2026-02-05 18:15:54,298 - INFO - [31/1920] n1024_9282563: 6441/25047
2026-02-05 18:16:17,662 - INFO - [32/1920] n1024_9315331: 6511/24387
2026-02-05 18:16:39,331 - INFO - [33/1920] n1024_9344007: 3236/21661
2026-02-05 18:16:40,032 - INFO - [34/1920] n1024_9311229: 4405/23762
2026-02-05 18:17:25,972 - INFO - [35/1920] n1024_9286649: 5640/24349
2026-02-05 18:19:13,641 - INFO - [36/1920] n1024_9384933: 3014/26334
2026-02-05 18:20:22,219 - INFO - [37/1920] n1024_9315287: 4861/27554
2026-02-05 18:21:45,853 - INFO - [38/1920] n1024_9278459: 6839/26897
2026-02-05 18:23:22,686 - INFO - [39/1920] n1024_9360340: 3175/26928
2026-02-05 18:24:08,043 - INFO - [40/1920] n1024_9294845: 5311/29468
2026-02-05 18:27:08,517 - INFO - [41/1920] n256_554273: 408/13038
2026-02-05 18:27:20,892 - INFO - [42/1920] n256_539922: 773/18835
2026-02-05 18:29:01,680 - INFO - [43/1920] n256_541972: 856/26052
2026-02-05 18:34:04,689 - INFO - [44/1920] n256_520448: 3148/52759
2026-02-05 18:38:24,781 - INFO - [45/1920] n256_557344: 558/21059
2026-02-05 18:39:32,234 - INFO - [46/1920] n256_556317: 669/29332
2026-02-05 18:41:37,032 - INFO - [47/1920] n256_553243: 913/35392
2026-02-05 18:42:00,187 - INFO - [48/1920] n256_520438: 3170/61698
2026-02-05 18:43:14,849 - INFO - [49/1920] n256_550170: 1022/39420
2026-02-05 18:46:06,155 - INFO - [50/1920] n256_559338: 512/52657
2026-02-05 18:50:39,909 - INFO - [51/1920] n256_555289: 997/46905
2026-02-05 18:51:35,819 - INFO - [52/1920] n256_547095: 1350/51896
2026-02-05 18:52:10,389 - INFO - [53/1920] n256_519415: 3680/81132
2026-02-05 18:52:50,697 - INFO - [54/1920] n256_551191: 1195/50069
2026-02-05 18:53:48,766 - INFO - [55/1920] n256_546071: 1360/54430
slurmstepd: error: *** JOB 233106 ON node089 CANCELLED AT 2026-02-05T18:54:46 ***
