ERROR: Unable to locate a modulefile for 'python/3.9'
ERROR: Unable to locate a modulefile for 'hdf5'
2026-02-05 01:21:17,518 - INFO - ======================================================================
2026-02-05 01:21:17,520 - INFO - VIRAC Extractor - Shard 3/4
2026-02-05 01:21:17,520 - INFO - ======================================================================
2026-02-05 01:21:17,521 - INFO - Total tiles in dataset: 22585
2026-02-05 01:21:17,522 - INFO - Tiles for this shard:   5646
2026-02-05 01:21:17,523 - INFO - Workers: 96
2026-02-05 01:21:17,536 - INFO - Already completed: 500
2026-02-05 01:21:17,537 - INFO - Tiles to process:  5146
2026-02-05 01:21:46,533 - INFO - [1/5146] n1024_9122832: 12934/17088
2026-02-05 01:21:51,291 - INFO - [2/5146] n1024_9131037: 10615/14216
2026-02-05 01:21:56,502 - INFO - [3/5146] n1024_9143323: 8253/11161
2026-02-05 01:22:30,917 - INFO - [4/5146] n1024_9147421: 8432/12768
2026-02-05 01:22:39,170 - INFO - [5/5146] n1024_9139227: 9412/12885
2026-02-05 01:22:51,389 - INFO - [6/5146] n1024_9122824: 14675/19814
2026-02-05 01:22:52,043 - INFO - [7/5146] n1024_9126938: 11382/14924
2026-02-05 01:22:55,122 - INFO - [8/5146] n1024_9114634: 15474/21086
2026-02-05 01:23:05,477 - INFO - [9/5146] n1024_9131033: 11270/15082
2026-02-05 01:23:16,818 - INFO - [10/5146] n1024_9131009: 12107/18103
2026-02-05 01:23:25,788 - INFO - [11/5146] n1024_9118728: 13915/19387
2026-02-05 01:23:34,613 - INFO - [12/5146] n1024_9135132: 10352/13657
2026-02-05 01:23:43,665 - INFO - [13/5146] n1024_9122840: 12806/17437
2026-02-05 01:24:20,455 - INFO - [14/5146] n1024_9135128: 11725/15083
2026-02-05 01:24:33,215 - INFO - [15/5146] n1024_9143319: 10377/14205
2026-02-05 01:24:33,821 - INFO - [16/5146] n1024_9131017: 13459/18356
2026-02-05 01:24:38,645 - INFO - [17/5146] n1024_9126934: 12456/16189
2026-02-05 01:24:41,681 - INFO - [18/5146] n1024_9135124: 12643/16846
2026-02-05 01:24:42,299 - INFO - [19/5146] n1024_9114642: 17245/23515
2026-02-05 01:25:00,387 - INFO - [20/5146] n1024_9143311: 11653/15118
2026-02-05 01:25:08,689 - INFO - [21/5146] n1024_9131013: 14830/20945
2026-02-05 01:25:13,111 - INFO - [22/5146] n1024_9122816: 15390/22220
2026-02-05 01:25:14,522 - INFO - [23/5146] n1024_9143291: 12519/19326
2026-02-05 01:25:41,596 - INFO - [24/5146] n1024_9131029: 12801/17555
2026-02-05 01:25:56,807 - INFO - [25/5146] n1024_9135112: 13322/18661
2026-02-05 01:26:10,019 - INFO - [26/5146] n1024_9131025: 13863/18275
2026-02-05 01:26:10,697 - INFO - [27/5146] n1024_9147416: 11626/15192
2026-02-05 01:26:26,509 - INFO - [28/5146] n1024_9143299: 13566/18298
2026-02-05 01:26:27,168 - INFO - [29/5146] n1024_9143303: 13343/18036
2026-02-05 01:26:31,908 - INFO - [30/5146] n1024_9139219: 13362/17939
2026-02-05 01:26:38,492 - INFO - [31/5146] n1024_9126914: 15243/20786
2026-02-05 01:26:56,876 - INFO - [32/5146] n1024_9151510: 11683/15355
2026-02-05 01:26:58,686 - INFO - [33/5146] n1024_9139215: 13807/17858
2026-02-05 01:27:00,979 - INFO - [34/5146] n1024_9126926: 14769/20085
2026-02-05 01:27:27,345 - INFO - [35/5146] n1024_9147400: 13116/18103
2026-02-05 01:27:39,410 - INFO - [36/5146] n1024_9151502: 12475/16775
2026-02-05 01:27:39,465 - INFO - [37/5146] n1024_9122820: 16050/23050
2026-02-05 01:27:39,841 - INFO - [38/5146] n1024_9143315: 13155/17424
2026-02-05 01:27:41,723 - INFO - [39/5146] n1024_9139207: 14575/20851
2026-02-05 01:27:43,542 - INFO - [40/5146] n1024_9135108: 15116/21381
2026-02-05 01:27:51,883 - INFO - [41/5146] n1024_9139223: 14310/19526
2026-02-05 01:27:53,314 - INFO - [42/5146] n1024_9147408: 13440/17673
2026-02-05 01:27:57,589 - INFO - [43/5146] n1024_9143307: 12862/17633
2026-02-05 01:28:03,406 - INFO - [44/5146] n1024_9126918: 16475/22011
2026-02-05 01:28:09,389 - INFO - [45/5146] n1024_9155610: 11769/15811
2026-02-05 01:28:28,800 - INFO - [46/5146] n1024_9126910: 18125/25538
2026-02-05 01:28:32,516 - INFO - [47/5146] n1024_9163803: 10274/13850
2026-02-05 01:28:33,363 - INFO - [48/5146] n1024_9135104: 15023/20783
2026-02-05 01:28:50,547 - INFO - [49/5146] n1024_9155602: 12017/16372
2026-02-05 01:28:50,770 - INFO - [50/5146] n1024_9151514: 11985/15855
2026-02-05 01:28:52,201 - INFO - [51/5146] n1024_9159704: 11449/15316
2026-02-05 01:28:54,464 - INFO - [52/5146] n1024_9126922: 16418/22451
2026-02-05 01:28:55,673 - INFO - [53/5146] n1024_9151506: 13588/17479
2026-02-05 01:28:59,411 - INFO - [54/5146] n1024_9118724: 18131/24592
2026-02-05 01:29:24,184 - INFO - [55/5146] n1024_9151486: 14793/21263
2026-02-05 01:30:03,960 - INFO - [56/5146] n1024_9139199: 15536/22714
2026-02-05 01:30:05,787 - INFO - [57/5146] n1024_9159696: 13512/18139
2026-02-05 01:30:07,065 - INFO - [58/5146] n1024_9147396: 14842/20769
2026-02-05 01:30:08,235 - INFO - [59/5146] n1024_9159676: 13436/18085
2026-02-05 01:30:15,648 - INFO - [60/5146] n1024_9159700: 12883/17076
2026-02-05 01:30:16,042 - INFO - [61/5146] n1024_9139203: 16032/22193
2026-02-05 01:30:16,912 - INFO - [62/5146] n1024_9135120: 17507/23332
2026-02-05 01:30:19,970 - INFO - [63/5146] n1024_9147404: 15472/20777
2026-02-05 01:30:23,484 - INFO - [64/5146] n1024_9147412: 13989/18994
2026-02-05 01:30:28,573 - INFO - [65/5146] n1024_9155594: 13419/19299
2026-02-05 01:30:41,055 - INFO - [66/5146] n1024_9163799: 11438/14929
2026-02-05 01:30:41,701 - INFO - [67/5146] n1024_9131005: 18110/27174
2026-02-05 01:30:55,568 - INFO - [68/5146] n1024_9155606: 13007/17339
2026-02-05 01:30:58,783 - INFO - [69/5146] n1024_9126930: 18269/24537
2026-02-05 01:31:15,390 - INFO - [70/5146] n1024_9135116: 17160/23549
2026-02-05 01:31:21,508 - INFO - [71/5146] n1024_9139211: 16484/22012
2026-02-05 01:31:35,180 - INFO - [72/5146] n1024_9155590: 14880/20764
2026-02-05 01:31:36,865 - INFO - [73/5146] n1024_9147388: 16934/24556
2026-02-05 01:31:52,853 - INFO - [74/5146] n1024_9155598: 15295/20377
2026-02-05 01:31:55,159 - INFO - [75/5146] n1024_9163783: 12796/17619
2026-02-05 01:32:05,957 - INFO - [76/5146] n1024_9151498: 15325/21671
2026-02-05 01:32:22,299 - INFO - [77/5146] n1024_9163775: 14663/19467
2026-02-05 01:32:22,350 - INFO - [78/5146] n1024_9159692: 14902/19633
2026-02-05 01:32:44,158 - INFO - [79/5146] n1024_9167898: 10497/14056
2026-02-05 01:32:46,806 - INFO - [80/5146] n1024_9131021: 20082/26517
2026-02-05 01:32:52,261 - INFO - [81/5146] n1024_9159684: 15281/21344
2026-02-05 01:32:53,069 - INFO - [82/5146] n1024_9151494: 16311/23224
2026-02-05 01:33:05,089 - INFO - [83/5146] n1024_9163771: 15723/21841
2026-02-05 01:33:06,522 - INFO - [84/5146] n1024_9077785: 30044/38740
2026-02-05 01:33:07,029 - INFO - [85/5146] n1024_9143295: 17903/25489
2026-02-05 01:33:45,503 - INFO - [86/5146] n1024_9155586: 16832/23597
2026-02-05 01:33:49,329 - INFO - [87/5146] n1024_9163787: 14354/19158
2026-02-05 01:33:50,116 - INFO - [88/5146] n1024_9163795: 14005/19184
2026-02-05 01:34:02,083 - INFO - [89/5146] n1024_9167890: 11844/16413
2026-02-05 01:34:21,628 - INFO - [90/5146] n1024_9159680: 16823/22729
2026-02-05 01:34:27,126 - INFO - [91/5146] n1024_9163791: 14700/19758
2026-02-05 01:34:31,631 - INFO - [92/5146] n1024_9147392: 18904/25798
2026-02-05 01:34:40,463 - INFO - [93/5146] n1024_9167894: 12443/16788
2026-02-05 01:34:54,005 - INFO - [94/5146] n1024_9151490: 18754/25151
2026-02-05 01:35:13,862 - INFO - [95/5146] n1024_9167886: 13269/18353
2026-02-05 01:35:15,589 - INFO - [96/5146] n1024_9163779: 16484/22016
2026-02-05 01:35:20,472 - INFO - [97/5146] n1024_9171993: 10940/14649
2026-02-05 01:35:44,537 - INFO - [98/5146] n1024_9155582: 17486/24407
2026-02-05 01:36:17,894 - INFO - [99/5146] n1024_9159688: 17640/24090
2026-02-05 01:36:32,038 - INFO - [100/5146] n1024_9176086: 11268/15287
2026-02-05 01:36:38,439 - INFO - [101/5146] n1024_9171977: 13767/18807
2026-02-05 01:36:40,536 - INFO - [102/5146] n1024_9171989: 12093/16907
2026-02-05 01:36:43,735 - INFO - [103/5146] n1024_9167882: 14508/20714
2026-02-05 01:36:45,111 - INFO - [104/5146] n1024_9171981: 13850/18670
2026-02-05 01:37:05,432 - INFO - [105/5146] n1024_9176074: 12929/18249
2026-02-05 01:37:17,691 - INFO - [106/5146] n1024_9167870: 17162/22263
2026-02-05 01:37:31,020 - INFO - [107/5146] n1024_9171985: 13804/19018
2026-02-05 01:37:43,599 - INFO - [108/5146] n1024_9167878: 15405/21328
2026-02-05 01:37:45,575 - INFO - [109/5146] n1024_9180185: 11358/14874
2026-02-05 01:37:45,772 - INFO - [110/5146] n1024_9171973: 14508/20570
2026-02-05 01:37:47,633 - INFO - [111/5146] n1024_9176082: 13226/17496
2026-02-05 01:38:07,751 - INFO - [112/5146] n1024_9176078: 12811/17062
2026-02-05 01:38:19,810 - INFO - [113/5146] n1024_9180153: 14856/20737
2026-02-05 01:38:40,594 - INFO - [114/5146] n1024_9167874: 16893/22890
2026-02-05 01:38:47,871 - INFO - [115/5146] n1024_9180181: 12628/16875
2026-02-05 01:38:50,487 - INFO - [116/5146] n1024_9180177: 12240/16418
2026-02-05 01:39:07,747 - INFO - [117/5146] n1024_9176058: 15175/20928
2026-02-05 01:39:45,648 - INFO - [118/5146] n1024_9196569: 10527/14461
2026-02-05 01:39:53,072 - INFO - [119/5146] n1024_9171965: 16793/22710
2026-02-05 01:40:05,105 - INFO - [120/5146] n1024_9171969: 16943/22177
2026-02-05 01:40:14,412 - INFO - [121/5146] n1024_9176070: 15353/20895
2026-02-05 01:40:26,155 - INFO - [122/5146] n1024_9184276: 12962/17220
2026-02-05 01:40:29,264 - INFO - [123/5146] n1024_9192466: 11553/15207
2026-02-05 01:40:39,204 - INFO - [124/5146] n1024_9184280: 12786/17396
2026-02-05 01:40:50,211 - INFO - [125/5146] n1024_9184272: 13359/18081
2026-02-05 01:40:50,397 - INFO - [126/5146] n1024_9196565: 10255/13711
2026-02-05 01:41:00,419 - INFO - [127/5146] n1024_9188372: 12336/16796
2026-02-05 01:41:26,824 - INFO - [128/5146] n1024_9180161: 14880/19827
2026-02-05 01:41:27,745 - INFO - [129/5146] n1024_9188364: 14274/19189
2026-02-05 01:41:32,435 - INFO - [130/5146] n1024_9192470: 12310/16191
2026-02-05 01:41:40,086 - INFO - [131/5146] n1024_9180157: 16048/21194
2026-02-05 01:41:40,388 - INFO - [132/5146] n1024_9188376: 13782/19115
2026-02-05 01:41:45,273 - INFO - [133/5146] n1024_9192458: 13154/17750
2026-02-05 01:41:51,715 - INFO - [134/5146] n1024_9192462: 13146/17578
2026-02-05 01:42:01,284 - INFO - [135/5146] n1024_9180169: 15045/22049
2026-02-05 01:42:03,533 - INFO - [136/5146] n1024_9188368: 13464/18287
2026-02-05 01:42:08,881 - INFO - [137/5146] n1024_9188352: 13738/17854
2026-02-05 01:42:14,134 - INFO - [138/5146] n1024_9188356: 14521/18879
2026-02-05 01:42:14,747 - INFO - [139/5146] n1024_9200664: 11682/16293
2026-02-05 01:42:24,565 - INFO - [140/5146] n1024_9180165: 15686/21835
2026-02-05 01:42:30,440 - INFO - [141/5146] n1024_9204759: 10002/13771
2026-02-05 01:42:36,844 - INFO - [142/5146] n1024_9176066: 16234/22592
2026-02-05 01:42:51,231 - INFO - [143/5146] n1024_9184268: 15272/21685
2026-02-05 01:43:34,011 - INFO - [144/5146] n1024_9200656: 12452/17001
2026-02-05 01:43:40,349 - INFO - [145/5146] n1024_9200660: 12432/16363
2026-02-05 01:43:43,285 - INFO - [146/5146] n1024_9188348: 15280/20642
2026-02-05 01:43:43,818 - INFO - [147/5146] n1024_9200652: 12857/17739
2026-02-05 01:43:43,935 - INFO - [148/5146] n1024_9184264: 15972/22530
2026-02-05 01:43:46,897 - INFO - [149/5146] n1024_9184252: 16336/21697
2026-02-05 01:44:04,117 - INFO - [150/5146] n1024_9180173: 16345/22695
2026-02-05 01:44:26,076 - INFO - [151/5146] n1024_9192450: 15041/20343
2026-02-05 01:44:33,875 - INFO - [152/5146] n1024_9196553: 13838/19633
2026-02-05 01:44:49,211 - INFO - [153/5146] n1024_9212918: 12920/19671
2026-02-05 01:44:54,142 - INFO - [154/5146] n1024_9176062: 18926/25373
2026-02-05 01:44:57,719 - INFO - [155/5146] n1024_9192454: 14752/21158
2026-02-05 01:45:00,599 - INFO - [156/5146] n1024_9204747: 12379/17109
2026-02-05 01:45:06,774 - INFO - [157/5146] n1024_9184256: 16878/22294
2026-02-05 01:45:09,130 - INFO - [158/5146] n1024_9196549: 14465/19071
2026-02-05 01:45:25,605 - INFO - [159/5146] n1024_9196557: 14338/20488
2026-02-05 01:45:30,085 - INFO - [160/5146] n1024_9196561: 14477/20101
2026-02-05 01:45:45,731 - INFO - [161/5146] n1024_9204751: 12956/18018
2026-02-05 01:45:45,815 - INFO - [162/5146] n1024_9204743: 13207/17637
2026-02-05 01:45:47,708 - INFO - [163/5146] n1024_9188360: 17598/24008
2026-02-05 01:45:57,961 - INFO - [164/5146] n1024_9196541: 15450/20885
2026-02-05 01:46:08,356 - INFO - [165/5146] n1024_9184260: 17157/24000
2026-02-05 01:46:11,063 - INFO - [166/5146] n1024_9212938: 10905/14765
2026-02-05 01:46:16,633 - INFO - [167/5146] n1024_9204739: 14080/18706
2026-02-05 01:46:17,055 - INFO - [168/5146] n1024_9200644: 14646/19445
2026-02-05 01:46:25,706 - INFO - [169/5146] n1024_9200648: 14533/21272
2026-02-05 01:46:25,828 - INFO - [170/5146] n1024_9192446: 17207/22881
2026-02-05 01:46:31,370 - INFO - [171/5146] n1024_9208852: 11396/16530
2026-02-05 01:46:39,590 - INFO - [172/5146] n1024_9200640: 15566/20486
2026-02-05 01:47:11,875 - INFO - [173/5146] n1024_9192442: 18224/24309
2026-02-05 01:47:17,540 - INFO - [174/5146] n1024_9196545: 16672/21805
2026-02-05 01:47:33,282 - INFO - [175/5146] n1024_9212950: 11148/15869
2026-02-05 01:47:37,557 - INFO - [176/5146] n1024_9204735: 14608/19776
2026-02-05 01:47:40,162 - INFO - [177/5146] n1024_9208840: 13418/18813
2026-02-05 01:47:46,366 - INFO - [178/5146] n1024_9208824: 14009/19751
2026-02-05 01:48:00,300 - INFO - [179/5146] n1024_9204755: 14585/20861
2026-02-05 01:48:12,955 - INFO - [180/5146] n1024_9196537: 17227/24042
2026-02-05 01:48:26,296 - INFO - [181/5146] n1024_9212942: 12906/17878
2026-02-05 01:48:36,986 - INFO - [182/5146] n1024_9212934: 12990/18111
2026-02-05 01:48:39,371 - INFO - [183/5146] n1024_9212946: 12977/18705
2026-02-05 01:48:42,081 - INFO - [184/5146] n1024_9208848: 14250/20233
2026-02-05 01:49:00,149 - INFO - [185/5146] n1024_9217039: 12232/17090
2026-02-05 01:49:06,091 - INFO - [186/5146] n1024_9200636: 18029/24106
2026-02-05 01:49:07,859 - INFO - [187/5146] n1024_9221142: 10139/14316
2026-02-05 01:49:08,233 - INFO - [188/5146] n1024_9217035: 11940/16377
2026-02-05 01:49:22,076 - INFO - [189/5146] n1024_9217043: 11956/16603
2026-02-05 01:49:26,437 - INFO - [190/5146] n1024_9217015: 13520/19648
2026-02-05 01:49:31,455 - INFO - [191/5146] n1024_9212926: 13798/19163
2026-02-05 01:49:46,432 - INFO - [192/5146] n1024_9208836: 15894/22335
2026-02-05 01:50:08,166 - INFO - [193/5146] n1024_9212922: 14867/20304
2026-02-05 01:50:16,612 - INFO - [194/5146] n1024_9208844: 15564/21854
2026-02-05 01:50:18,055 - INFO - [195/5146] n1024_9208828: 15614/22120
2026-02-05 01:50:26,656 - INFO - [196/5146] n1024_9225237: 9648/13929
2026-02-05 01:51:02,894 - INFO - [197/5146] n1024_9217023: 13826/19519
2026-02-05 01:51:53,138 - INFO - [198/5146] n1024_9221138: 12343/18483
2026-02-05 01:52:00,120 - INFO - [199/5146] n1024_9221130: 13136/18783
2026-02-05 01:52:05,213 - INFO - [200/5146] n1024_9221126: 12992/18609
2026-02-05 01:52:08,167 - INFO - [201/5146] n1024_9221110: 14669/22382
2026-02-05 01:52:25,399 - INFO - [202/5146] n1024_9204731: 18135/25267
2026-02-05 01:52:26,107 - INFO - [203/5146] n1024_9229321: 10766/15635
2026-02-05 01:52:30,569 - INFO - [204/5146] n1024_9225229: 11723/16914
2026-02-05 01:52:35,026 - INFO - [205/5146] n1024_9217019: 14662/20597
2026-02-05 01:52:41,563 - INFO - [206/5146] n1024_9212930: 15730/22427
2026-02-05 01:52:42,482 - INFO - [207/5146] n1024_9221134: 12918/19592
2026-02-05 01:53:07,719 - INFO - [208/5146] n1024_9229325: 10642/15397
2026-02-05 01:53:23,606 - INFO - [209/5146] n1024_9225217: 12985/18676
2026-02-05 01:53:31,189 - INFO - [210/5146] n1024_9217027: 14900/21059
2026-02-05 01:53:32,037 - INFO - [211/5146] n1024_9233423: 10891/16034
2026-02-05 01:53:46,752 - INFO - [212/5146] n1024_9229333: 11163/17047
2026-02-05 01:54:04,127 - INFO - [213/5146] n1024_9229329: 11700/17663
2026-02-05 01:54:04,947 - INFO - [214/5146] n1024_9221118: 14886/21454
2026-02-05 01:54:05,626 - INFO - [215/5146] n1024_9237526: 10307/17122
2026-02-05 01:54:10,353 - INFO - [216/5146] n1024_9217031: 15750/24284
2026-02-05 01:54:18,708 - INFO - [217/5146] n1024_9208832: 18877/26539
2026-02-05 01:54:36,885 - INFO - [218/5146] n1024_9225233: 13165/18860
2026-02-05 01:54:40,046 - INFO - [219/5146] n1024_9225209: 14450/21962
2026-02-05 01:54:44,202 - INFO - [220/5146] n1024_9233419: 11210/17050
2026-02-05 01:54:47,149 - INFO - [221/5146] n1024_9225221: 13273/19301
2026-02-05 01:54:49,742 - INFO - [222/5146] n1024_9229305: 12584/19360
2026-02-05 01:54:53,749 - INFO - [223/5146] n1024_9229309: 12632/18599
2026-02-05 01:55:29,062 - INFO - [224/5146] n1024_9225225: 13715/20162
2026-02-05 01:55:44,090 - INFO - [225/5146] n1024_9221122: 15608/22598
2026-02-05 01:56:05,750 - INFO - [226/5146] n1024_9225213: 15542/22506
2026-02-05 01:56:27,531 - INFO - [227/5146] n1024_9229317: 13805/20522
2026-02-05 01:56:47,326 - INFO - [228/5146] n1024_9249779: 11218/19895
2026-02-05 01:56:52,878 - INFO - [229/5146] n1024_9233411: 13291/19570
2026-02-05 01:57:15,171 - INFO - [230/5146] n1024_9237493: 13712/22435
2026-02-05 01:57:20,296 - INFO - [231/5146] n1024_9241619: 10940/17415
2026-02-05 01:57:33,012 - INFO - [232/5146] n1024_9221114: 16255/25311
2026-02-05 01:57:46,976 - INFO - [233/5146] n1024_9237517: 11903/18844
2026-02-05 01:57:57,406 - INFO - [234/5146] n1024_9253908: 8883/14687
2026-02-05 01:57:58,546 - INFO - [235/5146] n1024_9249791: 10391/16694
2026-02-05 01:58:01,939 - INFO - [236/5146] n1024_9241607: 11776/18585
2026-02-05 01:58:02,032 - INFO - [237/5146] n1024_9237513: 12411/19272
2026-02-05 01:58:03,833 - INFO - [238/5146] n1024_9249799: 10572/16491
2026-02-05 01:58:08,735 - INFO - [239/5146] n1024_9233407: 14807/21984
2026-02-05 01:58:08,835 - INFO - [240/5146] n1024_9241611: 11672/18070
2026-02-05 01:58:24,166 - INFO - [241/5146] n1024_9229313: 15334/22894
2026-02-05 01:58:27,641 - INFO - [242/5146] n1024_9237501: 13509/21662
2026-02-05 01:58:39,453 - INFO - [243/5146] n1024_9249807: 10038/16392
2026-02-05 01:58:43,908 - INFO - [244/5146] n1024_9237509: 13492/20394
2026-02-05 01:58:52,243 - INFO - [245/5146] n1024_9258003: 8707/14569
2026-02-05 01:58:57,850 - INFO - [246/5146] n1024_9245715: 10763/18776
2026-02-05 01:58:58,831 - INFO - [247/5146] n1024_9233399: 15033/23689
2026-02-05 01:59:02,277 - INFO - [248/5146] n1024_9233415: 14821/23327
2026-02-05 01:59:28,342 - INFO - [249/5146] n1024_9241595: 13534/21660
2026-02-05 01:59:40,903 - INFO - [250/5146] n1024_9249803: 11236/17535
2026-02-05 01:59:54,013 - INFO - [251/5146] n1024_9253903: 10509/17126
2026-02-05 01:59:57,415 - INFO - [252/5146] n1024_9237505: 14883/22981
2026-02-05 02:00:17,237 - INFO - [253/5146] n1024_9253899: 10837/17813
2026-02-05 02:00:21,207 - INFO - [254/5146] n1024_9253866: 13658/25249
2026-02-05 02:00:22,610 - INFO - [255/5146] n1024_9237497: 14612/24286
2026-02-05 02:00:23,329 - INFO - [256/5146] n1024_9241615: 13290/21585
2026-02-05 02:00:25,061 - INFO - [257/5146] n1024_9237521: 13183/21875
2026-02-05 02:00:31,259 - INFO - [258/5146] n1024_9253887: 11088/18313
2026-02-05 02:00:33,179 - INFO - [259/5146] n1024_9241591: 14483/23561
2026-02-05 02:00:33,581 - INFO - [260/5146] n1024_9245702: 12787/20471
2026-02-05 02:00:36,952 - INFO - [261/5146] n1024_9245710: 12203/20788
2026-02-05 02:00:39,988 - INFO - [262/5146] n1024_9233403: 16738/27237
2026-02-05 02:00:46,028 - INFO - [263/5146] n1024_9249795: 12860/20242
2026-02-05 02:01:04,763 - INFO - [264/5146] n1024_9245698: 12926/20413
2026-02-05 02:01:08,393 - INFO - [265/5146] n1024_9245690: 13736/22293
2026-02-05 02:01:08,977 - INFO - [266/5146] n1024_9245706: 12793/20816
2026-02-05 02:01:23,014 - INFO - [267/5146] n1024_9253895: 11517/18856
2026-02-05 02:01:35,267 - INFO - [268/5146] n1024_9257999: 10456/17241
2026-02-05 02:01:38,502 - INFO - [269/5146] n1024_9270292: 6647/12942
2026-02-05 02:01:44,721 - INFO - [270/5146] n1024_9257995: 10637/17916
2026-02-05 02:01:59,574 - INFO - [271/5146] n1024_9241599: 14799/24040
2026-02-05 02:01:59,993 - INFO - [272/5146] n1024_9241603: 14326/23569
2026-02-05 02:02:06,179 - INFO - [273/5146] n1024_9253891: 12277/19828
2026-02-05 02:02:11,441 - INFO - [274/5146] n1024_9245694: 14624/23896
2026-02-05 02:02:48,940 - INFO - [275/5146] n1024_9249787: 13566/22904
2026-02-05 02:03:05,221 - INFO - [276/5146] n1024_9266194: 8622/14945
2026-02-05 02:03:06,641 - INFO - [277/5146] n1024_9262094: 10139/17264
2026-02-05 02:03:15,722 - INFO - [278/5146] n1024_9257991: 11121/19062
2026-02-05 02:03:18,561 - INFO - [279/5146] n1024_9262082: 11225/19398
2026-02-05 02:03:34,209 - INFO - [280/5146] n1024_9262090: 11026/18912
2026-02-05 02:03:38,725 - INFO - [281/5146] n1024_9262098: 10428/18471
2026-02-05 02:03:41,312 - INFO - [282/5146] n1024_9249783: 14465/24740
2026-02-05 02:04:06,529 - INFO - [283/5146] n1024_9262086: 11694/19877
2026-02-05 02:04:20,630 - INFO - [284/5146] n1024_9266182: 9855/17354
2026-02-05 02:04:26,705 - INFO - [285/5146] n1024_9253883: 14690/24525
2026-02-05 02:04:29,643 - INFO - [286/5146] n1024_9257979: 13149/22995
2026-02-05 02:04:30,435 - INFO - [287/5146] n1024_9245686: 15692/26364
2026-02-05 02:04:32,355 - INFO - [288/5146] n1024_9257983: 12812/22012
2026-02-05 02:04:59,265 - INFO - [289/5146] n1024_9257987: 12717/22144
2026-02-05 02:05:06,836 - INFO - [290/5146] n1024_9257975: 13533/23952
2026-02-05 02:05:14,235 - INFO - [291/5146] n1024_9274385: 8250/14849
2026-02-05 02:05:22,737 - INFO - [292/5146] n1024_9266190: 9958/17872
2026-02-05 02:05:27,161 - INFO - [293/5146] n1024_9274381: 8520/15530
2026-02-05 02:05:32,711 - INFO - [294/5146] n1024_9266178: 10830/19412
2026-02-05 02:05:47,686 - INFO - [295/5146] n1024_9274377: 9094/16450
2026-02-05 02:06:04,851 - INFO - [296/5146] n1024_9266186: 10937/19357
2026-02-05 02:06:20,910 - INFO - [297/5146] n1024_9266162: 13437/26955
2026-02-05 02:06:25,530 - INFO - [298/5146] n1024_9274373: 9598/17983
2026-02-05 02:06:26,603 - INFO - [299/5146] n1024_9270287: 9744/17785
2026-02-05 02:06:30,377 - INFO - [300/5146] n1024_9270279: 10482/18648
2026-02-05 02:06:33,502 - INFO - [301/5146] n1024_9262078: 13683/24270
2026-02-05 02:06:59,790 - INFO - [302/5146] n1024_9270259: 12111/24753
2026-02-05 02:07:07,223 - INFO - [303/5146] n1024_9266174: 12075/21682
2026-02-05 02:07:14,262 - INFO - [304/5146] n1024_9278478: 8024/15468
2026-02-05 02:07:29,344 - INFO - [305/5146] n1024_9233427: 21335/35307
2026-02-05 02:07:47,593 - INFO - [306/5146] n1024_9270283: 10579/20074
2026-02-05 02:07:51,685 - INFO - [307/5146] n1024_9270271: 11476/20983
2026-02-05 02:08:10,093 - INFO - [308/5146] n1024_9270275: 11597/21306
2026-02-05 02:08:44,505 - INFO - [309/5146] n1024_9262070: 14596/27831
2026-02-05 02:08:49,404 - INFO - [310/5146] n1024_9278470: 9828/19389
2026-02-05 02:09:01,711 - INFO - [311/5146] n1024_9274357: 11821/23007
2026-02-05 02:09:16,343 - INFO - [312/5146] n1024_9253879: 17678/31129
2026-02-05 02:09:18,546 - INFO - [313/5146] n1024_9278482: 8734/17636
2026-02-05 02:09:25,442 - INFO - [314/5146] n1024_9262074: 14985/27112
2026-02-05 02:09:36,930 - INFO - [315/5146] n1024_9282578: 9122/18827
2026-02-05 02:09:42,059 - INFO - [316/5146] n1024_9282570: 9097/17501
2026-02-05 02:09:58,268 - INFO - [317/5146] n1024_9278474: 10245/19914
2026-02-05 02:10:06,178 - INFO - [318/5146] n1024_9270263: 12959/24944
2026-02-05 02:10:10,661 - INFO - [319/5146] n1024_9274369: 11518/22229
2026-02-05 02:10:13,901 - INFO - [320/5146] n1024_9286672: 8695/17036
2026-02-05 02:10:23,857 - INFO - [321/5146] n1024_9282574: 9101/17566
2026-02-05 02:10:29,382 - INFO - [322/5146] n1024_9282566: 9557/19089
2026-02-05 02:10:50,991 - INFO - [323/5146] n1024_9286668: 8854/17677
2026-02-05 02:10:53,159 - INFO - [324/5146] n1024_9290767: 7826/16357
2026-02-05 02:10:53,441 - INFO - [325/5146] n1024_9274365: 12085/23611
2026-02-05 02:10:54,456 - INFO - [326/5146] n1024_9266170: 13838/26640
2026-02-05 02:10:58,010 - INFO - [327/5146] n1024_9266166: 13833/27169
2026-02-05 02:11:33,611 - INFO - [328/5146] n1024_9274361: 13374/25387
2026-02-05 02:11:42,718 - INFO - [329/5146] n1024_9303056: 7059/14786
2026-02-05 02:11:45,169 - INFO - [330/5146] n1024_9278466: 11380/22594
2026-02-05 02:11:48,074 - INFO - [331/5146] n1024_9286660: 9951/20803
2026-02-05 02:11:49,918 - INFO - [332/5146] n1024_9270267: 14452/27435
2026-02-05 02:11:51,349 - INFO - [333/5146] n1024_9294852: 8566/18024
2026-02-05 02:12:00,863 - INFO - [334/5146] n1024_9286664: 9787/20161
2026-02-05 02:12:04,305 - INFO - [335/5146] n1024_9290755: 9294/19745
2026-02-05 02:16:26,789 - INFO - [336/5146] n1024_9278462: 12291/25084
2026-02-05 02:16:27,011 - INFO - [337/5146] n1024_9294864: 8489/17948
2026-02-05 02:16:37,321 - INFO - [338/5146] n1024_9290763: 9152/19159
2026-02-05 02:16:43,618 - INFO - [339/5146] n1024_9303052: 8027/16848
2026-02-05 02:16:47,023 - INFO - [340/5146] n1024_9298949: 8861/18833
2026-02-05 04:04:08,926 - INFO - [341/5146] n1024_9302999: 9619/23524
2026-02-05 04:04:11,174 - INFO - [342/5146] n1024_9278458: 12851/26306
2026-02-05 04:04:13,683 - INFO - [343/5146] n1024_9298953: 8889/18544
2026-02-05 04:04:18,242 - INFO - [344/5146] n1024_9294860: 8648/18625
2026-02-05 04:04:19,802 - INFO - [345/5146] n1024_9298957: 8586/18030
2026-02-05 04:04:20,102 - INFO - [346/5146] n1024_9294840: 9771/21921
2026-02-05 04:04:20,584 - INFO - [347/5146] n1024_9294856: 8900/18950
2026-02-05 04:04:21,205 - INFO - [348/5146] n1024_9278454: 13253/26762
2026-02-05 04:04:25,165 - INFO - [349/5146] n1024_9282558: 11042/22811
2026-02-05 04:04:30,805 - INFO - [350/5146] n1024_9282562: 11114/23288
2026-02-05 04:04:31,317 - INFO - [351/5146] n1024_9290751: 10289/22161
2026-02-05 04:04:41,788 - INFO - [352/5146] n1024_9311248: 6448/15778
2026-02-05 04:04:45,448 - INFO - [353/5146] n1024_9307147: 7278/16237
2026-02-05 04:04:45,765 - INFO - [354/5146] n1024_9307151: 7004/15945
2026-02-05 04:04:54,518 - INFO - [355/5146] n1024_9282550: 11593/24722
2026-02-05 04:32:40,434 - INFO - [356/5146] n1024_9282554: 11335/24921
2026-02-05 04:33:19,589 - INFO - [357/5146] n1024_9290759: 10057/22316
2026-02-05 07:01:43,363 - INFO - [358/5146] n1024_9286652: 11271/24873
2026-02-05 08:55:18,745 - INFO - [359/5146] n1024_9294848: 9754/22070
2026-02-05 08:55:32,850 - INFO - [360/5146] n1024_9286648: 11300/24552
2026-02-05 10:56:09,181 - INFO - [361/5146] n1024_9298945: 9211/21550
2026-02-05 13:25:54,346 - INFO - [362/5146] n1024_9303048: 8832/20493
2026-02-05 14:08:10,366 - INFO - [363/5146] n1024_9290743: 10792/25100
2026-02-05 14:17:00,569 - INFO - [364/5146] n1024_9303044: 8851/22153
slurmstepd: error: *** JOB 229812 ON node114 CANCELLED AT 2026-02-05T17:21:37 ***
slurmstepd: error: Detected 3 oom-kill event(s) in StepId=229812.batch. Some of your processes may have been killed by the cgroup out-of-memory handler.
