ERROR: Unable to locate a modulefile for 'python/3.9'
ERROR: Unable to locate a modulefile for 'hdf5'
2026-02-05 17:38:39,656 - INFO - ======================================================================
2026-02-05 17:38:39,657 - INFO - VIRAC Extractor - Shard 3/10
2026-02-05 17:38:39,658 - INFO - ======================================================================
2026-02-05 17:38:39,658 - INFO - Total tiles in dataset: 22585
2026-02-05 17:38:39,659 - INFO - Tiles for this shard:   2259
2026-02-05 17:38:39,659 - INFO - Workers: 64
2026-02-05 17:38:39,669 - INFO - Already completed: 288
2026-02-05 17:38:39,669 - INFO - Tiles to process:  1971
2026-02-05 18:00:40,946 - INFO - [1/1971] n1024_9176088: 3784/14985
2026-02-05 18:02:58,682 - INFO - [2/1971] n1024_9311232: 7786/19478
2026-02-05 18:06:05,878 - INFO - [3/1971] n1024_9171987: 4122/16753
2026-02-05 18:06:06,461 - INFO - [4/1971] n1024_9307139: 8403/21111
2026-02-05 18:07:03,653 - INFO - [5/1971] n1024_9184274: 3272/16002
2026-02-05 18:08:32,929 - INFO - [6/1971] n1024_9167884: 4912/18009
2026-02-05 18:08:58,317 - INFO - [7/1971] n1024_9217013: 2335/18480
2026-02-05 18:08:58,576 - INFO - [8/1971] n1024_9196563: 2362/15381
2026-02-05 18:09:53,779 - INFO - [9/1971] n1024_9163781: 5125/20655
2026-02-05 18:11:29,600 - INFO - [10/1971] n1024_9159698: 5269/19285
2026-02-05 18:11:37,830 - INFO - [11/1971] n1024_9155596: 5850/21881
2026-02-05 18:11:39,416 - INFO - [12/1971] n1024_9245712: 2105/16312
2026-02-05 18:11:39,720 - INFO - [13/1971] n1024_9290769: 2175/16749
2026-02-05 18:12:01,781 - INFO - [14/1971] n1024_9180171: 3914/20073
2026-02-05 18:12:15,298 - INFO - [15/1971] n1024_9192440: 3010/19054
2026-02-05 18:12:32,471 - INFO - [16/1971] n1024_9204749: 2123/17936
2026-02-05 18:13:10,609 - INFO - [17/1971] n1024_9270285: 2078/16555
2026-02-05 18:13:19,892 - INFO - [18/1971] n1024_9192460: 2691/18604
2026-02-05 18:13:19,985 - INFO - [19/1971] n1024_9298937: 10029/28427
2026-02-05 18:13:23,719 - INFO - [20/1971] n1024_9171967: 4615/19482
2026-02-05 18:13:36,461 - INFO - [21/1971] n1024_9184254: 3808/19059
2026-02-05 18:13:45,658 - INFO - [22/1971] n1024_9278452: 2311/21510
2026-02-05 18:13:54,805 - INFO - [23/1971] n1024_9200646: 2423/18110
2026-02-05 18:13:58,176 - INFO - [24/1971] n1024_9282576: 2211/17607
2026-02-05 18:14:10,968 - INFO - [25/1971] n1024_9307149: 2106/17803
2026-02-05 18:14:37,019 - INFO - [26/1971] n1024_9208830: 2339/18907
2026-02-05 18:14:46,566 - INFO - [27/1971] n1024_9208850: 2178/17778
2026-02-05 18:14:49,684 - INFO - [28/1971] n1024_9176068: 4472/22697
2026-02-05 18:16:00,612 - INFO - [29/1971] n1024_9159678: 5780/23306
2026-02-05 18:16:22,838 - INFO - [30/1971] n256_514295: 63/1651
2026-02-05 18:16:26,376 - INFO - [31/1971] n1024_9212932: 2256/18255
2026-02-05 18:16:26,525 - INFO - [32/1971] n1024_9294858: 2294/19227
2026-02-05 18:16:30,395 - INFO - [33/1971] n1024_9311242: 2288/18928
2026-02-05 18:17:02,854 - INFO - [34/1971] n1024_9217033: 2327/20254
2026-02-05 18:17:07,745 - INFO - [35/1971] n1024_9266184: 2287/18614
2026-02-05 18:17:16,089 - INFO - [36/1971] n1024_9233425: 2114/18600
2026-02-05 18:17:34,568 - INFO - [37/1971] n1024_9286662: 2340/20572
2026-02-05 18:17:35,475 - INFO - [38/1971] n1024_9262084: 2247/19886
2026-02-05 18:17:57,772 - INFO - [39/1971] n1024_9221116: 2316/19910
2026-02-05 18:18:02,266 - INFO - [40/1971] n1024_9204729: 2315/19828
2026-02-05 18:18:02,440 - INFO - [41/1971] n1024_9253897: 2231/19342
2026-02-05 18:18:15,797 - INFO - [42/1971] n1024_9258001: 2268/19463
2026-02-05 18:18:28,629 - INFO - [43/1971] n1024_9221136: 2406/20993
2026-02-05 18:18:49,790 - INFO - [44/1971] n1024_9278472: 2184/19867
2026-02-05 18:19:08,657 - INFO - [45/1971] n1024_9303038: 2304/21002
2026-02-05 18:19:44,110 - INFO - [46/1971] n1024_9229323: 2306/21001
2026-02-05 18:19:54,943 - INFO - [47/1971] n1024_9196543: 2772/21678
2026-02-05 18:19:55,749 - INFO - [48/1971] n1024_9237507: 2133/19252
2026-02-05 18:20:37,172 - INFO - [49/1971] n1024_9241589: 2418/22690
2026-02-05 18:20:45,325 - INFO - [50/1971] n256_533746: 40/1091
2026-02-05 18:20:52,386 - INFO - [51/1971] n256_536847: 3/217
2026-02-05 18:21:01,113 - INFO - [52/1971] n1024_9253877: 2278/22899
2026-02-05 18:21:11,413 - INFO - [53/1971] n1024_9307095: 2607/28654
2026-02-05 18:21:22,837 - INFO - [54/1971] n1024_9188358: 3236/23801
2026-02-05 18:21:23,350 - INFO - [55/1971] n1024_9282556: 2408/23003
2026-02-05 18:21:38,483 - INFO - [56/1971] n1024_9290749: 2441/23308
2026-02-05 18:21:42,180 - INFO - [57/1971] n1024_9270265: 2340/23017
2026-02-05 18:21:55,436 - INFO - [58/1971] n1024_9241609: 2232/21688
2026-02-05 18:21:56,383 - INFO - [59/1971] n1024_9245692: 2383/23318
2026-02-05 18:22:02,165 - INFO - [60/1971] n1024_9257981: 2289/22237
2026-02-05 18:22:03,624 - INFO - [61/1971] n1024_9225219: 2284/21495
2026-02-05 18:22:03,998 - INFO - [62/1971] n1024_9315344: 6479/19309
2026-02-05 18:22:04,314 - INFO - [63/1971] n1024_9274367: 2302/22155
2026-02-05 18:22:23,744 - INFO - [64/1971] n1024_9298947: 2486/27646
2026-02-05 18:22:41,004 - INFO - [65/1971] n1024_9319438: 5894/15677
2026-02-05 18:22:42,238 - INFO - [66/1971] n1024_9229303: 2487/25064
2026-02-05 18:23:03,697 - INFO - [67/1971] n1024_9266164: 2580/27237
2026-02-05 18:23:20,661 - INFO - [68/1971] n1024_9249793: 2341/22956
2026-02-05 18:24:06,044 - INFO - [69/1971] n256_545047: 120/4421
2026-02-05 18:24:33,928 - INFO - [70/1971] n1024_9315324: 7673/24061
2026-02-05 18:25:08,527 - INFO - [71/1971] n256_521474: 598/15315
2026-02-05 18:25:12,674 - INFO - [72/1971] n1024_9327630: 4668/16483
2026-02-05 18:25:28,646 - INFO - [73/1971] n1024_9368584: 508/14701
2026-02-05 18:25:29,384 - INFO - [74/1971] n1024_9323533: 5024/18552
2026-02-05 18:27:39,112 - INFO - [75/1971] n1024_9344010: 2936/17645
2026-02-05 18:27:49,213 - INFO - [76/1971] n1024_9315334: 968/20861
2026-02-05 18:28:02,539 - INFO - [77/1971] n1024_9233405: 2456/30963
2026-02-05 18:28:42,374 - INFO - [78/1971] n1024_9339908: 3306/19866
2026-02-05 18:28:56,227 - INFO - [79/1971] n256_550173: 145/5235
2026-02-05 18:29:32,030 - INFO - [80/1971] n1024_9352204: 629/16380
2026-02-05 18:29:40,460 - INFO - [81/1971] n1024_9335817: 705/19423
2026-02-05 18:30:03,520 - INFO - [82/1971] n1024_9348101: 661/18822
2026-02-05 18:31:47,312 - INFO - [83/1971] n1024_9327620: 819/21009
2026-02-05 18:31:48,904 - INFO - [84/1971] n1024_9356296: 1988/20938
2026-02-05 18:32:11,700 - INFO - [85/1971] n1024_9360343: 713/22780
2026-02-05 18:32:30,349 - INFO - [86/1971] n1024_9323523: 939/22767
2026-02-05 18:33:51,972 - INFO - [87/1971] n1024_9331717: 899/25264
2026-02-05 18:34:28,894 - INFO - [88/1971] n256_537872: 553/22263
2026-02-05 18:34:50,651 - INFO - [89/1971] n1024_9319428: 936/23336
2026-02-05 18:36:12,403 - INFO - [90/1971] n1024_9393125: 1601/27810
2026-02-05 18:36:12,952 - INFO - [91/1971] n1024_9343958: 888/27318
2026-02-05 18:36:51,295 - INFO - [92/1971] n1024_9352150: 2900/26944
2026-02-05 18:37:28,005 - INFO - [93/1971] n1024_9335768: 4554/30708
2026-02-05 18:38:03,992 - INFO - [94/1971] n1024_9364437: 2063/26858
2026-02-05 18:38:07,652 - INFO - [95/1971] n256_535822: 734/29363
2026-02-05 18:44:23,077 - INFO - [96/1971] n256_548078: 680/36420
2026-02-05 18:47:15,178 - INFO - [97/1971] n256_553246: 474/26099
2026-02-05 18:51:58,891 - INFO - [98/1971] n256_556320: 426/26361
2026-02-05 18:53:17,595 - INFO - [99/1971] n256_533772: 1129/51855
2026-02-05 18:53:59,596 - INFO - [100/1971] n256_540946: 979/49522
2026-02-05 18:54:25,555 - INFO - [101/1971] n256_548121: 913/47335
slurmstepd: error: *** JOB 233109 ON node091 CANCELLED AT 2026-02-05T18:54:46 ***
