ERROR: Unable to locate a modulefile for 'python/3.9'
ERROR: Unable to locate a modulefile for 'hdf5'
2026-02-05 17:38:39,655 - INFO - ======================================================================
2026-02-05 17:38:39,656 - INFO - VIRAC Extractor - Shard 4/10
2026-02-05 17:38:39,657 - INFO - ======================================================================
2026-02-05 17:38:39,657 - INFO - Total tiles in dataset: 22585
2026-02-05 17:38:39,658 - INFO - Tiles for this shard:   2259
2026-02-05 17:38:39,658 - INFO - Workers: 64
2026-02-05 17:38:39,668 - INFO - Already completed: 342
2026-02-05 17:38:39,668 - INFO - Tiles to process:  1917
2026-02-05 17:38:59,988 - INFO - [1/1917] n256_529673: 78/563
2026-02-05 17:42:07,488 - INFO - [2/1917] n256_540947: 234/1553
2026-02-05 17:42:32,611 - INFO - [3/1917] n256_538864: 399/2446
2026-02-05 17:44:26,684 - INFO - [4/1917] n256_534797: 579/4011
2026-02-05 17:50:17,193 - INFO - [5/1917] n256_524548: 1207/8592
2026-02-05 17:53:07,679 - INFO - [6/1917] n256_527623: 1303/9121
2026-02-05 18:02:24,514 - INFO - [7/1917] n1024_9360391: 2349/13914
2026-02-05 18:03:52,990 - INFO - [8/1917] n1024_9319439: 3567/15036
2026-02-05 18:04:48,590 - INFO - [9/1917] n1024_9352205: 2688/15151
2026-02-05 18:05:33,807 - INFO - [10/1917] n1024_9311243: 6478/18256
2026-02-05 18:07:13,267 - INFO - [11/1917] n1024_9307150: 6599/18860
2026-02-05 18:07:41,919 - INFO - [12/1917] n1024_9319429: 5990/18406
2026-02-05 18:08:13,819 - INFO - [13/1917] n1024_9327631: 3224/17442
2026-02-05 18:08:40,281 - INFO - [14/1917] n1024_9344011: 2683/15770
2026-02-05 18:09:15,264 - INFO - [15/1917] n256_522485: 2181/21874
2026-02-05 18:09:40,491 - INFO - [16/1917] n1024_9323534: 3468/17524
2026-02-05 18:11:23,497 - INFO - [17/1917] n1024_9315335: 6181/20643
2026-02-05 18:12:05,096 - INFO - [18/1917] n1024_9282557: 11824/24916
2026-02-05 18:13:09,786 - INFO - [19/1917] n1024_9335818: 4169/19586
2026-02-05 18:13:34,479 - INFO - [20/1917] n1024_9368586: 2513/21131
2026-02-05 18:13:50,820 - INFO - [21/1917] n1024_9303039: 8327/25330
2026-02-05 18:14:47,965 - INFO - [22/1917] n256_537841: 2402/32489
2026-02-05 18:15:54,336 - INFO - [23/1917] n1024_9356297: 2682/19613
2026-02-05 18:16:17,731 - INFO - [24/1917] n1024_9348102: 3234/20244
2026-02-05 18:16:26,987 - INFO - [25/1917] n1024_9343961: 4160/22533
2026-02-05 18:16:27,084 - INFO - [26/1917] n1024_9319384: 4246/24249
2026-02-05 18:16:31,843 - INFO - [27/1917] n256_515325: 2524/24417
2026-02-05 18:17:27,411 - INFO - [28/1917] n1024_9298938: 5438/24088
2026-02-05 18:17:31,229 - INFO - [29/1917] n1024_9307140: 4397/21830
2026-02-05 18:17:35,830 - INFO - [30/1917] n1024_9323524: 5284/21646
2026-02-05 18:17:36,112 - INFO - [31/1917] n1024_9294849: 5082/22560
2026-02-05 18:18:20,586 - INFO - [32/1917] n1024_9286653: 6420/24781
2026-02-05 18:18:27,767 - INFO - [33/1917] n1024_9339909: 3083/22054
2026-02-05 18:18:28,548 - INFO - [34/1917] n1024_9331718: 4562/22869
2026-02-05 18:18:30,312 - INFO - [35/1917] n1024_9327621: 4758/22319
2026-02-05 18:18:39,606 - INFO - [36/1917] n1024_9335769: 3594/23902
2026-02-05 18:18:54,652 - INFO - [37/1917] n1024_9303049: 4508/22380
2026-02-05 18:21:22,783 - INFO - [38/1917] n1024_9311233: 4357/25976
2026-02-05 18:21:32,295 - INFO - [39/1917] n1024_9364438: 2811/23519
2026-02-05 18:22:30,891 - INFO - [40/1917] n1024_9352151: 3193/30251
2026-02-05 18:22:34,799 - INFO - [41/1917] n1024_9315325: 4357/28131
2026-02-05 18:30:39,621 - INFO - [42/1917] n256_548122: 797/23432
2026-02-05 18:31:45,418 - INFO - [43/1917] n256_511225: 3198/49086
2026-02-05 18:31:56,148 - INFO - [44/1917] n256_536817: 2955/45934
2026-02-05 18:34:02,691 - INFO - [45/1917] n256_556321: 537/20249
2026-02-05 18:34:18,054 - INFO - [46/1917] n256_560418: 5/437
2026-02-05 18:36:05,545 - INFO - [47/1917] n256_553247: 730/31983
2026-02-05 18:40:23,300 - INFO - [48/1917] n256_555293: 722/28487
2026-02-05 18:40:23,762 - INFO - [49/1917] n256_562409: 2/99
2026-02-05 18:42:06,702 - INFO - [50/1917] n256_538896: 3237/57022
2026-02-05 18:42:44,998 - INFO - [51/1917] n256_551195: 943/35589
2026-02-05 18:42:45,366 - INFO - [52/1917] n256_558365: 677/29481
2026-02-05 18:48:24,954 - INFO - [53/1917] n256_559392: 445/28566
2026-02-05 18:49:18,094 - INFO - [54/1917] n256_557338: 824/47469
2026-02-05 18:49:37,056 - INFO - [55/1917] n256_554267: 893/39300
2026-02-05 18:52:24,659 - INFO - [56/1917] n256_549143: 1351/51814
2026-02-05 18:52:46,020 - INFO - [57/1917] n256_564513: 3/393
2026-02-05 18:53:45,950 - INFO - [58/1917] n256_514296: 3536/75733
slurmstepd: error: *** JOB 233110 ON node092 CANCELLED AT 2026-02-05T18:54:46 ***
