ERROR: Unable to locate a modulefile for 'python/3.9'
ERROR: Unable to locate a modulefile for 'hdf5'
2026-02-04 20:57:00,825 - INFO - ======================================================================
2026-02-04 20:57:00,826 - INFO - VIRAC Extractor - Shard 3/4
2026-02-04 20:57:00,827 - INFO - ======================================================================
2026-02-04 20:57:00,828 - INFO - Total tiles in dataset: 22585
2026-02-04 20:57:00,828 - INFO - Tiles for this shard:   5646
2026-02-04 20:57:00,829 - INFO - Workers: 96
2026-02-04 20:57:00,840 - INFO - Already completed: 117
2026-02-04 20:57:00,841 - INFO - Tiles to process:  5529
2026-02-04 20:57:20,255 - INFO - [1/5529] n1024_8905764: 8589/11450
2026-02-04 20:57:56,867 - INFO - [2/5529] n1024_8905754: 8803/12408
2026-02-04 20:59:19,491 - INFO - [3/5529] n1024_8909860: 8804/12028
2026-02-04 20:59:41,943 - INFO - [4/5529] n1024_8909845: 9829/13874
2026-02-04 21:00:50,350 - INFO - [5/5529] n1024_8909855: 8218/11533
2026-02-04 21:01:22,733 - INFO - [6/5529] n1024_8913933: 10269/15319
2026-02-04 21:01:27,664 - INFO - [7/5529] n1024_8905750: 10592/14953
2026-02-04 21:03:02,658 - INFO - [8/5529] n1024_8913951: 8109/10760
2026-02-04 21:03:11,317 - INFO - [9/5529] n1024_8897574: 12925/17508
2026-02-04 21:03:22,620 - INFO - [10/5529] n1024_8909865: 9031/11731
2026-02-04 21:03:32,864 - INFO - [11/5529] n1024_8913947: 9485/13501
2026-02-04 21:03:54,481 - INFO - [12/5529] n1024_8913961: 8704/11598
2026-02-04 21:04:17,329 - INFO - [13/5529] n1024_8909850: 11323/15546
2026-02-04 21:04:25,677 - INFO - [14/5529] n1024_8913957: 9693/13371
2026-02-04 21:04:25,725 - INFO - [15/5529] n1024_8913941: 11119/15179
2026-02-04 21:04:29,499 - INFO - [16/5529] n1024_8922152: 6876/9486
2026-02-04 21:04:44,951 - INFO - [17/5529] n1024_8913937: 11073/14980
2026-02-04 21:05:40,807 - INFO - [18/5529] n1024_8909841: 11588/16033
2026-02-04 21:05:50,440 - INFO - [19/5529] n1024_8918039: 9887/14088
2026-02-04 21:05:52,292 - INFO - [20/5529] n1024_8946717: 8596/11422
2026-02-04 21:05:53,067 - INFO - [21/5529] n1024_8918054: 8749/11958
2026-02-04 21:05:54,350 - INFO - [22/5529] n1024_8934440: 8353/11163
2026-02-04 21:05:57,460 - INFO - [23/5529] n1024_8950822: 8189/10753
2026-02-04 21:06:02,335 - INFO - [24/5529] n1024_8918059: 8546/11267
2026-02-04 21:06:06,364 - INFO - [25/5529] n1024_8946723: 8123/11916
2026-02-04 21:06:08,617 - INFO - [26/5529] n1024_8946727: 8675/11811
2026-02-04 21:06:17,092 - INFO - [27/5529] n1024_8934430: 8834/12103
2026-02-04 21:06:22,387 - INFO - [28/5529] n1024_8938523: 9007/11918
2026-02-04 21:06:22,535 - INFO - [29/5529] n1024_8934434: 8871/11964
2026-02-04 21:06:28,525 - INFO - [30/5529] n1024_8922142: 8147/11900
2026-02-04 21:06:35,252 - INFO - [31/5529] n1024_8954916: 9006/11966
2026-02-04 21:06:35,280 - INFO - [32/5529] n1024_8922138: 8557/11663
2026-02-04 21:06:45,099 - INFO - [33/5529] n1024_8950795: 9526/14204
2026-02-04 21:06:45,776 - INFO - [34/5529] n1024_8926244: 9007/12411
2026-02-04 21:06:48,011 - INFO - [35/5529] n1024_8954894: 9102/12093
2026-02-04 21:06:57,038 - INFO - [36/5529] n1024_8918049: 10197/14089
2026-02-04 21:07:00,584 - INFO - [37/5529] n1024_8918030: 11385/16227
2026-02-04 21:07:03,491 - INFO - [38/5529] n1024_8930345: 8465/11716
2026-02-04 21:07:03,903 - INFO - [39/5529] n1024_8950809: 9481/12273
2026-02-04 21:07:13,674 - INFO - [40/5529] n1024_8922148: 9620/12533
2026-02-04 21:07:15,044 - INFO - [41/5529] n1024_8954890: 10657/15298
2026-02-04 21:07:29,478 - INFO - [42/5529] n1024_8930339: 9389/12258
2026-02-04 21:07:41,603 - INFO - [43/5529] n1024_8934421: 10211/12944
2026-02-04 21:07:42,296 - INFO - [44/5529] n1024_8963094: 9656/13639
2026-02-04 21:07:45,771 - INFO - [45/5529] n1024_8950813: 10259/13639
2026-02-04 21:07:47,862 - INFO - [46/5529] n1024_8930335: 9713/13904
2026-02-04 21:07:50,309 - INFO - [47/5529] n1024_8926249: 9153/12203
2026-02-04 21:07:53,473 - INFO - [48/5529] n1024_8946713: 9860/14474
2026-02-04 21:07:54,798 - INFO - [49/5529] n1024_8934425: 10246/13195
2026-02-04 21:08:01,507 - INFO - [50/5529] n1024_8922128: 10608/13757
2026-02-04 21:08:06,030 - INFO - [51/5529] n1024_8950818: 10320/14188
2026-02-04 21:08:08,318 - INFO - [52/5529] n1024_8926239: 10055/14103
2026-02-04 21:08:10,467 - INFO - [53/5529] n1024_8922134: 9961/13782
2026-02-04 21:08:16,260 - INFO - [54/5529] n1024_8967196: 8043/11154
2026-02-04 21:08:19,649 - INFO - [55/5529] n1024_8959014: 9769/13530
2026-02-04 21:08:21,726 - INFO - [56/5529] n1024_8963106: 9939/14200
2026-02-04 21:08:25,891 - INFO - [57/5529] n1024_8938511: 10444/14536
2026-02-04 21:08:26,801 - INFO - [58/5529] n1024_8942631: 10386/14293
2026-02-04 21:08:29,951 - INFO - [59/5529] n1024_8954904: 10108/12880
2026-02-04 21:08:35,126 - INFO - [60/5529] n1024_8938527: 10245/13607
2026-02-04 21:08:36,988 - INFO - [61/5529] n1024_8934417: 10992/14715
2026-02-04 21:08:37,406 - INFO - [62/5529] n1024_8938515: 10135/14688
2026-02-04 21:08:46,360 - INFO - [63/5529] n1024_8926230: 10937/15507
2026-02-04 21:08:49,840 - INFO - [64/5529] n1024_8918044: 11959/16867
2026-02-04 21:08:55,141 - INFO - [65/5529] n1024_8930321: 10765/14779
2026-02-04 21:08:59,982 - INFO - [66/5529] n1024_8958993: 11537/14970
2026-02-04 21:08:59,991 - INFO - [67/5529] n1024_8954912: 10895/14815
2026-02-04 21:09:04,717 - INFO - [68/5529] n1024_8958997: 11280/14661
2026-02-04 21:09:09,822 - INFO - [69/5529] n1024_8930329: 10942/14442
2026-02-04 21:09:22,868 - INFO - [70/5529] n1024_8938519: 11028/15247
2026-02-04 21:09:24,028 - INFO - [71/5529] n1024_8963098: 10714/14708
2026-02-04 21:09:31,734 - INFO - [72/5529] n1024_8946703: 10702/14281
2026-02-04 21:09:32,030 - INFO - [73/5529] n1024_8959009: 11306/16223
2026-02-04 21:09:45,519 - INFO - [74/5529] n1024_8963102: 10855/14878
2026-02-04 21:09:45,641 - INFO - [75/5529] n1024_8963090: 10824/14378
2026-02-04 21:09:46,440 - INFO - [76/5529] n1024_8950799: 11599/15397
2026-02-04 21:09:48,737 - INFO - [77/5529] n1024_8942621: 11050/15273
2026-02-04 21:09:56,760 - INFO - [78/5529] n1024_8942603: 12192/17078
2026-02-04 21:10:19,006 - INFO - [79/5529] n1024_8926234: 11231/16798
2026-02-04 21:10:24,207 - INFO - [80/5529] n1024_8918035: 12378/16738
2026-02-04 21:10:25,392 - INFO - [81/5529] n1024_8930325: 11192/15344
2026-02-04 21:10:41,566 - INFO - [82/5529] n1024_8967188: 11036/13705
2026-02-04 21:10:51,836 - INFO - [83/5529] n1024_8942626: 11413/16258
2026-02-04 21:11:30,129 - INFO - [84/5529] n1024_8967179: 12320/16923
2026-02-04 21:12:01,456 - INFO - [85/5529] n1024_8926225: 11920/16324
2026-02-04 21:12:01,694 - INFO - [86/5529] n1024_8958987: 12640/17488
2026-02-04 21:12:22,997 - INFO - [87/5529] n1024_8954908: 12107/16760
2026-02-04 21:12:58,201 - INFO - [88/5529] n1024_8967206: 8928/11931
2026-02-04 21:12:58,473 - INFO - [89/5529] n1024_8942613: 12455/16097
2026-02-04 21:12:59,045 - INFO - [90/5529] n1024_8967184: 12555/16479
2026-02-04 21:13:10,016 - INFO - [91/5529] n1024_8967192: 11301/14189
2026-02-04 21:13:14,147 - INFO - [92/5529] n1024_8967200: 9855/12950
2026-02-04 21:13:24,468 - INFO - [93/5529] n1024_8959005: 12629/18622
2026-02-04 21:13:42,454 - INFO - [94/5529] n1024_8963086: 13694/19414
2026-02-04 21:13:44,433 - INFO - [95/5529] n1024_8942608: 12262/17223
2026-02-04 21:13:58,488 - INFO - [96/5529] n1024_8954900: 14256/18339
2026-02-04 21:14:00,281 - INFO - [97/5529] n1024_8946699: 13652/19176
2026-02-04 21:14:04,259 - INFO - [98/5529] n1024_8959001: 13517/17814
2026-02-04 21:14:14,225 - INFO - [99/5529] n1024_8942617: 12247/18273
2026-02-04 21:15:15,907 - INFO - [100/5529] n1024_8946709: 13828/18566
2026-02-04 21:15:27,864 - INFO - [101/5529] n1024_8971292: 8940/11786
2026-02-04 21:15:32,392 - INFO - [102/5529] n1024_8971302: 8113/11090
2026-02-04 21:18:40,414 - INFO - [103/5529] n1024_8971296: 10314/14284
2026-02-04 21:18:44,998 - INFO - [104/5529] n1024_8971284: 11309/14465
2026-02-04 21:18:55,491 - INFO - [105/5529] n1024_8971280: 11422/16453
2026-02-04 21:18:58,243 - INFO - [106/5529] n1024_8950805: 17083/21191
2026-02-04 21:19:02,098 - INFO - [107/5529] n1024_8975375: 10490/14436
2026-02-04 21:19:03,533 - INFO - [108/5529] n1024_8975387: 9391/13082
2026-02-04 21:19:47,960 - INFO - [109/5529] n1024_8975397: 9185/13488
2026-02-04 21:19:54,735 - INFO - [110/5529] n1024_8975392: 9756/13348
2026-02-04 21:19:59,241 - INFO - [111/5529] n1024_8975371: 11367/14979
2026-02-04 21:20:07,630 - INFO - [112/5529] n1024_8971288: 11546/15470
2026-02-04 21:20:12,795 - INFO - [113/5529] n1024_8987679: 8568/11602
2026-02-04 21:20:18,402 - INFO - [114/5529] n1024_8971276: 13905/19210
2026-02-04 21:20:21,882 - INFO - [115/5529] n1024_8979464: 10912/15554
2026-02-04 21:20:31,315 - INFO - [116/5529] n1024_8975379: 11506/15250
2026-02-04 21:20:35,112 - INFO - [117/5529] n1024_8991778: 8851/11429
2026-02-04 21:20:47,171 - INFO - [118/5529] n1024_8991774: 9192/11667
2026-02-04 21:20:50,187 - INFO - [119/5529] n1024_8979472: 11533/15752
2026-02-04 21:20:57,357 - INFO - [120/5529] n1024_8979490: 10227/14613
2026-02-04 21:21:00,033 - INFO - [121/5529] n1024_8975383: 10940/15149
2026-02-04 21:21:09,057 - INFO - [122/5529] n1024_8987675: 9980/12775
2026-02-04 21:21:11,519 - INFO - [123/5529] n1024_8983587: 9558/13881
2026-02-04 21:21:13,767 - INFO - [124/5529] n1024_8987655: 11454/16724
2026-02-04 21:21:16,974 - INFO - [125/5529] n1024_8979494: 9636/13983
2026-02-04 21:21:20,826 - INFO - [126/5529] n1024_8983574: 10613/13825
2026-02-04 21:21:24,898 - INFO - [127/5529] n1024_8995869: 9106/11775
2026-02-04 21:21:27,928 - INFO - [128/5529] n1024_8983578: 10563/14413
2026-02-04 21:21:33,904 - INFO - [129/5529] n1024_8987683: 9287/13243
2026-02-04 21:21:34,205 - INFO - [130/5529] n1024_9004069: 8329/11618
2026-02-04 21:21:52,198 - INFO - [131/5529] n1024_8979468: 11579/15066
2026-02-04 21:21:54,191 - INFO - [132/5529] n1024_8979480: 11484/15143
2026-02-04 21:22:03,073 - INFO - [133/5529] n1024_8983566: 11440/15397
2026-02-04 21:22:15,754 - INFO - [134/5529] n1024_9012230: 9212/13716
2026-02-04 21:22:18,674 - INFO - [135/5529] n1024_8938533: 18553/23846
2026-02-04 21:22:21,217 - INFO - [136/5529] n1024_8995873: 9667/12590
2026-02-04 21:22:27,475 - INFO - [137/5529] n1024_8987671: 10998/14247
2026-02-04 21:22:50,735 - INFO - [138/5529] n1024_8983582: 11701/15612
2026-02-04 21:23:14,802 - INFO - [139/5529] n1024_8979476: 13000/16870
2026-02-04 21:23:21,880 - INFO - [140/5529] n1024_9008153: 10548/13509
2026-02-04 21:23:24,338 - INFO - [141/5529] n1024_8987667: 12341/16344
2026-02-04 21:23:30,051 - INFO - [142/5529] n1024_8991770: 12063/15080
2026-02-04 21:23:41,003 - INFO - [143/5529] n1024_9004065: 9884/13251
2026-02-04 21:23:56,860 - INFO - [144/5529] n1024_9012260: 9016/13038
2026-02-04 21:23:58,738 - INFO - [145/5529] n1024_9004055: 10122/13343
2026-02-04 21:24:15,572 - INFO - [146/5529] n1024_8995861: 11965/15934
2026-02-04 21:24:19,468 - INFO - [147/5529] n1024_8983562: 12855/18118
2026-02-04 21:24:20,074 - INFO - [148/5529] n1024_9012256: 9807/12885
2026-02-04 21:24:21,745 - INFO - [149/5529] n1024_8979484: 14080/20052
2026-02-04 21:24:22,191 - INFO - [150/5529] n1024_8999957: 11483/15598
2026-02-04 21:24:22,315 - INFO - [151/5529] n1024_9008163: 10344/14580
2026-02-04 21:24:24,965 - INFO - [152/5529] n1024_9008145: 10950/14135
2026-02-04 21:24:31,952 - INFO - [153/5529] n1024_8995865: 12247/15724
2026-02-04 21:24:32,314 - INFO - [154/5529] n1024_9004039: 11787/15993
2026-02-04 21:24:40,937 - INFO - [155/5529] n1024_8987663: 13021/17740
2026-02-04 21:24:57,084 - INFO - [156/5529] n1024_9012238: 11493/16166
2026-02-04 21:24:59,498 - INFO - [157/5529] n1024_8999961: 11805/15686
2026-02-04 21:25:02,430 - INFO - [158/5529] n1024_9020421: 10018/15372
2026-02-04 21:25:05,974 - INFO - [159/5529] n1024_9012242: 11436/14780
2026-02-04 21:25:07,277 - INFO - [160/5529] n1024_8983570: 13998/18853
2026-02-04 21:25:18,831 - INFO - [161/5529] n1024_8987659: 13217/18527
2026-02-04 21:25:29,745 - INFO - [162/5529] n1024_8995853: 12252/17289
2026-02-04 21:25:31,271 - INFO - [163/5529] n1024_9020441: 8950/11282
2026-02-04 21:25:31,626 - INFO - [164/5529] n1024_8999970: 11732/16028
2026-02-04 21:25:32,622 - INFO - [165/5529] n1024_9004059: 12306/15946
2026-02-04 21:25:33,819 - INFO - [166/5529] n1024_9008141: 12171/16210
2026-02-04 21:25:35,051 - INFO - [167/5529] n1024_9012250: 10295/13944
2026-02-04 21:25:37,129 - INFO - [168/5529] n1024_8991762: 13316/17530
2026-02-04 21:25:41,640 - INFO - [169/5529] n1024_9016348: 10000/13629
2026-02-04 21:25:42,419 - INFO - [170/5529] n1024_9016353: 9762/13303
2026-02-04 21:25:45,928 - INFO - [171/5529] n1024_8995849: 13476/18545
2026-02-04 21:25:57,177 - INFO - [172/5529] n1024_8999965: 12764/16924
2026-02-04 21:25:57,493 - INFO - [173/5529] n1024_8991754: 13511/18458
2026-02-04 21:26:11,768 - INFO - [174/5529] n1024_8999949: 13205/18562
2026-02-04 21:26:12,590 - INFO - [175/5529] n1024_8999953: 12711/16391
2026-02-04 21:26:18,358 - INFO - [176/5529] n1024_9020445: 9563/12644
2026-02-04 21:26:21,733 - INFO - [177/5529] n1024_9004043: 12710/17918
2026-02-04 21:26:28,900 - INFO - [178/5529] n1024_9012234: 12491/16321
2026-02-04 21:26:29,948 - INFO - [179/5529] n1024_9016344: 11300/14770
2026-02-04 21:26:32,567 - INFO - [180/5529] n1024_9004047: 12231/17086
2026-02-04 21:26:36,850 - INFO - [181/5529] n1024_8991766: 13365/18152
2026-02-04 21:26:40,572 - INFO - [182/5529] n1024_8991758: 14774/20028
2026-02-04 21:26:52,912 - INFO - [183/5529] n1024_9012246: 11867/15790
2026-02-04 21:26:53,472 - INFO - [184/5529] n1024_9008149: 12718/16880
2026-02-04 21:27:05,245 - INFO - [185/5529] n1024_9008158: 13460/18298
2026-02-04 21:27:16,010 - INFO - [186/5529] n1024_9020449: 10634/13908
2026-02-04 21:27:22,209 - INFO - [187/5529] n1024_9020433: 11762/16522
2026-02-04 21:27:52,387 - INFO - [188/5529] n1024_9008137: 14577/19467
2026-02-04 21:28:28,439 - INFO - [189/5529] n1024_9016340: 12992/16819
2026-02-04 21:28:58,899 - INFO - [190/5529] n1024_9020429: 13199/17841
2026-02-04 21:29:00,761 - INFO - [191/5529] n1024_9016332: 13888/18444
2026-02-04 21:29:24,665 - INFO - [192/5529] n1024_9020425: 12474/17478
2026-02-04 21:29:28,719 - INFO - [193/5529] n1024_8999945: 15378/20777
2026-02-04 21:29:40,884 - INFO - [194/5529] n1024_9024519: 11341/16475
2026-02-04 21:29:55,857 - INFO - [195/5529] n1024_9024543: 10379/13528
2026-02-04 21:29:59,044 - INFO - [196/5529] n1024_9028642: 9705/12728
2026-02-04 21:30:01,349 - INFO - [197/5529] n1024_9016336: 14374/20052
2026-02-04 21:30:03,500 - INFO - [198/5529] n1024_9016328: 13745/19349
2026-02-04 21:30:16,136 - INFO - [199/5529] n1024_9028612: 11679/16799
2026-02-04 21:30:24,552 - INFO - [200/5529] n1024_9024523: 11375/15456
2026-02-04 21:30:28,595 - INFO - [201/5529] n1024_9028636: 10417/13750
2026-02-04 21:30:29,225 - INFO - [202/5529] n1024_9004051: 16410/23013
2026-02-04 21:30:33,148 - INFO - [203/5529] n1024_9028632: 10324/14031
2026-02-04 21:30:51,315 - INFO - [204/5529] n1024_9028616: 11001/15995
2026-02-04 21:31:02,262 - INFO - [205/5529] n1024_9024535: 12580/16379
2026-02-04 21:31:06,106 - INFO - [206/5529] n1024_9024539: 12057/15758
2026-02-04 21:31:42,243 - INFO - [207/5529] n1024_9040931: 8338/10957
2026-02-04 21:31:49,644 - INFO - [208/5529] n1024_9024531: 12602/17571
2026-02-04 21:31:52,847 - INFO - [209/5529] n1024_9032727: 10937/14505
2026-02-04 21:32:19,076 - INFO - [210/5529] n1024_9020437: 15679/20390
2026-02-04 21:32:33,813 - INFO - [211/5529] n1024_9032736: 10563/14099
2026-02-04 21:32:35,333 - INFO - [212/5529] n1024_9032718: 12164/16249
2026-02-04 21:32:39,186 - INFO - [213/5529] n1024_9028628: 11601/15886
2026-02-04 21:32:42,271 - INFO - [214/5529] n1024_9032710: 11734/16104
2026-02-04 21:32:51,486 - INFO - [215/5529] n1024_9036808: 10657/15879
2026-02-04 21:32:56,929 - INFO - [216/5529] n1024_9036832: 10729/13994
2026-02-04 21:33:05,262 - INFO - [217/5529] n1024_9045027: 9053/12352
2026-02-04 21:33:05,829 - INFO - [218/5529] n1024_9028620: 12838/17368
2026-02-04 21:33:14,160 - INFO - [219/5529] n1024_9032722: 12320/16626
2026-02-04 21:33:14,652 - INFO - [220/5529] n1024_9040905: 9875/14893
2026-02-04 21:33:18,006 - INFO - [221/5529] n1024_8995857: 20571/27211
2026-02-04 21:34:45,360 - INFO - [222/5529] n1024_9040927: 11413/14536
2026-02-04 21:35:12,104 - INFO - [223/5529] n1024_9036822: 12036/16224
2026-02-04 21:35:12,697 - INFO - [224/5529] n1024_9045023: 10474/13430
2026-02-04 21:35:22,954 - INFO - [225/5529] n1024_9024527: 14573/20640
2026-02-04 21:35:40,096 - INFO - [226/5529] n1024_9049111: 10229/13908
2026-02-04 21:35:40,446 - INFO - [227/5529] n1024_9032731: 12987/17426
2026-02-04 21:35:40,942 - INFO - [228/5529] n1024_9036812: 12826/18414
2026-02-04 21:36:06,495 - INFO - [229/5529] n1024_9049115: 10258/13713
2026-02-04 21:36:18,590 - INFO - [230/5529] n1024_9032714: 14040/19122
2026-02-04 21:36:37,437 - INFO - [231/5529] n1024_9040918: 12004/15773
2026-02-04 21:36:50,793 - INFO - [232/5529] n1024_9045015: 11244/14541
2026-02-04 21:37:09,661 - INFO - [233/5529] n1024_9045003: 12085/18260
2026-02-04 21:37:16,238 - INFO - [234/5529] n1024_9045019: 11325/14765
2026-02-04 21:37:19,319 - INFO - [235/5529] n1024_9036826: 14339/18571
2026-02-04 21:37:19,518 - INFO - [236/5529] n1024_9053203: 10653/14668
2026-02-04 21:37:26,535 - INFO - [237/5529] n1024_9057306: 10415/13941
2026-02-04 21:37:27,991 - INFO - [238/5529] n1024_9044999: 12184/16342
2026-02-04 21:37:29,824 - INFO - [239/5529] n1024_9040901: 13379/20439
2026-02-04 21:37:34,073 - INFO - [240/5529] n1024_9061393: 9889/13505
2026-02-04 21:37:36,726 - INFO - [241/5529] n1024_9061401: 9665/12953
2026-02-04 21:37:51,706 - INFO - [242/5529] n1024_9065506: 9736/13358
2026-02-04 21:37:56,138 - INFO - [243/5529] n1024_9053187: 12177/17313
2026-02-04 21:37:59,302 - INFO - [244/5529] n1024_9028624: 14700/20216
2026-02-04 21:38:02,269 - INFO - [245/5529] n1024_9049119: 11157/14817
2026-02-04 21:38:09,669 - INFO - [246/5529] n1024_9040909: 13792/20162
2026-02-04 21:38:10,567 - INFO - [247/5529] n1024_9053207: 11590/15391
2026-02-04 21:38:16,793 - INFO - [248/5529] n1024_9036816: 15046/19680
2026-02-04 21:38:20,484 - INFO - [249/5529] n1024_9053199: 11752/16009
2026-02-04 21:38:24,270 - INFO - [250/5529] n1024_9069602: 8017/11244
2026-02-04 21:38:32,613 - INFO - [251/5529] n1024_9057310: 11651/15017
2026-02-04 21:38:36,430 - INFO - [252/5529] n1024_9053211: 11544/15424
2026-02-04 21:38:46,382 - INFO - [253/5529] n1024_9049103: 12661/17500
2026-02-04 21:38:48,569 - INFO - [254/5529] n1024_9053215: 11386/15434
2026-02-04 21:39:00,340 - INFO - [255/5529] n1024_9053195: 11883/16440
2026-02-04 21:39:07,952 - INFO - [256/5529] n1024_9073698: 7766/10886
2026-02-04 21:39:18,367 - INFO - [257/5529] n1024_9057298: 11408/16743
2026-02-04 21:39:30,347 - INFO - [258/5529] n1024_9057290: 12043/16086
2026-02-04 21:39:32,317 - INFO - [259/5529] n1024_9065476: 11611/15770
2026-02-04 21:39:32,828 - INFO - [260/5529] n1024_9065501: 10657/14125
2026-02-04 21:39:46,423 - INFO - [261/5529] n1024_9065484: 11307/15242
2026-02-04 21:39:49,706 - INFO - [262/5529] n1024_9057302: 12312/16553
2026-02-04 21:39:57,890 - INFO - [263/5529] n1024_9049107: 13333/17782
2026-02-04 21:39:58,316 - INFO - [264/5529] n1024_9065496: 11519/15396
2026-02-04 21:40:01,632 - INFO - [265/5529] n1024_9049099: 12721/18464
2026-02-04 21:40:08,071 - INFO - [266/5529] n1024_9036804: 18488/26395
2026-02-04 21:40:13,361 - INFO - [267/5529] n1024_9077793: 7267/10316
2026-02-04 21:40:18,992 - INFO - [268/5529] n1024_9040922: 16470/21265
2026-02-04 21:40:20,633 - INFO - [269/5529] n1024_9045007: 14311/20148
2026-02-04 21:40:21,596 - INFO - [270/5529] n1024_9045011: 13573/18399
2026-02-04 21:40:27,975 - INFO - [271/5529] n1024_9061397: 12621/16437
2026-02-04 21:40:39,852 - INFO - [272/5529] n1024_9065492: 11585/16133
2026-02-04 21:40:52,743 - INFO - [273/5529] n1024_9069576: 11259/15263
2026-02-04 21:40:57,098 - INFO - [274/5529] n1024_9061385: 13264/18398
2026-02-04 21:41:14,267 - INFO - [275/5529] n1024_9061381: 13862/19545
2026-02-04 21:41:16,723 - INFO - [276/5529] n1024_9069580: 12069/16130
2026-02-04 21:41:22,781 - INFO - [277/5529] n1024_9057286: 13859/19306
2026-02-04 21:41:32,629 - INFO - [278/5529] n1024_9049095: 14137/19598
2026-02-04 21:41:45,932 - INFO - [279/5529] n1024_9069584: 11301/17040
2026-02-04 21:41:49,104 - INFO - [280/5529] n1024_9069592: 11137/14518
2026-02-04 21:41:49,693 - INFO - [281/5529] n1024_9057294: 13756/19303
2026-02-04 21:41:50,533 - INFO - [282/5529] n1024_9077789: 8860/11446
2026-02-04 21:41:52,026 - INFO - [283/5529] n1024_9069572: 13138/17568
2026-02-04 21:42:01,794 - INFO - [284/5529] n1024_9053191: 14150/19205
2026-02-04 21:42:02,375 - INFO - [285/5529] n1024_9065488: 13276/18666
2026-02-04 21:42:23,427 - INFO - [286/5529] n1024_9073685: 10591/14183
2026-02-04 21:42:26,767 - INFO - [287/5529] n1024_9069588: 12542/16760
2026-02-04 21:42:34,205 - INFO - [288/5529] n1024_9065480: 14282/18937
2026-02-04 21:42:38,514 - INFO - [289/5529] n1024_9073694: 10549/13757
2026-02-04 21:42:40,880 - INFO - [290/5529] n1024_9069598: 11316/15520
2026-02-04 21:42:46,294 - INFO - [291/5529] n1024_9061389: 14890/20002
2026-02-04 21:42:51,282 - INFO - [292/5529] n1024_9061405: 15004/20130
2026-02-04 21:44:07,814 - INFO - [293/5529] n1024_9077781: 11717/15148
2026-02-04 21:44:35,545 - INFO - [294/5529] n1024_9073673: 13305/17950
2026-02-04 21:44:35,609 - INFO - [295/5529] n1024_9077769: 12359/16290
2026-02-04 21:44:36,188 - INFO - [296/5529] n1024_9081889: 10870/15184
2026-02-04 21:45:08,120 - INFO - [297/5529] n1024_9077765: 12976/17243
2026-02-04 21:45:48,778 - INFO - [298/5529] n1024_9073669: 14121/18883
2026-02-04 21:46:03,991 - INFO - [299/5529] n1024_9081864: 12104/16257
2026-02-04 21:46:12,989 - INFO - [300/5529] n1024_9081876: 11856/16058
2026-02-04 21:46:15,551 - INFO - [301/5529] n1024_9090066: 10679/14232
2026-02-04 21:46:22,098 - INFO - [302/5529] n1024_9081872: 12204/15814
2026-02-04 21:46:44,525 - INFO - [303/5529] n1024_9081880: 12070/16129
2026-02-04 21:46:54,046 - INFO - [304/5529] n1024_9085970: 11889/16460
2026-02-04 21:46:56,574 - INFO - [305/5529] n1024_9081868: 12943/17152
2026-02-04 21:47:00,362 - INFO - [306/5529] n1024_9077777: 13936/19290
2026-02-04 21:47:01,262 - INFO - [307/5529] n1024_9081884: 12352/16231
2026-02-04 21:47:04,013 - INFO - [308/5529] n1024_9081860: 13271/18517
2026-02-04 21:47:23,374 - INFO - [309/5529] n1024_9077773: 14604/19726
2026-02-04 21:47:45,830 - INFO - [310/5529] n1024_9073689: 16344/23892
2026-02-04 21:47:47,961 - INFO - [311/5529] n1024_9085978: 12270/16563
2026-02-04 21:47:49,482 - INFO - [312/5529] n1024_9040913: 22030/28755
2026-02-04 21:48:00,555 - INFO - [313/5529] n1024_9085982: 12152/15976
2026-02-04 21:48:03,651 - INFO - [314/5529] n1024_9094175: 10610/15079
2026-02-04 21:48:04,919 - INFO - [315/5529] n1024_9085974: 12645/16453
2026-02-04 21:48:17,961 - INFO - [316/5529] n1024_9073677: 14988/20327
2026-02-04 21:48:21,885 - INFO - [317/5529] n1024_9090079: 11164/14982
2026-02-04 21:48:25,725 - INFO - [318/5529] n1024_9098262: 10321/13987
2026-02-04 21:48:27,547 - INFO - [319/5529] n1024_9098271: 10446/13973
2026-02-04 21:48:29,467 - INFO - [320/5529] n1024_9090074: 11333/15640
2026-02-04 21:48:32,525 - INFO - [321/5529] n1024_9090070: 11587/15013
2026-02-04 21:48:34,129 - INFO - [322/5529] n1024_9085966: 13541/18209
2026-02-04 21:48:46,053 - INFO - [323/5529] n1024_9102362: 9964/13296
2026-02-04 21:48:48,041 - INFO - [324/5529] n1024_9073681: 14902/21880
2026-02-04 21:48:53,032 - INFO - [325/5529] n1024_9094145: 11968/16449
2026-02-04 21:48:53,225 - INFO - [326/5529] n1024_9098266: 10716/14900
2026-02-04 21:48:56,829 - INFO - [327/5529] n1024_9085954: 13767/18450
2026-02-04 21:48:58,083 - INFO - [328/5529] n1024_9090062: 12746/16286
2026-02-04 21:49:16,094 - INFO - [329/5529] n1024_9102366: 10045/13354
2026-02-04 21:49:23,501 - INFO - [330/5529] n1024_9114655: 8416/12735
2026-02-04 21:49:32,785 - INFO - [331/5529] n1024_9085958: 14827/19560
2026-02-04 21:49:33,422 - INFO - [332/5529] n1024_9094169: 12358/16094
2026-02-04 21:49:34,375 - INFO - [333/5529] n1024_9110556: 9644/12629
2026-02-04 21:49:46,245 - INFO - [334/5529] n1024_9094165: 12061/15817
2026-02-04 21:49:50,229 - INFO - [335/5529] n1024_9090058: 14164/18488
2026-02-04 21:49:55,514 - INFO - [336/5529] n1024_9102358: 11473/14766
2026-02-04 21:50:10,240 - INFO - [337/5529] n1024_9090050: 13484/18330
2026-02-04 21:50:13,552 - INFO - [338/5529] n1024_9102354: 11837/15614
2026-02-04 21:50:19,661 - INFO - [339/5529] n1024_9098242: 12723/17860
2026-02-04 21:50:24,433 - INFO - [340/5529] n1024_9090054: 13751/18532
2026-02-04 21:50:32,330 - INFO - [341/5529] n1024_9094153: 12755/16884
2026-02-04 21:50:39,732 - INFO - [342/5529] n1024_9094149: 13600/17828
2026-02-04 21:50:45,461 - INFO - [343/5529] n1024_9098250: 12788/17250
2026-02-04 21:50:55,168 - INFO - [344/5529] n1024_9106446: 11780/15562
2026-02-04 21:50:55,185 - INFO - [345/5529] n1024_9106458: 11146/14857
2026-02-04 21:51:05,277 - INFO - [346/5529] n1024_9106454: 11347/14504
2026-02-04 21:51:16,043 - INFO - [347/5529] n1024_9102346: 12747/16804
2026-02-04 21:51:16,441 - INFO - [348/5529] n1024_9085962: 15136/20510
2026-02-04 21:51:21,887 - INFO - [349/5529] n1024_9098258: 12869/17509
2026-02-04 21:51:40,722 - INFO - [350/5529] n1024_9094157: 13902/17379
2026-02-04 21:51:44,087 - INFO - [351/5529] n1024_9094161: 13864/18698
2026-02-04 21:51:44,106 - INFO - [352/5529] n1024_9106462: 11707/16578
2026-02-04 21:51:47,619 - INFO - [353/5529] n1024_9110552: 11544/14910
2026-02-04 21:51:58,992 - INFO - [354/5529] n1024_9102342: 13707/18474
2026-02-04 21:52:01,247 - INFO - [355/5529] n1024_9110540: 11646/15407
2026-02-04 21:52:05,888 - INFO - [356/5529] n1024_9098246: 14056/19505
2026-02-04 21:52:13,953 - INFO - [357/5529] n1024_9106450: 13061/17147
2026-02-04 21:52:25,440 - INFO - [358/5529] n1024_9102338: 13900/18814
2026-02-04 21:52:42,423 - INFO - [359/5529] n1024_9114650: 10806/14732
2026-02-04 21:52:43,272 - INFO - [360/5529] n1024_9106434: 13692/18408
2026-02-04 21:52:55,092 - INFO - [361/5529] n1024_9098254: 14271/19505
2026-02-04 21:53:09,403 - INFO - [362/5529] n1024_9102350: 14214/19258
2026-02-04 21:53:18,346 - INFO - [363/5529] n1024_9110548: 12907/16713
2026-02-04 21:53:19,220 - INFO - [364/5529] n1024_9110528: 14029/18633
2026-02-04 21:53:20,375 - INFO - [365/5529] n1024_9110536: 13296/17367
2026-02-04 21:53:29,836 - INFO - [366/5529] n1024_9106438: 13235/18810
2026-02-04 21:53:36,156 - INFO - [367/5529] n1024_9110544: 12674/16964
2026-02-04 21:53:38,504 - INFO - [368/5529] n1024_9118744: 11196/14819
2026-02-04 21:53:42,606 - INFO - [369/5529] n1024_9118740: 11237/14689
2026-02-04 21:53:44,279 - INFO - [370/5529] n1024_9106442: 13277/18526
2026-02-04 21:54:09,326 - INFO - [371/5529] n1024_9118736: 11646/15592
2026-02-04 21:54:15,686 - INFO - [372/5529] n1024_9118748: 10919/15955
2026-02-04 21:54:22,421 - INFO - [373/5529] n1024_9114638: 12825/17213
2026-02-04 21:54:27,719 - INFO - [374/5529] n1024_9110532: 14770/19950
2026-02-04 21:55:01,108 - INFO - [375/5529] n1024_9114622: 15126/23028
2026-02-04 21:55:30,746 - INFO - [376/5529] n1024_9114630: 14101/19644
2026-02-04 21:55:45,605 - INFO - [377/5529] n1024_9114646: 13264/18081
2026-02-04 21:55:49,179 - INFO - [378/5529] n1024_9122844: 10266/14315
2026-02-04 21:55:56,275 - INFO - [379/5529] n1024_9118732: 13061/18174
2026-02-04 21:56:01,844 - INFO - [380/5529] n1024_9114626: 14523/20472
2026-02-04 21:56:03,011 - INFO - [381/5529] n1024_9118720: 14136/20238
2026-02-04 22:19:55,595 - INFO - [382/5529] n1024_9122828: 12381/16961
2026-02-04 22:20:51,215 - INFO - [383/5529] n1024_9122836: 12027/15823
slurmstepd: error: *** JOB 229761 ON node114 CANCELLED AT 2026-02-05T01:21:11 ***
