ERROR: Unable to locate a modulefile for 'python/3.9'
ERROR: Unable to locate a modulefile for 'hdf5'
2026-02-05 17:38:39,727 - INFO - ======================================================================
2026-02-05 17:38:39,728 - INFO - VIRAC Extractor - Shard 2/10
2026-02-05 17:38:39,728 - INFO - ======================================================================
2026-02-05 17:38:39,729 - INFO - Total tiles in dataset: 22585
2026-02-05 17:38:39,729 - INFO - Tiles for this shard:   2259
2026-02-05 17:38:39,730 - INFO - Workers: 64
2026-02-05 17:38:39,738 - INFO - Already completed: 339
2026-02-05 17:38:39,738 - INFO - Tiles to process:  1920
2026-02-05 17:41:33,304 - INFO - [1/1920] n256_532747: 2116/13965
2026-02-05 17:41:43,465 - INFO - [2/1920] n1024_9315343: 6186/14934
2026-02-05 17:41:56,617 - INFO - [3/1920] n1024_9249802: 12400/20144
2026-02-05 17:42:29,697 - INFO - [4/1920] n1024_9303047: 8540/19156
2026-02-05 17:42:38,036 - INFO - [5/1920] n1024_9348100: 3340/15626
2026-02-05 17:42:45,918 - INFO - [6/1920] n1024_9323532: 5243/16010
2026-02-05 17:43:16,065 - INFO - [7/1920] n1024_9307148: 4708/17650
2026-02-05 17:43:21,614 - INFO - [8/1920] n1024_9290758: 10055/22558
2026-02-05 17:43:24,078 - INFO - [9/1920] n1024_9319437: 6487/19403
2026-02-05 17:43:24,237 - INFO - [10/1920] n1024_9311241: 4801/18649
2026-02-05 17:43:34,292 - INFO - [11/1920] n1024_9339917: 3596/16798
2026-02-05 17:43:34,413 - INFO - [12/1920] n1024_9311231: 7380/20102
2026-02-05 17:43:41,886 - INFO - [13/1920] n1024_9298946: 5407/19964
2026-02-05 17:43:47,646 - INFO - [14/1920] n1024_9307138: 8227/22049
2026-02-05 17:43:49,755 - INFO - [15/1920] n1024_9315323: 8111/27745
2026-02-05 17:43:55,139 - INFO - [16/1920] n1024_9294857: 5780/21134
2026-02-05 17:43:55,648 - INFO - [17/1920] n1024_9327629: 5656/19266
2026-02-05 17:44:17,616 - INFO - [18/1920] n1024_9352203: 3748/19575
2026-02-05 17:44:18,316 - INFO - [19/1920] n1024_9344009: 4496/19619
2026-02-05 17:44:25,370 - INFO - [20/1920] n1024_9290748: 5957/23157
2026-02-05 17:44:28,910 - INFO - [21/1920] n1024_9286651: 11472/26517
2026-02-05 17:44:29,932 - INFO - [22/1920] n1024_9307094: 5793/25510
2026-02-05 17:44:34,883 - INFO - [23/1920] n1024_9335816: 4668/20768
2026-02-05 17:44:38,250 - INFO - [24/1920] n1024_9364436: 4237/22692
2026-02-05 17:44:42,507 - INFO - [25/1920] n1024_9327619: 4825/20830
2026-02-05 17:44:50,629 - INFO - [26/1920] n256_517367: 3990/29042
2026-02-05 17:44:52,395 - INFO - [27/1920] n1024_9315333: 5107/20643
2026-02-05 17:44:57,107 - INFO - [28/1920] n1024_9339907: 5457/21656
2026-02-05 17:44:57,476 - INFO - [29/1920] n1024_9356295: 4371/21130
2026-02-05 17:44:59,292 - INFO - [30/1920] n1024_9323522: 4693/21125
2026-02-05 17:45:07,474 - INFO - [31/1920] n1024_9331716: 4727/20972
2026-02-05 17:45:09,367 - INFO - [32/1920] n1024_9389029: 4143/23170
2026-02-05 17:45:13,522 - INFO - [33/1920] n1024_9352149: 5357/24014
2026-02-05 17:45:24,252 - INFO - [34/1920] n1024_9303037: 5759/22959
2026-02-05 17:45:57,709 - INFO - [35/1920] n1024_9319427: 5443/24650
2026-02-05 17:46:11,791 - INFO - [36/1920] n1024_9331726: 6651/28595
2026-02-05 17:46:17,098 - INFO - [37/1920] n1024_9360342: 5219/26022
2026-02-05 17:46:38,020 - INFO - [38/1920] n1024_9368534: 4950/26397
2026-02-05 17:46:45,627 - INFO - [39/1920] n256_547097: 1445/10760
2026-02-05 17:47:30,956 - INFO - [40/1920] n256_555243: 1233/10034
2026-02-05 17:48:20,473 - INFO - [41/1920] n256_557346: 402/4058
2026-02-05 17:50:29,694 - INFO - [42/1920] n256_513275: 6977/44970
2026-02-05 17:50:58,010 - INFO - [43/1920] n256_550172: 3231/24197
2026-02-05 17:53:33,860 - INFO - [44/1920] n256_556319: 3266/27794
2026-02-05 17:53:38,132 - INFO - [45/1920] n256_553245: 4102/32628
2026-02-05 17:54:57,968 - INFO - [46/1920] n256_555291: 4459/34599
2026-02-05 17:55:43,156 - INFO - [47/1920] n256_545046: 5417/44230
2026-02-05 17:55:54,360 - INFO - [48/1920] n256_536846: 8806/63207
2026-02-05 17:58:43,512 - INFO - [49/1920] n256_551193: 6048/48442
2026-02-05 17:58:59,687 - INFO - [50/1920] n256_548120: 6508/54282
2026-02-05 18:00:08,876 - INFO - [51/1920] n256_557336: 5650/51711
2026-02-05 18:00:26,979 - INFO - [52/1920] n256_552216: 6580/56034
2026-02-05 18:00:37,729 - INFO - [53/1920] n256_547054: 7071/63692
2026-02-05 18:01:18,106 - INFO - [54/1920] n256_558363: 3698/37853
2026-02-05 18:01:30,781 - INFO - [55/1920] n256_554265: 6543/68462
2026-02-05 18:01:51,492 - INFO - [56/1920] n256_559390: 2826/35838
2026-02-05 18:02:07,999 - INFO - [57/1920] n256_521463: 10850/89870
2026-02-05 18:02:25,531 - INFO - [58/1920] n256_537871: 11342/87992
2026-02-05 18:02:54,369 - INFO - [59/1920] n256_560416: 2210/24585
2026-02-05 18:03:27,467 - INFO - [60/1920] n256_549141: 7384/73728
2026-02-05 18:04:18,959 - INFO - [61/1920] n256_518392: 11100/94198
2026-02-05 18:04:26,865 - INFO - [62/1920] n256_524534: 11478/94820
2026-02-05 18:05:29,410 - INFO - [63/1920] n256_520440: 11627/103864
2026-02-05 18:05:36,988 - INFO - [64/1920] n256_519417: 11954/103169
2026-02-05 18:05:49,755 - INFO - [65/1920] n256_523514: 11970/98390
2026-02-05 18:05:51,495 - INFO - [66/1920] n256_527605: 11924/104428
2026-02-05 18:05:58,466 - INFO - [67/1920] n256_553235: 8160/78477
2026-02-05 18:06:00,635 - INFO - [68/1920] n256_556309: 7206/77322
2026-02-05 18:06:28,304 - INFO - [69/1920] n256_561440: 1766/24874
2026-02-05 18:07:44,395 - INFO - [70/1920] n256_529654: 12354/104655
2026-02-05 18:07:48,194 - INFO - [71/1920] n256_532724: 12244/106244
2026-02-05 18:08:50,987 - INFO - [72/1920] n256_521473: 12856/118956
2026-02-05 18:09:04,032 - INFO - [73/1920] n256_564511: 1493/23990
2026-02-05 18:09:14,107 - INFO - [74/1920] n256_526584: 12541/109837
2026-02-05 18:09:26,891 - INFO - [75/1920] n256_555281: 8615/87451
2026-02-05 18:09:48,422 - INFO - [76/1920] n256_540945: 10319/92116
2026-02-05 18:09:56,679 - INFO - [77/1920] n256_522493: 12945/121394
2026-02-05 18:10:04,418 - INFO - [78/1920] n256_535821: 12101/111112
2026-02-05 18:10:04,685 - INFO - [79/1920] n256_531703: 12849/111816
2026-02-05 18:10:12,106 - INFO - [80/1920] n256_563483: 2049/35353
2026-02-05 18:10:17,486 - INFO - [81/1920] n256_550162: 8844/90632
2026-02-05 18:10:57,308 - INFO - [82/1920] n256_515323: 12501/124698
2026-02-05 18:11:02,418 - INFO - [83/1920] n256_544018: 10068/92950
2026-02-05 18:11:38,344 - INFO - [84/1920] n256_538894: 11312/107690
2026-02-05 18:11:44,405 - INFO - [85/1920] n256_527619: 12866/115737
2026-02-05 18:11:51,790 - INFO - [86/1920] n256_539909: 10930/102865
2026-02-05 18:12:07,772 - INFO - [87/1920] n256_573726: 241/6100
2026-02-05 18:12:19,991 - INFO - [88/1920] n256_566504: 1819/35277
2026-02-05 18:12:49,614 - INFO - [89/1920] n256_560406: 4863/67898
2026-02-05 18:12:56,381 - INFO - [90/1920] n256_576798: 5/245
2026-02-05 18:13:11,659 - INFO - [91/1920] n256_566556: 1770/31333
2026-02-05 18:13:21,307 - INFO - [92/1920] n256_542991: 10568/105563
2026-02-05 18:13:25,610 - INFO - [93/1920] n256_525564: 13202/129520
2026-02-05 18:13:51,038 - INFO - [94/1920] n256_559380: 5518/74476
2026-02-05 18:13:56,675 - INFO - [95/1920] n256_529671: 13281/121427
2026-02-05 18:13:59,753 - INFO - [96/1920] n256_568604: 1594/31407
2026-02-05 18:14:18,117 - INFO - [97/1920] n256_562456: 3339/51174
2026-02-05 18:15:32,057 - INFO - [98/1920] n256_540913: 11224/114823
2026-02-05 18:15:33,679 - INFO - [99/1920] n256_558353: 8299/103588
2026-02-05 18:15:40,861 - INFO - [100/1920] n256_561430: 4005/68056
2026-02-05 18:16:34,314 - INFO - [101/1920] n256_528634: 13525/137009
2026-02-05 18:16:36,806 - INFO - [102/1920] n256_581916: 145/5178
2026-02-05 18:16:53,282 - INFO - [103/1920] n256_570652: 1366/30712
2026-02-05 18:17:01,099 - INFO - [104/1920] n256_530682: 13702/136344
2026-02-05 18:17:06,437 - INFO - [105/1920] n256_547087: 10764/116372
2026-02-05 18:17:11,158 - INFO - [106/1920] n256_554255: 9946/108059
2026-02-05 18:17:15,588 - INFO - [107/1920] n256_546063: 10922/116924
2026-02-05 18:17:35,637 - INFO - [108/1920] n256_565527: 2678/51914
2026-02-05 18:17:52,193 - INFO - [109/1920] n256_542960: 11096/122628
2026-02-05 18:18:27,527 - INFO - [110/1920] n256_548110: 10518/123174
2026-02-05 18:18:53,840 - INFO - [111/1920] n256_524544: 13767/144821
2026-02-05 18:19:16,719 - INFO - [112/1920] n256_534795: 14205/139602
2026-02-05 18:19:17,200 - INFO - [113/1920] n256_552206: 10794/119330
2026-02-05 18:19:33,098 - INFO - [114/1920] n256_564501: 3532/65755
2026-02-05 18:19:42,601 - INFO - [115/1920] n256_572698: 1518/40735
2026-02-05 18:19:44,827 - INFO - [116/1920] n256_551183: 10270/120693
2026-02-05 18:20:22,253 - INFO - [117/1920] n256_533755: 14079/158519
2026-02-05 18:20:28,879 - INFO - [118/1920] n256_567575: 2713/59471
2026-02-05 18:20:32,724 - INFO - [119/1920] n256_553197: 10801/128101
2026-02-05 18:20:34,438 - INFO - [120/1920] n256_545036: 11399/132608
2026-02-05 18:20:40,811 - INFO - [121/1920] n256_557326: 9350/120626
2026-02-05 18:20:46,025 - INFO - [122/1920] n256_572646: 1761/51601
2026-02-05 18:20:57,106 - INFO - [123/1920] n256_556270: 10432/133021
2026-02-05 18:21:07,179 - INFO - [124/1920] n256_574746: 1529/36939
2026-02-05 18:21:21,207 - INFO - [125/1920] n256_563433: 4036/91864
2026-02-05 18:21:35,769 - INFO - [126/1920] n256_541964: 11880/140793
2026-02-05 18:21:46,960 - INFO - [127/1920] n256_577818: 1194/33808
2026-02-05 18:22:37,375 - INFO - [128/1920] n256_569622: 2400/52510
2026-02-05 18:22:51,020 - INFO - [129/1920] n256_575767: 1609/44608
2026-02-05 18:22:53,491 - INFO - [130/1920] n256_543986: 11576/140585
slurmstepd: error: *** JOB 233108 ON node114 CANCELLED AT 2026-02-05T18:54:46 ***
