ERROR: Unable to locate a modulefile for 'python/3.9'
ERROR: Unable to locate a modulefile for 'hdf5'
2026-02-05 01:06:03,354 - INFO - ======================================================================
2026-02-05 01:06:03,355 - INFO - VIRAC Extractor - Shard 1/4
2026-02-05 01:06:03,355 - INFO - ======================================================================
2026-02-05 01:06:03,356 - INFO - Total tiles in dataset: 22585
2026-02-05 01:06:03,356 - INFO - Tiles for this shard:   5646
2026-02-05 01:06:03,357 - INFO - Workers: 96
2026-02-05 01:06:03,368 - INFO - Already completed: 216
2026-02-05 01:06:03,369 - INFO - Tiles to process:  5430
2026-02-05 01:10:21,449 - INFO - [1/5430] n1024_8971304: 9907/13761
2026-02-05 01:10:25,838 - INFO - [2/5430] n1024_8975399: 8477/11152
2026-02-05 01:10:48,272 - INFO - [3/5430] n1024_8963082: 14378/20872
2026-02-05 01:11:32,252 - INFO - [4/5430] n1024_8975389: 9285/12306
2026-02-05 01:11:33,002 - INFO - [5/5430] n1024_8971294: 10767/13826
2026-02-05 01:11:53,903 - INFO - [6/5430] n1024_8934437: 14373/19191
2026-02-05 01:12:11,400 - INFO - [7/5430] n1024_8934427: 13736/19675
2026-02-05 01:12:11,419 - INFO - [8/5430] n1024_8971286: 11105/15272
2026-02-05 01:12:19,850 - INFO - [9/5430] n1024_8979492: 8375/11187
2026-02-05 01:12:19,867 - INFO - [10/5430] n1024_8979488: 8319/10869
2026-02-05 01:12:22,161 - INFO - [11/5430] n1024_8975385: 10092/13763
2026-02-05 01:13:25,632 - INFO - [12/5430] n1024_8975377: 11056/14940
2026-02-05 01:13:25,691 - INFO - [13/5430] n1024_8971290: 11233/15116
2026-02-05 01:13:26,051 - INFO - [14/5430] n1024_8983589: 8060/11029
2026-02-05 01:13:26,592 - INFO - [15/5430] n1024_8975381: 10567/13447
2026-02-05 01:13:27,522 - INFO - [16/5430] n1024_8922132: 14311/19589
2026-02-05 01:13:39,162 - INFO - [17/5430] n1024_8975395: 10164/13691
2026-02-05 01:14:00,393 - INFO - [18/5430] n1024_8983580: 9879/12629
2026-02-05 01:14:04,990 - INFO - [19/5430] n1024_8971300: 10651/15430
2026-02-05 01:15:24,265 - INFO - [20/5430] n1024_8983585: 9124/12223
2026-02-05 01:16:24,695 - INFO - [21/5430] n1024_8967194: 12567/18053
2026-02-05 01:16:26,144 - INFO - [22/5430] n1024_8975373: 11335/16051
2026-02-05 01:16:31,754 - INFO - [23/5430] n1024_8934423: 14034/19551
2026-02-05 01:16:31,815 - INFO - [24/5430] n1024_8979482: 10230/14244
2026-02-05 01:17:16,680 - INFO - [25/5430] n1024_8983560: 12189/17634
2026-02-05 01:17:16,767 - INFO - [26/5430] n1024_8987661: 10259/13820
2026-02-05 01:17:25,413 - INFO - [27/5430] n1024_8987677: 9667/12415
2026-02-05 01:17:28,955 - INFO - [28/5430] n1024_8987681: 9713/12601
2026-02-05 01:17:44,911 - INFO - [29/5430] n1024_8991772: 9532/12559
2026-02-05 01:17:48,340 - INFO - [30/5430] n1024_9016326: 7992/12746
2026-02-05 01:18:11,811 - INFO - [31/5430] n1024_8995871: 9345/12437
2026-02-05 01:18:27,054 - INFO - [32/5430] n1024_8999973: 9299/12828
2026-02-05 01:18:41,635 - INFO - [33/5430] n1024_8999963: 10363/13291
2026-02-05 01:18:50,400 - INFO - [34/5430] n1024_8979478: 11517/14806
2026-02-05 01:19:03,328 - INFO - [35/5430] n1024_9008161: 9290/11957
2026-02-05 01:19:03,915 - INFO - [36/5430] n1024_9008165: 9000/12031
2026-02-05 01:19:16,109 - INFO - [37/5430] n1024_8983576: 11372/14806
2026-02-05 01:19:16,433 - INFO - [38/5430] n1024_8987665: 10896/15089
2026-02-05 01:19:53,074 - INFO - [39/5430] n1024_8991752: 12081/17892
2026-02-05 01:19:53,733 - INFO - [40/5430] n1024_8983568: 10685/15112
2026-02-05 01:19:54,124 - INFO - [41/5430] n1024_8999967: 10888/13995
2026-02-05 01:20:18,276 - INFO - [42/5430] n1024_8995859: 11242/15414
2026-02-05 01:20:22,689 - INFO - [43/5430] n1024_8995855: 11334/14588
2026-02-05 01:20:27,351 - INFO - [44/5430] n1024_9004067: 9629/13298
2026-02-05 01:20:51,537 - INFO - [45/5430] n1024_8987657: 12213/16959
2026-02-05 01:20:51,742 - INFO - [46/5430] n1024_8991776: 9754/13540
2026-02-05 01:20:55,197 - INFO - [47/5430] n1024_8991781: 9789/15123
2026-02-05 01:20:55,218 - INFO - [48/5430] n1024_8995851: 12041/16970
2026-02-05 01:21:08,479 - INFO - [49/5430] n1024_8979474: 11454/16119
2026-02-05 01:21:17,067 - INFO - [50/5430] n1024_9008155: 9899/12879
2026-02-05 01:21:42,068 - INFO - [51/5430] n1024_8999959: 11416/14604
2026-02-05 01:21:43,008 - INFO - [52/5430] n1024_8991764: 11419/15638
2026-02-05 01:21:43,048 - INFO - [53/5430] n1024_8987669: 10951/14468
2026-02-05 01:22:05,050 - INFO - [54/5430] n1024_8983564: 12372/16595
2026-02-05 01:22:27,138 - INFO - [55/5430] n1024_8995867: 10164/13583
2026-02-05 01:23:12,257 - INFO - [56/5430] n1024_9004053: 11422/14631
2026-02-05 01:23:34,114 - INFO - [57/5430] n1024_8991760: 11548/15245
2026-02-05 01:23:44,597 - INFO - [58/5430] n1024_9004049: 11883/15069
2026-02-05 01:23:59,633 - INFO - [59/5430] n1024_9016351: 9034/11540
2026-02-05 01:24:10,697 - INFO - [60/5430] n1024_9012248: 10227/13440
2026-02-05 01:24:10,952 - INFO - [61/5430] n1024_8999947: 12083/17040
2026-02-05 01:24:53,752 - INFO - [62/5430] n1024_9008135: 11018/16759
2026-02-05 01:25:10,399 - INFO - [63/5430] n1024_9008147: 10838/14427
2026-02-05 01:25:28,065 - INFO - [64/5430] n1024_9004041: 12193/15588
2026-02-05 01:25:28,480 - INFO - [65/5430] n1024_8991768: 11812/15063
2026-02-05 01:25:44,884 - INFO - [66/5430] n1024_8995877: 9585/14557
2026-02-05 01:26:06,197 - INFO - [67/5430] n1024_9012258: 9948/13453
2026-02-05 01:26:16,079 - INFO - [68/5430] n1024_9008143: 11017/15912
2026-02-05 01:26:16,613 - INFO - [69/5430] n1024_8983572: 11588/16072
2026-02-05 01:27:12,930 - INFO - [70/5430] n1024_9004057: 10889/14266
2026-02-05 01:27:26,603 - INFO - [71/5430] n1024_9016355: 9558/13261
2026-02-05 01:28:21,496 - INFO - [72/5430] n1024_9004045: 13230/17234
2026-02-05 01:28:26,423 - INFO - [73/5430] n1024_8987673: 12091/16000
2026-02-05 01:28:47,613 - INFO - [74/5430] n1024_9012254: 10104/13236
2026-02-05 01:30:58,571 - INFO - [75/5430] n1024_9004061: 11555/15301
2026-02-05 01:31:10,041 - INFO - [76/5430] n1024_9008151: 11846/15092
2026-02-05 01:31:36,937 - INFO - [77/5430] n1024_8999951: 13333/17128
2026-02-05 01:31:45,626 - INFO - [78/5430] n1024_8995863: 12992/16983
2026-02-05 01:32:31,342 - INFO - [79/5430] n1024_8979466: 15542/20296
2026-02-05 01:32:37,154 - INFO - [80/5430] n1024_8979470: 13647/19086
2026-02-05 01:32:41,413 - INFO - [81/5430] n1024_9016346: 10685/13761
2026-02-05 01:34:35,392 - INFO - [82/5430] n1024_9012244: 11590/15229
2026-02-05 01:34:40,438 - INFO - [83/5430] n1024_9012232: 12216/16580
2026-02-05 01:36:35,289 - INFO - [84/5430] n1024_9016334: 11262/16153
2026-02-05 01:36:51,997 - INFO - [85/5430] n1024_9024517: 10844/16741
2026-02-05 01:36:59,043 - INFO - [86/5430] n1024_9016330: 13005/16971
2026-02-05 01:38:21,384 - INFO - [87/5430] n1024_9020447: 9700/12783
2026-02-05 01:38:25,274 - INFO - [88/5430] n1024_9020443: 10185/13337
2026-02-05 01:39:12,766 - INFO - [89/5430] n1024_9032708: 10581/15154
2026-02-05 01:39:17,993 - INFO - [90/5430] n1024_9032739: 7352/9533
2026-02-05 01:39:25,180 - INFO - [91/5430] n1024_9020431: 11037/16130
2026-02-05 01:40:30,169 - INFO - [92/5430] n1024_8999955: 13299/18273
2026-02-05 01:41:14,613 - INFO - [93/5430] n1024_9024541: 10046/13286
2026-02-05 01:41:30,677 - INFO - [94/5430] n1024_9012236: 11565/16551
2026-02-05 01:41:38,718 - INFO - [95/5430] n1024_9016342: 12390/16822
2026-02-05 01:42:34,420 - INFO - [96/5430] n1024_9024546: 8912/12066
2026-02-05 01:43:30,414 - INFO - [97/5430] n1024_9016338: 11761/16762
2026-02-05 01:43:37,905 - INFO - [98/5430] n1024_9020423: 11825/17174
2026-02-05 01:44:58,024 - INFO - [99/5430] n1024_9024537: 10076/14063
2026-02-05 01:45:48,827 - INFO - [100/5430] n1024_9028630: 11318/14855
2026-02-05 01:46:03,195 - INFO - [101/5430] n1024_9020435: 11558/16248
2026-02-05 01:46:45,557 - INFO - [102/5430] n1024_9036834: 8298/11079
2026-02-05 01:47:05,996 - INFO - [103/5430] n1024_9024533: 11741/15389
2026-02-05 01:47:35,500 - INFO - [104/5430] n1024_9020427: 13130/17852
2026-02-05 01:47:48,125 - INFO - [105/5430] n1024_9012240: 13146/18247
2026-02-05 01:47:52,349 - INFO - [106/5430] n1024_9028634: 10531/14208
2026-02-05 01:48:00,629 - INFO - [107/5430] n1024_9024529: 12329/17529
2026-02-05 01:48:09,272 - INFO - [108/5430] n1024_9024521: 12231/17789
2026-02-05 01:48:19,038 - INFO - [109/5430] n1024_8991756: 16617/24021
2026-02-05 01:48:25,541 - INFO - [110/5430] n1024_9028626: 12351/17456
2026-02-05 01:48:58,676 - INFO - [111/5430] n1024_9008139: 14107/20232
2026-02-05 01:49:15,832 - INFO - [112/5430] n1024_9020439: 12487/17315
2026-02-05 01:49:46,296 - INFO - [113/5430] n1024_9032729: 11142/15220
2026-02-05 01:50:04,077 - INFO - [114/5430] n1024_9028622: 12321/16551
2026-02-05 01:50:26,144 - INFO - [115/5430] n1024_9036824: 10786/14454
2026-02-05 01:51:31,154 - INFO - [116/5430] n1024_9024525: 13224/18199
2026-02-05 01:52:14,060 - INFO - [117/5430] n1024_9032733: 10762/14672
2026-02-05 01:52:27,049 - INFO - [118/5430] n1024_9040907: 10266/14227
2026-02-05 01:52:56,888 - INFO - [119/5430] n1024_9040929: 9061/12927
2026-02-05 01:52:57,255 - INFO - [120/5430] n1024_9028618: 12395/17950
2026-02-05 01:55:17,977 - INFO - [121/5430] n1024_9028638: 12007/16181
2026-02-05 01:56:12,709 - INFO - [122/5430] n1024_9045001: 8920/13289
2026-02-05 01:56:12,758 - INFO - [123/5430] n1024_9049121: 8980/12324
2026-02-05 01:56:16,774 - INFO - [124/5430] n1024_9036828: 11055/15376
2026-02-05 01:58:21,166 - INFO - [125/5430] n1024_9032725: 11279/15753
2026-02-05 01:59:00,477 - INFO - [126/5430] n1024_9057304: 8858/12591
2026-02-05 01:59:15,637 - INFO - [127/5430] n1024_9040920: 10708/15521
2026-02-05 02:00:25,629 - INFO - [128/5430] n1024_9032712: 10664/17516
2026-02-05 02:01:26,015 - INFO - [129/5430] n1024_9036806: 12078/18414
2026-02-05 02:01:56,301 - INFO - [130/5430] n1024_9045025: 9796/13704
2026-02-05 02:02:00,188 - INFO - [131/5430] n1024_9036810: 11695/17777
2026-02-05 02:02:38,855 - INFO - [132/5430] n1024_9040911: 11898/17307
2026-02-05 02:03:14,341 - INFO - [133/5430] n1024_9040924: 11797/16675
2026-02-05 02:04:08,984 - INFO - [134/5430] n1024_9040903: 12433/18786
2026-02-05 02:04:13,283 - INFO - [135/5430] n1024_9049105: 10845/15829
2026-02-05 02:04:13,473 - INFO - [136/5430] n1024_9032720: 12545/18333
2026-02-05 02:04:15,062 - INFO - [137/5430] n1024_9053193: 9632/14637
2026-02-05 02:04:30,454 - INFO - [138/5430] n1024_9053213: 9554/14082
2026-02-05 02:04:49,940 - INFO - [139/5430] n1024_9028614: 12369/18993
2026-02-05 02:04:54,326 - INFO - [140/5430] n1024_9049117: 10366/15568
2026-02-05 02:05:04,172 - INFO - [141/5430] n1024_9044997: 10277/16499
2026-02-05 02:05:11,788 - INFO - [142/5430] n1024_9053209: 10180/15189
2026-02-05 02:05:24,423 - INFO - [143/5430] n1024_9057300: 9241/14361
2026-02-05 02:05:33,003 - INFO - [144/5430] n1024_9057292: 9149/14466
2026-02-05 02:05:45,791 - INFO - [145/5430] n1024_9049097: 10410/15367
2026-02-05 02:07:09,678 - INFO - [146/5430] n1024_9061403: 8317/12899
2026-02-05 02:07:09,723 - INFO - [147/5430] n1024_9049113: 11219/17108
2026-02-05 02:07:10,305 - INFO - [148/5430] n1024_9036814: 12245/18956
2026-02-05 02:07:11,111 - INFO - [149/5430] n1024_9045009: 11080/16348
2026-02-05 02:07:11,338 - INFO - [150/5430] n1024_9061387: 8636/13960
2026-02-05 02:07:11,363 - INFO - [151/5430] n1024_9045005: 11422/18906
2026-02-05 02:07:18,352 - INFO - [152/5430] n1024_9032716: 11779/19039
2026-02-05 02:07:44,327 - INFO - [153/5430] n1024_9049109: 10081/15763
2026-02-05 02:08:28,880 - INFO - [154/5430] n1024_9065504: 7792/12431
2026-02-05 02:09:10,170 - INFO - [155/5430] n1024_9036818: 11577/18252
2026-02-05 02:09:18,840 - INFO - [156/5430] n1024_9049101: 12073/20043
2026-02-05 02:09:18,975 - INFO - [157/5430] n1024_9061409: 8119/13598
2026-02-05 02:09:20,856 - INFO - [158/5430] n1024_9045021: 10368/15977
2026-02-05 02:09:24,654 - INFO - [159/5430] n1024_9061391: 9669/16445
2026-02-05 02:09:29,307 - INFO - [160/5430] n1024_9061383: 9269/15340
2026-02-05 02:10:19,405 - INFO - [161/5430] n1024_9049093: 12023/19160
2026-02-05 02:11:18,540 - INFO - [162/5430] n1024_9065494: 8556/14252
2026-02-05 02:11:27,302 - INFO - [163/5430] n1024_9040915: 11226/17403
2026-02-05 02:11:44,827 - INFO - [164/5430] n1024_9069600: 7597/12663
2026-02-05 02:12:18,823 - INFO - [165/5430] n1024_9057296: 10614/17562
2026-02-05 02:12:56,038 - INFO - [166/5430] n1024_9045017: 11202/17628
2026-02-05 02:12:59,391 - INFO - [167/5430] n1024_9057308: 10319/16863
2026-02-05 02:13:15,843 - INFO - [168/5430] n1024_9057313: 9175/15357
2026-02-05 02:13:40,646 - INFO - [169/5430] n1024_9069586: 8075/14862
2026-02-05 02:13:42,287 - INFO - [170/5430] n1024_9045013: 12715/20807
2026-02-05 02:13:57,666 - INFO - [171/5430] n1024_9061399: 9486/16272
2026-02-05 02:14:19,266 - INFO - [172/5430] n1024_9053205: 11141/18512
2026-02-05 02:14:36,638 - INFO - [173/5430] n1024_9065498: 9525/15934
2026-02-05 02:14:38,238 - INFO - [174/5430] n1024_9065486: 9738/16819
2026-02-05 02:14:38,299 - INFO - [175/5430] n1024_9053189: 11640/20772
2026-02-05 02:14:43,209 - INFO - [176/5430] n1024_9073679: 7705/14408
2026-02-05 02:14:54,659 - INFO - [177/5430] n1024_9073683: 7924/14700
2026-02-05 02:14:57,201 - INFO - [178/5430] n1024_9065490: 9304/16395
2026-02-05 02:15:07,464 - INFO - [179/5430] n1024_9069578: 8939/16861
2026-02-05 02:15:22,445 - INFO - [180/5430] n1024_9073687: 7615/14739
2026-02-05 02:15:27,484 - INFO - [181/5430] n1024_9069594: 8524/15436
2026-02-05 02:15:27,753 - INFO - [182/5430] n1024_9073675: 7886/15005
2026-02-05 02:15:42,644 - INFO - [183/5430] n1024_9061395: 9623/18252
2026-02-05 02:16:03,489 - INFO - [184/5430] n1024_9057288: 11562/20827
2026-02-05 02:16:27,841 - INFO - [185/5430] n1024_9057284: 11416/20658
2026-02-05 02:16:45,570 - INFO - [186/5430] n1024_9065478: 9731/18547
2026-02-05 02:17:01,747 - INFO - [187/5430] n1024_9065482: 9943/19170
2026-02-05 02:17:35,124 - INFO - [188/5430] n1024_9069570: 10660/19928
2026-02-05 02:18:26,242 - INFO - [189/5430] n1024_9073696: 7432/16522
2026-02-05 02:18:27,774 - INFO - [190/5430] n1024_9077783: 7167/15673
2026-02-05 02:18:38,978 - INFO - [191/5430] n1024_9077779: 8129/17680
2026-02-05 02:18:52,138 - INFO - [192/5430] n1024_9069590: 10831/21311
2026-02-05 02:19:07,239 - INFO - [193/5430] n1024_9081878: 7153/15668
2026-02-05 02:19:07,330 - INFO - [194/5430] n1024_9081858: 8219/17554
2026-02-05 02:19:21,170 - INFO - [195/5430] n1024_9073691: 8495/17605
2026-02-05 02:19:39,540 - INFO - [196/5430] n1024_9073671: 9245/18428
2026-02-05 02:19:43,441 - INFO - [197/5430] n1024_9081882: 7470/17166
2026-02-05 02:19:44,611 - INFO - [198/5430] n1024_9090048: 6678/16617
2026-02-05 02:19:55,568 - INFO - [199/5430] n1024_9081874: 7329/16710
2026-02-05 02:19:55,699 - INFO - [200/5430] n1024_9081886: 7029/15477
2026-02-05 02:19:56,627 - INFO - [201/5430] n1024_9090068: 5253/13451
2026-02-05 02:20:16,612 - INFO - [202/5430] n1024_9077771: 8457/18544
2026-02-05 02:20:24,816 - INFO - [203/5430] n1024_9077791: 8248/18109
2026-02-05 02:20:24,911 - INFO - [204/5430] n1024_9081862: 7820/17883
2026-02-05 02:20:24,978 - INFO - [205/5430] n1024_9069574: 10420/21158
2026-02-05 02:20:36,261 - INFO - [206/5430] n1024_9077775: 7982/17358
2026-02-05 02:21:07,086 - INFO - [207/5430] n1024_9085960: 7553/17768
2026-02-05 02:21:16,493 - INFO - [208/5430] n1024_9090072: 5915/15213
2026-02-05 02:21:17,031 - INFO - [209/5430] n1024_9085980: 6716/16171
2026-02-05 02:21:22,894 - INFO - [210/5430] n1024_9077787: 7839/17322
2026-02-05 02:21:27,195 - INFO - [211/5430] n1024_9085952: 8850/20915
2026-02-05 02:21:37,106 - INFO - [212/5430] n1024_9053201: 12916/25466
2026-02-05 02:21:41,872 - INFO - [213/5430] n1024_9085976: 6655/16399
2026-02-05 02:21:54,618 - INFO - [214/5430] n1024_9081870: 7759/18512
2026-02-05 02:21:55,499 - INFO - [215/5430] n1024_9085968: 7273/17228
2026-02-05 02:22:00,817 - INFO - [216/5430] n1024_9094143: 6983/18082
2026-02-05 02:22:03,206 - INFO - [217/5430] n1024_9098240: 6568/17293
2026-02-05 02:22:15,684 - INFO - [218/5430] n1024_9098264: 5525/14382
2026-02-05 02:22:34,986 - INFO - [219/5430] n1024_9085964: 7630/17831
2026-02-05 02:22:54,123 - INFO - [220/5430] n1024_9098252: 6309/15485
2026-02-05 02:22:54,149 - INFO - [221/5430] n1024_9098256: 6359/16289
2026-02-05 02:22:55,999 - INFO - [222/5430] n1024_9077767: 9595/21404
2026-02-05 02:22:58,370 - INFO - [223/5430] n1024_9073667: 10576/22821
2026-02-05 02:23:10,431 - INFO - [224/5430] n1024_9069582: 12561/26168
2026-02-05 02:23:10,644 - INFO - [225/5430] n1024_9094171: 6043/15903
2026-02-05 02:23:12,082 - INFO - [226/5430] n1024_9085956: 8061/18933
2026-02-05 02:23:35,579 - INFO - [227/5430] n1024_9098268: 6039/16280
2026-02-05 02:24:01,485 - INFO - [228/5430] n1024_9090056: 7114/17882
2026-02-05 02:24:02,285 - INFO - [229/5430] n1024_9081866: 8592/20118
2026-02-05 02:24:07,035 - INFO - [230/5430] n1024_9094167: 6947/17724
2026-02-05 02:24:21,593 - INFO - [231/5430] n1024_9102356: 6037/15837
2026-02-05 02:24:22,002 - INFO - [232/5430] n1024_9094155: 6645/17339
2026-02-05 02:24:22,026 - INFO - [233/5430] n1024_9110526: 6309/18072
2026-02-05 02:24:22,078 - INFO - [234/5430] n1024_9090052: 7736/19346
2026-02-05 02:24:24,207 - INFO - [235/5430] n1024_9077763: 9529/22416
2026-02-05 02:24:25,829 - INFO - [236/5430] n1024_9106460: 5837/15503
2026-02-05 02:24:25,916 - INFO - [237/5430] n1024_9110558: 4623/13883
2026-02-05 02:24:26,083 - INFO - [238/5430] n1024_9085972: 7643/19182
2026-02-05 02:24:47,212 - INFO - [239/5430] n1024_9090076: 7330/19197
2026-02-05 02:25:09,717 - INFO - [240/5430] n1024_9114648: 4691/12769
2026-02-05 02:25:29,088 - INFO - [241/5430] n1024_9114652: 5107/13979
2026-02-05 02:25:29,703 - INFO - [242/5430] n1024_9090060: 7010/18288
2026-02-05 02:25:33,788 - INFO - [243/5430] n1024_9102352: 6657/18191
2026-02-05 02:25:39,720 - INFO - [244/5430] n1024_9094159: 7172/18590
2026-02-05 02:25:48,956 - INFO - [245/5430] n1024_9098244: 6706/18675
2026-02-05 02:26:03,280 - INFO - [246/5430] n1024_9102348: 6996/18213
2026-02-05 02:26:10,160 - INFO - [247/5430] n1024_9098248: 6706/18507
2026-02-05 02:26:11,767 - INFO - [248/5430] n1024_9106456: 6104/16131
2026-02-05 02:26:17,931 - INFO - [249/5430] n1024_9106444: 6467/17310
2026-02-05 02:26:24,775 - INFO - [250/5430] n1024_9106432: 7309/20015
2026-02-05 02:26:34,659 - INFO - [251/5430] n1024_9102364: 6286/17544
2026-02-05 02:27:06,340 - INFO - [252/5430] n1024_9102336: 7330/20340
2026-02-05 02:27:09,098 - INFO - [253/5430] n1024_9106440: 7061/19064
2026-02-05 02:27:46,278 - INFO - [254/5430] n1024_9114640: 5943/16538
2026-02-05 02:27:46,717 - INFO - [255/5430] n1024_9106448: 6550/18136
2026-02-05 02:27:50,788 - INFO - [256/5430] n1024_9094147: 7609/20686
2026-02-05 02:27:52,630 - INFO - [257/5430] n1024_9110546: 6166/16881
2026-02-05 02:27:59,355 - INFO - [258/5430] n1024_9118734: 5454/15386
2026-02-05 02:27:59,722 - INFO - [259/5430] n1024_9106452: 6715/18318
2026-02-05 02:28:08,082 - INFO - [260/5430] n1024_9118746: 4777/13200
2026-02-05 02:28:08,368 - INFO - [261/5430] n1024_9094151: 7902/21681
2026-02-05 02:28:15,504 - INFO - [262/5430] n1024_9106436: 7644/21566
2026-02-05 02:28:34,856 - INFO - [263/5430] n1024_9110550: 6205/16962
2026-02-05 02:28:39,160 - INFO - [264/5430] n1024_9102360: 6890/18931
2026-02-05 02:28:45,743 - INFO - [265/5430] n1024_9110554: 5682/16661
2026-02-05 02:28:45,767 - INFO - [266/5430] n1024_9110538: 6705/19049
2026-02-05 02:28:48,192 - INFO - [267/5430] n1024_9122842: 4380/12200
2026-02-05 02:28:54,463 - INFO - [268/5430] n1024_9110530: 6912/19747
2026-02-05 02:28:55,801 - INFO - [269/5430] n1024_9094163: 9097/24948
2026-02-05 02:29:03,747 - INFO - [270/5430] n1024_9126940: 3863/11202
2026-02-05 02:29:13,896 - INFO - [271/5430] n1024_9098260: 9126/25021
2026-02-05 02:29:20,550 - INFO - [272/5430] n1024_9090064: 8155/22882
2026-02-05 02:29:25,026 - INFO - [273/5430] n1024_9118718: 6655/20607
2026-02-05 02:29:40,861 - INFO - [274/5430] n1024_9114624: 6896/19799
2026-02-05 02:29:53,686 - INFO - [275/5430] n1024_9126908: 5905/19988
2026-02-05 02:30:03,228 - INFO - [276/5430] n1024_9118722: 6617/18715
2026-02-05 02:30:15,331 - INFO - [277/5430] n1024_9114628: 7271/20792
2026-02-05 02:30:29,088 - INFO - [278/5430] n1024_9122838: 4946/14169
2026-02-05 02:30:29,966 - INFO - [279/5430] n1024_9102340: 8101/23004
2026-02-05 02:30:30,943 - INFO - [280/5430] n1024_9122814: 6153/19521
2026-02-05 02:30:31,560 - INFO - [281/5430] n1024_9110542: 7557/20526
2026-02-05 02:30:31,587 - INFO - [282/5430] n1024_9102344: 8658/23807
2026-02-05 02:30:39,209 - INFO - [283/5430] n1024_9118730: 6787/18806
2026-02-05 02:30:47,843 - INFO - [284/5430] n1024_9114636: 6570/18984
2026-02-05 02:30:59,959 - INFO - [285/5430] n1024_9118726: 6942/19995
2026-02-05 02:31:13,620 - INFO - [286/5430] n1024_9122834: 5670/16320
2026-02-05 02:31:14,713 - INFO - [287/5430] n1024_9131035: 4305/12445
2026-02-05 02:31:31,825 - INFO - [288/5430] n1024_9114632: 6657/18861
2026-02-05 02:31:56,366 - INFO - [289/5430] n1024_9118738: 6377/18937
2026-02-05 02:32:12,088 - INFO - [290/5430] n1024_9131031: 4947/14198
2026-02-05 02:32:20,838 - INFO - [291/5430] n1024_9126928: 5553/16508
2026-02-05 02:32:39,374 - INFO - [292/5430] n1024_9118742: 6108/17648
2026-02-05 02:32:44,828 - INFO - [293/5430] n1024_9139229: 4429/13594
2026-02-05 02:32:53,966 - INFO - [294/5430] n1024_9114644: 8314/23009
2026-02-05 02:32:54,182 - INFO - [295/5430] n1024_9122818: 6158/19143
2026-02-05 02:33:01,636 - INFO - [296/5430] n1024_9053197: 21161/44268
2026-02-05 02:33:02,754 - INFO - [297/5430] n1024_9126916: 5850/18203
2026-02-05 02:33:04,188 - INFO - [298/5430] n1024_9110534: 7996/23831
2026-02-05 02:33:05,856 - INFO - [299/5430] n1024_9126936: 5425/16867
2026-02-05 02:33:10,600 - INFO - [300/5430] n1024_9122826: 5994/18516
2026-02-05 02:33:28,697 - INFO - [301/5430] n1024_9122822: 6129/18427
2026-02-05 02:33:35,162 - INFO - [302/5430] n1024_9126932: 5718/17398
2026-02-05 02:33:38,860 - INFO - [303/5430] n1024_9131023: 5564/16368
2026-02-05 02:33:48,762 - INFO - [304/5430] n1024_9126920: 6047/18490
2026-02-05 02:33:51,061 - INFO - [305/5430] n1024_9131027: 5669/16839
2026-02-05 02:34:03,075 - INFO - [306/5430] n1024_9126912: 5999/19320
2026-02-05 02:34:12,254 - INFO - [307/5430] n1024_9126924: 6293/18879
2026-02-05 02:34:28,459 - INFO - [308/5430] n1024_9122830: 6104/19190
2026-02-05 02:34:34,818 - INFO - [309/5430] n1024_9139217: 5115/15131
2026-02-05 02:34:42,948 - INFO - [310/5430] n1024_9143325: 4631/16817
2026-02-05 02:34:43,608 - INFO - [311/5430] n1024_9135122: 5368/16328
2026-02-05 02:34:50,056 - INFO - [312/5430] n1024_9139225: 4882/14166
2026-02-05 02:34:51,057 - INFO - [313/5430] n1024_9139197: 6063/20130
2026-02-05 02:34:55,580 - INFO - [314/5430] n1024_9135126: 5084/15645
2026-02-05 02:34:59,368 - INFO - [315/5430] n1024_9139221: 5210/15958
2026-02-05 02:34:59,434 - INFO - [316/5430] n1024_9143321: 4272/13170
2026-02-05 02:35:20,747 - INFO - [317/5430] n1024_9135118: 5691/16888
2026-02-05 02:35:38,908 - INFO - [318/5430] n1024_9139205: 5391/17855
2026-02-05 02:35:39,433 - INFO - [319/5430] n1024_9131019: 5690/18355
2026-02-05 02:35:49,914 - INFO - [320/5430] n1024_9131011: 6856/21016
2026-02-05 02:35:53,544 - INFO - [321/5430] n1024_9135130: 5522/18052
2026-02-05 02:36:22,071 - INFO - [322/5430] n1024_9143317: 5055/16297
2026-02-05 02:36:39,033 - INFO - [323/5430] n1024_9135114: 5993/18773
2026-02-05 02:37:02,545 - INFO - [324/5430] n1024_9131007: 7067/23643
2026-02-05 02:37:43,313 - INFO - [325/5430] n1024_9147418: 4708/14515
2026-02-05 02:37:57,379 - INFO - [326/5430] n1024_9143313: 5745/18186
2026-02-05 02:38:03,595 - INFO - [327/5430] n1024_9135110: 6801/21376
2026-02-05 02:38:42,327 - INFO - [328/5430] n1024_9139209: 5729/19182
2026-02-05 02:39:05,785 - INFO - [329/5430] n1024_9139201: 6291/19971
2026-02-05 02:39:14,623 - INFO - [330/5430] n1024_9151512: 4149/14152
2026-02-05 02:39:18,859 - INFO - [331/5430] n1024_9155608: 4146/13537
2026-02-05 02:39:23,728 - INFO - [332/5430] n1024_9147414: 5293/17404
2026-02-05 02:39:29,568 - INFO - [333/5430] n1024_9155604: 4138/13662
2026-02-05 02:39:32,004 - INFO - [334/5430] n1024_9139213: 5785/19296
2026-02-05 02:39:46,112 - INFO - [335/5430] n1024_9147406: 5319/17606
2026-02-05 02:40:30,904 - INFO - [336/5430] n1024_9155580: 4985/17419
2026-02-05 02:40:34,069 - INFO - [337/5430] n1024_9131015: 7056/22920
2026-02-05 02:40:41,210 - INFO - [338/5430] n1024_9147394: 5844/20002
2026-02-05 02:40:56,000 - INFO - [339/5430] n1024_9135106: 6912/22874
2026-02-05 02:41:03,315 - INFO - [340/5430] n1024_9147410: 5801/19441
2026-02-05 02:41:12,464 - INFO - [341/5430] n1024_9143309: 5818/19611
2026-02-05 02:41:13,978 - INFO - [342/5430] n1024_9151508: 5016/16187
2026-02-05 02:41:15,548 - INFO - [343/5430] n1024_9151496: 5395/18696
2026-02-05 02:41:15,714 - INFO - [344/5430] n1024_9147402: 5573/19159
2026-02-05 02:41:20,734 - INFO - [345/5430] n1024_9135102: 7531/25404
2026-02-05 02:41:21,634 - INFO - [346/5430] n1024_9151492: 5218/18760
2026-02-05 02:41:24,697 - INFO - [347/5430] n1024_9151484: 5862/20502
2026-02-05 02:41:25,370 - INFO - [348/5430] n1024_9159702: 4252/14735
2026-02-05 02:41:35,844 - INFO - [349/5430] n1024_9143301: 6559/21574
2026-02-05 02:41:36,169 - INFO - [350/5430] n1024_9143293: 6448/22458
2026-02-05 02:42:01,833 - INFO - [351/5430] n1024_9147398: 5728/20272
2026-02-05 02:42:21,787 - INFO - [352/5430] n1024_9147390: 6274/22457
2026-02-05 02:42:24,081 - INFO - [353/5430] n1024_9159706: 4581/15715
2026-02-05 02:42:26,426 - INFO - [354/5430] n1024_9143297: 6801/22646
2026-02-05 02:42:29,679 - INFO - [355/5430] n1024_9163801: 4214/14769
2026-02-05 02:42:44,259 - INFO - [356/5430] n1024_9143305: 6195/21188
2026-02-05 02:59:52,294 - INFO - [357/5430] n1024_9159694: 5402/19457
2026-02-05 02:59:53,795 - INFO - [358/5430] n1024_9151504: 5444/19229
2026-02-05 03:18:41,999 - INFO - [359/5430] n1024_9151488: 6159/21498
2026-02-05 05:34:45,536 - INFO - [360/5430] n1024_9167896: 3869/13923
2026-02-05 11:22:54,258 - INFO - [361/5430] n1024_9167880: 4440/15786
slurmstepd: error: *** JOB 229811 ON node093 CANCELLED AT 2026-02-05T17:21:37 ***
