ERROR: Unable to locate a modulefile for 'python/3.9'
ERROR: Unable to locate a modulefile for 'hdf5'
2026-02-04 20:57:00,772 - INFO - ======================================================================
2026-02-04 20:57:00,774 - INFO - VIRAC Extractor - Shard 0/4
2026-02-04 20:57:00,775 - INFO - ======================================================================
2026-02-04 20:57:00,775 - INFO - Total tiles in dataset: 22585
2026-02-04 20:57:00,776 - INFO - Tiles for this shard:   5647
2026-02-04 20:57:00,777 - INFO - Workers: 96
2026-02-04 20:57:00,789 - INFO - Already completed: 121
2026-02-04 20:57:00,789 - INFO - Tiles to process:  5526
2026-02-04 21:07:31,036 - INFO - [1/5526] n1024_8901652: 10671/14997
2026-02-04 21:12:53,395 - INFO - [2/5526] n1024_8909856: 9200/12759
2026-02-04 21:19:05,999 - INFO - [3/5526] n1024_8913952: 8419/12285
2026-02-04 21:19:15,907 - INFO - [4/5526] n1024_8913934: 9715/13385
2026-02-04 21:21:14,994 - INFO - [5/5526] n1024_8913948: 9090/13193
2026-02-04 21:21:17,725 - INFO - [6/5526] n1024_8922149: 7305/9488
2026-02-04 21:21:18,884 - INFO - [7/5526] n1024_8909851: 10905/14889
2026-02-04 21:21:36,668 - INFO - [8/5526] n1024_8909846: 10936/15860
2026-02-04 21:22:08,202 - INFO - [9/5526] n1024_8934441: 7186/9782
2026-02-04 21:23:41,831 - INFO - [10/5526] n1024_8926245: 8009/10465
2026-02-04 21:24:20,566 - INFO - [11/5526] n1024_8922145: 7833/10251
2026-02-04 21:24:38,069 - INFO - [12/5526] n1024_8909842: 11483/15835
2026-02-04 21:25:07,456 - INFO - [13/5526] n1024_8913962: 9096/12258
2026-02-04 21:25:11,751 - INFO - [14/5526] n1024_8926241: 8033/10960
2026-02-04 21:25:46,000 - INFO - [15/5526] n1024_8938528: 8673/11530
2026-02-04 21:25:47,099 - INFO - [16/5526] n1024_8934431: 8283/11326
2026-02-04 21:25:58,878 - INFO - [17/5526] n1024_8930336: 7985/11347
2026-02-04 21:25:59,093 - INFO - [18/5526] n1024_8946724: 8184/11040
2026-02-04 21:27:07,670 - INFO - [19/5526] n1024_8913938: 10590/14554
2026-02-04 21:27:12,379 - INFO - [20/5526] n1024_8926235: 8440/11345
2026-02-04 21:27:12,924 - INFO - [21/5526] n1024_8942632: 8307/11593
2026-02-04 21:27:42,441 - INFO - [22/5526] n1024_8950819: 8783/12592
2026-02-04 21:27:42,543 - INFO - [23/5526] n1024_8913942: 11311/15636
2026-02-04 21:28:07,957 - INFO - [24/5526] n1024_8950823: 8638/11679
2026-02-04 21:28:08,479 - INFO - [25/5526] n1024_8922125: 9648/14186
2026-02-04 21:28:12,635 - INFO - [26/5526] n1024_8934435: 8871/11942
2026-02-04 21:28:17,053 - INFO - [27/5526] n1024_8918055: 9395/13114
2026-02-04 21:28:17,319 - INFO - [28/5526] n1024_8958994: 8744/11377
2026-02-04 21:28:57,684 - INFO - [29/5526] n1024_8918050: 9389/12839
2026-02-04 21:30:14,593 - INFO - [30/5526] n1024_8918031: 10209/14607
2026-02-04 21:30:32,019 - INFO - [31/5526] n1024_8926227: 9608/12038
2026-02-04 21:30:48,879 - INFO - [32/5526] n1024_8913958: 11845/15616
2026-02-04 21:31:14,686 - INFO - [33/5526] n1024_8959002: 9982/13281
2026-02-04 21:31:15,571 - INFO - [34/5526] n1024_8950814: 9630/13029
2026-02-04 21:31:25,540 - INFO - [35/5526] n1024_8959015: 9123/12133
2026-02-04 21:31:43,101 - INFO - [36/5526] n1024_8954913: 9241/12901
2026-02-04 21:31:43,438 - INFO - [37/5526] n1024_8958998: 9489/13055
2026-02-04 21:31:47,350 - INFO - [38/5526] n1024_8930340: 8738/12177
2026-02-04 21:32:05,017 - INFO - [39/5526] n1024_8959006: 9746/13080
2026-02-04 21:32:05,362 - INFO - [40/5526] n1024_8963103: 9635/13443
2026-02-04 21:32:05,473 - INFO - [41/5526] n1024_8909866: 11180/14478
2026-02-04 21:32:25,870 - INFO - [42/5526] n1024_8942627: 9037/12503
2026-02-04 21:32:38,666 - INFO - [43/5526] n1024_8967193: 9489/12777
2026-02-04 21:32:50,701 - INFO - [44/5526] n1024_8926221: 10468/15111
2026-02-04 21:32:58,180 - INFO - [45/5526] n1024_8918036: 10792/14880
2026-02-04 21:32:59,478 - INFO - [46/5526] n1024_8946728: 8621/12267
2026-02-04 21:33:04,473 - INFO - [47/5526] n1024_8942609: 9804/13776
2026-02-04 21:33:36,427 - INFO - [48/5526] n1024_8922135: 10283/13699
2026-02-04 21:33:36,593 - INFO - [49/5526] n1024_8963107: 9910/13852
2026-02-04 21:33:42,067 - INFO - [50/5526] n1024_8930322: 10345/13120
2026-02-04 21:34:08,858 - INFO - [51/5526] n1024_8954917: 9040/12861
2026-02-04 21:34:22,680 - INFO - [52/5526] n1024_8918045: 9848/14176
2026-02-04 21:34:32,855 - INFO - [53/5526] n1024_8954909: 10516/14404
2026-02-04 21:35:10,795 - INFO - [54/5526] n1024_8938534: 9382/13083
2026-02-04 21:35:25,168 - INFO - [55/5526] n1024_8938516: 10750/13616
2026-02-04 21:35:28,393 - INFO - [56/5526] n1024_8967197: 8543/11295
2026-02-04 21:35:46,706 - INFO - [57/5526] n1024_8963095: 10445/15033
2026-02-04 21:35:54,643 - INFO - [58/5526] n1024_8938524: 10235/14492
2026-02-04 21:35:58,907 - INFO - [59/5526] n1024_8938512: 9888/13336
2026-02-04 21:36:09,992 - INFO - [60/5526] n1024_8922131: 9946/13220
2026-02-04 21:36:10,797 - INFO - [61/5526] n1024_8930330: 9448/14250
2026-02-04 21:36:53,036 - INFO - [62/5526] n1024_8934426: 10390/13929
2026-02-04 21:37:48,542 - INFO - [63/5526] n1024_8926231: 11598/15067
2026-02-04 21:37:48,977 - INFO - [64/5526] n1024_8938520: 9999/14240
2026-02-04 21:37:49,852 - INFO - [65/5526] n1024_8963099: 11022/15236
2026-02-04 21:38:20,970 - INFO - [66/5526] n1024_8967185: 10181/13760
2026-02-04 21:38:30,641 - INFO - [67/5526] n1024_8959010: 10546/15340
2026-02-04 21:38:48,205 - INFO - [68/5526] n1024_8942622: 10113/14696
2026-02-04 21:39:07,161 - INFO - [69/5526] n1024_8954897: 10907/14726
2026-02-04 21:39:15,571 - INFO - [70/5526] n1024_8954891: 11866/16102
2026-02-04 21:39:16,902 - INFO - [71/5526] n1024_8958988: 11376/16022
2026-02-04 21:39:24,245 - INFO - [72/5526] n1024_8930316: 11460/16713
2026-02-04 21:39:37,782 - INFO - [73/5526] n1024_8946718: 11234/15381
2026-02-04 21:39:52,072 - INFO - [74/5526] n1024_8942618: 12097/16128
2026-02-04 21:39:58,940 - INFO - [75/5526] n1024_8922139: 12066/16776
2026-02-04 21:39:59,084 - INFO - [76/5526] n1024_8918040: 12172/17451
2026-02-04 21:40:42,683 - INFO - [77/5526] n1024_8942605: 12415/15820
2026-02-04 21:40:54,409 - INFO - [78/5526] n1024_8942614: 12707/16076
2026-02-04 21:41:38,839 - INFO - [79/5526] n1024_8963087: 10828/15208
2026-02-04 21:41:39,927 - INFO - [80/5526] n1024_8946710: 12027/15191
2026-02-04 21:41:57,547 - INFO - [81/5526] n1024_8950806: 11238/15630
2026-02-04 21:42:25,091 - INFO - [82/5526] n1024_8934413: 12377/16632
2026-02-04 21:42:25,396 - INFO - [83/5526] n1024_8967201: 9452/12798
2026-02-04 21:43:22,732 - INFO - [84/5526] n1024_8950801: 11298/15206
2026-02-04 21:43:57,132 - INFO - [85/5526] n1024_8934422: 11698/15366
2026-02-04 21:44:23,989 - INFO - [86/5526] n1024_8946714: 11937/16763
2026-02-04 21:44:31,821 - INFO - [87/5526] n1024_8950796: 12295/17099
2026-02-04 21:44:35,825 - INFO - [88/5526] n1024_8930326: 11980/16691
2026-02-04 21:44:40,665 - INFO - [89/5526] n1024_8934418: 12078/16586
2026-02-04 21:44:48,570 - INFO - [90/5526] n1024_8946704: 11732/16052
2026-02-04 21:45:15,062 - INFO - [91/5526] n1024_8963091: 12280/16351
2026-02-04 21:45:55,209 - INFO - [92/5526] n1024_8967189: 12059/16901
2026-02-04 21:46:51,727 - INFO - [93/5526] n1024_8967207: 8612/11471
2026-02-04 21:46:55,493 - INFO - [94/5526] n1024_8946700: 14163/18458
2026-02-04 21:47:10,453 - INFO - [95/5526] n1024_8954901: 14234/18343
2026-02-04 21:47:11,818 - INFO - [96/5526] n1024_8971303: 7833/10368
2026-02-04 21:47:12,205 - INFO - [97/5526] n1024_8979495: 6813/9638
2026-02-04 21:47:55,323 - INFO - [98/5526] n1024_8909861: 18653/26523
2026-02-04 21:48:30,754 - INFO - [99/5526] n1024_8967180: 13056/17331
2026-02-04 21:51:56,748 - INFO - [100/5526] n1024_8971293: 9779/12795
2026-02-04 21:53:35,166 - INFO - [101/5526] n1024_8983588: 7943/10559
2026-02-04 21:54:06,063 - INFO - [102/5526] n1024_8971299: 10065/13433
2026-02-04 21:55:14,621 - INFO - [103/5526] n1024_8983584: 8728/11142
2026-02-04 21:56:04,945 - INFO - [104/5526] n1024_8975398: 8646/12477
2026-02-04 21:56:26,750 - INFO - [105/5526] n1024_8971277: 11243/15528
2026-02-04 21:57:40,229 - INFO - [106/5526] n1024_9004070: 7138/10411
2026-02-04 21:58:05,177 - INFO - [107/5526] n1024_8971289: 10196/13963
2026-02-04 21:58:58,772 - INFO - [108/5526] n1024_8979491: 9322/13004
2026-02-04 21:59:38,072 - INFO - [109/5526] n1024_8950810: 15209/21698
2026-02-04 21:59:42,760 - INFO - [110/5526] n1024_8979481: 10060/13208
2026-02-04 21:59:43,014 - INFO - [111/5526] n1024_8971285: 10357/14417
2026-02-04 22:00:22,238 - INFO - [112/5526] n1024_8983571: 10840/13923
2026-02-04 22:00:52,877 - INFO - [113/5526] n1024_8995876: 8658/12381
2026-02-04 22:01:10,781 - INFO - [114/5526] n1024_8975384: 10312/13410
2026-02-04 22:01:10,803 - INFO - [115/5526] n1024_8987680: 9543/12499
2026-02-04 22:01:12,066 - INFO - [116/5526] n1024_8979477: 10567/13828
2026-02-04 22:01:13,512 - INFO - [117/5526] n1024_8979485: 9713/12858
2026-02-04 22:01:20,631 - INFO - [118/5526] n1024_8983579: 10209/14032
2026-02-04 22:01:51,858 - INFO - [119/5526] n1024_8975380: 10676/14111
2026-02-04 22:01:52,988 - INFO - [120/5526] n1024_8987684: 9097/12658
2026-02-04 22:02:01,608 - INFO - [121/5526] n1024_8991775: 9645/12988
2026-02-04 22:02:12,415 - INFO - [122/5526] n1024_8999972: 9568/12798
2026-02-04 22:02:34,930 - INFO - [123/5526] n1024_8987656: 12034/17067
2026-02-04 22:02:55,348 - INFO - [124/5526] n1024_8995870: 9855/13042
2026-02-04 22:03:13,465 - INFO - [125/5526] n1024_9012261: 8322/11671
2026-02-04 22:03:21,520 - INFO - [126/5526] n1024_8999966: 9513/12279
2026-02-04 22:03:23,400 - INFO - [127/5526] n1024_8971281: 11609/15982
2026-02-04 22:03:52,138 - INFO - [128/5526] n1024_8999954: 10154/13166
2026-02-04 22:03:59,825 - INFO - [129/5526] n1024_8987676: 11136/14625
2026-02-04 22:04:21,856 - INFO - [130/5526] n1024_8983575: 11931/14936
2026-02-04 22:04:25,952 - INFO - [131/5526] n1024_9004066: 8964/12433
2026-02-04 22:04:33,244 - INFO - [132/5526] n1024_8975393: 10241/14995
2026-02-04 22:04:46,908 - INFO - [133/5526] n1024_8979469: 11449/15771
2026-02-04 22:05:00,446 - INFO - [134/5526] n1024_9012257: 8290/10842
2026-02-04 22:05:11,043 - INFO - [135/5526] n1024_8995866: 10591/13588
2026-02-04 22:05:32,178 - INFO - [136/5526] n1024_8979473: 12628/16999
2026-02-04 22:05:32,585 - INFO - [137/5526] n1024_8975372: 12572/16907
2026-02-04 22:05:46,704 - INFO - [138/5526] n1024_9012247: 9838/12552
2026-02-04 22:05:46,817 - INFO - [139/5526] n1024_8999958: 10554/13593
2026-02-04 22:06:00,337 - INFO - [140/5526] n1024_8991759: 11420/14923
2026-02-04 22:06:05,623 - INFO - [141/5526] n1024_9004060: 10477/13930
2026-02-04 22:06:11,329 - INFO - [142/5526] n1024_8987672: 11918/15261
2026-02-04 22:06:14,936 - INFO - [143/5526] n1024_8999962: 11403/14811
2026-02-04 22:06:47,056 - INFO - [144/5526] n1024_9012251: 9082/12261
2026-02-04 22:06:56,005 - INFO - [145/5526] n1024_8975388: 12594/17435
2026-02-04 22:07:02,043 - INFO - [146/5526] n1024_8987660: 12776/17647
2026-02-04 22:07:02,350 - INFO - [147/5526] n1024_8983567: 12705/17045
2026-02-04 22:07:39,251 - INFO - [148/5526] n1024_9016354: 9521/12540
2026-02-04 22:07:39,887 - INFO - [149/5526] n1024_8991755: 13357/18155
2026-02-04 22:07:53,180 - INFO - [150/5526] n1024_8979465: 12832/18278
2026-02-04 22:08:15,630 - INFO - [151/5526] n1024_9008146: 11124/14647
2026-02-04 22:08:20,077 - INFO - [152/5526] n1024_9004048: 11256/14780
2026-02-04 22:08:39,045 - INFO - [153/5526] n1024_9012243: 11106/14448
2026-02-04 22:08:39,314 - INFO - [154/5526] n1024_8991763: 12957/17120
2026-02-04 22:08:45,483 - INFO - [155/5526] n1024_9008164: 9621/13840
2026-02-04 22:08:45,651 - INFO - [156/5526] n1024_8991771: 11492/15335
2026-02-04 22:09:08,850 - INFO - [157/5526] n1024_8995854: 13056/17083
2026-02-04 22:09:14,826 - INFO - [158/5526] n1024_9020442: 9801/12700
2026-02-04 22:09:38,310 - INFO - [159/5526] n1024_9008150: 10975/14427
2026-02-04 22:09:50,439 - INFO - [160/5526] n1024_9012239: 12113/16672
2026-02-04 22:09:58,987 - INFO - [161/5526] n1024_9020450: 9612/12846
2026-02-04 22:10:06,728 - INFO - [162/5526] n1024_8954905: 21611/29345
2026-02-04 22:10:24,384 - INFO - [163/5526] n1024_8983563: 14566/19481
2026-02-04 22:10:43,668 - INFO - [164/5526] n1024_8991767: 14047/18378
2026-02-04 22:10:44,676 - INFO - [165/5526] n1024_8987664: 12702/18315
2026-02-04 22:10:45,520 - INFO - [166/5526] n1024_9012235: 12158/16127
2026-02-04 22:10:52,415 - INFO - [167/5526] n1024_9004044: 12679/17891
2026-02-04 22:11:07,699 - INFO - [168/5526] n1024_9008142: 12191/17072
2026-02-04 22:11:11,357 - INFO - [169/5526] n1024_9016345: 11285/14563
2026-02-04 22:11:11,489 - INFO - [170/5526] n1024_8995850: 14580/19494
2026-02-04 22:11:12,168 - INFO - [171/5526] n1024_9020446: 11122/14352
2026-02-04 22:11:12,770 - INFO - [172/5526] n1024_9020422: 11695/17072
2026-02-04 22:11:33,931 - INFO - [173/5526] n1024_9008154: 11555/16154
2026-02-04 22:11:45,545 - INFO - [174/5526] n1024_9004052: 11260/16452
2026-02-04 22:12:18,212 - INFO - [175/5526] n1024_9004056: 11361/14932
2026-02-04 22:12:22,435 - INFO - [176/5526] n1024_9004040: 14077/18808
2026-02-04 22:12:32,909 - INFO - [177/5526] n1024_9028613: 10252/14592
2026-02-04 22:12:54,683 - INFO - [178/5526] n1024_9008159: 12054/15929
2026-02-04 22:12:55,562 - INFO - [179/5526] n1024_9024520: 11029/14941
2026-02-04 22:13:01,065 - INFO - [180/5526] n1024_8999950: 12379/16871
2026-02-04 22:13:09,310 - INFO - [181/5526] n1024_9008138: 13733/17984
2026-02-04 22:13:40,017 - INFO - [182/5526] n1024_9016350: 13884/18151
2026-02-04 22:13:41,078 - INFO - [183/5526] n1024_8999946: 13757/18542
2026-02-04 22:13:47,125 - INFO - [184/5526] n1024_9024544: 10317/13046
2026-02-04 22:13:52,377 - INFO - [185/5526] n1024_9012231: 13010/18291
2026-02-04 22:13:53,043 - INFO - [186/5526] n1024_9016341: 12437/16171
2026-02-04 22:14:01,354 - INFO - [187/5526] n1024_9024540: 10968/13789
2026-02-04 22:14:02,543 - INFO - [188/5526] n1024_9024536: 11143/14649
2026-02-04 22:14:11,772 - INFO - [189/5526] n1024_9016329: 11070/15761
2026-02-04 22:14:41,782 - INFO - [190/5526] n1024_8991780: 12323/18376
2026-02-04 22:15:06,386 - INFO - [191/5526] n1024_9020426: 12949/17256
2026-02-04 22:15:13,844 - INFO - [192/5526] n1024_9020438: 12516/16319
2026-02-04 22:15:48,440 - INFO - [193/5526] n1024_8987668: 14382/19450
2026-02-04 22:15:53,739 - INFO - [194/5526] n1024_9024524: 12268/16077
2026-02-04 22:16:05,771 - INFO - [195/5526] n1024_9028637: 9558/12606
2026-02-04 22:16:10,152 - INFO - [196/5526] n1024_9032738: 9906/12580
2026-02-04 22:17:05,969 - INFO - [197/5526] n1024_9016333: 12222/17141
2026-02-04 22:17:16,207 - INFO - [198/5526] n1024_8995862: 15297/20864
2026-02-04 22:17:53,829 - INFO - [199/5526] n1024_8995858: 15649/20879
2026-02-04 22:17:54,325 - INFO - [200/5526] n1024_9028617: 10753/15716
2026-02-04 22:18:19,066 - INFO - [201/5526] n1024_9032732: 10609/13987
2026-02-04 22:18:36,663 - INFO - [202/5526] n1024_9016337: 15811/21469
2026-02-04 22:19:37,188 - INFO - [203/5526] n1024_9036833: 9693/12368
2026-02-04 22:20:07,040 - INFO - [204/5526] n1024_9040928: 10068/12853
2026-02-04 22:20:36,074 - INFO - [205/5526] n1024_9028643: 10197/13766
2026-02-04 22:20:51,087 - INFO - [206/5526] n1024_9024528: 13725/18223
2026-02-04 22:21:04,837 - INFO - [207/5526] n1024_9028625: 11689/16446
2026-02-04 22:21:29,628 - INFO - [208/5526] n1024_9020430: 12879/19238
2026-02-04 22:22:38,459 - INFO - [209/5526] n1024_9032723: 11614/15939
2026-02-04 22:23:04,200 - INFO - [210/5526] n1024_9032728: 12192/16332
2026-02-04 22:23:39,375 - INFO - [211/5526] n1024_9028633: 10917/15140
2026-02-04 22:23:53,069 - INFO - [212/5526] n1024_9044996: 10646/15064
2026-02-04 22:23:54,220 - INFO - [213/5526] n1024_9020434: 13301/18797
2026-02-04 22:23:54,475 - INFO - [214/5526] n1024_9032715: 11971/16547
2026-02-04 22:24:47,256 - INFO - [215/5526] n1024_9036809: 11469/16968
2026-02-04 22:25:09,524 - INFO - [216/5526] n1024_9053212: 8963/11763
2026-02-04 22:25:21,673 - INFO - [217/5526] n1024_9040919: 10849/14567
2026-02-04 22:25:29,806 - INFO - [218/5526] n1024_9032719: 12833/17221
2026-02-04 22:26:31,088 - INFO - [219/5526] n1024_9036827: 11015/14926
2026-02-04 22:26:37,436 - INFO - [220/5526] n1024_9036805: 12891/17989
2026-02-04 22:27:11,982 - INFO - [221/5526] n1024_9045020: 10357/13534
2026-02-04 22:27:15,602 - INFO - [222/5526] n1024_9024532: 13716/18073
2026-02-04 22:27:46,912 - INFO - [223/5526] n1024_9053216: 9160/11798
2026-02-04 22:27:47,087 - INFO - [224/5526] n1024_9028629: 12524/16850
2026-02-04 22:27:47,391 - INFO - [225/5526] n1024_9049120: 9492/12520
2026-02-04 22:27:58,589 - INFO - [226/5526] n1024_9028621: 13877/18997
2026-02-04 22:28:07,092 - INFO - [227/5526] n1024_9049092: 12793/17755
2026-02-04 22:28:07,342 - INFO - [228/5526] n1024_9040902: 12181/17013
2026-02-04 22:28:16,445 - INFO - [229/5526] n1024_9040923: 13193/17247
2026-02-04 22:28:19,909 - INFO - [230/5526] n1024_9053204: 10592/14231
2026-02-04 22:28:32,358 - INFO - [231/5526] n1024_9045024: 11325/14862
2026-02-04 22:28:36,950 - INFO - [232/5526] n1024_9049116: 10826/14406
2026-02-04 22:28:52,945 - INFO - [233/5526] n1024_9057291: 9661/12875
2026-02-04 22:29:37,902 - INFO - [234/5526] n1024_9045004: 12092/18048
2026-02-04 22:29:53,390 - INFO - [235/5526] n1024_9053208: 11644/15344
2026-02-04 22:29:56,939 - INFO - [236/5526] n1024_9053188: 11550/15974
2026-02-04 22:29:56,972 - INFO - [237/5526] n1024_9049112: 11736/15275
2026-02-04 22:29:57,779 - INFO - [238/5526] n1024_9032711: 12730/17853
2026-02-04 22:30:18,414 - INFO - [239/5526] n1024_9057312: 9713/13579
2026-02-04 22:30:19,172 - INFO - [240/5526] n1024_9040906: 10241/15825
2026-02-04 22:30:48,085 - INFO - [241/5526] n1024_9061398: 10920/14241
2026-02-04 22:30:57,136 - INFO - [242/5526] n1024_9053192: 11143/15053
2026-02-04 22:31:01,614 - INFO - [243/5526] n1024_9045000: 12695/16859
2026-02-04 22:31:02,418 - INFO - [244/5526] n1024_9057287: 11434/15658
2026-02-04 22:31:08,781 - INFO - [245/5526] n1024_9036823: 12464/16707
2026-02-04 22:31:58,229 - INFO - [246/5526] n1024_9061408: 9867/13414
2026-02-04 22:32:35,440 - INFO - [247/5526] n1024_9040914: 13959/18147
2026-02-04 22:33:20,583 - INFO - [248/5526] n1024_9036813: 13208/19266
2026-02-04 22:34:01,260 - INFO - [249/5526] n1024_9081856: 10437/15399
2026-02-04 22:34:01,306 - INFO - [250/5526] n1024_9049108: 12607/16894
2026-02-04 22:34:05,742 - INFO - [251/5526] n1024_9065489: 11018/14731
2026-02-04 22:34:21,073 - INFO - [252/5526] n1024_9049096: 13233/17538
2026-02-04 22:34:25,608 - INFO - [253/5526] n1024_9057295: 12127/16615
2026-02-04 22:34:25,770 - INFO - [254/5526] n1024_9057299: 12094/16157
2026-02-04 22:34:27,672 - INFO - [255/5526] n1024_9069569: 11585/16403
2026-02-04 22:34:36,565 - INFO - [256/5526] n1024_9073666: 11566/16162
2026-02-04 22:34:40,416 - INFO - [257/5526] n1024_9057307: 11719/15126
2026-02-04 22:35:02,194 - INFO - [258/5526] n1024_9065485: 11074/14891
2026-02-04 22:35:10,328 - INFO - [259/5526] n1024_9065502: 8912/12611
2026-02-04 22:35:27,417 - INFO - [260/5526] n1024_9061386: 11575/15529
2026-02-04 22:36:05,913 - INFO - [261/5526] n1024_9061402: 13236/16852
2026-02-04 22:36:06,740 - INFO - [262/5526] n1024_9085951: 10744/15655
2026-02-04 22:36:14,807 - INFO - [263/5526] n1024_9057303: 11406/15463
2026-02-04 22:36:15,204 - INFO - [264/5526] n1024_9045016: 13623/18350
2026-02-04 22:36:19,528 - INFO - [265/5526] n1024_9036817: 14193/19903
2026-02-04 22:36:31,776 - INFO - [266/5526] n1024_9065477: 10871/14968
2026-02-04 22:36:36,235 - INFO - [267/5526] n1024_9049100: 11525/17697
2026-02-04 22:36:45,780 - INFO - [268/5526] n1024_9065481: 11957/16065
2026-02-04 22:36:55,113 - INFO - [269/5526] n1024_9065493: 12434/16423
2026-02-04 22:37:47,630 - INFO - [270/5526] n1024_9073678: 10927/14195
2026-02-04 22:37:55,933 - INFO - [271/5526] n1024_9053200: 12170/17573
2026-02-04 22:38:17,522 - INFO - [272/5526] n1024_9065497: 11118/14978
2026-02-04 22:38:21,145 - INFO - [273/5526] n1024_9069599: 11298/14839
2026-02-04 22:38:27,947 - INFO - [274/5526] n1024_9073695: 9857/13058
2026-02-04 22:38:46,515 - INFO - [275/5526] n1024_9061382: 13877/19346
2026-02-04 22:38:47,225 - INFO - [276/5526] n1024_9069573: 11269/15510
2026-02-04 22:39:18,667 - INFO - [277/5526] n1024_9073670: 11517/15205
2026-02-04 22:39:25,577 - INFO - [278/5526] n1024_9090047: 11501/16959
2026-02-04 22:39:27,598 - INFO - [279/5526] n1024_9073674: 11156/14967
2026-02-04 22:40:15,223 - INFO - [280/5526] n1024_9069585: 11465/15657
2026-02-04 22:40:36,341 - INFO - [281/5526] n1024_9069581: 12409/16597
2026-02-04 22:41:15,649 - INFO - [282/5526] n1024_9077790: 10538/13857
2026-02-04 22:41:16,049 - INFO - [283/5526] n1024_9045012: 15235/20411
2026-02-04 22:41:23,861 - INFO - [284/5526] n1024_9061394: 13807/19305
2026-02-04 22:41:38,187 - INFO - [285/5526] n1024_9069577: 12778/17021
2026-02-04 22:41:38,599 - INFO - [286/5526] n1024_9040910: 14985/22097
2026-02-04 22:41:43,148 - INFO - [287/5526] n1024_9049104: 14045/20272
2026-02-04 22:42:14,715 - INFO - [288/5526] n1024_9081873: 10517/14184
2026-02-04 22:42:28,965 - INFO - [289/5526] n1024_9094142: 12497/18294
2026-02-04 22:42:29,545 - INFO - [290/5526] n1024_9045008: 18104/23280
2026-02-04 22:42:41,100 - INFO - [291/5526] n1024_9073682: 11781/16161
2026-02-04 22:42:50,565 - INFO - [292/5526] n1024_9073690: 12489/17202
2026-02-04 22:43:02,623 - INFO - [293/5526] n1024_9069593: 12051/16780
2026-02-04 22:43:04,736 - INFO - [294/5526] n1024_9081877: 11554/15356
2026-02-04 22:43:10,003 - INFO - [295/5526] n1024_9077770: 11841/15987
2026-02-04 22:43:10,044 - INFO - [296/5526] n1024_9077762: 12569/16772
2026-02-04 22:43:14,276 - INFO - [297/5526] n1024_9077786: 12786/16700
2026-02-04 22:43:45,385 - INFO - [298/5526] n1024_8975376: 30489/38384
2026-02-04 22:44:08,051 - INFO - [299/5526] n1024_9077774: 12608/16299
2026-02-04 22:44:15,677 - INFO - [300/5526] n1024_9073686: 11966/16570
2026-02-04 22:44:24,149 - INFO - [301/5526] n1024_9081881: 12655/17013
2026-02-04 22:45:46,382 - INFO - [302/5526] n1024_9053196: 15485/23713
2026-02-04 22:45:49,991 - INFO - [303/5526] n1024_9069589: 14434/20436
2026-02-04 22:45:51,199 - INFO - [304/5526] n1024_9090075: 10833/14856
2026-02-04 22:46:12,482 - INFO - [305/5526] n1024_9081869: 12622/16610
2026-02-04 22:46:29,247 - INFO - [306/5526] n1024_9077766: 13842/18641
2026-02-04 22:46:40,130 - INFO - [307/5526] n1024_9085975: 12210/15699
2026-02-04 22:46:40,283 - INFO - [308/5526] n1024_9085959: 12129/16374
2026-02-04 22:46:41,903 - INFO - [309/5526] n1024_9085979: 12700/17105
2026-02-04 22:46:55,029 - INFO - [310/5526] n1024_9085963: 12180/16550
2026-02-04 22:47:11,730 - INFO - [311/5526] n1024_9106463: 8945/12788
2026-02-04 22:47:37,646 - INFO - [312/5526] n1024_9098239: 14109/20206
2026-02-04 22:47:48,276 - INFO - [313/5526] n1024_9090067: 11699/16202
2026-02-04 22:48:19,922 - INFO - [314/5526] n1024_9061390: 14661/21129
2026-02-04 22:48:42,280 - INFO - [315/5526] n1024_9077782: 13264/18209
2026-02-04 22:48:42,562 - INFO - [316/5526] n1024_9085955: 13227/17873
2026-02-04 22:48:43,399 - INFO - [317/5526] n1024_9081885: 11367/15311
2026-02-04 22:49:59,054 - INFO - [318/5526] n1024_9094162: 11138/14998
2026-02-04 22:50:40,502 - INFO - [319/5526] n1024_9102363: 10316/13597
2026-02-04 22:50:40,734 - INFO - [320/5526] n1024_9118717: 11788/17652
2026-02-04 22:50:57,532 - INFO - [321/5526] n1024_9090071: 14085/18688
2026-02-04 22:51:42,346 - INFO - [322/5526] n1024_9090051: 13417/18461
2026-02-04 22:52:07,947 - INFO - [323/5526] n1024_9122813: 11684/17527
2026-02-04 22:52:12,293 - INFO - [324/5526] n1024_9094154: 12308/16848
2026-02-04 22:52:16,459 - INFO - [325/5526] n1024_9106431: 13332/18233
2026-02-04 22:52:33,442 - INFO - [326/5526] n1024_9098267: 11606/15582
2026-02-04 22:52:42,222 - INFO - [327/5526] n1024_9098259: 11032/15139
2026-02-04 22:52:49,240 - INFO - [328/5526] n1024_9090063: 13567/18096
2026-02-04 22:53:02,095 - INFO - [329/5526] n1024_9110557: 10088/13641
2026-02-04 22:53:36,859 - INFO - [330/5526] n1024_9102339: 12435/17252
2026-02-04 22:53:45,100 - INFO - [331/5526] n1024_9102335: 14145/19875
2026-02-04 22:53:50,116 - INFO - [332/5526] n1024_9077778: 14025/19118
2026-02-04 22:54:04,596 - INFO - [333/5526] n1024_9106459: 11689/15570
2026-02-04 22:54:08,458 - INFO - [334/5526] n1024_9102351: 11881/16036
2026-02-04 22:54:24,000 - INFO - [335/5526] n1024_9085967: 14161/19149
2026-02-04 22:54:26,368 - INFO - [336/5526] n1024_9106451: 11697/15470
2026-02-04 22:54:34,272 - INFO - [337/5526] n1024_9094170: 11951/16703
2026-02-04 22:54:35,149 - INFO - [338/5526] n1024_9106455: 11766/15295
2026-02-04 22:55:17,134 - INFO - [339/5526] n1024_9085971: 15381/21922
2026-02-04 22:55:17,250 - INFO - [340/5526] n1024_9098251: 13903/18359
2026-02-04 22:55:21,586 - INFO - [341/5526] n1024_9098247: 13631/18643
2026-02-04 22:55:21,944 - INFO - [342/5526] n1024_9106439: 11757/16303
2026-02-04 22:55:34,480 - INFO - [343/5526] n1024_9094158: 13757/18555
2026-02-04 22:55:46,912 - INFO - [344/5526] n1024_9090059: 12411/17360
2026-02-04 22:55:47,415 - INFO - [345/5526] n1024_9102355: 11343/15164
2026-02-04 22:56:04,692 - INFO - [346/5526] n1024_9081861: 14848/20633
2026-02-04 22:56:13,146 - INFO - [347/5526] n1024_9114623: 14733/20513
2026-02-04 22:56:29,894 - INFO - [348/5526] n1024_9081865: 16552/23405
2026-02-04 22:56:42,803 - INFO - [349/5526] n1024_9102347: 13352/17658
2026-02-04 22:57:04,715 - INFO - [350/5526] n1024_9102343: 13590/18176
2026-02-04 22:57:05,642 - INFO - [351/5526] n1024_9094150: 15026/20850
2026-02-04 22:57:36,573 - INFO - [352/5526] n1024_9110541: 12454/17023
2026-02-04 22:57:43,514 - INFO - [353/5526] n1024_9114635: 12465/16616
2026-02-04 22:58:07,367 - INFO - [354/5526] n1024_9098263: 11584/16262
2026-02-04 22:58:07,575 - INFO - [355/5526] n1024_9098255: 15034/20195
2026-02-04 22:58:27,763 - INFO - [356/5526] n1024_9114639: 12984/17075
2026-02-04 22:58:27,809 - INFO - [357/5526] n1024_9122841: 9665/12796
2026-02-04 22:58:28,512 - INFO - [358/5526] n1024_9114643: 12856/16711
2026-02-04 22:58:31,179 - INFO - [359/5526] n1024_9110537: 12937/17894
2026-02-04 22:58:47,782 - INFO - [360/5526] n1024_9118745: 10471/14020
2026-02-04 23:01:44,976 - INFO - [361/5526] n1024_9094166: 13075/17777
2026-02-04 23:32:05,430 - INFO - [362/5526] n1024_9126935: 9357/12421
2026-02-04 23:39:06,645 - INFO - [363/5526] n1024_9102359: 12148/16382
2026-02-04 23:44:03,872 - INFO - [364/5526] n1024_9114647: 12783/16716
2026-02-04 23:45:55,908 - INFO - [365/5526] n1024_9098243: 15005/20708
2026-02-04 23:50:00,529 - INFO - [366/5526] n1024_9106435: 13640/19262
2026-02-05 01:00:05,628 - INFO - [367/5526] n1024_9110545: 14225/18953
2026-02-05 01:00:07,692 - INFO - [368/5526] n1024_9122837: 11149/14193
2026-02-05 01:00:35,411 - INFO - [369/5526] n1024_9118741: 11749/15101
slurmstepd: error: *** JOB 229758 ON node089 CANCELLED AT 2026-02-05T01:21:11 ***
slurmstepd: error: Detected 1 oom-kill event(s) in StepId=229758.batch. Some of your processes may have been killed by the cgroup out-of-memory handler.
