ERROR: Unable to locate a modulefile for 'python/3.9'
ERROR: Unable to locate a modulefile for 'hdf5'
2026-02-05 17:38:39,653 - INFO - ======================================================================
2026-02-05 17:38:39,654 - INFO - VIRAC Extractor - Shard 1/10
2026-02-05 17:38:39,654 - INFO - ======================================================================
2026-02-05 17:38:39,655 - INFO - Total tiles in dataset: 22585
2026-02-05 17:38:39,656 - INFO - Tiles for this shard:   2259
2026-02-05 17:38:39,656 - INFO - Workers: 64
2026-02-05 17:38:39,664 - INFO - Already completed: 288
2026-02-05 17:38:39,665 - INFO - Tiles to process:  1971
2026-02-05 17:42:59,733 - INFO - [1/1971] n1024_9311240: 8084/19229
2026-02-05 17:43:05,931 - INFO - [2/1971] n1024_9176056: 5412/19257
2026-02-05 17:43:18,013 - INFO - [3/1971] n1024_9167892: 4872/16798
2026-02-05 17:43:26,647 - INFO - [4/1971] n1024_9163789: 5676/18872
2026-02-05 17:43:29,907 - INFO - [5/1971] n1024_9204757: 2651/14211
2026-02-05 17:43:34,840 - INFO - [6/1971] n1024_9180179: 4344/17010
2026-02-05 17:43:40,311 - INFO - [7/1971] n1024_9159686: 6082/20267
2026-02-05 17:44:02,558 - INFO - [8/1971] n1024_9278480: 3130/15705
2026-02-05 17:44:07,897 - INFO - [9/1971] n1024_9262092: 3202/15910
2026-02-05 17:44:07,979 - INFO - [10/1971] n1024_9151500: 6616/21071
2026-02-05 17:44:15,890 - INFO - [11/1971] n1024_9298935: 3403/19790
2026-02-05 17:44:17,371 - INFO - [12/1971] n1024_9155584: 6929/21864
2026-02-05 17:44:19,479 - INFO - [13/1971] n1024_9266192: 3090/15854
2026-02-05 17:44:30,076 - INFO - [14/1971] n1024_9208838: 3393/17061
2026-02-05 17:44:32,295 - INFO - [15/1971] n1024_9290747: 11439/26224
2026-02-05 17:44:36,132 - INFO - [16/1971] n1024_9184262: 4670/20023
2026-02-05 17:44:36,958 - INFO - [17/1971] n1024_9241617: 3270/17103
2026-02-05 17:44:41,484 - INFO - [18/1971] n1024_9192468: 3700/17933
2026-02-05 17:44:50,382 - INFO - [19/1971] n1024_9298955: 3397/17631
2026-02-05 17:44:51,695 - INFO - [20/1971] n1024_9257989: 3424/17159
2026-02-05 17:44:52,361 - INFO - [21/1971] n1024_9229331: 3359/18060
2026-02-05 17:44:57,875 - INFO - [22/1971] n1024_9237515: 3707/18452
2026-02-05 17:45:05,922 - INFO - [23/1971] n1024_9303046: 3584/18684
2026-02-05 17:45:06,358 - INFO - [24/1971] n1024_9180159: 5355/21250
2026-02-05 17:45:08,145 - INFO - [25/1971] n1024_9249801: 3418/17778
2026-02-05 17:45:09,437 - INFO - [26/1971] n1024_9167872: 5920/21455
2026-02-05 17:45:14,218 - INFO - [27/1971] n1024_9253905: 3505/18018
2026-02-05 17:45:16,133 - INFO - [28/1971] n1024_9286670: 3522/18164
2026-02-05 17:45:17,307 - INFO - [29/1971] n1024_9282564: 3554/19552
2026-02-05 17:45:19,841 - INFO - [30/1971] n1024_9192448: 4470/20178
2026-02-05 17:45:23,694 - INFO - [31/1971] n1024_9188346: 4842/20844
2026-02-05 17:45:28,828 - INFO - [32/1971] n1024_9274375: 3591/19479
2026-02-05 17:45:33,271 - INFO - [33/1971] n1024_9188366: 4682/21794
2026-02-05 17:45:39,323 - INFO - [34/1971] n1024_9212940: 3714/20850
2026-02-05 17:45:39,906 - INFO - [35/1971] n1024_9171975: 5518/23155
2026-02-05 17:45:43,246 - INFO - [36/1971] n1024_9225227: 3553/18689
2026-02-05 17:45:45,696 - INFO - [37/1971] n1024_9217041: 3598/20369
2026-02-05 17:45:48,111 - INFO - [38/1971] n1024_9204737: 3940/20210
2026-02-05 17:45:48,618 - INFO - [39/1971] n1024_9212920: 3663/20900
2026-02-05 17:45:52,895 - INFO - [40/1971] n1024_9176076: 5541/22811
2026-02-05 17:45:53,408 - INFO - [41/1971] n1024_9241597: 3756/20162
2026-02-05 17:46:00,501 - INFO - [42/1971] n1024_9196551: 4157/22306
2026-02-05 17:46:12,591 - INFO - [43/1971] n1024_9200654: 4104/21336
2026-02-05 17:46:12,673 - INFO - [44/1971] n1024_9229311: 3904/20567
2026-02-05 17:46:13,002 - INFO - [45/1971] n1024_9233413: 3956/21230
2026-02-05 17:46:13,484 - INFO - [46/1971] n1024_9225207: 4177/22146
2026-02-05 17:46:22,182 - INFO - [47/1971] n1024_9274355: 4145/24568
2026-02-05 17:46:22,778 - INFO - [48/1971] n1024_9237495: 4122/22663
2026-02-05 17:46:25,161 - INFO - [49/1971] n1024_9307137: 4341/23716
2026-02-05 17:46:32,549 - INFO - [50/1971] n1024_9200634: 4315/22679
2026-02-05 17:46:33,612 - INFO - [51/1971] n1024_9303036: 11081/30471
2026-02-05 17:46:40,152 - INFO - [52/1971] n1024_9294846: 4269/23516
2026-02-05 17:46:48,573 - INFO - [53/1971] n1024_9290757: 4247/22911
2026-02-05 17:46:50,158 - INFO - [54/1971] n1024_9311230: 4139/22374
2026-02-05 17:47:03,628 - INFO - [55/1971] n1024_9249781: 4314/24652
2026-02-05 17:47:04,111 - INFO - [56/1971] n1024_9278460: 4624/24782
2026-02-05 17:47:07,198 - INFO - [57/1971] n1024_9221124: 4330/22582
2026-02-05 17:47:08,672 - INFO - [58/1971] n1024_9262072: 4477/24289
2026-02-05 17:47:18,295 - INFO - [59/1971] n1024_9245700: 4457/23789
2026-02-05 17:47:19,242 - INFO - [60/1971] n1024_9217021: 4206/22890
2026-02-05 17:47:27,426 - INFO - [61/1971] n1024_9253885: 4360/24172
2026-02-05 17:47:42,507 - INFO - [62/1971] n1024_9315332: 7740/20123
2026-02-05 17:48:10,901 - INFO - [63/1971] n1024_9270273: 4807/26034
2026-02-05 17:48:17,729 - INFO - [64/1971] n1024_9286650: 4941/27018
2026-02-05 17:48:30,103 - INFO - [65/1971] n1024_9348099: 3946/17172
2026-02-05 17:48:33,299 - INFO - [66/1971] n1024_9319426: 7303/20585
2026-02-05 17:48:40,698 - INFO - [67/1971] n1024_9266172: 5300/28655
2026-02-05 17:48:59,932 - INFO - [68/1971] n1024_9356294: 2229/16813
2026-02-05 17:49:08,886 - INFO - [69/1971] n1024_9323531: 2724/16035
2026-02-05 17:49:25,459 - INFO - [70/1971] n1024_9319436: 2710/16546
2026-02-05 17:49:28,149 - INFO - [71/1971] n1024_9315342: 2966/17716
2026-02-05 17:49:30,173 - INFO - [72/1971] n1024_9323521: 6834/23297
2026-02-05 17:49:34,729 - INFO - [73/1971] n1024_9339906: 2588/17698
2026-02-05 17:49:37,426 - INFO - [74/1971] n1024_9315288: 3311/25987
2026-02-05 17:49:41,978 - INFO - [75/1971] n1024_9327618: 6543/21728
2026-02-05 17:50:08,040 - INFO - [76/1971] n1024_9331725: 2675/16441
2026-02-05 17:50:16,016 - INFO - [77/1971] n256_527604: 2378/19655
2026-02-05 17:50:16,633 - INFO - [78/1971] n1024_9331715: 6079/21794
2026-02-05 17:50:29,394 - INFO - [79/1971] n1024_9368532: 3438/20774
2026-02-05 17:50:44,835 - INFO - [80/1971] n1024_9339916: 4420/20076
2026-02-05 17:50:51,055 - INFO - [81/1971] n1024_9335815: 5126/21444
2026-02-05 17:50:53,987 - INFO - [82/1971] n1024_9352202: 4395/20406
2026-02-05 17:51:21,316 - INFO - [83/1971] n1024_9344008: 3141/20460
2026-02-05 17:51:29,040 - INFO - [84/1971] n256_554274: 50/487
2026-02-05 17:51:45,980 - INFO - [85/1971] n1024_9360341: 4224/23864
2026-02-05 17:52:02,629 - INFO - [86/1971] n1024_9352147: 3578/25313
2026-02-05 17:52:32,336 - INFO - [87/1971] n1024_9327628: 3633/23443
2026-02-05 17:52:52,415 - INFO - [88/1971] n1024_9364435: 3796/28070
2026-02-05 17:53:26,111 - INFO - [89/1971] n1024_9389028: 4014/30534
2026-02-05 17:53:45,280 - INFO - [90/1971] n256_542959: 3028/27059
2026-02-05 17:54:19,102 - INFO - [91/1971] n256_546072: 2638/23158
2026-02-05 17:55:13,332 - INFO - [92/1971] n256_521462: 4940/42376
2026-02-05 17:57:44,889 - INFO - [93/1971] n256_516349: 6029/49179
2026-02-05 17:58:13,090 - INFO - [94/1971] n256_547096: 4073/36262
2026-02-05 17:59:43,462 - INFO - [95/1971] n256_557345: 1871/18309
2026-02-05 17:59:59,068 - INFO - [96/1971] n256_553244: 3689/34352
2026-02-05 18:00:12,573 - INFO - [97/1971] n256_556318: 2726/26099
2026-02-05 18:00:57,751 - INFO - [98/1971] n256_550171: 3828/36873
2026-02-05 18:03:21,895 - INFO - [99/1971] n256_553196: 4631/48469
2026-02-05 18:03:54,592 - INFO - [100/1971] n256_555290: 4121/40849
2026-02-05 18:04:13,237 - INFO - [101/1971] n256_551192: 4888/50061
2026-02-05 18:06:25,403 - INFO - [102/1971] n256_545045: 6327/63331
2026-02-05 18:06:33,742 - INFO - [103/1971] n256_552215: 5469/55905
2026-02-05 18:06:50,255 - INFO - [104/1971] n256_540912: 7333/76766
2026-02-05 18:07:28,853 - INFO - [105/1971] n256_513274: 8538/82644
2026-02-05 18:07:43,300 - INFO - [106/1971] n256_518391: 8536/90358
2026-02-05 18:07:55,457 - INFO - [107/1971] n256_557335: 4425/53560
2026-02-05 18:08:02,859 - INFO - [108/1971] n256_548119: 6300/73278
2026-02-05 18:08:22,215 - INFO - [109/1971] n256_559389: 2192/34190
2026-02-05 18:08:32,245 - INFO - [110/1971] n256_515322: 8722/87272
2026-02-05 18:08:39,992 - INFO - [111/1971] n256_558362: 3073/41721
2026-02-05 18:08:52,104 - INFO - [112/1971] n256_524533: 8418/94707
2026-02-05 18:09:41,935 - INFO - [113/1971] n256_549140: 6646/73798
2026-02-05 18:09:51,487 - INFO - [114/1971] n256_560415: 1606/25204
2026-02-05 18:09:58,478 - INFO - [115/1971] n256_554264: 6027/92459
2026-02-05 18:10:07,664 - INFO - [116/1971] n256_520439: 8576/90993
2026-02-05 18:10:18,948 - INFO - [117/1971] n256_562465: 581/12249
2026-02-05 18:10:39,357 - INFO - [118/1971] n256_519416: 9166/96202
2026-02-05 18:10:45,688 - INFO - [119/1971] n256_565536: 254/5387
2026-02-05 18:11:36,790 - INFO - [120/1971] n256_568551: 194/4611
2026-02-05 18:11:40,433 - INFO - [121/1971] n256_523513: 9289/97235
2026-02-05 18:12:16,198 - INFO - [122/1971] n256_521472: 9252/101502
2026-02-05 18:12:53,109 - INFO - [123/1971] n256_561439: 1372/25033
2026-02-05 18:13:33,176 - INFO - [124/1971] n256_556308: 6011/78099
2026-02-05 18:13:33,252 - INFO - [125/1971] n256_553234: 6730/85855
2026-02-05 18:14:14,142 - INFO - [126/1971] n256_569631: 244/5951
2026-02-05 18:14:25,535 - INFO - [127/1971] n256_540944: 8846/94676
2026-02-05 18:15:25,455 - INFO - [128/1971] n256_564510: 1287/26160
2026-02-05 18:15:38,077 - INFO - [129/1971] n256_531702: 9163/102908
2026-02-05 18:15:39,326 - INFO - [130/1971] n256_526583: 9855/115006
2026-02-05 18:15:53,181 - INFO - [131/1971] n256_550161: 7604/97119
2026-02-05 18:15:57,168 - INFO - [132/1971] n256_522492: 9741/116442
2026-02-05 18:16:35,746 - INFO - [133/1971] n256_529653: 9231/107103
2026-02-05 18:16:49,657 - INFO - [134/1971] n256_563482: 1698/35070
2026-02-05 18:16:57,311 - INFO - [135/1971] n256_532723: 9449/114648
2026-02-05 18:17:00,451 - INFO - [136/1971] n256_537870: 9767/112448
2026-02-05 18:17:19,293 - INFO - [137/1971] n256_525563: 9972/115810
2026-02-05 18:17:24,176 - INFO - [138/1971] n256_532746: 9753/112983
2026-02-05 18:17:37,376 - INFO - [139/1971] n256_536845: 9636/116304
2026-02-05 18:18:08,567 - INFO - [140/1971] n256_566555: 1436/31744
2026-02-05 18:18:16,702 - INFO - [141/1971] n256_555280: 7146/98412
2026-02-05 18:18:31,044 - INFO - [142/1971] n256_544017: 9230/107375
2026-02-05 18:19:20,599 - INFO - [143/1971] n256_560405: 3750/68091
2026-02-05 18:19:45,927 - INFO - [144/1971] n256_524543: 10447/133929
2026-02-05 18:19:59,774 - INFO - [145/1971] n256_528633: 9870/124526
2026-02-05 18:20:09,486 - INFO - [146/1971] n256_539908: 9464/112436
2026-02-05 18:20:10,990 - INFO - [147/1971] n256_568603: 1399/33077
2026-02-05 18:20:22,419 - INFO - [148/1971] n256_571678: 691/20907
2026-02-05 18:20:34,375 - INFO - [149/1971] n256_542990: 9291/118168
2026-02-05 18:20:34,660 - INFO - [150/1971] n256_580893: 0/45
2026-02-05 18:20:37,978 - INFO - [151/1971] n256_550126: 8315/114497
slurmstepd: error: *** JOB 233107 ON node113 CANCELLED AT 2026-02-05T18:54:46 ***
